{"uid":"a187c579ddc32868","name":"test_TemporaryWorkerDeleteFirst","fullName":"Tests.test_temprory_worker#test_TemporaryWorkerDeleteFirst","historyId":"76bf1ced30384bfa00e4db05de3f1d23","time":{"start":1681968623285,"stop":1681968652287,"duration":29002},"status":"failed","statusMessage":"Failed: Element not visible with xpath : //span[text()=\"Temporary Worker Deleted Successfully\"]","statusTrace":"xpath = '//span[text()=\"Temporary Worker Deleted Successfully\"]'\ndriver = <selenium.webdriver.chrome.webdriver.WebDriver (session=\"85539b640c2d6007c4ab38a8d056432f\")>\n\n    def verify_visibility_of_element_located(xpath, driver):\n        try:\n>           WebDriverWait(driver, waitTimer).until(EC.element_to_be_clickable((By.XPATH, xpath)))\n\nbase_helpers.py:137: \n_ _ _ _ _ _ _ _ _ _ _ _ _ _ _ _ _ _ _ _ _ _ _ _ _ _ _ _ _ _ _ _ _ _ _ _ _ _ _ _ \n\nself = <selenium.webdriver.support.wait.WebDriverWait (session=\"85539b640c2d6007c4ab38a8d056432f\")>\nmethod = <function element_to_be_clickable.<locals>._predicate at 0x7f9b25622d40>\nmessage = ''\n\n    def until(self, method, message: str = \"\"):\n        \"\"\"Calls the method provided with the driver as an argument until the \\\n        return value does not evaluate to ``False``.\n    \n        :param method: callable(WebDriver)\n        :param message: optional message for :exc:`TimeoutException`\n        :returns: the result of the last call to `method`\n        :raises: :exc:`selenium.common.exceptions.TimeoutException` if timeout occurs\n        \"\"\"\n        screen = None\n        stacktrace = None\n    \n        end_time = time.monotonic() + self._timeout\n        while True:\n            try:\n                value = method(self._driver)\n                if value:\n                    return value\n            except self._ignored_exceptions as exc:\n                screen = getattr(exc, \"screen\", None)\n                stacktrace = getattr(exc, \"stacktrace\", None)\n            time.sleep(self._poll)\n            if time.monotonic() > end_time:\n                break\n>       raise TimeoutException(message, screen, stacktrace)\nE       selenium.common.exceptions.TimeoutException: Message: \nE       Stacktrace:\nE       #0 0x55aa8dc60fe3 <unknown>\nE       #1 0x55aa8d99fd36 <unknown>\nE       #2 0x55aa8d9dcc4d <unknown>\nE       #3 0x55aa8d9dcd61 <unknown>\nE       #4 0x55aa8da186a4 <unknown>\nE       #5 0x55aa8d9fd8ed <unknown>\nE       #6 0x55aa8da16232 <unknown>\nE       #7 0x55aa8d9fd693 <unknown>\nE       #8 0x55aa8d9d003a <unknown>\nE       #9 0x55aa8d9d117e <unknown>\nE       #10 0x55aa8dc22dbd <unknown>\nE       #11 0x55aa8dc26c6c <unknown>\nE       #12 0x55aa8dc304b0 <unknown>\nE       #13 0x55aa8dc27d63 <unknown>\nE       #14 0x55aa8dbfac35 <unknown>\nE       #15 0x55aa8dc4b138 <unknown>\nE       #16 0x55aa8dc4b2c7 <unknown>\nE       #17 0x55aa8dc59093 <unknown>\nE       #18 0x7fc09eab9b43 <unknown>\n\n/opt/hostedtoolcache/Python/3.11.3/x64/lib/python3.11/site-packages/selenium/webdriver/support/wait.py:95: TimeoutException\n\nDuring handling of the above exception, another exception occurred:\n\ndriver = <selenium.webdriver.chrome.webdriver.WebDriver (session=\"85539b640c2d6007c4ab38a8d056432f\")>\n\n    @allure.feature(\"Temporary Worker Feature\")\n    @allure.story(\"Delete Last Temporary worker\")\n    @allure.severity(allure.severity_level.NORMAL)\n    @pytest.mark.regression\n    @pytest.mark.sanity\n    @pytest.mark.order(2)\n    def test_TemporaryWorkerDeleteFirst(driver):\n        VisitTemporaryWorkerPageWithLogin(driver)\n        scroll_into_element(mainTemporaryTable_xpath, driver)\n        verify_loaderAndWait(TableLoader_xpath, driver)\n        with allure.step('And User select the First Item and Tap on Delete Button'):\n            find_byXpath(mainRowRadioButton, driver).click()\n            find_byXpath(mainDeleteButton, driver).click()\n            find_byXpathAndWait(mainDeleteYesButton, driver).click()\n        with allure.step('Then User should see a \"Temporary Worker Deleted\" message'):\n>           verify_visibility_of_element_located(mainTemporaryDelete_SuccessMessage_xpath, driver)\n\nTests/test_temprory_worker.py:318: \n_ _ _ _ _ _ _ _ _ _ _ _ _ _ _ _ _ _ _ _ _ _ _ _ _ _ _ _ _ _ _ _ _ _ _ _ _ _ _ _ \n\nxpath = '//span[text()=\"Temporary Worker Deleted Successfully\"]'\ndriver = <selenium.webdriver.chrome.webdriver.WebDriver (session=\"85539b640c2d6007c4ab38a8d056432f\")>\n\n    def verify_visibility_of_element_located(xpath, driver):\n        try:\n            WebDriverWait(driver, waitTimer).until(EC.element_to_be_clickable((By.XPATH, xpath)))\n        except (ElementNotVisibleException, TimeoutException):\n>           pytest.fail(\n                f\"Element not visible with xpath : {xpath}\")\nE           Failed: Element not visible with xpath : //span[text()=\"Temporary Worker Deleted Successfully\"]\n\nbase_helpers.py:139: Failed","flaky":false,"newFailed":false,"newBroken":false,"newPassed":false,"retriesCount":0,"retriesStatusChange":false,"beforeStages":[{"name":"driver","time":{"start":1681968622422,"stop":1681968623284,"duration":862},"status":"passed","steps":[],"attachments":[],"parameters":[],"stepsCount":0,"attachmentsCount":0,"shouldDisplayMessage":false,"hasContent":false}],"testStage":{"status":"failed","statusMessage":"Failed: Element not visible with xpath : //span[text()=\"Temporary Worker Deleted Successfully\"]","statusTrace":"xpath = '//span[text()=\"Temporary Worker Deleted Successfully\"]'\ndriver = <selenium.webdriver.chrome.webdriver.WebDriver (session=\"85539b640c2d6007c4ab38a8d056432f\")>\n\n    def verify_visibility_of_element_located(xpath, driver):\n        try:\n>           WebDriverWait(driver, waitTimer).until(EC.element_to_be_clickable((By.XPATH, xpath)))\n\nbase_helpers.py:137: \n_ _ _ _ _ _ _ _ _ _ _ _ _ _ _ _ _ _ _ _ _ _ _ _ _ _ _ _ _ _ _ _ _ _ _ _ _ _ _ _ \n\nself = <selenium.webdriver.support.wait.WebDriverWait (session=\"85539b640c2d6007c4ab38a8d056432f\")>\nmethod = <function element_to_be_clickable.<locals>._predicate at 0x7f9b25622d40>\nmessage = ''\n\n    def until(self, method, message: str = \"\"):\n        \"\"\"Calls the method provided with the driver as an argument until the \\\n        return value does not evaluate to ``False``.\n    \n        :param method: callable(WebDriver)\n        :param message: optional message for :exc:`TimeoutException`\n        :returns: the result of the last call to `method`\n        :raises: :exc:`selenium.common.exceptions.TimeoutException` if timeout occurs\n        \"\"\"\n        screen = None\n        stacktrace = None\n    \n        end_time = time.monotonic() + self._timeout\n        while True:\n            try:\n                value = method(self._driver)\n                if value:\n                    return value\n            except self._ignored_exceptions as exc:\n                screen = getattr(exc, \"screen\", None)\n                stacktrace = getattr(exc, \"stacktrace\", None)\n            time.sleep(self._poll)\n            if time.monotonic() > end_time:\n                break\n>       raise TimeoutException(message, screen, stacktrace)\nE       selenium.common.exceptions.TimeoutException: Message: \nE       Stacktrace:\nE       #0 0x55aa8dc60fe3 <unknown>\nE       #1 0x55aa8d99fd36 <unknown>\nE       #2 0x55aa8d9dcc4d <unknown>\nE       #3 0x55aa8d9dcd61 <unknown>\nE       #4 0x55aa8da186a4 <unknown>\nE       #5 0x55aa8d9fd8ed <unknown>\nE       #6 0x55aa8da16232 <unknown>\nE       #7 0x55aa8d9fd693 <unknown>\nE       #8 0x55aa8d9d003a <unknown>\nE       #9 0x55aa8d9d117e <unknown>\nE       #10 0x55aa8dc22dbd <unknown>\nE       #11 0x55aa8dc26c6c <unknown>\nE       #12 0x55aa8dc304b0 <unknown>\nE       #13 0x55aa8dc27d63 <unknown>\nE       #14 0x55aa8dbfac35 <unknown>\nE       #15 0x55aa8dc4b138 <unknown>\nE       #16 0x55aa8dc4b2c7 <unknown>\nE       #17 0x55aa8dc59093 <unknown>\nE       #18 0x7fc09eab9b43 <unknown>\n\n/opt/hostedtoolcache/Python/3.11.3/x64/lib/python3.11/site-packages/selenium/webdriver/support/wait.py:95: TimeoutException\n\nDuring handling of the above exception, another exception occurred:\n\ndriver = <selenium.webdriver.chrome.webdriver.WebDriver (session=\"85539b640c2d6007c4ab38a8d056432f\")>\n\n    @allure.feature(\"Temporary Worker Feature\")\n    @allure.story(\"Delete Last Temporary worker\")\n    @allure.severity(allure.severity_level.NORMAL)\n    @pytest.mark.regression\n    @pytest.mark.sanity\n    @pytest.mark.order(2)\n    def test_TemporaryWorkerDeleteFirst(driver):\n        VisitTemporaryWorkerPageWithLogin(driver)\n        scroll_into_element(mainTemporaryTable_xpath, driver)\n        verify_loaderAndWait(TableLoader_xpath, driver)\n        with allure.step('And User select the First Item and Tap on Delete Button'):\n            find_byXpath(mainRowRadioButton, driver).click()\n            find_byXpath(mainDeleteButton, driver).click()\n            find_byXpathAndWait(mainDeleteYesButton, driver).click()\n        with allure.step('Then User should see a \"Temporary Worker Deleted\" message'):\n>           verify_visibility_of_element_located(mainTemporaryDelete_SuccessMessage_xpath, driver)\n\nTests/test_temprory_worker.py:318: \n_ _ _ _ _ _ _ _ _ _ _ _ _ _ _ _ _ _ _ _ _ _ _ _ _ _ _ _ _ _ _ _ _ _ _ _ _ _ _ _ \n\nxpath = '//span[text()=\"Temporary Worker Deleted Successfully\"]'\ndriver = <selenium.webdriver.chrome.webdriver.WebDriver (session=\"85539b640c2d6007c4ab38a8d056432f\")>\n\n    def verify_visibility_of_element_located(xpath, driver):\n        try:\n            WebDriverWait(driver, waitTimer).until(EC.element_to_be_clickable((By.XPATH, xpath)))\n        except (ElementNotVisibleException, TimeoutException):\n>           pytest.fail(\n                f\"Element not visible with xpath : {xpath}\")\nE           Failed: Element not visible with xpath : //span[text()=\"Temporary Worker Deleted Successfully\"]\n\nbase_helpers.py:139: Failed","steps":[{"name":"Given Go to the \"Base\" url","time":{"start":1681968623285,"stop":1681968623753,"duration":468},"status":"passed","steps":[],"attachments":[],"parameters":[],"stepsCount":0,"attachmentsCount":0,"shouldDisplayMessage":false,"hasContent":false},{"name":"Then Verify user is on Login screen","time":{"start":1681968623753,"stop":1681968623795,"duration":42},"status":"passed","steps":[],"attachments":[],"parameters":[],"stepsCount":0,"attachmentsCount":0,"shouldDisplayMessage":false,"hasContent":false},{"name":"When User fills \"Valid\" form data on \"login\" screen","time":{"start":1681968623795,"stop":1681968624266,"duration":471},"status":"passed","steps":[],"attachments":[],"parameters":[],"stepsCount":0,"attachmentsCount":0,"shouldDisplayMessage":false,"hasContent":false},{"name":"Then Verify user is on \"HomePage\" screen","time":{"start":1681968624266,"stop":1681968624725,"duration":459},"status":"passed","steps":[],"attachments":[],"parameters":[],"stepsCount":0,"attachmentsCount":0,"shouldDisplayMessage":false,"hasContent":false},{"name":"Then User clicks \"Temporary Worker\" button on \"Homepage\" screen","time":{"start":1681968624875,"stop":1681968625069,"duration":194},"status":"passed","steps":[],"attachments":[],"parameters":[],"stepsCount":0,"attachmentsCount":0,"shouldDisplayMessage":false,"hasContent":false},{"name":"And User select the First Item and Tap on Delete Button","time":{"start":1681968636880,"stop":1681968637202,"duration":322},"status":"passed","steps":[],"attachments":[],"parameters":[],"stepsCount":0,"attachmentsCount":0,"shouldDisplayMessage":false,"hasContent":false},{"name":"Then User should see a \"Temporary Worker Deleted\" message","time":{"start":1681968637202,"stop":1681968652286,"duration":15084},"status":"failed","statusMessage":"Failed: Element not visible with xpath : //span[text()=\"Temporary Worker Deleted Successfully\"]\n","statusTrace":"  File \"/home/runner/work/WebAutomationTestingFramework/WebAutomationTestingFramework/Tests/test_temprory_worker.py\", line 318, in test_TemporaryWorkerDeleteFirst\n    verify_visibility_of_element_located(mainTemporaryDelete_SuccessMessage_xpath, driver)\n  File \"/home/runner/work/WebAutomationTestingFramework/WebAutomationTestingFramework/base_helpers.py\", line 139, in verify_visibility_of_element_located\n    pytest.fail(\n  File \"/opt/hostedtoolcache/Python/3.11.3/x64/lib/python3.11/site-packages/_pytest/outcomes.py\", line 198, in fail\n    raise Failed(msg=reason, pytrace=pytrace)\n","steps":[],"attachments":[],"parameters":[],"stepsCount":0,"attachmentsCount":0,"shouldDisplayMessage":true,"hasContent":true}],"attachments":[{"uid":"6d8ad6fbbc9a570b","name":"screenshot","source":"6d8ad6fbbc9a570b.png","type":"image/png","size":202950}],"parameters":[],"stepsCount":7,"attachmentsCount":1,"shouldDisplayMessage":true,"hasContent":true},"afterStages":[{"name":"driver::0","time":{"start":1681968652471,"stop":1681968652591,"duration":120},"status":"passed","steps":[],"attachments":[],"parameters":[],"stepsCount":0,"attachmentsCount":0,"shouldDisplayMessage":false,"hasContent":false}],"labels":[{"name":"severity","value":"normal"},{"name":"story","value":"Delete Last Temporary worker"},{"name":"feature","value":"Temporary Worker Feature"},{"name":"tag","value":"order(2)"},{"name":"tag","value":"sanity"},{"name":"tag","value":"regression"},{"name":"parentSuite","value":"Tests"},{"name":"suite","value":"test_temprory_worker"},{"name":"host","value":"fv-az555-375"},{"name":"thread","value":"2354-MainThread"},{"name":"framework","value":"pytest"},{"name":"language","value":"cpython3"},{"name":"package","value":"Tests.test_temprory_worker"},{"name":"resultFormat","value":"allure2"}],"parameters":[],"links":[],"hidden":true,"retry":true,"extra":{"categories":[],"tags":["order(2)","regression","sanity"]},"source":"a187c579ddc32868.json","parameterValues":[]}