{"uid":"481c0617c142ac1e","name":"test_TemporaryWorkerAdd","fullName":"Tests.test_temprory_worker#test_TemporaryWorkerAdd","historyId":"58429ae5f9e707f85b850ae2181b686f","time":{"start":1681967510636,"stop":1681967527687,"duration":17051},"status":"broken","statusMessage":"selenium.common.exceptions.StaleElementReferenceException: Message: stale element reference: element is not attached to the page document\n  (Session info: chrome=112.0.5615.49)\nStacktrace:\n#0 0x557b8c401fe3 <unknown>\n#1 0x557b8c140d36 <unknown>\n#2 0x557b8c144283 <unknown>\n#3 0x557b8c143ff2 <unknown>\n#4 0x557b8c14430c <unknown>\n#5 0x557b8c177c9e <unknown>\n#6 0x557b8c19e8c2 <unknown>\n#7 0x557b8c172943 <unknown>\n#8 0x557b8c19ea8e <unknown>\n#9 0x557b8c1b7232 <unknown>\n#10 0x557b8c19e693 <unknown>\n#11 0x557b8c17103a <unknown>\n#12 0x557b8c17217e <unknown>\n#13 0x557b8c3c3dbd <unknown>\n#14 0x557b8c3c7c6c <unknown>\n#15 0x557b8c3d14b0 <unknown>\n#16 0x557b8c3c8d63 <unknown>\n#17 0x557b8c39bc35 <unknown>\n#18 0x557b8c3ec138 <unknown>\n#19 0x557b8c3ec2c7 <unknown>\n#20 0x557b8c3fa093 <unknown>\n#21 0x7ffb803f2b43 <unknown>","statusTrace":"driver = <selenium.webdriver.chrome.webdriver.WebDriver (session=\"b04fbab71c689b095fe35f53a3e5ee2f\")>\n\n    @allure.feature(\"Temporary Worker Feature\")\n    @allure.story(\"Add new temporary worker\")\n    @allure.severity(allure.severity_level.NORMAL)\n    @pytest.mark.regression\n    @pytest.mark.sanity\n    @flaky\n    def test_TemporaryWorkerAdd(driver):\n        global Email\n        VisitTemporary_WorkerPageWithSteps(driver)\n        populate_Bike()\n        populate_Car()\n        with allure.step('Then User fills \"All\" form data on \"Temporary Worker\" screen'):\n            fillUserPersonalData(driver)\n            fillEmployeeStatus(driver)\n            fillClientAndProjectInfo(driver)\n            fillResidenceInfo(driver)\n>           fillTransportInfo(driver)\n\nTests/test_temprory_worker.py:253: \n_ _ _ _ _ _ _ _ _ _ _ _ _ _ _ _ _ _ _ _ _ _ _ _ _ _ _ _ _ _ _ _ _ _ _ _ _ _ _ _ \nTests/test_temprory_worker.py:172: in fillTransportInfo\n    TW.BikeNameOrLicencePlate = find_Elements_byXpathAndWait_getText(BikeNameList_xpath, driver)[0]\nbase_helpers.py:106: in find_Elements_byXpathAndWait_getText\n    return list((i.text for i in find_Elements_byXpathAndWait(xpath, driver)))\nbase_helpers.py:106: in <genexpr>\n    return list((i.text for i in find_Elements_byXpathAndWait(xpath, driver)))\n/opt/hostedtoolcache/Python/3.11.3/x64/lib/python3.11/site-packages/selenium/webdriver/remote/webelement.py:90: in text\n    return self._execute(Command.GET_ELEMENT_TEXT)[\"value\"]\n/opt/hostedtoolcache/Python/3.11.3/x64/lib/python3.11/site-packages/selenium/webdriver/remote/webelement.py:404: in _execute\n    return self._parent.execute(command, params)\n/opt/hostedtoolcache/Python/3.11.3/x64/lib/python3.11/site-packages/selenium/webdriver/remote/webdriver.py:440: in execute\n    self.error_handler.check_response(response)\n_ _ _ _ _ _ _ _ _ _ _ _ _ _ _ _ _ _ _ _ _ _ _ _ _ _ _ _ _ _ _ _ _ _ _ _ _ _ _ _ \n\nself = <selenium.webdriver.remote.errorhandler.ErrorHandler object at 0x7f0ec7e03d50>\nresponse = {'status': 404, 'value': '{\"value\":{\"error\":\"stale element reference\",\"message\":\"stale element reference: element is n...\\\\n#19 0x557b8c3ec2c7 \\\\u003Cunknown>\\\\n#20 0x557b8c3fa093 \\\\u003Cunknown>\\\\n#21 0x7ffb803f2b43 \\\\u003Cunknown>\\\\n\"}}'}\n\n    def check_response(self, response: Dict[str, Any]) -> None:\n        \"\"\"Checks that a JSON response from the WebDriver does not have an\n        error.\n    \n        :Args:\n         - response - The JSON response from the WebDriver server as a dictionary\n           object.\n    \n        :Raises: If the response contains an error message.\n        \"\"\"\n        status = response.get(\"status\", None)\n        if not status or status == ErrorCode.SUCCESS:\n            return\n        value = None\n        message = response.get(\"message\", \"\")\n        screen: str = response.get(\"screen\", \"\")\n        stacktrace = None\n        if isinstance(status, int):\n            value_json = response.get(\"value\", None)\n            if value_json and isinstance(value_json, str):\n                import json\n    \n                try:\n                    value = json.loads(value_json)\n                    if len(value) == 1:\n                        value = value[\"value\"]\n                    status = value.get(\"error\", None)\n                    if not status:\n                        status = value.get(\"status\", ErrorCode.UNKNOWN_ERROR)\n                        message = value.get(\"value\") or value.get(\"message\")\n                        if not isinstance(message, str):\n                            value = message\n                            message = message.get(\"message\")\n                    else:\n                        message = value.get(\"message\", None)\n                except ValueError:\n                    pass\n    \n        exception_class: Type[WebDriverException]\n        if status in ErrorCode.NO_SUCH_ELEMENT:\n            exception_class = NoSuchElementException\n        elif status in ErrorCode.NO_SUCH_FRAME:\n            exception_class = NoSuchFrameException\n        elif status in ErrorCode.NO_SUCH_SHADOW_ROOT:\n            exception_class = NoSuchShadowRootException\n        elif status in ErrorCode.NO_SUCH_WINDOW:\n            exception_class = NoSuchWindowException\n        elif status in ErrorCode.STALE_ELEMENT_REFERENCE:\n            exception_class = StaleElementReferenceException\n        elif status in ErrorCode.ELEMENT_NOT_VISIBLE:\n            exception_class = ElementNotVisibleException\n        elif status in ErrorCode.INVALID_ELEMENT_STATE:\n            exception_class = InvalidElementStateException\n        elif (\n            status in ErrorCode.INVALID_SELECTOR\n            or status in ErrorCode.INVALID_XPATH_SELECTOR\n            or status in ErrorCode.INVALID_XPATH_SELECTOR_RETURN_TYPER\n        ):\n            exception_class = InvalidSelectorException\n        elif status in ErrorCode.ELEMENT_IS_NOT_SELECTABLE:\n            exception_class = ElementNotSelectableException\n        elif status in ErrorCode.ELEMENT_NOT_INTERACTABLE:\n            exception_class = ElementNotInteractableException\n        elif status in ErrorCode.INVALID_COOKIE_DOMAIN:\n            exception_class = InvalidCookieDomainException\n        elif status in ErrorCode.UNABLE_TO_SET_COOKIE:\n            exception_class = UnableToSetCookieException\n        elif status in ErrorCode.TIMEOUT:\n            exception_class = TimeoutException\n        elif status in ErrorCode.SCRIPT_TIMEOUT:\n            exception_class = TimeoutException\n        elif status in ErrorCode.UNKNOWN_ERROR:\n            exception_class = WebDriverException\n        elif status in ErrorCode.UNEXPECTED_ALERT_OPEN:\n            exception_class = UnexpectedAlertPresentException\n        elif status in ErrorCode.NO_ALERT_OPEN:\n            exception_class = NoAlertPresentException\n        elif status in ErrorCode.IME_NOT_AVAILABLE:\n            exception_class = ImeNotAvailableException\n        elif status in ErrorCode.IME_ENGINE_ACTIVATION_FAILED:\n            exception_class = ImeActivationFailedException\n        elif status in ErrorCode.MOVE_TARGET_OUT_OF_BOUNDS:\n            exception_class = MoveTargetOutOfBoundsException\n        elif status in ErrorCode.JAVASCRIPT_ERROR:\n            exception_class = JavascriptException\n        elif status in ErrorCode.SESSION_NOT_CREATED:\n            exception_class = SessionNotCreatedException\n        elif status in ErrorCode.INVALID_ARGUMENT:\n            exception_class = InvalidArgumentException\n        elif status in ErrorCode.NO_SUCH_COOKIE:\n            exception_class = NoSuchCookieException\n        elif status in ErrorCode.UNABLE_TO_CAPTURE_SCREEN:\n            exception_class = ScreenshotException\n        elif status in ErrorCode.ELEMENT_CLICK_INTERCEPTED:\n            exception_class = ElementClickInterceptedException\n        elif status in ErrorCode.INSECURE_CERTIFICATE:\n            exception_class = InsecureCertificateException\n        elif status in ErrorCode.INVALID_COORDINATES:\n            exception_class = InvalidCoordinatesException\n        elif status in ErrorCode.INVALID_SESSION_ID:\n            exception_class = InvalidSessionIdException\n        elif status in ErrorCode.UNKNOWN_METHOD:\n            exception_class = UnknownMethodException\n        else:\n            exception_class = WebDriverException\n        if not value:\n            value = response[\"value\"]\n        if isinstance(value, str):\n            raise exception_class(value)\n        if message == \"\" and \"message\" in value:\n            message = value[\"message\"]\n    \n        screen = None  # type: ignore[assignment]\n        if \"screen\" in value:\n            screen = value[\"screen\"]\n    \n        stacktrace = None\n        st_value = value.get(\"stackTrace\") or value.get(\"stacktrace\")\n        if st_value:\n            if isinstance(st_value, str):\n                stacktrace = st_value.split(\"\\n\")\n            else:\n                stacktrace = []\n                try:\n                    for frame in st_value:\n                        line = frame.get(\"lineNumber\", \"\")\n                        file = frame.get(\"fileName\", \"<anonymous>\")\n                        if line:\n                            file = f\"{file}:{line}\"\n                        meth = frame.get(\"methodName\", \"<anonymous>\")\n                        if \"className\" in frame:\n                            meth = f\"{frame['className']}.{meth}\"\n                        msg = \"    at %s (%s)\"\n                        msg = msg % (meth, file)\n                        stacktrace.append(msg)\n                except TypeError:\n                    pass\n        if exception_class == UnexpectedAlertPresentException:\n            alert_text = None\n            if \"data\" in value:\n                alert_text = value[\"data\"].get(\"text\")\n            elif \"alert\" in value:\n                alert_text = value[\"alert\"].get(\"text\")\n            raise exception_class(message, screen, stacktrace, alert_text)  # type: ignore[call-arg]  # mypy is not smart enough here\n>       raise exception_class(message, screen, stacktrace)\nE       selenium.common.exceptions.StaleElementReferenceException: Message: stale element reference: element is not attached to the page document\nE         (Session info: chrome=112.0.5615.49)\nE       Stacktrace:\nE       #0 0x557b8c401fe3 <unknown>\nE       #1 0x557b8c140d36 <unknown>\nE       #2 0x557b8c144283 <unknown>\nE       #3 0x557b8c143ff2 <unknown>\nE       #4 0x557b8c14430c <unknown>\nE       #5 0x557b8c177c9e <unknown>\nE       #6 0x557b8c19e8c2 <unknown>\nE       #7 0x557b8c172943 <unknown>\nE       #8 0x557b8c19ea8e <unknown>\nE       #9 0x557b8c1b7232 <unknown>\nE       #10 0x557b8c19e693 <unknown>\nE       #11 0x557b8c17103a <unknown>\nE       #12 0x557b8c17217e <unknown>\nE       #13 0x557b8c3c3dbd <unknown>\nE       #14 0x557b8c3c7c6c <unknown>\nE       #15 0x557b8c3d14b0 <unknown>\nE       #16 0x557b8c3c8d63 <unknown>\nE       #17 0x557b8c39bc35 <unknown>\nE       #18 0x557b8c3ec138 <unknown>\nE       #19 0x557b8c3ec2c7 <unknown>\nE       #20 0x557b8c3fa093 <unknown>\nE       #21 0x7ffb803f2b43 <unknown>\n\n/opt/hostedtoolcache/Python/3.11.3/x64/lib/python3.11/site-packages/selenium/webdriver/remote/errorhandler.py:245: StaleElementReferenceException","flaky":false,"newFailed":false,"newBroken":false,"newPassed":false,"retriesCount":2,"retriesStatusChange":false,"beforeStages":[{"name":"driver","time":{"start":1681967509738,"stop":1681967510636,"duration":898},"status":"passed","steps":[],"attachments":[],"parameters":[],"stepsCount":0,"attachmentsCount":0,"shouldDisplayMessage":false,"hasContent":false}],"testStage":{"status":"broken","statusMessage":"selenium.common.exceptions.StaleElementReferenceException: Message: stale element reference: element is not attached to the page document\n  (Session info: chrome=112.0.5615.49)\nStacktrace:\n#0 0x557b8c401fe3 <unknown>\n#1 0x557b8c140d36 <unknown>\n#2 0x557b8c144283 <unknown>\n#3 0x557b8c143ff2 <unknown>\n#4 0x557b8c14430c <unknown>\n#5 0x557b8c177c9e <unknown>\n#6 0x557b8c19e8c2 <unknown>\n#7 0x557b8c172943 <unknown>\n#8 0x557b8c19ea8e <unknown>\n#9 0x557b8c1b7232 <unknown>\n#10 0x557b8c19e693 <unknown>\n#11 0x557b8c17103a <unknown>\n#12 0x557b8c17217e <unknown>\n#13 0x557b8c3c3dbd <unknown>\n#14 0x557b8c3c7c6c <unknown>\n#15 0x557b8c3d14b0 <unknown>\n#16 0x557b8c3c8d63 <unknown>\n#17 0x557b8c39bc35 <unknown>\n#18 0x557b8c3ec138 <unknown>\n#19 0x557b8c3ec2c7 <unknown>\n#20 0x557b8c3fa093 <unknown>\n#21 0x7ffb803f2b43 <unknown>","statusTrace":"driver = <selenium.webdriver.chrome.webdriver.WebDriver (session=\"b04fbab71c689b095fe35f53a3e5ee2f\")>\n\n    @allure.feature(\"Temporary Worker Feature\")\n    @allure.story(\"Add new temporary worker\")\n    @allure.severity(allure.severity_level.NORMAL)\n    @pytest.mark.regression\n    @pytest.mark.sanity\n    @flaky\n    def test_TemporaryWorkerAdd(driver):\n        global Email\n        VisitTemporary_WorkerPageWithSteps(driver)\n        populate_Bike()\n        populate_Car()\n        with allure.step('Then User fills \"All\" form data on \"Temporary Worker\" screen'):\n            fillUserPersonalData(driver)\n            fillEmployeeStatus(driver)\n            fillClientAndProjectInfo(driver)\n            fillResidenceInfo(driver)\n>           fillTransportInfo(driver)\n\nTests/test_temprory_worker.py:253: \n_ _ _ _ _ _ _ _ _ _ _ _ _ _ _ _ _ _ _ _ _ _ _ _ _ _ _ _ _ _ _ _ _ _ _ _ _ _ _ _ \nTests/test_temprory_worker.py:172: in fillTransportInfo\n    TW.BikeNameOrLicencePlate = find_Elements_byXpathAndWait_getText(BikeNameList_xpath, driver)[0]\nbase_helpers.py:106: in find_Elements_byXpathAndWait_getText\n    return list((i.text for i in find_Elements_byXpathAndWait(xpath, driver)))\nbase_helpers.py:106: in <genexpr>\n    return list((i.text for i in find_Elements_byXpathAndWait(xpath, driver)))\n/opt/hostedtoolcache/Python/3.11.3/x64/lib/python3.11/site-packages/selenium/webdriver/remote/webelement.py:90: in text\n    return self._execute(Command.GET_ELEMENT_TEXT)[\"value\"]\n/opt/hostedtoolcache/Python/3.11.3/x64/lib/python3.11/site-packages/selenium/webdriver/remote/webelement.py:404: in _execute\n    return self._parent.execute(command, params)\n/opt/hostedtoolcache/Python/3.11.3/x64/lib/python3.11/site-packages/selenium/webdriver/remote/webdriver.py:440: in execute\n    self.error_handler.check_response(response)\n_ _ _ _ _ _ _ _ _ _ _ _ _ _ _ _ _ _ _ _ _ _ _ _ _ _ _ _ _ _ _ _ _ _ _ _ _ _ _ _ \n\nself = <selenium.webdriver.remote.errorhandler.ErrorHandler object at 0x7f0ec7e03d50>\nresponse = {'status': 404, 'value': '{\"value\":{\"error\":\"stale element reference\",\"message\":\"stale element reference: element is n...\\\\n#19 0x557b8c3ec2c7 \\\\u003Cunknown>\\\\n#20 0x557b8c3fa093 \\\\u003Cunknown>\\\\n#21 0x7ffb803f2b43 \\\\u003Cunknown>\\\\n\"}}'}\n\n    def check_response(self, response: Dict[str, Any]) -> None:\n        \"\"\"Checks that a JSON response from the WebDriver does not have an\n        error.\n    \n        :Args:\n         - response - The JSON response from the WebDriver server as a dictionary\n           object.\n    \n        :Raises: If the response contains an error message.\n        \"\"\"\n        status = response.get(\"status\", None)\n        if not status or status == ErrorCode.SUCCESS:\n            return\n        value = None\n        message = response.get(\"message\", \"\")\n        screen: str = response.get(\"screen\", \"\")\n        stacktrace = None\n        if isinstance(status, int):\n            value_json = response.get(\"value\", None)\n            if value_json and isinstance(value_json, str):\n                import json\n    \n                try:\n                    value = json.loads(value_json)\n                    if len(value) == 1:\n                        value = value[\"value\"]\n                    status = value.get(\"error\", None)\n                    if not status:\n                        status = value.get(\"status\", ErrorCode.UNKNOWN_ERROR)\n                        message = value.get(\"value\") or value.get(\"message\")\n                        if not isinstance(message, str):\n                            value = message\n                            message = message.get(\"message\")\n                    else:\n                        message = value.get(\"message\", None)\n                except ValueError:\n                    pass\n    \n        exception_class: Type[WebDriverException]\n        if status in ErrorCode.NO_SUCH_ELEMENT:\n            exception_class = NoSuchElementException\n        elif status in ErrorCode.NO_SUCH_FRAME:\n            exception_class = NoSuchFrameException\n        elif status in ErrorCode.NO_SUCH_SHADOW_ROOT:\n            exception_class = NoSuchShadowRootException\n        elif status in ErrorCode.NO_SUCH_WINDOW:\n            exception_class = NoSuchWindowException\n        elif status in ErrorCode.STALE_ELEMENT_REFERENCE:\n            exception_class = StaleElementReferenceException\n        elif status in ErrorCode.ELEMENT_NOT_VISIBLE:\n            exception_class = ElementNotVisibleException\n        elif status in ErrorCode.INVALID_ELEMENT_STATE:\n            exception_class = InvalidElementStateException\n        elif (\n            status in ErrorCode.INVALID_SELECTOR\n            or status in ErrorCode.INVALID_XPATH_SELECTOR\n            or status in ErrorCode.INVALID_XPATH_SELECTOR_RETURN_TYPER\n        ):\n            exception_class = InvalidSelectorException\n        elif status in ErrorCode.ELEMENT_IS_NOT_SELECTABLE:\n            exception_class = ElementNotSelectableException\n        elif status in ErrorCode.ELEMENT_NOT_INTERACTABLE:\n            exception_class = ElementNotInteractableException\n        elif status in ErrorCode.INVALID_COOKIE_DOMAIN:\n            exception_class = InvalidCookieDomainException\n        elif status in ErrorCode.UNABLE_TO_SET_COOKIE:\n            exception_class = UnableToSetCookieException\n        elif status in ErrorCode.TIMEOUT:\n            exception_class = TimeoutException\n        elif status in ErrorCode.SCRIPT_TIMEOUT:\n            exception_class = TimeoutException\n        elif status in ErrorCode.UNKNOWN_ERROR:\n            exception_class = WebDriverException\n        elif status in ErrorCode.UNEXPECTED_ALERT_OPEN:\n            exception_class = UnexpectedAlertPresentException\n        elif status in ErrorCode.NO_ALERT_OPEN:\n            exception_class = NoAlertPresentException\n        elif status in ErrorCode.IME_NOT_AVAILABLE:\n            exception_class = ImeNotAvailableException\n        elif status in ErrorCode.IME_ENGINE_ACTIVATION_FAILED:\n            exception_class = ImeActivationFailedException\n        elif status in ErrorCode.MOVE_TARGET_OUT_OF_BOUNDS:\n            exception_class = MoveTargetOutOfBoundsException\n        elif status in ErrorCode.JAVASCRIPT_ERROR:\n            exception_class = JavascriptException\n        elif status in ErrorCode.SESSION_NOT_CREATED:\n            exception_class = SessionNotCreatedException\n        elif status in ErrorCode.INVALID_ARGUMENT:\n            exception_class = InvalidArgumentException\n        elif status in ErrorCode.NO_SUCH_COOKIE:\n            exception_class = NoSuchCookieException\n        elif status in ErrorCode.UNABLE_TO_CAPTURE_SCREEN:\n            exception_class = ScreenshotException\n        elif status in ErrorCode.ELEMENT_CLICK_INTERCEPTED:\n            exception_class = ElementClickInterceptedException\n        elif status in ErrorCode.INSECURE_CERTIFICATE:\n            exception_class = InsecureCertificateException\n        elif status in ErrorCode.INVALID_COORDINATES:\n            exception_class = InvalidCoordinatesException\n        elif status in ErrorCode.INVALID_SESSION_ID:\n            exception_class = InvalidSessionIdException\n        elif status in ErrorCode.UNKNOWN_METHOD:\n            exception_class = UnknownMethodException\n        else:\n            exception_class = WebDriverException\n        if not value:\n            value = response[\"value\"]\n        if isinstance(value, str):\n            raise exception_class(value)\n        if message == \"\" and \"message\" in value:\n            message = value[\"message\"]\n    \n        screen = None  # type: ignore[assignment]\n        if \"screen\" in value:\n            screen = value[\"screen\"]\n    \n        stacktrace = None\n        st_value = value.get(\"stackTrace\") or value.get(\"stacktrace\")\n        if st_value:\n            if isinstance(st_value, str):\n                stacktrace = st_value.split(\"\\n\")\n            else:\n                stacktrace = []\n                try:\n                    for frame in st_value:\n                        line = frame.get(\"lineNumber\", \"\")\n                        file = frame.get(\"fileName\", \"<anonymous>\")\n                        if line:\n                            file = f\"{file}:{line}\"\n                        meth = frame.get(\"methodName\", \"<anonymous>\")\n                        if \"className\" in frame:\n                            meth = f\"{frame['className']}.{meth}\"\n                        msg = \"    at %s (%s)\"\n                        msg = msg % (meth, file)\n                        stacktrace.append(msg)\n                except TypeError:\n                    pass\n        if exception_class == UnexpectedAlertPresentException:\n            alert_text = None\n            if \"data\" in value:\n                alert_text = value[\"data\"].get(\"text\")\n            elif \"alert\" in value:\n                alert_text = value[\"alert\"].get(\"text\")\n            raise exception_class(message, screen, stacktrace, alert_text)  # type: ignore[call-arg]  # mypy is not smart enough here\n>       raise exception_class(message, screen, stacktrace)\nE       selenium.common.exceptions.StaleElementReferenceException: Message: stale element reference: element is not attached to the page document\nE         (Session info: chrome=112.0.5615.49)\nE       Stacktrace:\nE       #0 0x557b8c401fe3 <unknown>\nE       #1 0x557b8c140d36 <unknown>\nE       #2 0x557b8c144283 <unknown>\nE       #3 0x557b8c143ff2 <unknown>\nE       #4 0x557b8c14430c <unknown>\nE       #5 0x557b8c177c9e <unknown>\nE       #6 0x557b8c19e8c2 <unknown>\nE       #7 0x557b8c172943 <unknown>\nE       #8 0x557b8c19ea8e <unknown>\nE       #9 0x557b8c1b7232 <unknown>\nE       #10 0x557b8c19e693 <unknown>\nE       #11 0x557b8c17103a <unknown>\nE       #12 0x557b8c17217e <unknown>\nE       #13 0x557b8c3c3dbd <unknown>\nE       #14 0x557b8c3c7c6c <unknown>\nE       #15 0x557b8c3d14b0 <unknown>\nE       #16 0x557b8c3c8d63 <unknown>\nE       #17 0x557b8c39bc35 <unknown>\nE       #18 0x557b8c3ec138 <unknown>\nE       #19 0x557b8c3ec2c7 <unknown>\nE       #20 0x557b8c3fa093 <unknown>\nE       #21 0x7ffb803f2b43 <unknown>\n\n/opt/hostedtoolcache/Python/3.11.3/x64/lib/python3.11/site-packages/selenium/webdriver/remote/errorhandler.py:245: StaleElementReferenceException","steps":[{"name":"Given Go to the \"Base\" url","time":{"start":1681967510636,"stop":1681967511319,"duration":683},"status":"passed","steps":[],"attachments":[],"parameters":[],"stepsCount":0,"attachmentsCount":0,"shouldDisplayMessage":false,"hasContent":false},{"name":"Then Verify user is on Login screen","time":{"start":1681967511319,"stop":1681967511382,"duration":63},"status":"passed","steps":[],"attachments":[],"parameters":[],"stepsCount":0,"attachmentsCount":0,"shouldDisplayMessage":false,"hasContent":false},{"name":"When User fills \"Valid\" form data on \"login\" screen","time":{"start":1681967511382,"stop":1681967512086,"duration":704},"status":"passed","steps":[],"attachments":[],"parameters":[],"stepsCount":0,"attachmentsCount":0,"shouldDisplayMessage":false,"hasContent":false},{"name":"Then Verify user is on \"HomePage\" screen","time":{"start":1681967512086,"stop":1681967512718,"duration":632},"status":"passed","steps":[],"attachments":[],"parameters":[],"stepsCount":0,"attachmentsCount":0,"shouldDisplayMessage":false,"hasContent":false},{"name":"Then User clicks \"Temporary Worker\" button on \"Homepage\" screen","time":{"start":1681967512718,"stop":1681967512833,"duration":115},"status":"passed","steps":[],"attachments":[],"parameters":[],"stepsCount":0,"attachmentsCount":0,"shouldDisplayMessage":false,"hasContent":false},{"name":"Then Scroll \"Down\" into view \"Add New Temporary Worker\" Section","time":{"start":1681967512833,"stop":1681967512954,"duration":121},"status":"passed","steps":[],"attachments":[],"parameters":[],"stepsCount":0,"attachmentsCount":0,"shouldDisplayMessage":false,"hasContent":false},{"name":"Then User clicks \"Add Temporary Worker\" button on \"Temporary Worker\" screen","time":{"start":1681967512954,"stop":1681967513188,"duration":234},"status":"passed","steps":[],"attachments":[],"parameters":[],"stepsCount":0,"attachmentsCount":0,"shouldDisplayMessage":false,"hasContent":false},{"name":"Then Verify user is on \"Add Temporary Worker\" screen","time":{"start":1681967513188,"stop":1681967513198,"duration":10},"status":"passed","steps":[],"attachments":[],"parameters":[],"stepsCount":0,"attachmentsCount":0,"shouldDisplayMessage":false,"hasContent":false},{"name":"Then User fills \"All\" form data on \"Temporary Worker\" screen","time":{"start":1681967515803,"stop":1681967527686,"duration":11883},"status":"broken","statusMessage":"selenium.common.exceptions.StaleElementReferenceException: Message: stale element reference: element is not attached to the page document\n  (Session info: chrome=112.0.5615.49)\nStacktrace:\n#0 0x557b8c401fe3 <unknown>\n#1 0x557b8c140d36 <unknown>\n#2 0x557b8c144283 <unknown>\n#3 0x557b8c143ff2 <unknown>\n#4 0x557b8c14430c <unknown>\n#5 0x557b8c177c9e <unknown>\n#6 0x557b8c19e8c2 <unknown>\n#7 0x557b8c172943 <unknown>\n#8 0x557b8c19ea8e <unknown>\n#9 0x557b8c1b7232 <unknown>\n#10 0x557b8c19e693 <unknown>\n#11 0x557b8c17103a <unknown>\n#12 0x557b8c17217e <unknown>\n#13 0x557b8c3c3dbd <unknown>\n#14 0x557b8c3c7c6c <unknown>\n#15 0x557b8c3d14b0 <unknown>\n#16 0x557b8c3c8d63 <unknown>\n#17 0x557b8c39bc35 <unknown>\n#18 0x557b8c3ec138 <unknown>\n#19 0x557b8c3ec2c7 <unknown>\n#20 0x557b8c3fa093 <unknown>\n#21 0x7ffb803f2b43 <unknown>\n\n","statusTrace":"  File \"/home/runner/work/WebAutomationTestingFramework/WebAutomationTestingFramework/Tests/test_temprory_worker.py\", line 253, in test_TemporaryWorkerAdd\n    fillTransportInfo(driver)\n  File \"/home/runner/work/WebAutomationTestingFramework/WebAutomationTestingFramework/Tests/test_temprory_worker.py\", line 172, in fillTransportInfo\n    TW.BikeNameOrLicencePlate = find_Elements_byXpathAndWait_getText(BikeNameList_xpath, driver)[0]\n                                ^^^^^^^^^^^^^^^^^^^^^^^^^^^^^^^^^^^^^^^^^^^^^^^^^^^^^^^^^^^^^^^^\n  File \"/home/runner/work/WebAutomationTestingFramework/WebAutomationTestingFramework/base_helpers.py\", line 106, in find_Elements_byXpathAndWait_getText\n    return list((i.text for i in find_Elements_byXpathAndWait(xpath, driver)))\n           ^^^^^^^^^^^^^^^^^^^^^^^^^^^^^^^^^^^^^^^^^^^^^^^^^^^^^^^^^^^^^^^^^^^\n  File \"/home/runner/work/WebAutomationTestingFramework/WebAutomationTestingFramework/base_helpers.py\", line 106, in <genexpr>\n    return list((i.text for i in find_Elements_byXpathAndWait(xpath, driver)))\n                 ^^^^^^\n  File \"/opt/hostedtoolcache/Python/3.11.3/x64/lib/python3.11/site-packages/selenium/webdriver/remote/webelement.py\", line 90, in text\n    return self._execute(Command.GET_ELEMENT_TEXT)[\"value\"]\n           ^^^^^^^^^^^^^^^^^^^^^^^^^^^^^^^^^^^^^^^\n  File \"/opt/hostedtoolcache/Python/3.11.3/x64/lib/python3.11/site-packages/selenium/webdriver/remote/webelement.py\", line 404, in _execute\n    return self._parent.execute(command, params)\n           ^^^^^^^^^^^^^^^^^^^^^^^^^^^^^^^^^^^^^\n  File \"/opt/hostedtoolcache/Python/3.11.3/x64/lib/python3.11/site-packages/selenium/webdriver/remote/webdriver.py\", line 440, in execute\n    self.error_handler.check_response(response)\n  File \"/opt/hostedtoolcache/Python/3.11.3/x64/lib/python3.11/site-packages/selenium/webdriver/remote/errorhandler.py\", line 245, in check_response\n    raise exception_class(message, screen, stacktrace)\n","steps":[{"name":"Enter Personal Data","time":{"start":1681967515803,"stop":1681967518020,"duration":2217},"status":"passed","steps":[],"attachments":[],"parameters":[],"stepsCount":0,"attachmentsCount":0,"shouldDisplayMessage":false,"hasContent":false},{"name":"Enter Employee Status","time":{"start":1681967518020,"stop":1681967518826,"duration":806},"status":"passed","steps":[],"attachments":[],"parameters":[],"stepsCount":0,"attachmentsCount":0,"shouldDisplayMessage":false,"hasContent":false},{"name":"Enter Client & Project Information","time":{"start":1681967518826,"stop":1681967522583,"duration":3757},"status":"passed","steps":[],"attachments":[],"parameters":[],"stepsCount":0,"attachmentsCount":0,"shouldDisplayMessage":false,"hasContent":false},{"name":"Enter Residence Information","time":{"start":1681967522583,"stop":1681967524484,"duration":1901},"status":"passed","steps":[],"attachments":[],"parameters":[],"stepsCount":0,"attachmentsCount":0,"shouldDisplayMessage":false,"hasContent":false},{"name":"Enter Transport Information","time":{"start":1681967524484,"stop":1681967527686,"duration":3202},"status":"broken","statusMessage":"selenium.common.exceptions.StaleElementReferenceException: Message: stale element reference: element is not attached to the page document\n  (Session info: chrome=112.0.5615.49)\nStacktrace:\n#0 0x557b8c401fe3 <unknown>\n#1 0x557b8c140d36 <unknown>\n#2 0x557b8c144283 <unknown>\n#3 0x557b8c143ff2 <unknown>\n#4 0x557b8c14430c <unknown>\n#5 0x557b8c177c9e <unknown>\n#6 0x557b8c19e8c2 <unknown>\n#7 0x557b8c172943 <unknown>\n#8 0x557b8c19ea8e <unknown>\n#9 0x557b8c1b7232 <unknown>\n#10 0x557b8c19e693 <unknown>\n#11 0x557b8c17103a <unknown>\n#12 0x557b8c17217e <unknown>\n#13 0x557b8c3c3dbd <unknown>\n#14 0x557b8c3c7c6c <unknown>\n#15 0x557b8c3d14b0 <unknown>\n#16 0x557b8c3c8d63 <unknown>\n#17 0x557b8c39bc35 <unknown>\n#18 0x557b8c3ec138 <unknown>\n#19 0x557b8c3ec2c7 <unknown>\n#20 0x557b8c3fa093 <unknown>\n#21 0x7ffb803f2b43 <unknown>\n\n","statusTrace":"  File \"/home/runner/work/WebAutomationTestingFramework/WebAutomationTestingFramework/Tests/test_temprory_worker.py\", line 172, in fillTransportInfo\n    TW.BikeNameOrLicencePlate = find_Elements_byXpathAndWait_getText(BikeNameList_xpath, driver)[0]\n                                ^^^^^^^^^^^^^^^^^^^^^^^^^^^^^^^^^^^^^^^^^^^^^^^^^^^^^^^^^^^^^^^^\n  File \"/home/runner/work/WebAutomationTestingFramework/WebAutomationTestingFramework/base_helpers.py\", line 106, in find_Elements_byXpathAndWait_getText\n    return list((i.text for i in find_Elements_byXpathAndWait(xpath, driver)))\n           ^^^^^^^^^^^^^^^^^^^^^^^^^^^^^^^^^^^^^^^^^^^^^^^^^^^^^^^^^^^^^^^^^^^\n  File \"/home/runner/work/WebAutomationTestingFramework/WebAutomationTestingFramework/base_helpers.py\", line 106, in <genexpr>\n    return list((i.text for i in find_Elements_byXpathAndWait(xpath, driver)))\n                 ^^^^^^\n  File \"/opt/hostedtoolcache/Python/3.11.3/x64/lib/python3.11/site-packages/selenium/webdriver/remote/webelement.py\", line 90, in text\n    return self._execute(Command.GET_ELEMENT_TEXT)[\"value\"]\n           ^^^^^^^^^^^^^^^^^^^^^^^^^^^^^^^^^^^^^^^\n  File \"/opt/hostedtoolcache/Python/3.11.3/x64/lib/python3.11/site-packages/selenium/webdriver/remote/webelement.py\", line 404, in _execute\n    return self._parent.execute(command, params)\n           ^^^^^^^^^^^^^^^^^^^^^^^^^^^^^^^^^^^^^\n  File \"/opt/hostedtoolcache/Python/3.11.3/x64/lib/python3.11/site-packages/selenium/webdriver/remote/webdriver.py\", line 440, in execute\n    self.error_handler.check_response(response)\n  File \"/opt/hostedtoolcache/Python/3.11.3/x64/lib/python3.11/site-packages/selenium/webdriver/remote/errorhandler.py\", line 245, in check_response\n    raise exception_class(message, screen, stacktrace)\n","steps":[],"attachments":[],"parameters":[],"stepsCount":0,"attachmentsCount":0,"shouldDisplayMessage":true,"hasContent":true}],"attachments":[],"parameters":[],"stepsCount":5,"attachmentsCount":0,"shouldDisplayMessage":false,"hasContent":true}],"attachments":[{"uid":"8967a81e51e1371d","name":"screenshot","source":"8967a81e51e1371d.png","type":"image/png","size":118584}],"parameters":[],"stepsCount":14,"attachmentsCount":1,"shouldDisplayMessage":true,"hasContent":true},"afterStages":[{"name":"driver::0","time":{"start":1681967527900,"stop":1681967527997,"duration":97},"status":"passed","steps":[],"attachments":[],"parameters":[],"stepsCount":0,"attachmentsCount":0,"shouldDisplayMessage":false,"hasContent":false}],"labels":[{"name":"story","value":"Add new temporary worker"},{"name":"feature","value":"Temporary Worker Feature"},{"name":"severity","value":"normal"},{"name":"tag","value":"sanity"},{"name":"tag","value":"regression"},{"name":"parentSuite","value":"Tests"},{"name":"suite","value":"test_temprory_worker"},{"name":"host","value":"fv-az280-397"},{"name":"thread","value":"2348-MainThread"},{"name":"framework","value":"pytest"},{"name":"language","value":"cpython3"},{"name":"package","value":"Tests.test_temprory_worker"},{"name":"resultFormat","value":"allure2"}],"parameters":[],"links":[],"hidden":false,"retry":false,"extra":{"severity":"normal","retries":[{"uid":"710658c57bc4aed0","status":"broken","statusDetails":"selenium.common.exceptions.StaleElementReferenceException: Message: stale element reference: element is not attached to the page document\n  (Session info: chrome=112.0.5615.49)\nStacktrace:\n#0 0x558b06aabfe3 <unknown>\n#1 0x558b067ead36 <unknown>\n#2 0x558b067ee283 <unknown>\n#3 0x558b067edff2 <unknown>\n#4 0x558b067ee30c <unknown>\n#5 0x558b06821c9e <unknown>\n#6 0x558b068488c2 <unknown>\n#7 0x558b0681c943 <unknown>\n#8 0x558b06848a8e <unknown>\n#9 0x558b06861232 <unknown>\n#10 0x558b06848693 <unknown>\n#11 0x558b0681b03a <unknown>\n#12 0x558b0681c17e <unknown>\n#13 0x558b06a6ddbd <unknown>\n#14 0x558b06a71c6c <unknown>\n#15 0x558b06a7b4b0 <unknown>\n#16 0x558b06a72d63 <unknown>\n#17 0x558b06a45c35 <unknown>\n#18 0x558b06a96138 <unknown>\n#19 0x558b06a962c7 <unknown>\n#20 0x558b06aa4093 <unknown>\n#21 0x7f93b826eb43 <unknown>","time":{"start":1681967494540,"stop":1681967509401,"duration":14861}},{"uid":"2fbaf096fee3fe1a","status":"broken","statusDetails":"selenium.common.exceptions.StaleElementReferenceException: Message: stale element reference: element is not attached to the page document\n  (Session info: chrome=112.0.5615.49)\nStacktrace:\n#0 0x5570415aafe3 <unknown>\n#1 0x5570412e9d36 <unknown>\n#2 0x5570412ed283 <unknown>\n#3 0x5570412ecff2 <unknown>\n#4 0x5570412ed30c <unknown>\n#5 0x557041320c9e <unknown>\n#6 0x5570413478c2 <unknown>\n#7 0x55704131b943 <unknown>\n#8 0x557041347a8e <unknown>\n#9 0x557041360232 <unknown>\n#10 0x557041347693 <unknown>\n#11 0x55704131a03a <unknown>\n#12 0x55704131b17e <unknown>\n#13 0x55704156cdbd <unknown>\n#14 0x557041570c6c <unknown>\n#15 0x55704157a4b0 <unknown>\n#16 0x557041571d63 <unknown>\n#17 0x557041544c35 <unknown>\n#18 0x557041595138 <unknown>\n#19 0x5570415952c7 <unknown>\n#20 0x5570415a3093 <unknown>\n#21 0x7f694a94db43 <unknown>","time":{"start":1681967479271,"stop":1681967493214,"duration":13943}}],"categories":[{"name":"Test defects","matchedStatuses":[],"flaky":false}],"history":{"statistic":{"failed":0,"broken":3,"skipped":0,"passed":0,"unknown":0,"total":3},"items":[{"uid":"99e0061a76f60308","reportUrl":"https://HassanAbbas7357.github.io/WebAutomationTestingFramework/24//#testresult/99e0061a76f60308","status":"broken","statusDetails":"selenium.common.exceptions.StaleElementReferenceException: Message: stale element reference: element is not attached to the page document\n  (Session info: chrome=112.0.5615.49)\nStacktrace:\n#0 0x556930e94fe3 <unknown>\n#1 0x556930bd3d36 <unknown>\n#2 0x556930bd7283 <unknown>\n#3 0x556930bd6ff2 <unknown>\n#4 0x556930bd730c <unknown>\n#5 0x556930c0ac9e <unknown>\n#6 0x556930c318c2 <unknown>\n#7 0x556930c05943 <unknown>\n#8 0x556930c31a8e <unknown>\n#9 0x556930c4a232 <unknown>\n#10 0x556930c31693 <unknown>\n#11 0x556930c0403a <unknown>\n#12 0x556930c0517e <unknown>\n#13 0x556930e56dbd <unknown>\n#14 0x556930e5ac6c <unknown>\n#15 0x556930e644b0 <unknown>\n#16 0x556930e5bd63 <unknown>\n#17 0x556930e2ec35 <unknown>\n#18 0x556930e7f138 <unknown>\n#19 0x556930e7f2c7 <unknown>\n#20 0x556930e8d093 <unknown>\n#21 0x7f75d09ffb43 <unknown>","time":{"start":1681967016398,"stop":1681967032363,"duration":15965}},{"uid":"1f0d65dc726c5e0a","reportUrl":"https://HassanAbbas7357.github.io/WebAutomationTestingFramework/22//#testresult/1f0d65dc726c5e0a","status":"broken","statusDetails":"selenium.common.exceptions.StaleElementReferenceException: Message: stale element reference: element is not attached to the page document\n  (Session info: chrome=112.0.5615.121)\nStacktrace:\n#0 0x55bf4833efe3 <unknown>\n#1 0x55bf4807dd36 <unknown>\n#2 0x55bf48081283 <unknown>\n#3 0x55bf48080ff2 <unknown>\n#4 0x55bf4808130c <unknown>\n#5 0x55bf480b4c9e <unknown>\n#6 0x55bf480db8c2 <unknown>\n#7 0x55bf480af943 <unknown>\n#8 0x55bf480dba8e <unknown>\n#9 0x55bf480f4232 <unknown>\n#10 0x55bf480db693 <unknown>\n#11 0x55bf480ae03a <unknown>\n#12 0x55bf480af17e <unknown>\n#13 0x55bf48300dbd <unknown>\n#14 0x55bf48304c6c <unknown>\n#15 0x55bf4830e4b0 <unknown>\n#16 0x55bf48305d63 <unknown>\n#17 0x55bf482d8c35 <unknown>\n#18 0x55bf48329138 <unknown>\n#19 0x55bf483292c7 <unknown>\n#20 0x55bf48337093 <unknown>\n#21 0x7f31bf9c6b43 <unknown>","time":{"start":1681965568267,"stop":1681965586216,"duration":17949}}]},"tags":["regression","sanity"]},"source":"481c0617c142ac1e.json","parameterValues":[]}