{"uid":"995094d40a46d619","name":"test_UserDeleteLastAndVerify","fullName":"Tests.test_users#test_UserDeleteLastAndVerify","historyId":"e9dc6efa7ced76da97033d95f875b35d","time":{"start":1681967567217,"stop":1681967595265,"duration":28048},"status":"failed","statusMessage":"Failed: Element not visible with xpath : //span[text()=\"User Deleted Successfully\"]","statusTrace":"xpath = '//span[text()=\"User Deleted Successfully\"]'\ndriver = <selenium.webdriver.chrome.webdriver.WebDriver (session=\"f169e29594b8659b008cf77b2bffd42e\")>\n\n    def verify_visibility_of_element_located(xpath, driver):\n        try:\n>           WebDriverWait(driver, waitTimer).until(EC.element_to_be_clickable((By.XPATH, xpath)))\n\nbase_helpers.py:137: \n_ _ _ _ _ _ _ _ _ _ _ _ _ _ _ _ _ _ _ _ _ _ _ _ _ _ _ _ _ _ _ _ _ _ _ _ _ _ _ _ \n\nself = <selenium.webdriver.support.wait.WebDriverWait (session=\"f169e29594b8659b008cf77b2bffd42e\")>\nmethod = <function element_to_be_clickable.<locals>._predicate at 0x7f0ec6a74040>\nmessage = ''\n\n    def until(self, method, message: str = \"\"):\n        \"\"\"Calls the method provided with the driver as an argument until the \\\n        return value does not evaluate to ``False``.\n    \n        :param method: callable(WebDriver)\n        :param message: optional message for :exc:`TimeoutException`\n        :returns: the result of the last call to `method`\n        :raises: :exc:`selenium.common.exceptions.TimeoutException` if timeout occurs\n        \"\"\"\n        screen = None\n        stacktrace = None\n    \n        end_time = time.monotonic() + self._timeout\n        while True:\n            try:\n                value = method(self._driver)\n                if value:\n                    return value\n            except self._ignored_exceptions as exc:\n                screen = getattr(exc, \"screen\", None)\n                stacktrace = getattr(exc, \"stacktrace\", None)\n            time.sleep(self._poll)\n            if time.monotonic() > end_time:\n                break\n>       raise TimeoutException(message, screen, stacktrace)\nE       selenium.common.exceptions.TimeoutException: Message: \nE       Stacktrace:\nE       #0 0x55faaa96dfe3 <unknown>\nE       #1 0x55faaa6acd36 <unknown>\nE       #2 0x55faaa6e9c4d <unknown>\nE       #3 0x55faaa6e9d61 <unknown>\nE       #4 0x55faaa7256a4 <unknown>\nE       #5 0x55faaa70a8ed <unknown>\nE       #6 0x55faaa723232 <unknown>\nE       #7 0x55faaa70a693 <unknown>\nE       #8 0x55faaa6dd03a <unknown>\nE       #9 0x55faaa6de17e <unknown>\nE       #10 0x55faaa92fdbd <unknown>\nE       #11 0x55faaa933c6c <unknown>\nE       #12 0x55faaa93d4b0 <unknown>\nE       #13 0x55faaa934d63 <unknown>\nE       #14 0x55faaa907c35 <unknown>\nE       #15 0x55faaa958138 <unknown>\nE       #16 0x55faaa9582c7 <unknown>\nE       #17 0x55faaa966093 <unknown>\nE       #18 0x7f7715640b43 <unknown>\n\n/opt/hostedtoolcache/Python/3.11.3/x64/lib/python3.11/site-packages/selenium/webdriver/support/wait.py:95: TimeoutException\n\nDuring handling of the above exception, another exception occurred:\n\ndriver = <selenium.webdriver.chrome.webdriver.WebDriver (session=\"f169e29594b8659b008cf77b2bffd42e\")>\n\n    @allure.feature(\"Users Feature\")\n    @allure.story(\"Delete Last User And Verify Message\")\n    @allure.severity(allure.severity_level.MINOR)\n    @pytest.mark.regression\n    @pytest.mark.sanity\n    def test_UserDeleteLastAndVerify(driver):\n        VisitUsersPageWithLogin(driver)\n        with allure.step('When User Tap on ID on table to sort it by descending order'):\n            sortTableByIdDescendingOrder(driver)\n        with allure.step('And User select the last Item and Tap on Delete Button'):\n            find_byXpath(deleteUser_xpath, driver).click()\n            # find_byXpathAndWait(mainDeleteButton, driver).click()\n            find_byXpathAndWait(mainDeleteYesButton, driver).click()\n        with allure.step('Then User should see a \"User Deleted Successfully\" message'):\n>           verify_visibility_of_element_located(userDeletedMessage, driver)\n\nTests/test_users.py:146: \n_ _ _ _ _ _ _ _ _ _ _ _ _ _ _ _ _ _ _ _ _ _ _ _ _ _ _ _ _ _ _ _ _ _ _ _ _ _ _ _ \n\nxpath = '//span[text()=\"User Deleted Successfully\"]'\ndriver = <selenium.webdriver.chrome.webdriver.WebDriver (session=\"f169e29594b8659b008cf77b2bffd42e\")>\n\n    def verify_visibility_of_element_located(xpath, driver):\n        try:\n            WebDriverWait(driver, waitTimer).until(EC.element_to_be_clickable((By.XPATH, xpath)))\n        except (ElementNotVisibleException, TimeoutException):\n>           pytest.fail(\n                f\"Element not visible with xpath : {xpath}\")\nE           Failed: Element not visible with xpath : //span[text()=\"User Deleted Successfully\"]\n\nbase_helpers.py:139: Failed","flaky":false,"newFailed":false,"newBroken":false,"newPassed":false,"retriesCount":0,"retriesStatusChange":false,"beforeStages":[{"name":"driver","time":{"start":1681967566292,"stop":1681967567216,"duration":924},"status":"passed","steps":[],"attachments":[],"parameters":[],"stepsCount":0,"attachmentsCount":0,"shouldDisplayMessage":false,"hasContent":false}],"testStage":{"status":"failed","statusMessage":"Failed: Element not visible with xpath : //span[text()=\"User Deleted Successfully\"]","statusTrace":"xpath = '//span[text()=\"User Deleted Successfully\"]'\ndriver = <selenium.webdriver.chrome.webdriver.WebDriver (session=\"f169e29594b8659b008cf77b2bffd42e\")>\n\n    def verify_visibility_of_element_located(xpath, driver):\n        try:\n>           WebDriverWait(driver, waitTimer).until(EC.element_to_be_clickable((By.XPATH, xpath)))\n\nbase_helpers.py:137: \n_ _ _ _ _ _ _ _ _ _ _ _ _ _ _ _ _ _ _ _ _ _ _ _ _ _ _ _ _ _ _ _ _ _ _ _ _ _ _ _ \n\nself = <selenium.webdriver.support.wait.WebDriverWait (session=\"f169e29594b8659b008cf77b2bffd42e\")>\nmethod = <function element_to_be_clickable.<locals>._predicate at 0x7f0ec6a74040>\nmessage = ''\n\n    def until(self, method, message: str = \"\"):\n        \"\"\"Calls the method provided with the driver as an argument until the \\\n        return value does not evaluate to ``False``.\n    \n        :param method: callable(WebDriver)\n        :param message: optional message for :exc:`TimeoutException`\n        :returns: the result of the last call to `method`\n        :raises: :exc:`selenium.common.exceptions.TimeoutException` if timeout occurs\n        \"\"\"\n        screen = None\n        stacktrace = None\n    \n        end_time = time.monotonic() + self._timeout\n        while True:\n            try:\n                value = method(self._driver)\n                if value:\n                    return value\n            except self._ignored_exceptions as exc:\n                screen = getattr(exc, \"screen\", None)\n                stacktrace = getattr(exc, \"stacktrace\", None)\n            time.sleep(self._poll)\n            if time.monotonic() > end_time:\n                break\n>       raise TimeoutException(message, screen, stacktrace)\nE       selenium.common.exceptions.TimeoutException: Message: \nE       Stacktrace:\nE       #0 0x55faaa96dfe3 <unknown>\nE       #1 0x55faaa6acd36 <unknown>\nE       #2 0x55faaa6e9c4d <unknown>\nE       #3 0x55faaa6e9d61 <unknown>\nE       #4 0x55faaa7256a4 <unknown>\nE       #5 0x55faaa70a8ed <unknown>\nE       #6 0x55faaa723232 <unknown>\nE       #7 0x55faaa70a693 <unknown>\nE       #8 0x55faaa6dd03a <unknown>\nE       #9 0x55faaa6de17e <unknown>\nE       #10 0x55faaa92fdbd <unknown>\nE       #11 0x55faaa933c6c <unknown>\nE       #12 0x55faaa93d4b0 <unknown>\nE       #13 0x55faaa934d63 <unknown>\nE       #14 0x55faaa907c35 <unknown>\nE       #15 0x55faaa958138 <unknown>\nE       #16 0x55faaa9582c7 <unknown>\nE       #17 0x55faaa966093 <unknown>\nE       #18 0x7f7715640b43 <unknown>\n\n/opt/hostedtoolcache/Python/3.11.3/x64/lib/python3.11/site-packages/selenium/webdriver/support/wait.py:95: TimeoutException\n\nDuring handling of the above exception, another exception occurred:\n\ndriver = <selenium.webdriver.chrome.webdriver.WebDriver (session=\"f169e29594b8659b008cf77b2bffd42e\")>\n\n    @allure.feature(\"Users Feature\")\n    @allure.story(\"Delete Last User And Verify Message\")\n    @allure.severity(allure.severity_level.MINOR)\n    @pytest.mark.regression\n    @pytest.mark.sanity\n    def test_UserDeleteLastAndVerify(driver):\n        VisitUsersPageWithLogin(driver)\n        with allure.step('When User Tap on ID on table to sort it by descending order'):\n            sortTableByIdDescendingOrder(driver)\n        with allure.step('And User select the last Item and Tap on Delete Button'):\n            find_byXpath(deleteUser_xpath, driver).click()\n            # find_byXpathAndWait(mainDeleteButton, driver).click()\n            find_byXpathAndWait(mainDeleteYesButton, driver).click()\n        with allure.step('Then User should see a \"User Deleted Successfully\" message'):\n>           verify_visibility_of_element_located(userDeletedMessage, driver)\n\nTests/test_users.py:146: \n_ _ _ _ _ _ _ _ _ _ _ _ _ _ _ _ _ _ _ _ _ _ _ _ _ _ _ _ _ _ _ _ _ _ _ _ _ _ _ _ \n\nxpath = '//span[text()=\"User Deleted Successfully\"]'\ndriver = <selenium.webdriver.chrome.webdriver.WebDriver (session=\"f169e29594b8659b008cf77b2bffd42e\")>\n\n    def verify_visibility_of_element_located(xpath, driver):\n        try:\n            WebDriverWait(driver, waitTimer).until(EC.element_to_be_clickable((By.XPATH, xpath)))\n        except (ElementNotVisibleException, TimeoutException):\n>           pytest.fail(\n                f\"Element not visible with xpath : {xpath}\")\nE           Failed: Element not visible with xpath : //span[text()=\"User Deleted Successfully\"]\n\nbase_helpers.py:139: Failed","steps":[{"name":"Given Go to the \"Base\" url","time":{"start":1681967567217,"stop":1681967568107,"duration":890},"status":"passed","steps":[],"attachments":[],"parameters":[],"stepsCount":0,"attachmentsCount":0,"shouldDisplayMessage":false,"hasContent":false},{"name":"Then Verify user is on Login screen","time":{"start":1681967568107,"stop":1681967568150,"duration":43},"status":"passed","steps":[],"attachments":[],"parameters":[],"stepsCount":0,"attachmentsCount":0,"shouldDisplayMessage":false,"hasContent":false},{"name":"When User fills \"Valid\" form data on \"login\" screen","time":{"start":1681967568150,"stop":1681967568798,"duration":648},"status":"passed","steps":[],"attachments":[],"parameters":[],"stepsCount":0,"attachmentsCount":0,"shouldDisplayMessage":false,"hasContent":false},{"name":"Then Verify user is on \"HomePage\" screen","time":{"start":1681967568798,"stop":1681967569543,"duration":745},"status":"passed","steps":[],"attachments":[],"parameters":[],"stepsCount":0,"attachmentsCount":0,"shouldDisplayMessage":false,"hasContent":false},{"name":"Then User clicks \"Users\" button on \"Homepage\" screen","time":{"start":1681967569543,"stop":1681967569696,"duration":153},"status":"passed","steps":[],"attachments":[],"parameters":[],"stepsCount":0,"attachmentsCount":0,"shouldDisplayMessage":false,"hasContent":false},{"name":"And User Should see \"active-user\" in the url","time":{"start":1681967569696,"stop":1681967569752,"duration":56},"status":"passed","steps":[],"attachments":[],"parameters":[],"stepsCount":0,"attachmentsCount":0,"shouldDisplayMessage":false,"hasContent":false},{"name":"When User Tap on ID on table to sort it by descending order","time":{"start":1681967569752,"stop":1681967580081,"duration":10329},"status":"passed","steps":[],"attachments":[],"parameters":[],"stepsCount":0,"attachmentsCount":0,"shouldDisplayMessage":false,"hasContent":false},{"name":"And User select the last Item and Tap on Delete Button","time":{"start":1681967580081,"stop":1681967580216,"duration":135},"status":"passed","steps":[],"attachments":[],"parameters":[],"stepsCount":0,"attachmentsCount":0,"shouldDisplayMessage":false,"hasContent":false},{"name":"Then User should see a \"User Deleted Successfully\" message","time":{"start":1681967580216,"stop":1681967595264,"duration":15048},"status":"failed","statusMessage":"Failed: Element not visible with xpath : //span[text()=\"User Deleted Successfully\"]\n","statusTrace":"  File \"/home/runner/work/WebAutomationTestingFramework/WebAutomationTestingFramework/Tests/test_users.py\", line 146, in test_UserDeleteLastAndVerify\n    verify_visibility_of_element_located(userDeletedMessage, driver)\n  File \"/home/runner/work/WebAutomationTestingFramework/WebAutomationTestingFramework/base_helpers.py\", line 139, in verify_visibility_of_element_located\n    pytest.fail(\n  File \"/opt/hostedtoolcache/Python/3.11.3/x64/lib/python3.11/site-packages/_pytest/outcomes.py\", line 198, in fail\n    raise Failed(msg=reason, pytrace=pytrace)\n","steps":[],"attachments":[],"parameters":[],"stepsCount":0,"attachmentsCount":0,"shouldDisplayMessage":true,"hasContent":true}],"attachments":[{"uid":"395abed8bf0a6f9f","name":"screenshot","source":"395abed8bf0a6f9f.png","type":"image/png","size":202000}],"parameters":[],"stepsCount":9,"attachmentsCount":1,"shouldDisplayMessage":true,"hasContent":true},"afterStages":[{"name":"driver::0","time":{"start":1681967595449,"stop":1681967595535,"duration":86},"status":"passed","steps":[],"attachments":[],"parameters":[],"stepsCount":0,"attachmentsCount":0,"shouldDisplayMessage":false,"hasContent":false}],"labels":[{"name":"feature","value":"Users Feature"},{"name":"story","value":"Delete Last User And Verify Message"},{"name":"severity","value":"minor"},{"name":"tag","value":"sanity"},{"name":"tag","value":"regression"},{"name":"parentSuite","value":"Tests"},{"name":"suite","value":"test_users"},{"name":"host","value":"fv-az280-397"},{"name":"thread","value":"2348-MainThread"},{"name":"framework","value":"pytest"},{"name":"language","value":"cpython3"},{"name":"package","value":"Tests.test_users"},{"name":"resultFormat","value":"allure2"}],"parameters":[],"links":[],"hidden":true,"retry":true,"extra":{"categories":[],"tags":["regression","sanity"]},"source":"995094d40a46d619.json","parameterValues":[]}