{"uid":"c22516191ca2bf42","name":"test_UsersCheckExportButtonDownloadsCSVFile","fullName":"Tests.test_users#test_UsersCheckExportButtonDownloadsCSVFile","historyId":"9751b5d68ef6863def82b6e5bbac7acb","time":{"start":1681970056920,"stop":1681970074324,"duration":17404},"status":"failed","statusMessage":"AssertionError","statusTrace":"driver = <selenium.webdriver.chrome.webdriver.WebDriver (session=\"fd45819e156fb26fb236cc2593f87725\")>\n\n    @allure.feature(\"Users Feature\")\n    @allure.story(\"Check If Export Button actually downloads the file and its in csv format\")\n    @allure.severity(allure.severity_level.NORMAL)\n    @pytest.mark.regression\n    @pytest.mark.sanity\n    @pytest.mark.smoke\n    @pytest.mark.order(3)\n    def test_UsersCheckExportButtonDownloadsCSVFile(driver):\n        VisitUsersPageWithLogin(driver)\n>       fileName = downloadAndVerifyCSVExportedFile(driver)\n\nTests/test_users.py:40: \n_ _ _ _ _ _ _ _ _ _ _ _ _ _ _ _ _ _ _ _ _ _ _ _ _ _ _ _ _ _ _ _ _ _ _ _ _ _ _ _ \nTests/test_temprory_worker.py:53: in downloadAndVerifyCSVExportedFile\n    verifyFileDownloadedCorrectly(FilePath=fileName)\n_ _ _ _ _ _ _ _ _ _ _ _ _ _ _ _ _ _ _ _ _ _ _ _ _ _ _ _ _ _ _ _ _ _ _ _ _ _ _ _ \n\nFilePath = '/home/runner/work/WebAutomationTestingFramework/WebAutomationTestingFramework/Downloads/Veritec-users@20-Apr-2023.csv'\n\n    def verifyFileDownloadedCorrectly(FilePath):\n>       assert os.path.exists(FilePath)\nE       AssertionError\n\nbase_helpers.py:239: AssertionError","flaky":false,"newFailed":false,"newBroken":false,"newPassed":false,"retriesCount":0,"retriesStatusChange":false,"beforeStages":[{"name":"clearDownloads","time":{"start":1681970055137,"stop":1681970055137,"duration":0},"status":"passed","steps":[],"attachments":[],"parameters":[],"stepsCount":0,"attachmentsCount":0,"shouldDisplayMessage":false,"hasContent":false},{"name":"driver","time":{"start":1681970055137,"stop":1681970056920,"duration":1783},"status":"passed","steps":[],"attachments":[],"parameters":[],"stepsCount":0,"attachmentsCount":0,"shouldDisplayMessage":false,"hasContent":false}],"testStage":{"status":"failed","statusMessage":"AssertionError","statusTrace":"driver = <selenium.webdriver.chrome.webdriver.WebDriver (session=\"fd45819e156fb26fb236cc2593f87725\")>\n\n    @allure.feature(\"Users Feature\")\n    @allure.story(\"Check If Export Button actually downloads the file and its in csv format\")\n    @allure.severity(allure.severity_level.NORMAL)\n    @pytest.mark.regression\n    @pytest.mark.sanity\n    @pytest.mark.smoke\n    @pytest.mark.order(3)\n    def test_UsersCheckExportButtonDownloadsCSVFile(driver):\n        VisitUsersPageWithLogin(driver)\n>       fileName = downloadAndVerifyCSVExportedFile(driver)\n\nTests/test_users.py:40: \n_ _ _ _ _ _ _ _ _ _ _ _ _ _ _ _ _ _ _ _ _ _ _ _ _ _ _ _ _ _ _ _ _ _ _ _ _ _ _ _ \nTests/test_temprory_worker.py:53: in downloadAndVerifyCSVExportedFile\n    verifyFileDownloadedCorrectly(FilePath=fileName)\n_ _ _ _ _ _ _ _ _ _ _ _ _ _ _ _ _ _ _ _ _ _ _ _ _ _ _ _ _ _ _ _ _ _ _ _ _ _ _ _ \n\nFilePath = '/home/runner/work/WebAutomationTestingFramework/WebAutomationTestingFramework/Downloads/Veritec-users@20-Apr-2023.csv'\n\n    def verifyFileDownloadedCorrectly(FilePath):\n>       assert os.path.exists(FilePath)\nE       AssertionError\n\nbase_helpers.py:239: AssertionError","steps":[{"name":"Given Go to the \"Base\" url","time":{"start":1681970056920,"stop":1681970057550,"duration":630},"status":"passed","steps":[],"attachments":[],"parameters":[],"stepsCount":0,"attachmentsCount":0,"shouldDisplayMessage":false,"hasContent":false},{"name":"Then Verify user is on Login screen","time":{"start":1681970057550,"stop":1681970057638,"duration":88},"status":"passed","steps":[],"attachments":[],"parameters":[],"stepsCount":0,"attachmentsCount":0,"shouldDisplayMessage":false,"hasContent":false},{"name":"When User fills \"Valid\" form data on \"login\" screen","time":{"start":1681970057638,"stop":1681970058321,"duration":683},"status":"passed","steps":[],"attachments":[],"parameters":[],"stepsCount":0,"attachmentsCount":0,"shouldDisplayMessage":false,"hasContent":false},{"name":"Then Verify user is on \"HomePage\" screen","time":{"start":1681970058321,"stop":1681970058922,"duration":601},"status":"passed","steps":[],"attachments":[],"parameters":[],"stepsCount":0,"attachmentsCount":0,"shouldDisplayMessage":false,"hasContent":false},{"name":"Then User clicks \"Users\" button on \"Homepage\" screen","time":{"start":1681970058922,"stop":1681970059098,"duration":176},"status":"passed","steps":[],"attachments":[],"parameters":[],"stepsCount":0,"attachmentsCount":0,"shouldDisplayMessage":false,"hasContent":false},{"name":"And User Should see \"active-user\" in the url","time":{"start":1681970059098,"stop":1681970059181,"duration":83},"status":"passed","steps":[],"attachments":[],"parameters":[],"stepsCount":0,"attachmentsCount":0,"shouldDisplayMessage":false,"hasContent":false},{"name":"And Check if CSV file downloaded correctly","time":{"start":1681970059181,"stop":1681970074323,"duration":15142},"status":"failed","statusMessage":"AssertionError\n","statusTrace":"  File \"/home/runner/work/WebAutomationTestingFramework/WebAutomationTestingFramework/Tests/test_temprory_worker.py\", line 53, in downloadAndVerifyCSVExportedFile\n    verifyFileDownloadedCorrectly(FilePath=fileName)\n  File \"/home/runner/work/WebAutomationTestingFramework/WebAutomationTestingFramework/base_helpers.py\", line 239, in verifyFileDownloadedCorrectly\n    assert os.path.exists(FilePath)\n","steps":[],"attachments":[],"parameters":[],"stepsCount":0,"attachmentsCount":0,"shouldDisplayMessage":true,"hasContent":true}],"attachments":[{"uid":"8816311d758c453a","name":"screenshot","source":"8816311d758c453a.png","type":"image/png","size":196892},{"uid":"95d10deb62fc1b87","name":"stdout","source":"95d10deb62fc1b87.txt","type":"text/plain","size":1105},{"uid":"44a9346adb0a100d","name":"stderr","source":"44a9346adb0a100d.txt","type":"text/plain","size":159}],"parameters":[],"stepsCount":7,"attachmentsCount":3,"shouldDisplayMessage":true,"hasContent":true},"afterStages":[{"name":"driver::0","time":{"start":1681970074559,"stop":1681970074636,"duration":77},"status":"passed","steps":[],"attachments":[],"parameters":[],"stepsCount":0,"attachmentsCount":0,"shouldDisplayMessage":false,"hasContent":false},{"name":"clearDownloads::0","time":{"start":1681970074636,"stop":1681970074637,"duration":1},"status":"broken","statusMessage":"FileNotFoundError: [Errno 2] No such file or directory: '/home/runner/work/WebAutomationTestingFramework/WebAutomationTestingFramework/Downloads/'\n","statusTrace":"  File \"/opt/hostedtoolcache/Python/3.11.3/x64/lib/python3.11/site-packages/allure_commons/_allure.py\", line 221, in __call__\n    return self._fixture_function(*args, **kwargs)\n           ^^^^^^^^^^^^^^^^^^^^^^^^^^^^^^^^^^^^^^^\n  File \"/opt/hostedtoolcache/Python/3.11.3/x64/lib/python3.11/site-packages/_pytest/fixtures.py\", line 918, in _teardown_yield_fixture\n    next(it)\n  File \"/home/runner/work/WebAutomationTestingFramework/WebAutomationTestingFramework/conftest.py\", line 169, in clearDownloads\n    files = os.listdir(downloadsPath)\n            ^^^^^^^^^^^^^^^^^^^^^^^^^\n","steps":[],"attachments":[],"parameters":[],"stepsCount":0,"attachmentsCount":0,"shouldDisplayMessage":true,"hasContent":true}],"labels":[{"name":"severity","value":"normal"},{"name":"story","value":"Check If Export Button actually downloads the file and its in csv format"},{"name":"feature","value":"Users Feature"},{"name":"tag","value":"order(3)"},{"name":"tag","value":"smoke"},{"name":"tag","value":"sanity"},{"name":"tag","value":"regression"},{"name":"parentSuite","value":"Tests"},{"name":"suite","value":"test_users"},{"name":"host","value":"fv-az174-481"},{"name":"thread","value":"2308-MainThread"},{"name":"framework","value":"pytest"},{"name":"language","value":"cpython3"},{"name":"package","value":"Tests.test_users"},{"name":"resultFormat","value":"allure2"}],"parameters":[],"links":[],"hidden":true,"retry":true,"extra":{"categories":[],"tags":["order(3)","regression","smoke","sanity"]},"source":"c22516191ca2bf42.json","parameterValues":[]}