{"uid":"2f042d506e61893f","name":"test_EditFirstNameAndVerifyInTable","fullName":"Tests.test_users#test_EditFirstNameAndVerifyInTable","historyId":"6bb4d12c59fb2173c2ac319c67f3bf7e","time":{"start":1681978817541,"stop":1681978831951,"duration":14410},"status":"failed","statusMessage":"AssertionError: assert 'ylyuDTCvdCBWsbT1421' == 'BotylyuDTCvdCBWsbT1421'\n  - BotylyuDTCvdCBWsbT1421\n  ? ---\n  + ylyuDTCvdCBWsbT1421","statusTrace":"driver = <selenium.webdriver.chrome.webdriver.WebDriver (session=\"d3e10d08679b09469a8b04d2085b4313\")>\n\n    @allure.feature(\"Users Feature\")\n    @allure.story(\"Edit the FirstName and Verify in Table\")\n    @allure.severity(allure.severity_level.MINOR)\n    @pytest.mark.regression\n    @pytest.mark.sanity\n    def test_EditFirstNameAndVerifyInTable(driver):\n        VisitUsersPageWithLogin(driver)\n        FirstName = get_randomEmail().replace('@gmail.com', '')\n        with allure.step('And User Click on Edit Button'):\n            verify_loaderAndWait(TableLoader_xpath, driver)\n            find_byXpathAndWait(userEditBtn_xpath, driver).click()\n        with allure.step('Then Click On Save Changes button after changing FirstName\"'):\n            driver.execute_script(\n                \"arguments[0].value='';\", find_byXpath(firstNameInput, driver))\n            find_byXpath(firstNameInput, driver).send_keys(FirstName)\n            print(FirstName)\n            find_byXpathAndWait(saveChangesButton, driver).click()\n        with allure.step('And User Should see Success Message \"User Updated SuccessFully\"'):\n            verify_visibility_of_element_located(invalidUserMessage, driver)\n            sleep(3)\n        with allure.step('Then Verify FirstName Updated in the Table'):\n            Name = find_Elements_byXpathAndWait_getText(firstRow, driver)\n            print(Name)\n>           assert FirstName == Name[1]\nE           AssertionError: assert 'ylyuDTCvdCBWsbT1421' == 'BotylyuDTCvdCBWsbT1421'\nE             - BotylyuDTCvdCBWsbT1421\nE             ? ---\nE             + ylyuDTCvdCBWsbT1421\n\nTests/test_users.py:223: AssertionError","flaky":false,"newFailed":false,"newBroken":false,"newPassed":false,"retriesCount":0,"retriesStatusChange":false,"beforeStages":[{"name":"driver","time":{"start":1681978816676,"stop":1681978817541,"duration":865},"status":"passed","steps":[],"attachments":[],"parameters":[],"stepsCount":0,"attachmentsCount":0,"shouldDisplayMessage":false,"hasContent":false}],"testStage":{"status":"failed","statusMessage":"AssertionError: assert 'ylyuDTCvdCBWsbT1421' == 'BotylyuDTCvdCBWsbT1421'\n  - BotylyuDTCvdCBWsbT1421\n  ? ---\n  + ylyuDTCvdCBWsbT1421","statusTrace":"driver = <selenium.webdriver.chrome.webdriver.WebDriver (session=\"d3e10d08679b09469a8b04d2085b4313\")>\n\n    @allure.feature(\"Users Feature\")\n    @allure.story(\"Edit the FirstName and Verify in Table\")\n    @allure.severity(allure.severity_level.MINOR)\n    @pytest.mark.regression\n    @pytest.mark.sanity\n    def test_EditFirstNameAndVerifyInTable(driver):\n        VisitUsersPageWithLogin(driver)\n        FirstName = get_randomEmail().replace('@gmail.com', '')\n        with allure.step('And User Click on Edit Button'):\n            verify_loaderAndWait(TableLoader_xpath, driver)\n            find_byXpathAndWait(userEditBtn_xpath, driver).click()\n        with allure.step('Then Click On Save Changes button after changing FirstName\"'):\n            driver.execute_script(\n                \"arguments[0].value='';\", find_byXpath(firstNameInput, driver))\n            find_byXpath(firstNameInput, driver).send_keys(FirstName)\n            print(FirstName)\n            find_byXpathAndWait(saveChangesButton, driver).click()\n        with allure.step('And User Should see Success Message \"User Updated SuccessFully\"'):\n            verify_visibility_of_element_located(invalidUserMessage, driver)\n            sleep(3)\n        with allure.step('Then Verify FirstName Updated in the Table'):\n            Name = find_Elements_byXpathAndWait_getText(firstRow, driver)\n            print(Name)\n>           assert FirstName == Name[1]\nE           AssertionError: assert 'ylyuDTCvdCBWsbT1421' == 'BotylyuDTCvdCBWsbT1421'\nE             - BotylyuDTCvdCBWsbT1421\nE             ? ---\nE             + ylyuDTCvdCBWsbT1421\n\nTests/test_users.py:223: AssertionError","steps":[{"name":"Given Go to the \"Base\" url","time":{"start":1681978817541,"stop":1681978818127,"duration":586},"status":"passed","steps":[],"attachments":[],"parameters":[],"stepsCount":0,"attachmentsCount":0,"shouldDisplayMessage":false,"hasContent":false},{"name":"Then Verify user is on Login screen","time":{"start":1681978818127,"stop":1681978818175,"duration":48},"status":"passed","steps":[],"attachments":[],"parameters":[],"stepsCount":0,"attachmentsCount":0,"shouldDisplayMessage":false,"hasContent":false},{"name":"When User fills \"Valid\" form data on \"login\" screen","time":{"start":1681978818175,"stop":1681978818652,"duration":477},"status":"passed","steps":[],"attachments":[],"parameters":[],"stepsCount":0,"attachmentsCount":0,"shouldDisplayMessage":false,"hasContent":false},{"name":"Then Verify user is on \"HomePage\" screen","time":{"start":1681978818652,"stop":1681978819092,"duration":440},"status":"passed","steps":[],"attachments":[],"parameters":[],"stepsCount":0,"attachmentsCount":0,"shouldDisplayMessage":false,"hasContent":false},{"name":"Then User clicks \"Users\" button on \"Homepage\" screen","time":{"start":1681978819092,"stop":1681978819221,"duration":129},"status":"passed","steps":[],"attachments":[],"parameters":[],"stepsCount":0,"attachmentsCount":0,"shouldDisplayMessage":false,"hasContent":false},{"name":"And User Should see \"active-user\" in the url","time":{"start":1681978819221,"stop":1681978819263,"duration":42},"status":"passed","steps":[],"attachments":[],"parameters":[],"stepsCount":0,"attachmentsCount":0,"shouldDisplayMessage":false,"hasContent":false},{"name":"And User Click on Edit Button","time":{"start":1681978819263,"stop":1681978827771,"duration":8508},"status":"passed","steps":[],"attachments":[],"parameters":[],"stepsCount":0,"attachmentsCount":0,"shouldDisplayMessage":false,"hasContent":false},{"name":"Then Click On Save Changes button after changing FirstName\"","time":{"start":1681978827771,"stop":1681978828207,"duration":436},"status":"passed","steps":[],"attachments":[],"parameters":[],"stepsCount":0,"attachmentsCount":0,"shouldDisplayMessage":false,"hasContent":false},{"name":"And User Should see Success Message \"User Updated SuccessFully\"","time":{"start":1681978828207,"stop":1681978831818,"duration":3611},"status":"passed","steps":[],"attachments":[],"parameters":[],"stepsCount":0,"attachmentsCount":0,"shouldDisplayMessage":false,"hasContent":false},{"name":"Then Verify FirstName Updated in the Table","time":{"start":1681978831818,"stop":1681978831951,"duration":133},"status":"failed","statusMessage":"AssertionError: assert 'ylyuDTCvdCBWsbT1421' == 'BotylyuDTCvdCBWsbT1421'\n  - BotylyuDTCvdCBWsbT1421\n  ? ---\n  + ylyuDTCvdCBWsbT1421\n","statusTrace":"  File \"/home/runner/work/WebAutomationTestingFramework/WebAutomationTestingFramework/Tests/test_users.py\", line 223, in test_EditFirstNameAndVerifyInTable\n    assert FirstName == Name[1]\n","steps":[],"attachments":[],"parameters":[],"stepsCount":0,"attachmentsCount":0,"shouldDisplayMessage":true,"hasContent":true}],"attachments":[{"uid":"1fb0c3d2afd3aa7","name":"screenshot","source":"1fb0c3d2afd3aa7.png","type":"image/png","size":199415},{"uid":"3dcc2a4bf45c0e9d","name":"stdout","source":"3dcc2a4bf45c0e9d.txt","type":"text/plain","size":3164}],"parameters":[],"stepsCount":10,"attachmentsCount":2,"shouldDisplayMessage":true,"hasContent":true},"afterStages":[{"name":"driver::0","time":{"start":1681978832121,"stop":1681978832201,"duration":80},"status":"passed","steps":[],"attachments":[],"parameters":[],"stepsCount":0,"attachmentsCount":0,"shouldDisplayMessage":false,"hasContent":false}],"labels":[{"name":"story","value":"Edit the FirstName and Verify in Table"},{"name":"severity","value":"minor"},{"name":"feature","value":"Users Feature"},{"name":"tag","value":"sanity"},{"name":"tag","value":"regression"},{"name":"parentSuite","value":"Tests"},{"name":"suite","value":"test_users"},{"name":"host","value":"fv-az646-934"},{"name":"thread","value":"2349-MainThread"},{"name":"framework","value":"pytest"},{"name":"language","value":"cpython3"},{"name":"package","value":"Tests.test_users"},{"name":"resultFormat","value":"allure2"}],"parameters":[],"links":[],"hidden":true,"retry":true,"extra":{"categories":[],"tags":["regression","sanity"]},"source":"2f042d506e61893f.json","parameterValues":[]}