{"uid":"7731928e6e3981e5","name":"test_UserDeleteLastAndVerify","fullName":"Tests.test_users#test_UserDeleteLastAndVerify","historyId":"e9dc6efa7ced76da97033d95f875b35d","time":{"start":1681978665924,"stop":1681978700358,"duration":34434},"status":"failed","statusMessage":"Failed: Element not visible with xpath : //span[text()=\"User Deleted Successfully\"]","statusTrace":"xpath = '//span[text()=\"User Deleted Successfully\"]'\ndriver = <selenium.webdriver.chrome.webdriver.WebDriver (session=\"b6b37d11e26084ee2a5c71ccd0dd852e\")>\n\n    def verify_visibility_of_element_located(xpath, driver):\n        try:\n>           WebDriverWait(driver, waitTimer).until(EC.element_to_be_clickable((By.XPATH, xpath)))\n\nbase_helpers.py:137: \n_ _ _ _ _ _ _ _ _ _ _ _ _ _ _ _ _ _ _ _ _ _ _ _ _ _ _ _ _ _ _ _ _ _ _ _ _ _ _ _ \n\nself = <selenium.webdriver.support.wait.WebDriverWait (session=\"b6b37d11e26084ee2a5c71ccd0dd852e\")>\nmethod = <function element_to_be_clickable.<locals>._predicate at 0x7fd9710d8ae0>\nmessage = ''\n\n    def until(self, method, message: str = \"\"):\n        \"\"\"Calls the method provided with the driver as an argument until the \\\n        return value does not evaluate to ``False``.\n    \n        :param method: callable(WebDriver)\n        :param message: optional message for :exc:`TimeoutException`\n        :returns: the result of the last call to `method`\n        :raises: :exc:`selenium.common.exceptions.TimeoutException` if timeout occurs\n        \"\"\"\n        screen = None\n        stacktrace = None\n    \n        end_time = time.monotonic() + self._timeout\n        while True:\n            try:\n                value = method(self._driver)\n                if value:\n                    return value\n            except self._ignored_exceptions as exc:\n                screen = getattr(exc, \"screen\", None)\n                stacktrace = getattr(exc, \"stacktrace\", None)\n            time.sleep(self._poll)\n            if time.monotonic() > end_time:\n                break\n>       raise TimeoutException(message, screen, stacktrace)\nE       selenium.common.exceptions.TimeoutException: Message: \nE       Stacktrace:\nE       #0 0x556afcd70fe3 <unknown>\nE       #1 0x556afcaafd36 <unknown>\nE       #2 0x556afcaecc4d <unknown>\nE       #3 0x556afcaecd61 <unknown>\nE       #4 0x556afcb286a4 <unknown>\nE       #5 0x556afcb0d8ed <unknown>\nE       #6 0x556afcb26232 <unknown>\nE       #7 0x556afcb0d693 <unknown>\nE       #8 0x556afcae003a <unknown>\nE       #9 0x556afcae117e <unknown>\nE       #10 0x556afcd32dbd <unknown>\nE       #11 0x556afcd36c6c <unknown>\nE       #12 0x556afcd404b0 <unknown>\nE       #13 0x556afcd37d63 <unknown>\nE       #14 0x556afcd0ac35 <unknown>\nE       #15 0x556afcd5b138 <unknown>\nE       #16 0x556afcd5b2c7 <unknown>\nE       #17 0x556afcd69093 <unknown>\nE       #18 0x7fd86ffb5b43 <unknown>\n\n/opt/hostedtoolcache/Python/3.11.3/x64/lib/python3.11/site-packages/selenium/webdriver/support/wait.py:95: TimeoutException\n\nDuring handling of the above exception, another exception occurred:\n\ndriver = <selenium.webdriver.chrome.webdriver.WebDriver (session=\"b6b37d11e26084ee2a5c71ccd0dd852e\")>\n\n    @allure.feature(\"Users Feature\")\n    @allure.story(\"Delete Last User And Verify Message\")\n    @allure.severity(allure.severity_level.MINOR)\n    @pytest.mark.regression\n    @pytest.mark.sanity\n    def test_UserDeleteLastAndVerify(driver):\n        VisitUsersPageWithLogin(driver)\n        with allure.step('When User Tap on ID on table to sort it by descending order'):\n            verify_loaderAndWait(TableLoader_xpath, driver)\n            sortTableByIdDescendingOrder(driver)\n        with allure.step('And User select the last Item and Tap on Delete Button'):\n            find_byXpath(deleteUser_xpath, driver).click()\n            # find_byXpathAndWait(mainDeleteButton, driver).click()\n            find_byXpathAndWait(mainDeleteYesButton, driver).click()\n        with allure.step('Then User should see a \"User Deleted Successfully\" message'):\n>           verify_visibility_of_element_located(userDeletedMessage, driver)\n\nTests/test_users.py:150: \n_ _ _ _ _ _ _ _ _ _ _ _ _ _ _ _ _ _ _ _ _ _ _ _ _ _ _ _ _ _ _ _ _ _ _ _ _ _ _ _ \n\nxpath = '//span[text()=\"User Deleted Successfully\"]'\ndriver = <selenium.webdriver.chrome.webdriver.WebDriver (session=\"b6b37d11e26084ee2a5c71ccd0dd852e\")>\n\n    def verify_visibility_of_element_located(xpath, driver):\n        try:\n            WebDriverWait(driver, waitTimer).until(EC.element_to_be_clickable((By.XPATH, xpath)))\n        except (ElementNotVisibleException, TimeoutException):\n>           pytest.fail(\n                f\"Element not visible with xpath : {xpath}\")\nE           Failed: Element not visible with xpath : //span[text()=\"User Deleted Successfully\"]\n\nbase_helpers.py:139: Failed","flaky":false,"newFailed":false,"newBroken":false,"newPassed":false,"retriesCount":0,"retriesStatusChange":false,"beforeStages":[{"name":"driver","time":{"start":1681978665026,"stop":1681978665924,"duration":898},"status":"passed","steps":[],"attachments":[],"parameters":[],"stepsCount":0,"attachmentsCount":0,"shouldDisplayMessage":false,"hasContent":false}],"testStage":{"status":"failed","statusMessage":"Failed: Element not visible with xpath : //span[text()=\"User Deleted Successfully\"]","statusTrace":"xpath = '//span[text()=\"User Deleted Successfully\"]'\ndriver = <selenium.webdriver.chrome.webdriver.WebDriver (session=\"b6b37d11e26084ee2a5c71ccd0dd852e\")>\n\n    def verify_visibility_of_element_located(xpath, driver):\n        try:\n>           WebDriverWait(driver, waitTimer).until(EC.element_to_be_clickable((By.XPATH, xpath)))\n\nbase_helpers.py:137: \n_ _ _ _ _ _ _ _ _ _ _ _ _ _ _ _ _ _ _ _ _ _ _ _ _ _ _ _ _ _ _ _ _ _ _ _ _ _ _ _ \n\nself = <selenium.webdriver.support.wait.WebDriverWait (session=\"b6b37d11e26084ee2a5c71ccd0dd852e\")>\nmethod = <function element_to_be_clickable.<locals>._predicate at 0x7fd9710d8ae0>\nmessage = ''\n\n    def until(self, method, message: str = \"\"):\n        \"\"\"Calls the method provided with the driver as an argument until the \\\n        return value does not evaluate to ``False``.\n    \n        :param method: callable(WebDriver)\n        :param message: optional message for :exc:`TimeoutException`\n        :returns: the result of the last call to `method`\n        :raises: :exc:`selenium.common.exceptions.TimeoutException` if timeout occurs\n        \"\"\"\n        screen = None\n        stacktrace = None\n    \n        end_time = time.monotonic() + self._timeout\n        while True:\n            try:\n                value = method(self._driver)\n                if value:\n                    return value\n            except self._ignored_exceptions as exc:\n                screen = getattr(exc, \"screen\", None)\n                stacktrace = getattr(exc, \"stacktrace\", None)\n            time.sleep(self._poll)\n            if time.monotonic() > end_time:\n                break\n>       raise TimeoutException(message, screen, stacktrace)\nE       selenium.common.exceptions.TimeoutException: Message: \nE       Stacktrace:\nE       #0 0x556afcd70fe3 <unknown>\nE       #1 0x556afcaafd36 <unknown>\nE       #2 0x556afcaecc4d <unknown>\nE       #3 0x556afcaecd61 <unknown>\nE       #4 0x556afcb286a4 <unknown>\nE       #5 0x556afcb0d8ed <unknown>\nE       #6 0x556afcb26232 <unknown>\nE       #7 0x556afcb0d693 <unknown>\nE       #8 0x556afcae003a <unknown>\nE       #9 0x556afcae117e <unknown>\nE       #10 0x556afcd32dbd <unknown>\nE       #11 0x556afcd36c6c <unknown>\nE       #12 0x556afcd404b0 <unknown>\nE       #13 0x556afcd37d63 <unknown>\nE       #14 0x556afcd0ac35 <unknown>\nE       #15 0x556afcd5b138 <unknown>\nE       #16 0x556afcd5b2c7 <unknown>\nE       #17 0x556afcd69093 <unknown>\nE       #18 0x7fd86ffb5b43 <unknown>\n\n/opt/hostedtoolcache/Python/3.11.3/x64/lib/python3.11/site-packages/selenium/webdriver/support/wait.py:95: TimeoutException\n\nDuring handling of the above exception, another exception occurred:\n\ndriver = <selenium.webdriver.chrome.webdriver.WebDriver (session=\"b6b37d11e26084ee2a5c71ccd0dd852e\")>\n\n    @allure.feature(\"Users Feature\")\n    @allure.story(\"Delete Last User And Verify Message\")\n    @allure.severity(allure.severity_level.MINOR)\n    @pytest.mark.regression\n    @pytest.mark.sanity\n    def test_UserDeleteLastAndVerify(driver):\n        VisitUsersPageWithLogin(driver)\n        with allure.step('When User Tap on ID on table to sort it by descending order'):\n            verify_loaderAndWait(TableLoader_xpath, driver)\n            sortTableByIdDescendingOrder(driver)\n        with allure.step('And User select the last Item and Tap on Delete Button'):\n            find_byXpath(deleteUser_xpath, driver).click()\n            # find_byXpathAndWait(mainDeleteButton, driver).click()\n            find_byXpathAndWait(mainDeleteYesButton, driver).click()\n        with allure.step('Then User should see a \"User Deleted Successfully\" message'):\n>           verify_visibility_of_element_located(userDeletedMessage, driver)\n\nTests/test_users.py:150: \n_ _ _ _ _ _ _ _ _ _ _ _ _ _ _ _ _ _ _ _ _ _ _ _ _ _ _ _ _ _ _ _ _ _ _ _ _ _ _ _ \n\nxpath = '//span[text()=\"User Deleted Successfully\"]'\ndriver = <selenium.webdriver.chrome.webdriver.WebDriver (session=\"b6b37d11e26084ee2a5c71ccd0dd852e\")>\n\n    def verify_visibility_of_element_located(xpath, driver):\n        try:\n            WebDriverWait(driver, waitTimer).until(EC.element_to_be_clickable((By.XPATH, xpath)))\n        except (ElementNotVisibleException, TimeoutException):\n>           pytest.fail(\n                f\"Element not visible with xpath : {xpath}\")\nE           Failed: Element not visible with xpath : //span[text()=\"User Deleted Successfully\"]\n\nbase_helpers.py:139: Failed","steps":[{"name":"Given Go to the \"Base\" url","time":{"start":1681978665925,"stop":1681978666790,"duration":865},"status":"passed","steps":[],"attachments":[],"parameters":[],"stepsCount":0,"attachmentsCount":0,"shouldDisplayMessage":false,"hasContent":false},{"name":"Then Verify user is on Login screen","time":{"start":1681978666790,"stop":1681978666856,"duration":66},"status":"passed","steps":[],"attachments":[],"parameters":[],"stepsCount":0,"attachmentsCount":0,"shouldDisplayMessage":false,"hasContent":false},{"name":"When User fills \"Valid\" form data on \"login\" screen","time":{"start":1681978666856,"stop":1681978667362,"duration":506},"status":"passed","steps":[],"attachments":[],"parameters":[],"stepsCount":0,"attachmentsCount":0,"shouldDisplayMessage":false,"hasContent":false},{"name":"Then Verify user is on \"HomePage\" screen","time":{"start":1681978667362,"stop":1681978667965,"duration":603},"status":"passed","steps":[],"attachments":[],"parameters":[],"stepsCount":0,"attachmentsCount":0,"shouldDisplayMessage":false,"hasContent":false},{"name":"Then User clicks \"Users\" button on \"Homepage\" screen","time":{"start":1681978667965,"stop":1681978668082,"duration":117},"status":"passed","steps":[],"attachments":[],"parameters":[],"stepsCount":0,"attachmentsCount":0,"shouldDisplayMessage":false,"hasContent":false},{"name":"And User Should see \"active-user\" in the url","time":{"start":1681978668082,"stop":1681978668128,"duration":46},"status":"passed","steps":[],"attachments":[],"parameters":[],"stepsCount":0,"attachmentsCount":0,"shouldDisplayMessage":false,"hasContent":false},{"name":"When User Tap on ID on table to sort it by descending order","time":{"start":1681978668128,"stop":1681978685094,"duration":16966},"status":"passed","steps":[],"attachments":[],"parameters":[],"stepsCount":0,"attachmentsCount":0,"shouldDisplayMessage":false,"hasContent":false},{"name":"And User select the last Item and Tap on Delete Button","time":{"start":1681978685094,"stop":1681978685297,"duration":203},"status":"passed","steps":[],"attachments":[],"parameters":[],"stepsCount":0,"attachmentsCount":0,"shouldDisplayMessage":false,"hasContent":false},{"name":"Then User should see a \"User Deleted Successfully\" message","time":{"start":1681978685297,"stop":1681978700357,"duration":15060},"status":"failed","statusMessage":"Failed: Element not visible with xpath : //span[text()=\"User Deleted Successfully\"]\n","statusTrace":"  File \"/home/runner/work/WebAutomationTestingFramework/WebAutomationTestingFramework/Tests/test_users.py\", line 150, in test_UserDeleteLastAndVerify\n    verify_visibility_of_element_located(userDeletedMessage, driver)\n  File \"/home/runner/work/WebAutomationTestingFramework/WebAutomationTestingFramework/base_helpers.py\", line 139, in verify_visibility_of_element_located\n    pytest.fail(\n  File \"/opt/hostedtoolcache/Python/3.11.3/x64/lib/python3.11/site-packages/_pytest/outcomes.py\", line 198, in fail\n    raise Failed(msg=reason, pytrace=pytrace)\n","steps":[],"attachments":[],"parameters":[],"stepsCount":0,"attachmentsCount":0,"shouldDisplayMessage":true,"hasContent":true}],"attachments":[{"uid":"1f2301af12c1b826","name":"screenshot","source":"1f2301af12c1b826.png","type":"image/png","size":196642},{"uid":"c0bd0e2c96b74000","name":"stdout","source":"c0bd0e2c96b74000.txt","type":"text/plain","size":1424}],"parameters":[],"stepsCount":9,"attachmentsCount":2,"shouldDisplayMessage":true,"hasContent":true},"afterStages":[{"name":"driver::0","time":{"start":1681978700528,"stop":1681978700610,"duration":82},"status":"passed","steps":[],"attachments":[],"parameters":[],"stepsCount":0,"attachmentsCount":0,"shouldDisplayMessage":false,"hasContent":false}],"labels":[{"name":"story","value":"Delete Last User And Verify Message"},{"name":"severity","value":"minor"},{"name":"feature","value":"Users Feature"},{"name":"tag","value":"sanity"},{"name":"tag","value":"regression"},{"name":"parentSuite","value":"Tests"},{"name":"suite","value":"test_users"},{"name":"host","value":"fv-az646-934"},{"name":"thread","value":"2349-MainThread"},{"name":"framework","value":"pytest"},{"name":"language","value":"cpython3"},{"name":"package","value":"Tests.test_users"},{"name":"resultFormat","value":"allure2"}],"parameters":[],"links":[],"hidden":true,"retry":true,"extra":{"categories":[],"tags":["regression","sanity"]},"source":"7731928e6e3981e5.json","parameterValues":[]}