{"uid":"89e616dc9ab3146f","name":"test_EditFirstNameAndVerifyInTable","fullName":"Tests.test_users#test_EditFirstNameAndVerifyInTable","historyId":"6bb4d12c59fb2173c2ac319c67f3bf7e","time":{"start":1681978833085,"stop":1681978847460,"duration":14375},"status":"failed","statusMessage":"AssertionError: assert 'EoUIIIwrxBMFOAG1421' == 'BotylyuDTCvd...wrxBMFOAG1421'\n  - BotylyuDTCvdCBWsbT1421EoUIIIwrxBMFOAG1421\n  + EoUIIIwrxBMFOAG1421","statusTrace":"driver = <selenium.webdriver.chrome.webdriver.WebDriver (session=\"ec80251a50f411299127572f4fec73b1\")>\n\n    @allure.feature(\"Users Feature\")\n    @allure.story(\"Edit the FirstName and Verify in Table\")\n    @allure.severity(allure.severity_level.MINOR)\n    @pytest.mark.regression\n    @pytest.mark.sanity\n    def test_EditFirstNameAndVerifyInTable(driver):\n        VisitUsersPageWithLogin(driver)\n        FirstName = get_randomEmail().replace('@gmail.com', '')\n        with allure.step('And User Click on Edit Button'):\n            verify_loaderAndWait(TableLoader_xpath, driver)\n            find_byXpathAndWait(userEditBtn_xpath, driver).click()\n        with allure.step('Then Click On Save Changes button after changing FirstName\"'):\n            driver.execute_script(\n                \"arguments[0].value='';\", find_byXpath(firstNameInput, driver))\n            find_byXpath(firstNameInput, driver).send_keys(FirstName)\n            print(FirstName)\n            find_byXpathAndWait(saveChangesButton, driver).click()\n        with allure.step('And User Should see Success Message \"User Updated SuccessFully\"'):\n            verify_visibility_of_element_located(invalidUserMessage, driver)\n            sleep(3)\n        with allure.step('Then Verify FirstName Updated in the Table'):\n            Name = find_Elements_byXpathAndWait_getText(firstRow, driver)\n            print(Name)\n>           assert FirstName == Name[1]\nE           AssertionError: assert 'EoUIIIwrxBMFOAG1421' == 'BotylyuDTCvd...wrxBMFOAG1421'\nE             - BotylyuDTCvdCBWsbT1421EoUIIIwrxBMFOAG1421\nE             + EoUIIIwrxBMFOAG1421\n\nTests/test_users.py:223: AssertionError","flaky":false,"newFailed":false,"newBroken":false,"newPassed":false,"retriesCount":2,"retriesStatusChange":false,"beforeStages":[{"name":"driver","time":{"start":1681978832203,"stop":1681978833084,"duration":881},"status":"passed","steps":[],"attachments":[],"parameters":[],"stepsCount":0,"attachmentsCount":0,"shouldDisplayMessage":false,"hasContent":false}],"testStage":{"status":"failed","statusMessage":"AssertionError: assert 'EoUIIIwrxBMFOAG1421' == 'BotylyuDTCvd...wrxBMFOAG1421'\n  - BotylyuDTCvdCBWsbT1421EoUIIIwrxBMFOAG1421\n  + EoUIIIwrxBMFOAG1421","statusTrace":"driver = <selenium.webdriver.chrome.webdriver.WebDriver (session=\"ec80251a50f411299127572f4fec73b1\")>\n\n    @allure.feature(\"Users Feature\")\n    @allure.story(\"Edit the FirstName and Verify in Table\")\n    @allure.severity(allure.severity_level.MINOR)\n    @pytest.mark.regression\n    @pytest.mark.sanity\n    def test_EditFirstNameAndVerifyInTable(driver):\n        VisitUsersPageWithLogin(driver)\n        FirstName = get_randomEmail().replace('@gmail.com', '')\n        with allure.step('And User Click on Edit Button'):\n            verify_loaderAndWait(TableLoader_xpath, driver)\n            find_byXpathAndWait(userEditBtn_xpath, driver).click()\n        with allure.step('Then Click On Save Changes button after changing FirstName\"'):\n            driver.execute_script(\n                \"arguments[0].value='';\", find_byXpath(firstNameInput, driver))\n            find_byXpath(firstNameInput, driver).send_keys(FirstName)\n            print(FirstName)\n            find_byXpathAndWait(saveChangesButton, driver).click()\n        with allure.step('And User Should see Success Message \"User Updated SuccessFully\"'):\n            verify_visibility_of_element_located(invalidUserMessage, driver)\n            sleep(3)\n        with allure.step('Then Verify FirstName Updated in the Table'):\n            Name = find_Elements_byXpathAndWait_getText(firstRow, driver)\n            print(Name)\n>           assert FirstName == Name[1]\nE           AssertionError: assert 'EoUIIIwrxBMFOAG1421' == 'BotylyuDTCvd...wrxBMFOAG1421'\nE             - BotylyuDTCvdCBWsbT1421EoUIIIwrxBMFOAG1421\nE             + EoUIIIwrxBMFOAG1421\n\nTests/test_users.py:223: AssertionError","steps":[{"name":"Given Go to the \"Base\" url","time":{"start":1681978833085,"stop":1681978833563,"duration":478},"status":"passed","steps":[],"attachments":[],"parameters":[],"stepsCount":0,"attachmentsCount":0,"shouldDisplayMessage":false,"hasContent":false},{"name":"Then Verify user is on Login screen","time":{"start":1681978833563,"stop":1681978833617,"duration":54},"status":"passed","steps":[],"attachments":[],"parameters":[],"stepsCount":0,"attachmentsCount":0,"shouldDisplayMessage":false,"hasContent":false},{"name":"When User fills \"Valid\" form data on \"login\" screen","time":{"start":1681978833617,"stop":1681978834121,"duration":504},"status":"passed","steps":[],"attachments":[],"parameters":[],"stepsCount":0,"attachmentsCount":0,"shouldDisplayMessage":false,"hasContent":false},{"name":"Then Verify user is on \"HomePage\" screen","time":{"start":1681978834121,"stop":1681978834584,"duration":463},"status":"passed","steps":[],"attachments":[],"parameters":[],"stepsCount":0,"attachmentsCount":0,"shouldDisplayMessage":false,"hasContent":false},{"name":"Then User clicks \"Users\" button on \"Homepage\" screen","time":{"start":1681978834584,"stop":1681978834683,"duration":99},"status":"passed","steps":[],"attachments":[],"parameters":[],"stepsCount":0,"attachmentsCount":0,"shouldDisplayMessage":false,"hasContent":false},{"name":"And User Should see \"active-user\" in the url","time":{"start":1681978834683,"stop":1681978834727,"duration":44},"status":"passed","steps":[],"attachments":[],"parameters":[],"stepsCount":0,"attachmentsCount":0,"shouldDisplayMessage":false,"hasContent":false},{"name":"And User Click on Edit Button","time":{"start":1681978834727,"stop":1681978843305,"duration":8578},"status":"passed","steps":[],"attachments":[],"parameters":[],"stepsCount":0,"attachmentsCount":0,"shouldDisplayMessage":false,"hasContent":false},{"name":"Then Click On Save Changes button after changing FirstName\"","time":{"start":1681978843305,"stop":1681978843715,"duration":410},"status":"passed","steps":[],"attachments":[],"parameters":[],"stepsCount":0,"attachmentsCount":0,"shouldDisplayMessage":false,"hasContent":false},{"name":"And User Should see Success Message \"User Updated SuccessFully\"","time":{"start":1681978843715,"stop":1681978847334,"duration":3619},"status":"passed","steps":[],"attachments":[],"parameters":[],"stepsCount":0,"attachmentsCount":0,"shouldDisplayMessage":false,"hasContent":false},{"name":"Then Verify FirstName Updated in the Table","time":{"start":1681978847334,"stop":1681978847460,"duration":126},"status":"failed","statusMessage":"AssertionError: assert 'EoUIIIwrxBMFOAG1421' == 'BotylyuDTCvd...wrxBMFOAG1421'\n  - BotylyuDTCvdCBWsbT1421EoUIIIwrxBMFOAG1421\n  + EoUIIIwrxBMFOAG1421\n","statusTrace":"  File \"/home/runner/work/WebAutomationTestingFramework/WebAutomationTestingFramework/Tests/test_users.py\", line 223, in test_EditFirstNameAndVerifyInTable\n    assert FirstName == Name[1]\n","steps":[],"attachments":[],"parameters":[],"stepsCount":0,"attachmentsCount":0,"shouldDisplayMessage":true,"hasContent":true}],"attachments":[{"uid":"422a01c16a96af79","name":"screenshot","source":"422a01c16a96af79.png","type":"image/png","size":201381},{"uid":"6cf5071095c17ecf","name":"stdout","source":"6cf5071095c17ecf.txt","type":"text/plain","size":4765}],"parameters":[],"stepsCount":10,"attachmentsCount":2,"shouldDisplayMessage":true,"hasContent":true},"afterStages":[{"name":"driver::0","time":{"start":1681978847637,"stop":1681978847749,"duration":112},"status":"passed","steps":[],"attachments":[],"parameters":[],"stepsCount":0,"attachmentsCount":0,"shouldDisplayMessage":false,"hasContent":false}],"labels":[{"name":"story","value":"Edit the FirstName and Verify in Table"},{"name":"severity","value":"minor"},{"name":"feature","value":"Users Feature"},{"name":"tag","value":"sanity"},{"name":"tag","value":"regression"},{"name":"parentSuite","value":"Tests"},{"name":"suite","value":"test_users"},{"name":"host","value":"fv-az646-934"},{"name":"thread","value":"2349-MainThread"},{"name":"framework","value":"pytest"},{"name":"language","value":"cpython3"},{"name":"package","value":"Tests.test_users"},{"name":"resultFormat","value":"allure2"}],"parameters":[],"links":[],"hidden":false,"retry":false,"extra":{"severity":"minor","retries":[{"uid":"2f042d506e61893f","status":"failed","statusDetails":"AssertionError: assert 'ylyuDTCvdCBWsbT1421' == 'BotylyuDTCvdCBWsbT1421'\n  - BotylyuDTCvdCBWsbT1421\n  ? ---\n  + ylyuDTCvdCBWsbT1421","time":{"start":1681978817541,"stop":1681978831951,"duration":14410}},{"uid":"ba9e96edff656a72","status":"failed","statusDetails":"AssertionError: assert 'UcxkFtrnpCEIfsj1421' == 'BotUcxkFtrnpCEIfsj1421'\n  - BotUcxkFtrnpCEIfsj1421\n  ? ---\n  + UcxkFtrnpCEIfsj1421","time":{"start":1681978800839,"stop":1681978816429,"duration":15590}}],"categories":[{"name":"Product defects","matchedStatuses":[],"flaky":false}],"tags":["regression","sanity"]},"source":"89e616dc9ab3146f.json","parameterValues":[]}