{"uid":"a775f48612435c1b","name":"test_TemporaryWorkerAdd","fullName":"Tests.test_temprory_worker#test_TemporaryWorkerAdd","historyId":"58429ae5f9e707f85b850ae2181b686f","time":{"start":1681978547571,"stop":1681978578544,"duration":30973},"status":"failed","statusMessage":"Failed: Couldn't find element with xpath : //label[@title=\"Name of Bike\"]/parent::div/parent::div//div[@class=\"rc-virtual-list-holder-inner\"]//div[@class=\"ant-select-item-option-content\"]","statusTrace":"xpath = '//label[@title=\"Name of Bike\"]/parent::div/parent::div//div[@class=\"rc-virtual-list-holder-inner\"]//div[@class=\"ant-select-item-option-content\"]'\ndriver = <selenium.webdriver.chrome.webdriver.WebDriver (session=\"42f8e146826c5e871d066485ca23b179\")>\n\n    def find_Elements_byXpathAndWait(xpath, driver):\n        try:\n>           ele = WebDriverWait(driver, waitTimer).until(\n                EC.presence_of_all_elements_located((By.XPATH, xpath))\n            )\n\nbase_helpers.py:90: \n_ _ _ _ _ _ _ _ _ _ _ _ _ _ _ _ _ _ _ _ _ _ _ _ _ _ _ _ _ _ _ _ _ _ _ _ _ _ _ _ \n\nself = <selenium.webdriver.support.wait.WebDriverWait (session=\"42f8e146826c5e871d066485ca23b179\")>\nmethod = <function presence_of_all_elements_located.<locals>._predicate at 0x7fd9710b6340>\nmessage = ''\n\n    def until(self, method, message: str = \"\"):\n        \"\"\"Calls the method provided with the driver as an argument until the \\\n        return value does not evaluate to ``False``.\n    \n        :param method: callable(WebDriver)\n        :param message: optional message for :exc:`TimeoutException`\n        :returns: the result of the last call to `method`\n        :raises: :exc:`selenium.common.exceptions.TimeoutException` if timeout occurs\n        \"\"\"\n        screen = None\n        stacktrace = None\n    \n        end_time = time.monotonic() + self._timeout\n        while True:\n            try:\n                value = method(self._driver)\n                if value:\n                    return value\n            except self._ignored_exceptions as exc:\n                screen = getattr(exc, \"screen\", None)\n                stacktrace = getattr(exc, \"stacktrace\", None)\n            time.sleep(self._poll)\n            if time.monotonic() > end_time:\n                break\n>       raise TimeoutException(message, screen, stacktrace)\nE       selenium.common.exceptions.TimeoutException: Message:\n\n/opt/hostedtoolcache/Python/3.11.3/x64/lib/python3.11/site-packages/selenium/webdriver/support/wait.py:95: TimeoutException\n\nDuring handling of the above exception, another exception occurred:\n\ndriver = <selenium.webdriver.chrome.webdriver.WebDriver (session=\"42f8e146826c5e871d066485ca23b179\")>\n\n    @allure.feature(\"Temporary Worker Feature\")\n    @allure.story(\"Add new temporary worker\")\n    @allure.severity(allure.severity_level.NORMAL)\n    @pytest.mark.regression\n    @pytest.mark.sanity\n    @flaky\n    def test_TemporaryWorkerAdd(driver):\n        global Email\n        VisitTemporary_WorkerPageWithSteps(driver)\n        populate_Bike()\n        populate_Car()\n        with allure.step('Then User fills \"All\" form data on \"Temporary Worker\" screen'):\n            fillUserPersonalData(driver)\n            fillEmployeeStatus(driver)\n            fillClientAndProjectInfo(driver)\n            fillResidenceInfo(driver)\n>           fillTransportInfo(driver)\n\nTests/test_temprory_worker.py:253: \n_ _ _ _ _ _ _ _ _ _ _ _ _ _ _ _ _ _ _ _ _ _ _ _ _ _ _ _ _ _ _ _ _ _ _ _ _ _ _ _ \nTests/test_temprory_worker.py:172: in fillTransportInfo\n    TW.BikeNameOrLicencePlate = find_Elements_byXpathAndWait_getText(BikeNameList_xpath, driver)[0]\nbase_helpers.py:106: in find_Elements_byXpathAndWait_getText\n    return list((i.text for i in find_Elements_byXpathAndWait(xpath, driver)))\n_ _ _ _ _ _ _ _ _ _ _ _ _ _ _ _ _ _ _ _ _ _ _ _ _ _ _ _ _ _ _ _ _ _ _ _ _ _ _ _ \n\nxpath = '//label[@title=\"Name of Bike\"]/parent::div/parent::div//div[@class=\"rc-virtual-list-holder-inner\"]//div[@class=\"ant-select-item-option-content\"]'\ndriver = <selenium.webdriver.chrome.webdriver.WebDriver (session=\"42f8e146826c5e871d066485ca23b179\")>\n\n    def find_Elements_byXpathAndWait(xpath, driver):\n        try:\n            ele = WebDriverWait(driver, waitTimer).until(\n                EC.presence_of_all_elements_located((By.XPATH, xpath))\n            )\n            if len(ele) == 0:\n                pytest.fail(\n                    f\"Couldn't find elements with xpath : {xpath}\")\n    \n            print(\"Elements Found with Xpath\", xpath)\n            return ele\n    \n        except (NoSuchElementException, TimeoutException):\n>           pytest.fail(\n                f\"Couldn't find element with xpath : {xpath}\")\nE           Failed: Couldn't find element with xpath : //label[@title=\"Name of Bike\"]/parent::div/parent::div//div[@class=\"rc-virtual-list-holder-inner\"]//div[@class=\"ant-select-item-option-content\"]\n\nbase_helpers.py:101: Failed","flaky":false,"newFailed":false,"newBroken":false,"newPassed":false,"retriesCount":0,"retriesStatusChange":false,"beforeStages":[{"name":"driver","time":{"start":1681978546705,"stop":1681978547570,"duration":865},"status":"passed","steps":[],"attachments":[],"parameters":[],"stepsCount":0,"attachmentsCount":0,"shouldDisplayMessage":false,"hasContent":false}],"testStage":{"status":"failed","statusMessage":"Failed: Couldn't find element with xpath : //label[@title=\"Name of Bike\"]/parent::div/parent::div//div[@class=\"rc-virtual-list-holder-inner\"]//div[@class=\"ant-select-item-option-content\"]","statusTrace":"xpath = '//label[@title=\"Name of Bike\"]/parent::div/parent::div//div[@class=\"rc-virtual-list-holder-inner\"]//div[@class=\"ant-select-item-option-content\"]'\ndriver = <selenium.webdriver.chrome.webdriver.WebDriver (session=\"42f8e146826c5e871d066485ca23b179\")>\n\n    def find_Elements_byXpathAndWait(xpath, driver):\n        try:\n>           ele = WebDriverWait(driver, waitTimer).until(\n                EC.presence_of_all_elements_located((By.XPATH, xpath))\n            )\n\nbase_helpers.py:90: \n_ _ _ _ _ _ _ _ _ _ _ _ _ _ _ _ _ _ _ _ _ _ _ _ _ _ _ _ _ _ _ _ _ _ _ _ _ _ _ _ \n\nself = <selenium.webdriver.support.wait.WebDriverWait (session=\"42f8e146826c5e871d066485ca23b179\")>\nmethod = <function presence_of_all_elements_located.<locals>._predicate at 0x7fd9710b6340>\nmessage = ''\n\n    def until(self, method, message: str = \"\"):\n        \"\"\"Calls the method provided with the driver as an argument until the \\\n        return value does not evaluate to ``False``.\n    \n        :param method: callable(WebDriver)\n        :param message: optional message for :exc:`TimeoutException`\n        :returns: the result of the last call to `method`\n        :raises: :exc:`selenium.common.exceptions.TimeoutException` if timeout occurs\n        \"\"\"\n        screen = None\n        stacktrace = None\n    \n        end_time = time.monotonic() + self._timeout\n        while True:\n            try:\n                value = method(self._driver)\n                if value:\n                    return value\n            except self._ignored_exceptions as exc:\n                screen = getattr(exc, \"screen\", None)\n                stacktrace = getattr(exc, \"stacktrace\", None)\n            time.sleep(self._poll)\n            if time.monotonic() > end_time:\n                break\n>       raise TimeoutException(message, screen, stacktrace)\nE       selenium.common.exceptions.TimeoutException: Message:\n\n/opt/hostedtoolcache/Python/3.11.3/x64/lib/python3.11/site-packages/selenium/webdriver/support/wait.py:95: TimeoutException\n\nDuring handling of the above exception, another exception occurred:\n\ndriver = <selenium.webdriver.chrome.webdriver.WebDriver (session=\"42f8e146826c5e871d066485ca23b179\")>\n\n    @allure.feature(\"Temporary Worker Feature\")\n    @allure.story(\"Add new temporary worker\")\n    @allure.severity(allure.severity_level.NORMAL)\n    @pytest.mark.regression\n    @pytest.mark.sanity\n    @flaky\n    def test_TemporaryWorkerAdd(driver):\n        global Email\n        VisitTemporary_WorkerPageWithSteps(driver)\n        populate_Bike()\n        populate_Car()\n        with allure.step('Then User fills \"All\" form data on \"Temporary Worker\" screen'):\n            fillUserPersonalData(driver)\n            fillEmployeeStatus(driver)\n            fillClientAndProjectInfo(driver)\n            fillResidenceInfo(driver)\n>           fillTransportInfo(driver)\n\nTests/test_temprory_worker.py:253: \n_ _ _ _ _ _ _ _ _ _ _ _ _ _ _ _ _ _ _ _ _ _ _ _ _ _ _ _ _ _ _ _ _ _ _ _ _ _ _ _ \nTests/test_temprory_worker.py:172: in fillTransportInfo\n    TW.BikeNameOrLicencePlate = find_Elements_byXpathAndWait_getText(BikeNameList_xpath, driver)[0]\nbase_helpers.py:106: in find_Elements_byXpathAndWait_getText\n    return list((i.text for i in find_Elements_byXpathAndWait(xpath, driver)))\n_ _ _ _ _ _ _ _ _ _ _ _ _ _ _ _ _ _ _ _ _ _ _ _ _ _ _ _ _ _ _ _ _ _ _ _ _ _ _ _ \n\nxpath = '//label[@title=\"Name of Bike\"]/parent::div/parent::div//div[@class=\"rc-virtual-list-holder-inner\"]//div[@class=\"ant-select-item-option-content\"]'\ndriver = <selenium.webdriver.chrome.webdriver.WebDriver (session=\"42f8e146826c5e871d066485ca23b179\")>\n\n    def find_Elements_byXpathAndWait(xpath, driver):\n        try:\n            ele = WebDriverWait(driver, waitTimer).until(\n                EC.presence_of_all_elements_located((By.XPATH, xpath))\n            )\n            if len(ele) == 0:\n                pytest.fail(\n                    f\"Couldn't find elements with xpath : {xpath}\")\n    \n            print(\"Elements Found with Xpath\", xpath)\n            return ele\n    \n        except (NoSuchElementException, TimeoutException):\n>           pytest.fail(\n                f\"Couldn't find element with xpath : {xpath}\")\nE           Failed: Couldn't find element with xpath : //label[@title=\"Name of Bike\"]/parent::div/parent::div//div[@class=\"rc-virtual-list-holder-inner\"]//div[@class=\"ant-select-item-option-content\"]\n\nbase_helpers.py:101: Failed","steps":[{"name":"Given Go to the \"Base\" url","time":{"start":1681978547571,"stop":1681978548296,"duration":725},"status":"passed","steps":[],"attachments":[],"parameters":[],"stepsCount":0,"attachmentsCount":0,"shouldDisplayMessage":false,"hasContent":false},{"name":"Then Verify user is on Login screen","time":{"start":1681978548296,"stop":1681978548338,"duration":42},"status":"passed","steps":[],"attachments":[],"parameters":[],"stepsCount":0,"attachmentsCount":0,"shouldDisplayMessage":false,"hasContent":false},{"name":"When User fills \"Valid\" form data on \"login\" screen","time":{"start":1681978548338,"stop":1681978548827,"duration":489},"status":"passed","steps":[],"attachments":[],"parameters":[],"stepsCount":0,"attachmentsCount":0,"shouldDisplayMessage":false,"hasContent":false},{"name":"Then Verify user is on \"HomePage\" screen","time":{"start":1681978548827,"stop":1681978549413,"duration":586},"status":"passed","steps":[],"attachments":[],"parameters":[],"stepsCount":0,"attachmentsCount":0,"shouldDisplayMessage":false,"hasContent":false},{"name":"Then User clicks \"Temporary Worker\" button on \"Homepage\" screen","time":{"start":1681978549413,"stop":1681978549511,"duration":98},"status":"passed","steps":[],"attachments":[],"parameters":[],"stepsCount":0,"attachmentsCount":0,"shouldDisplayMessage":false,"hasContent":false},{"name":"Then Scroll \"Down\" into view \"Add New Temporary Worker\" Section","time":{"start":1681978549511,"stop":1681978549594,"duration":83},"status":"passed","steps":[],"attachments":[],"parameters":[],"stepsCount":0,"attachmentsCount":0,"shouldDisplayMessage":false,"hasContent":false},{"name":"Then User clicks \"Add Temporary Worker\" button on \"Temporary Worker\" screen","time":{"start":1681978549594,"stop":1681978549768,"duration":174},"status":"passed","steps":[],"attachments":[],"parameters":[],"stepsCount":0,"attachmentsCount":0,"shouldDisplayMessage":false,"hasContent":false},{"name":"Then Verify user is on \"Add Temporary Worker\" screen","time":{"start":1681978549768,"stop":1681978549775,"duration":7},"status":"passed","steps":[],"attachments":[],"parameters":[],"stepsCount":0,"attachmentsCount":0,"shouldDisplayMessage":false,"hasContent":false},{"name":"Then User fills \"All\" form data on \"Temporary Worker\" screen","time":{"start":1681978553073,"stop":1681978578543,"duration":25470},"status":"failed","statusMessage":"Failed: Couldn't find element with xpath : //label[@title=\"Name of Bike\"]/parent::div/parent::div//div[@class=\"rc-virtual-list-holder-inner\"]//div[@class=\"ant-select-item-option-content\"]\n","statusTrace":"  File \"/home/runner/work/WebAutomationTestingFramework/WebAutomationTestingFramework/Tests/test_temprory_worker.py\", line 253, in test_TemporaryWorkerAdd\n    fillTransportInfo(driver)\n  File \"/home/runner/work/WebAutomationTestingFramework/WebAutomationTestingFramework/Tests/test_temprory_worker.py\", line 172, in fillTransportInfo\n    TW.BikeNameOrLicencePlate = find_Elements_byXpathAndWait_getText(BikeNameList_xpath, driver)[0]\n                                ^^^^^^^^^^^^^^^^^^^^^^^^^^^^^^^^^^^^^^^^^^^^^^^^^^^^^^^^^^^^^^^^\n  File \"/home/runner/work/WebAutomationTestingFramework/WebAutomationTestingFramework/base_helpers.py\", line 106, in find_Elements_byXpathAndWait_getText\n    return list((i.text for i in find_Elements_byXpathAndWait(xpath, driver)))\n                                 ^^^^^^^^^^^^^^^^^^^^^^^^^^^^^^^^^^^^^^^^^^^\n  File \"/home/runner/work/WebAutomationTestingFramework/WebAutomationTestingFramework/base_helpers.py\", line 101, in find_Elements_byXpathAndWait\n    pytest.fail(\n  File \"/opt/hostedtoolcache/Python/3.11.3/x64/lib/python3.11/site-packages/_pytest/outcomes.py\", line 198, in fail\n    raise Failed(msg=reason, pytrace=pytrace)\n","steps":[{"name":"Enter Personal Data","time":{"start":1681978553073,"stop":1681978555034,"duration":1961},"status":"passed","steps":[],"attachments":[],"parameters":[],"stepsCount":0,"attachmentsCount":0,"shouldDisplayMessage":false,"hasContent":false},{"name":"Enter Employee Status","time":{"start":1681978555035,"stop":1681978555673,"duration":638},"status":"passed","steps":[],"attachments":[],"parameters":[],"stepsCount":0,"attachmentsCount":0,"shouldDisplayMessage":false,"hasContent":false},{"name":"Enter Client & Project Information","time":{"start":1681978555673,"stop":1681978559662,"duration":3989},"status":"passed","steps":[],"attachments":[],"parameters":[],"stepsCount":0,"attachmentsCount":0,"shouldDisplayMessage":false,"hasContent":false},{"name":"Enter Residence Information","time":{"start":1681978559663,"stop":1681978562149,"duration":2486},"status":"passed","steps":[],"attachments":[],"parameters":[],"stepsCount":0,"attachmentsCount":0,"shouldDisplayMessage":false,"hasContent":false},{"name":"Enter Transport Information","time":{"start":1681978562149,"stop":1681978578542,"duration":16393},"status":"failed","statusMessage":"Failed: Couldn't find element with xpath : //label[@title=\"Name of Bike\"]/parent::div/parent::div//div[@class=\"rc-virtual-list-holder-inner\"]//div[@class=\"ant-select-item-option-content\"]\n","statusTrace":"  File \"/home/runner/work/WebAutomationTestingFramework/WebAutomationTestingFramework/Tests/test_temprory_worker.py\", line 172, in fillTransportInfo\n    TW.BikeNameOrLicencePlate = find_Elements_byXpathAndWait_getText(BikeNameList_xpath, driver)[0]\n                                ^^^^^^^^^^^^^^^^^^^^^^^^^^^^^^^^^^^^^^^^^^^^^^^^^^^^^^^^^^^^^^^^\n  File \"/home/runner/work/WebAutomationTestingFramework/WebAutomationTestingFramework/base_helpers.py\", line 106, in find_Elements_byXpathAndWait_getText\n    return list((i.text for i in find_Elements_byXpathAndWait(xpath, driver)))\n                                 ^^^^^^^^^^^^^^^^^^^^^^^^^^^^^^^^^^^^^^^^^^^\n  File \"/home/runner/work/WebAutomationTestingFramework/WebAutomationTestingFramework/base_helpers.py\", line 101, in find_Elements_byXpathAndWait\n    pytest.fail(\n  File \"/opt/hostedtoolcache/Python/3.11.3/x64/lib/python3.11/site-packages/_pytest/outcomes.py\", line 198, in fail\n    raise Failed(msg=reason, pytrace=pytrace)\n","steps":[],"attachments":[],"parameters":[],"stepsCount":0,"attachmentsCount":0,"shouldDisplayMessage":true,"hasContent":true}],"attachments":[],"parameters":[],"stepsCount":5,"attachmentsCount":0,"shouldDisplayMessage":false,"hasContent":true}],"attachments":[{"uid":"e853651ab80f485d","name":"screenshot","source":"e853651ab80f485d.png","type":"image/png","size":108267},{"uid":"b19fc18d963dc7e6","name":"stdout","source":"b19fc18d963dc7e6.txt","type":"text/plain","size":10589}],"parameters":[],"stepsCount":14,"attachmentsCount":2,"shouldDisplayMessage":true,"hasContent":true},"afterStages":[{"name":"driver::0","time":{"start":1681978578705,"stop":1681978578777,"duration":72},"status":"passed","steps":[],"attachments":[],"parameters":[],"stepsCount":0,"attachmentsCount":0,"shouldDisplayMessage":false,"hasContent":false}],"labels":[{"name":"severity","value":"normal"},{"name":"feature","value":"Temporary Worker Feature"},{"name":"story","value":"Add new temporary worker"},{"name":"tag","value":"sanity"},{"name":"tag","value":"regression"},{"name":"parentSuite","value":"Tests"},{"name":"suite","value":"test_temprory_worker"},{"name":"host","value":"fv-az646-934"},{"name":"thread","value":"2349-MainThread"},{"name":"framework","value":"pytest"},{"name":"language","value":"cpython3"},{"name":"package","value":"Tests.test_temprory_worker"},{"name":"resultFormat","value":"allure2"}],"parameters":[],"links":[],"hidden":true,"retry":true,"extra":{"categories":[],"tags":["regression","sanity"]},"source":"a775f48612435c1b.json","parameterValues":[]}