{"uid":"b2085342da07b56a","name":"test_UserDeleteFirstAndVerify","fullName":"Tests.test_users#test_UserDeleteFirstAndVerify","historyId":"f15ef48e46b00f632703524459cf1eeb","time":{"start":1681978745094,"stop":1681978770577,"duration":25483},"status":"failed","statusMessage":"Failed: Element not visible with xpath : //span[text()=\"User Deleted Successfully\"]","statusTrace":"xpath = '//span[text()=\"User Deleted Successfully\"]'\ndriver = <selenium.webdriver.chrome.webdriver.WebDriver (session=\"d4756593c9c248bc5249f350c2cdbaf2\")>\n\n    def verify_visibility_of_element_located(xpath, driver):\n        try:\n>           WebDriverWait(driver, waitTimer).until(EC.element_to_be_clickable((By.XPATH, xpath)))\n\nbase_helpers.py:137: \n_ _ _ _ _ _ _ _ _ _ _ _ _ _ _ _ _ _ _ _ _ _ _ _ _ _ _ _ _ _ _ _ _ _ _ _ _ _ _ _ \n\nself = <selenium.webdriver.support.wait.WebDriverWait (session=\"d4756593c9c248bc5249f350c2cdbaf2\")>\nmethod = <function element_to_be_clickable.<locals>._predicate at 0x7fd9710b7920>\nmessage = ''\n\n    def until(self, method, message: str = \"\"):\n        \"\"\"Calls the method provided with the driver as an argument until the \\\n        return value does not evaluate to ``False``.\n    \n        :param method: callable(WebDriver)\n        :param message: optional message for :exc:`TimeoutException`\n        :returns: the result of the last call to `method`\n        :raises: :exc:`selenium.common.exceptions.TimeoutException` if timeout occurs\n        \"\"\"\n        screen = None\n        stacktrace = None\n    \n        end_time = time.monotonic() + self._timeout\n        while True:\n            try:\n                value = method(self._driver)\n                if value:\n                    return value\n            except self._ignored_exceptions as exc:\n                screen = getattr(exc, \"screen\", None)\n                stacktrace = getattr(exc, \"stacktrace\", None)\n            time.sleep(self._poll)\n            if time.monotonic() > end_time:\n                break\n>       raise TimeoutException(message, screen, stacktrace)\nE       selenium.common.exceptions.TimeoutException: Message: \nE       Stacktrace:\nE       #0 0x564179fdbfe3 <unknown>\nE       #1 0x564179d1ad36 <unknown>\nE       #2 0x564179d57c4d <unknown>\nE       #3 0x564179d57d61 <unknown>\nE       #4 0x564179d936a4 <unknown>\nE       #5 0x564179d788ed <unknown>\nE       #6 0x564179d91232 <unknown>\nE       #7 0x564179d78693 <unknown>\nE       #8 0x564179d4b03a <unknown>\nE       #9 0x564179d4c17e <unknown>\nE       #10 0x564179f9ddbd <unknown>\nE       #11 0x564179fa1c6c <unknown>\nE       #12 0x564179fab4b0 <unknown>\nE       #13 0x564179fa2d63 <unknown>\nE       #14 0x564179f75c35 <unknown>\nE       #15 0x564179fc6138 <unknown>\nE       #16 0x564179fc62c7 <unknown>\nE       #17 0x564179fd4093 <unknown>\nE       #18 0x7f67d755eb43 <unknown>\n\n/opt/hostedtoolcache/Python/3.11.3/x64/lib/python3.11/site-packages/selenium/webdriver/support/wait.py:95: TimeoutException\n\nDuring handling of the above exception, another exception occurred:\n\ndriver = <selenium.webdriver.chrome.webdriver.WebDriver (session=\"d4756593c9c248bc5249f350c2cdbaf2\")>\n\n    @allure.feature(\"Users Feature\")\n    @allure.story(\"Delete First User And Verify Message\")\n    @allure.severity(allure.severity_level.MINOR)\n    @pytest.mark.regression\n    @pytest.mark.sanity\n    def test_UserDeleteFirstAndVerify(driver):\n        VisitUsersPageWithLogin(driver)\n        with allure.step('And User select the last Item and Tap on Delete Button'):\n            verify_loaderAndWait(TableLoader_xpath, driver)\n            find_byXpathAndWait(deleteUser_xpath, driver).click()\n            find_byXpathAndWait(mainDeleteYesButton, driver).click()\n        with allure.step('Then User should see a \"User Deleted Successfully\" message'):\n>           verify_visibility_of_element_located(userDeletedMessage, driver)\n\nTests/test_users.py:165: \n_ _ _ _ _ _ _ _ _ _ _ _ _ _ _ _ _ _ _ _ _ _ _ _ _ _ _ _ _ _ _ _ _ _ _ _ _ _ _ _ \n\nxpath = '//span[text()=\"User Deleted Successfully\"]'\ndriver = <selenium.webdriver.chrome.webdriver.WebDriver (session=\"d4756593c9c248bc5249f350c2cdbaf2\")>\n\n    def verify_visibility_of_element_located(xpath, driver):\n        try:\n            WebDriverWait(driver, waitTimer).until(EC.element_to_be_clickable((By.XPATH, xpath)))\n        except (ElementNotVisibleException, TimeoutException):\n>           pytest.fail(\n                f\"Element not visible with xpath : {xpath}\")\nE           Failed: Element not visible with xpath : //span[text()=\"User Deleted Successfully\"]\n\nbase_helpers.py:139: Failed","flaky":false,"newFailed":false,"newBroken":false,"newPassed":false,"retriesCount":0,"retriesStatusChange":false,"beforeStages":[{"name":"driver","time":{"start":1681978744232,"stop":1681978745093,"duration":861},"status":"passed","steps":[],"attachments":[],"parameters":[],"stepsCount":0,"attachmentsCount":0,"shouldDisplayMessage":false,"hasContent":false}],"testStage":{"status":"failed","statusMessage":"Failed: Element not visible with xpath : //span[text()=\"User Deleted Successfully\"]","statusTrace":"xpath = '//span[text()=\"User Deleted Successfully\"]'\ndriver = <selenium.webdriver.chrome.webdriver.WebDriver (session=\"d4756593c9c248bc5249f350c2cdbaf2\")>\n\n    def verify_visibility_of_element_located(xpath, driver):\n        try:\n>           WebDriverWait(driver, waitTimer).until(EC.element_to_be_clickable((By.XPATH, xpath)))\n\nbase_helpers.py:137: \n_ _ _ _ _ _ _ _ _ _ _ _ _ _ _ _ _ _ _ _ _ _ _ _ _ _ _ _ _ _ _ _ _ _ _ _ _ _ _ _ \n\nself = <selenium.webdriver.support.wait.WebDriverWait (session=\"d4756593c9c248bc5249f350c2cdbaf2\")>\nmethod = <function element_to_be_clickable.<locals>._predicate at 0x7fd9710b7920>\nmessage = ''\n\n    def until(self, method, message: str = \"\"):\n        \"\"\"Calls the method provided with the driver as an argument until the \\\n        return value does not evaluate to ``False``.\n    \n        :param method: callable(WebDriver)\n        :param message: optional message for :exc:`TimeoutException`\n        :returns: the result of the last call to `method`\n        :raises: :exc:`selenium.common.exceptions.TimeoutException` if timeout occurs\n        \"\"\"\n        screen = None\n        stacktrace = None\n    \n        end_time = time.monotonic() + self._timeout\n        while True:\n            try:\n                value = method(self._driver)\n                if value:\n                    return value\n            except self._ignored_exceptions as exc:\n                screen = getattr(exc, \"screen\", None)\n                stacktrace = getattr(exc, \"stacktrace\", None)\n            time.sleep(self._poll)\n            if time.monotonic() > end_time:\n                break\n>       raise TimeoutException(message, screen, stacktrace)\nE       selenium.common.exceptions.TimeoutException: Message: \nE       Stacktrace:\nE       #0 0x564179fdbfe3 <unknown>\nE       #1 0x564179d1ad36 <unknown>\nE       #2 0x564179d57c4d <unknown>\nE       #3 0x564179d57d61 <unknown>\nE       #4 0x564179d936a4 <unknown>\nE       #5 0x564179d788ed <unknown>\nE       #6 0x564179d91232 <unknown>\nE       #7 0x564179d78693 <unknown>\nE       #8 0x564179d4b03a <unknown>\nE       #9 0x564179d4c17e <unknown>\nE       #10 0x564179f9ddbd <unknown>\nE       #11 0x564179fa1c6c <unknown>\nE       #12 0x564179fab4b0 <unknown>\nE       #13 0x564179fa2d63 <unknown>\nE       #14 0x564179f75c35 <unknown>\nE       #15 0x564179fc6138 <unknown>\nE       #16 0x564179fc62c7 <unknown>\nE       #17 0x564179fd4093 <unknown>\nE       #18 0x7f67d755eb43 <unknown>\n\n/opt/hostedtoolcache/Python/3.11.3/x64/lib/python3.11/site-packages/selenium/webdriver/support/wait.py:95: TimeoutException\n\nDuring handling of the above exception, another exception occurred:\n\ndriver = <selenium.webdriver.chrome.webdriver.WebDriver (session=\"d4756593c9c248bc5249f350c2cdbaf2\")>\n\n    @allure.feature(\"Users Feature\")\n    @allure.story(\"Delete First User And Verify Message\")\n    @allure.severity(allure.severity_level.MINOR)\n    @pytest.mark.regression\n    @pytest.mark.sanity\n    def test_UserDeleteFirstAndVerify(driver):\n        VisitUsersPageWithLogin(driver)\n        with allure.step('And User select the last Item and Tap on Delete Button'):\n            verify_loaderAndWait(TableLoader_xpath, driver)\n            find_byXpathAndWait(deleteUser_xpath, driver).click()\n            find_byXpathAndWait(mainDeleteYesButton, driver).click()\n        with allure.step('Then User should see a \"User Deleted Successfully\" message'):\n>           verify_visibility_of_element_located(userDeletedMessage, driver)\n\nTests/test_users.py:165: \n_ _ _ _ _ _ _ _ _ _ _ _ _ _ _ _ _ _ _ _ _ _ _ _ _ _ _ _ _ _ _ _ _ _ _ _ _ _ _ _ \n\nxpath = '//span[text()=\"User Deleted Successfully\"]'\ndriver = <selenium.webdriver.chrome.webdriver.WebDriver (session=\"d4756593c9c248bc5249f350c2cdbaf2\")>\n\n    def verify_visibility_of_element_located(xpath, driver):\n        try:\n            WebDriverWait(driver, waitTimer).until(EC.element_to_be_clickable((By.XPATH, xpath)))\n        except (ElementNotVisibleException, TimeoutException):\n>           pytest.fail(\n                f\"Element not visible with xpath : {xpath}\")\nE           Failed: Element not visible with xpath : //span[text()=\"User Deleted Successfully\"]\n\nbase_helpers.py:139: Failed","steps":[{"name":"Given Go to the \"Base\" url","time":{"start":1681978745094,"stop":1681978745692,"duration":598},"status":"passed","steps":[],"attachments":[],"parameters":[],"stepsCount":0,"attachmentsCount":0,"shouldDisplayMessage":false,"hasContent":false},{"name":"Then Verify user is on Login screen","time":{"start":1681978745692,"stop":1681978745752,"duration":60},"status":"passed","steps":[],"attachments":[],"parameters":[],"stepsCount":0,"attachmentsCount":0,"shouldDisplayMessage":false,"hasContent":false},{"name":"When User fills \"Valid\" form data on \"login\" screen","time":{"start":1681978745752,"stop":1681978746251,"duration":499},"status":"passed","steps":[],"attachments":[],"parameters":[],"stepsCount":0,"attachmentsCount":0,"shouldDisplayMessage":false,"hasContent":false},{"name":"Then Verify user is on \"HomePage\" screen","time":{"start":1681978746251,"stop":1681978746709,"duration":458},"status":"passed","steps":[],"attachments":[],"parameters":[],"stepsCount":0,"attachmentsCount":0,"shouldDisplayMessage":false,"hasContent":false},{"name":"Then User clicks \"Users\" button on \"Homepage\" screen","time":{"start":1681978746709,"stop":1681978746836,"duration":127},"status":"passed","steps":[],"attachments":[],"parameters":[],"stepsCount":0,"attachmentsCount":0,"shouldDisplayMessage":false,"hasContent":false},{"name":"And User Should see \"active-user\" in the url","time":{"start":1681978746836,"stop":1681978746878,"duration":42},"status":"passed","steps":[],"attachments":[],"parameters":[],"stepsCount":0,"attachmentsCount":0,"shouldDisplayMessage":false,"hasContent":false},{"name":"And User select the last Item and Tap on Delete Button","time":{"start":1681978746878,"stop":1681978755523,"duration":8645},"status":"passed","steps":[],"attachments":[],"parameters":[],"stepsCount":0,"attachmentsCount":0,"shouldDisplayMessage":false,"hasContent":false},{"name":"Then User should see a \"User Deleted Successfully\" message","time":{"start":1681978755523,"stop":1681978770576,"duration":15053},"status":"failed","statusMessage":"Failed: Element not visible with xpath : //span[text()=\"User Deleted Successfully\"]\n","statusTrace":"  File \"/home/runner/work/WebAutomationTestingFramework/WebAutomationTestingFramework/Tests/test_users.py\", line 165, in test_UserDeleteFirstAndVerify\n    verify_visibility_of_element_located(userDeletedMessage, driver)\n  File \"/home/runner/work/WebAutomationTestingFramework/WebAutomationTestingFramework/base_helpers.py\", line 139, in verify_visibility_of_element_located\n    pytest.fail(\n  File \"/opt/hostedtoolcache/Python/3.11.3/x64/lib/python3.11/site-packages/_pytest/outcomes.py\", line 198, in fail\n    raise Failed(msg=reason, pytrace=pytrace)\n","steps":[],"attachments":[],"parameters":[],"stepsCount":0,"attachmentsCount":0,"shouldDisplayMessage":true,"hasContent":true}],"attachments":[{"uid":"4c04b9597ab24f3","name":"screenshot","source":"4c04b9597ab24f3.png","type":"image/png","size":205125},{"uid":"cbb1ac264dc3ca9","name":"stdout","source":"cbb1ac264dc3ca9.txt","type":"text/plain","size":1125}],"parameters":[],"stepsCount":8,"attachmentsCount":2,"shouldDisplayMessage":true,"hasContent":true},"afterStages":[{"name":"driver::0","time":{"start":1681978770768,"stop":1681978770839,"duration":71},"status":"passed","steps":[],"attachments":[],"parameters":[],"stepsCount":0,"attachmentsCount":0,"shouldDisplayMessage":false,"hasContent":false}],"labels":[{"name":"severity","value":"minor"},{"name":"feature","value":"Users Feature"},{"name":"story","value":"Delete First User And Verify Message"},{"name":"tag","value":"sanity"},{"name":"tag","value":"regression"},{"name":"parentSuite","value":"Tests"},{"name":"suite","value":"test_users"},{"name":"host","value":"fv-az646-934"},{"name":"thread","value":"2349-MainThread"},{"name":"framework","value":"pytest"},{"name":"language","value":"cpython3"},{"name":"package","value":"Tests.test_users"},{"name":"resultFormat","value":"allure2"}],"parameters":[],"links":[],"hidden":true,"retry":true,"extra":{"categories":[],"tags":["regression","sanity"]},"source":"b2085342da07b56a.json","parameterValues":[]}