{"uid":"c0afa9a5c7f45f8c","name":"test_TemporaryWorkerVerifyIfExportedCSVFileDataMatchesWithWebTableData","fullName":"Tests.test_temprory_worker#test_TemporaryWorkerVerifyIfExportedCSVFileDataMatchesWithWebTableData","historyId":"4dc930d6c91e7d555205d60d52968826","time":{"start":1681978471229,"stop":1681978492081,"duration":20852},"status":"failed","statusMessage":"AssertionError","statusTrace":"driver = <selenium.webdriver.chrome.webdriver.WebDriver (session=\"3961e2dfc80a513265a132446990d76e\")>\n\n    @allure.feature(\"Temporary Worker Feature\")\n    @allure.story(\"Verify If Exported CSV file has the exact data matches with table\")\n    @allure.severity(allure.severity_level.NORMAL)\n    @pytest.mark.regression\n    @pytest.mark.sanity\n    @pytest.mark.order(5)\n    def test_TemporaryWorkerVerifyIfExportedCSVFileDataMatchesWithWebTableData(driver):\n        VisitTemporaryWorkerPageWithLogin(driver)\n    \n        fileName = Storage.downloadsPath + find_byXpath(csvFileEXPORTNAME, driver).get_attribute(\"download\") + '.csv'\n>       downloadAndVerifyCSVExportedFile(driver)\n\nTests/test_temprory_worker.py:375: \n_ _ _ _ _ _ _ _ _ _ _ _ _ _ _ _ _ _ _ _ _ _ _ _ _ _ _ _ _ _ _ _ _ _ _ _ _ _ _ _ \nTests/test_temprory_worker.py:53: in downloadAndVerifyCSVExportedFile\n    verifyFileDownloadedCorrectly(FilePath=fileName)\n_ _ _ _ _ _ _ _ _ _ _ _ _ _ _ _ _ _ _ _ _ _ _ _ _ _ _ _ _ _ _ _ _ _ _ _ _ _ _ _ \n\nFilePath = '/home/runner/work/WebAutomationTestingFramework/WebAutomationTestingFramework/Downloads/Veritec-temporary-workers@20-Apr-2023.csv'\n\n    def verifyFileDownloadedCorrectly(FilePath):\n>       assert os.path.exists(FilePath)\nE       AssertionError\n\nbase_helpers.py:239: AssertionError","flaky":false,"newFailed":false,"newBroken":false,"newPassed":false,"retriesCount":2,"retriesStatusChange":false,"beforeStages":[{"name":"driver","time":{"start":1681978470353,"stop":1681978471228,"duration":875},"status":"passed","steps":[],"attachments":[],"parameters":[],"stepsCount":0,"attachmentsCount":0,"shouldDisplayMessage":false,"hasContent":false}],"testStage":{"status":"failed","statusMessage":"AssertionError","statusTrace":"driver = <selenium.webdriver.chrome.webdriver.WebDriver (session=\"3961e2dfc80a513265a132446990d76e\")>\n\n    @allure.feature(\"Temporary Worker Feature\")\n    @allure.story(\"Verify If Exported CSV file has the exact data matches with table\")\n    @allure.severity(allure.severity_level.NORMAL)\n    @pytest.mark.regression\n    @pytest.mark.sanity\n    @pytest.mark.order(5)\n    def test_TemporaryWorkerVerifyIfExportedCSVFileDataMatchesWithWebTableData(driver):\n        VisitTemporaryWorkerPageWithLogin(driver)\n    \n        fileName = Storage.downloadsPath + find_byXpath(csvFileEXPORTNAME, driver).get_attribute(\"download\") + '.csv'\n>       downloadAndVerifyCSVExportedFile(driver)\n\nTests/test_temprory_worker.py:375: \n_ _ _ _ _ _ _ _ _ _ _ _ _ _ _ _ _ _ _ _ _ _ _ _ _ _ _ _ _ _ _ _ _ _ _ _ _ _ _ _ \nTests/test_temprory_worker.py:53: in downloadAndVerifyCSVExportedFile\n    verifyFileDownloadedCorrectly(FilePath=fileName)\n_ _ _ _ _ _ _ _ _ _ _ _ _ _ _ _ _ _ _ _ _ _ _ _ _ _ _ _ _ _ _ _ _ _ _ _ _ _ _ _ \n\nFilePath = '/home/runner/work/WebAutomationTestingFramework/WebAutomationTestingFramework/Downloads/Veritec-temporary-workers@20-Apr-2023.csv'\n\n    def verifyFileDownloadedCorrectly(FilePath):\n>       assert os.path.exists(FilePath)\nE       AssertionError\n\nbase_helpers.py:239: AssertionError","steps":[{"name":"Given Go to the \"Base\" url","time":{"start":1681978471229,"stop":1681978471832,"duration":603},"status":"passed","steps":[],"attachments":[],"parameters":[],"stepsCount":0,"attachmentsCount":0,"shouldDisplayMessage":false,"hasContent":false},{"name":"Then Verify user is on Login screen","time":{"start":1681978471832,"stop":1681978471880,"duration":48},"status":"passed","steps":[],"attachments":[],"parameters":[],"stepsCount":0,"attachmentsCount":0,"shouldDisplayMessage":false,"hasContent":false},{"name":"When User fills \"Valid\" form data on \"login\" screen","time":{"start":1681978471880,"stop":1681978472372,"duration":492},"status":"passed","steps":[],"attachments":[],"parameters":[],"stepsCount":0,"attachmentsCount":0,"shouldDisplayMessage":false,"hasContent":false},{"name":"Then Verify user is on \"HomePage\" screen","time":{"start":1681978472372,"stop":1681978472921,"duration":549},"status":"passed","steps":[],"attachments":[],"parameters":[],"stepsCount":0,"attachmentsCount":0,"shouldDisplayMessage":false,"hasContent":false},{"name":"Then User clicks \"Temporary Worker\" button on \"Homepage\" screen","time":{"start":1681978473080,"stop":1681978473262,"duration":182},"status":"passed","steps":[],"attachments":[],"parameters":[],"stepsCount":0,"attachmentsCount":0,"shouldDisplayMessage":false,"hasContent":false},{"name":"And Check if CSV file downloaded correctly","time":{"start":1681978473348,"stop":1681978492081,"duration":18733},"status":"failed","statusMessage":"AssertionError\n","statusTrace":"  File \"/home/runner/work/WebAutomationTestingFramework/WebAutomationTestingFramework/Tests/test_temprory_worker.py\", line 53, in downloadAndVerifyCSVExportedFile\n    verifyFileDownloadedCorrectly(FilePath=fileName)\n  File \"/home/runner/work/WebAutomationTestingFramework/WebAutomationTestingFramework/base_helpers.py\", line 239, in verifyFileDownloadedCorrectly\n    assert os.path.exists(FilePath)\n","steps":[],"attachments":[],"parameters":[],"stepsCount":0,"attachmentsCount":0,"shouldDisplayMessage":true,"hasContent":true}],"attachments":[{"uid":"71e9ff8b48142f6a","name":"screenshot","source":"71e9ff8b48142f6a.png","type":"image/png","size":191928},{"uid":"ab7967a8d5e48dae","name":"stdout","source":"ab7967a8d5e48dae.txt","type":"text/plain","size":3084}],"parameters":[],"stepsCount":6,"attachmentsCount":2,"shouldDisplayMessage":true,"hasContent":true},"afterStages":[{"name":"driver::0","time":{"start":1681978492272,"stop":1681978492393,"duration":121},"status":"passed","steps":[],"attachments":[],"parameters":[],"stepsCount":0,"attachmentsCount":0,"shouldDisplayMessage":false,"hasContent":false}],"labels":[{"name":"severity","value":"normal"},{"name":"feature","value":"Temporary Worker Feature"},{"name":"story","value":"Verify If Exported CSV file has the exact data matches with table"},{"name":"tag","value":"order(5)"},{"name":"tag","value":"sanity"},{"name":"tag","value":"regression"},{"name":"parentSuite","value":"Tests"},{"name":"suite","value":"test_temprory_worker"},{"name":"host","value":"fv-az646-934"},{"name":"thread","value":"2349-MainThread"},{"name":"framework","value":"pytest"},{"name":"language","value":"cpython3"},{"name":"package","value":"Tests.test_temprory_worker"},{"name":"resultFormat","value":"allure2"}],"parameters":[],"links":[],"hidden":false,"retry":false,"extra":{"severity":"normal","retries":[{"uid":"b6e7f4430d7f1ff8","status":"failed","statusDetails":"AssertionError","time":{"start":1681978438540,"stop":1681978470045,"duration":31505}},{"uid":"b85b476495da6ea9","status":"failed","statusDetails":"AssertionError","time":{"start":1681978412754,"stop":1681978437402,"duration":24648}}],"categories":[{"name":"Product defects","matchedStatuses":[],"flaky":false}],"history":{"statistic":{"failed":3,"broken":0,"skipped":0,"passed":0,"unknown":0,"total":3},"items":[{"uid":"d4360b4f29077113","reportUrl":"https://HassanAbbas7357.github.io/WebAutomationTestingFramework/30//#testresult/d4360b4f29077113","status":"failed","statusDetails":"AssertionError","time":{"start":1681971419667,"stop":1681971441921,"duration":22254}},{"uid":"e013c9c06bf77b7e","reportUrl":"https://HassanAbbas7357.github.io/WebAutomationTestingFramework/24//#testresult/e013c9c06bf77b7e","status":"failed","statusDetails":"AssertionError","time":{"start":1681967059158,"stop":1681967080922,"duration":21764}}]},"tags":["regression","sanity","order(5)"]},"source":"c0afa9a5c7f45f8c.json","parameterValues":[]}