{"uid":"ca58e461103a86ef","name":"test_TemporaryWorkerCheckExportButtonDownloadsCSVFile","fullName":"Tests.test_temprory_worker#test_TemporaryWorkerCheckExportButtonDownloadsCSVFile","historyId":"216f96024b7a8cb342487d3b014d277a","time":{"start":1681978327107,"stop":1681978346693,"duration":19586},"status":"failed","statusMessage":"AssertionError","statusTrace":"driver = <selenium.webdriver.chrome.webdriver.WebDriver (session=\"b587c6aa6617048eb075d84ccd889368\")>\n\n    @allure.feature(\"Temporary Worker Feature\")\n    @allure.story(\"Check If Export Button actually downloads the file and its in csv format\")\n    @allure.severity(allure.severity_level.NORMAL)\n    @pytest.mark.regression\n    @pytest.mark.sanity\n    # @pytest.mark.smoke\n    @pytest.mark.order(3)\n    def test_TemporaryWorkerCheckExportButtonDownloadsCSVFile(driver):\n        VisitTemporaryWorkerPageWithLogin(driver)\n>       fileName = downloadAndVerifyCSVExportedFile(driver)\n\nTests/test_temprory_worker.py:361: \n_ _ _ _ _ _ _ _ _ _ _ _ _ _ _ _ _ _ _ _ _ _ _ _ _ _ _ _ _ _ _ _ _ _ _ _ _ _ _ _ \nTests/test_temprory_worker.py:53: in downloadAndVerifyCSVExportedFile\n    verifyFileDownloadedCorrectly(FilePath=fileName)\n_ _ _ _ _ _ _ _ _ _ _ _ _ _ _ _ _ _ _ _ _ _ _ _ _ _ _ _ _ _ _ _ _ _ _ _ _ _ _ _ \n\nFilePath = '/home/runner/work/WebAutomationTestingFramework/WebAutomationTestingFramework/Downloads/Veritec-temporary-workers@20-Apr-2023.csv'\n\n    def verifyFileDownloadedCorrectly(FilePath):\n>       assert os.path.exists(FilePath)\nE       AssertionError\n\nbase_helpers.py:239: AssertionError","flaky":false,"newFailed":false,"newBroken":false,"newPassed":false,"retriesCount":2,"retriesStatusChange":false,"beforeStages":[{"name":"driver","time":{"start":1681978326243,"stop":1681978327106,"duration":863},"status":"passed","steps":[],"attachments":[],"parameters":[],"stepsCount":0,"attachmentsCount":0,"shouldDisplayMessage":false,"hasContent":false}],"testStage":{"status":"failed","statusMessage":"AssertionError","statusTrace":"driver = <selenium.webdriver.chrome.webdriver.WebDriver (session=\"b587c6aa6617048eb075d84ccd889368\")>\n\n    @allure.feature(\"Temporary Worker Feature\")\n    @allure.story(\"Check If Export Button actually downloads the file and its in csv format\")\n    @allure.severity(allure.severity_level.NORMAL)\n    @pytest.mark.regression\n    @pytest.mark.sanity\n    # @pytest.mark.smoke\n    @pytest.mark.order(3)\n    def test_TemporaryWorkerCheckExportButtonDownloadsCSVFile(driver):\n        VisitTemporaryWorkerPageWithLogin(driver)\n>       fileName = downloadAndVerifyCSVExportedFile(driver)\n\nTests/test_temprory_worker.py:361: \n_ _ _ _ _ _ _ _ _ _ _ _ _ _ _ _ _ _ _ _ _ _ _ _ _ _ _ _ _ _ _ _ _ _ _ _ _ _ _ _ \nTests/test_temprory_worker.py:53: in downloadAndVerifyCSVExportedFile\n    verifyFileDownloadedCorrectly(FilePath=fileName)\n_ _ _ _ _ _ _ _ _ _ _ _ _ _ _ _ _ _ _ _ _ _ _ _ _ _ _ _ _ _ _ _ _ _ _ _ _ _ _ _ \n\nFilePath = '/home/runner/work/WebAutomationTestingFramework/WebAutomationTestingFramework/Downloads/Veritec-temporary-workers@20-Apr-2023.csv'\n\n    def verifyFileDownloadedCorrectly(FilePath):\n>       assert os.path.exists(FilePath)\nE       AssertionError\n\nbase_helpers.py:239: AssertionError","steps":[{"name":"Given Go to the \"Base\" url","time":{"start":1681978327107,"stop":1681978327559,"duration":452},"status":"passed","steps":[],"attachments":[],"parameters":[],"stepsCount":0,"attachmentsCount":0,"shouldDisplayMessage":false,"hasContent":false},{"name":"Then Verify user is on Login screen","time":{"start":1681978327559,"stop":1681978327610,"duration":51},"status":"passed","steps":[],"attachments":[],"parameters":[],"stepsCount":0,"attachmentsCount":0,"shouldDisplayMessage":false,"hasContent":false},{"name":"When User fills \"Valid\" form data on \"login\" screen","time":{"start":1681978327610,"stop":1681978328102,"duration":492},"status":"passed","steps":[],"attachments":[],"parameters":[],"stepsCount":0,"attachmentsCount":0,"shouldDisplayMessage":false,"hasContent":false},{"name":"Then Verify user is on \"HomePage\" screen","time":{"start":1681978328102,"stop":1681978328541,"duration":439},"status":"passed","steps":[],"attachments":[],"parameters":[],"stepsCount":0,"attachmentsCount":0,"shouldDisplayMessage":false,"hasContent":false},{"name":"Then User clicks \"Temporary Worker\" button on \"Homepage\" screen","time":{"start":1681978328700,"stop":1681978328902,"duration":202},"status":"passed","steps":[],"attachments":[],"parameters":[],"stepsCount":0,"attachmentsCount":0,"shouldDisplayMessage":false,"hasContent":false},{"name":"And Check if CSV file downloaded correctly","time":{"start":1681978328903,"stop":1681978346693,"duration":17790},"status":"failed","statusMessage":"AssertionError\n","statusTrace":"  File \"/home/runner/work/WebAutomationTestingFramework/WebAutomationTestingFramework/Tests/test_temprory_worker.py\", line 53, in downloadAndVerifyCSVExportedFile\n    verifyFileDownloadedCorrectly(FilePath=fileName)\n  File \"/home/runner/work/WebAutomationTestingFramework/WebAutomationTestingFramework/base_helpers.py\", line 239, in verifyFileDownloadedCorrectly\n    assert os.path.exists(FilePath)\n","steps":[],"attachments":[],"parameters":[],"stepsCount":0,"attachmentsCount":0,"shouldDisplayMessage":true,"hasContent":true}],"attachments":[{"uid":"d04b49b70794b6ff","name":"screenshot","source":"d04b49b70794b6ff.png","type":"image/png","size":189081},{"uid":"7a36eb75724dbee7","name":"stdout","source":"7a36eb75724dbee7.txt","type":"text/plain","size":2946}],"parameters":[],"stepsCount":6,"attachmentsCount":2,"shouldDisplayMessage":true,"hasContent":true},"afterStages":[{"name":"driver::0","time":{"start":1681978346890,"stop":1681978346978,"duration":88},"status":"passed","steps":[],"attachments":[],"parameters":[],"stepsCount":0,"attachmentsCount":0,"shouldDisplayMessage":false,"hasContent":false}],"labels":[{"name":"feature","value":"Temporary Worker Feature"},{"name":"story","value":"Check If Export Button actually downloads the file and its in csv format"},{"name":"severity","value":"normal"},{"name":"tag","value":"order(3)"},{"name":"tag","value":"sanity"},{"name":"tag","value":"regression"},{"name":"parentSuite","value":"Tests"},{"name":"suite","value":"test_temprory_worker"},{"name":"host","value":"fv-az646-934"},{"name":"thread","value":"2349-MainThread"},{"name":"framework","value":"pytest"},{"name":"language","value":"cpython3"},{"name":"package","value":"Tests.test_temprory_worker"},{"name":"resultFormat","value":"allure2"}],"parameters":[],"links":[],"hidden":false,"retry":false,"extra":{"severity":"normal","retries":[{"uid":"15eb5ac1b014a291","status":"failed","statusDetails":"AssertionError","time":{"start":1681978306471,"stop":1681978325971,"duration":19500}},{"uid":"82d3cf5c47713d7b","status":"failed","statusDetails":"AssertionError","time":{"start":1681978285695,"stop":1681978305265,"duration":19570}}],"categories":[{"name":"Product defects","matchedStatuses":[],"flaky":false}],"history":{"statistic":{"failed":3,"broken":0,"skipped":0,"passed":5,"unknown":0,"total":8},"items":[{"uid":"e7cfc3721ba9e0ce","reportUrl":"https://HassanAbbas7357.github.io/WebAutomationTestingFramework/30//#testresult/e7cfc3721ba9e0ce","status":"failed","statusDetails":"AssertionError","time":{"start":1681971284913,"stop":1681971306491,"duration":21578}},{"uid":"12b38baf0ce12b4a","reportUrl":"https://HassanAbbas7357.github.io/WebAutomationTestingFramework/28//#testresult/12b38baf0ce12b4a","status":"passed","time":{"start":1681969158924,"stop":1681969178538,"duration":19614}},{"uid":"3e3d158e3110b07c","reportUrl":"https://HassanAbbas7357.github.io/WebAutomationTestingFramework/26//#testresult/3e3d158e3110b07c","status":"passed","time":{"start":1681968116980,"stop":1681968139564,"duration":22584}},{"uid":"e999118fd8c1057e","reportUrl":"https://HassanAbbas7357.github.io/WebAutomationTestingFramework/27//#testresult/e999118fd8c1057e","status":"passed","time":{"start":1681968669079,"stop":1681968688766,"duration":19687}},{"uid":"9e9435783e7f3e09","reportUrl":"https://HassanAbbas7357.github.io/WebAutomationTestingFramework/25//#testresult/9e9435783e7f3e09","status":"passed","time":{"start":1681967436388,"stop":1681967457959,"duration":21571}},{"uid":"32586b0ddd53c6ee","reportUrl":"https://HassanAbbas7357.github.io/WebAutomationTestingFramework/24//#testresult/32586b0ddd53c6ee","status":"failed","statusDetails":"AssertionError","time":{"start":1681966971282,"stop":1681966999225,"duration":27943}},{"uid":"113271e5b3955858","reportUrl":"https://HassanAbbas7357.github.io/WebAutomationTestingFramework/22//#testresult/113271e5b3955858","status":"passed","time":{"start":1681965483891,"stop":1681965505061,"duration":21170}}]},"tags":["order(3)","regression","sanity"]},"source":"ca58e461103a86ef.json","parameterValues":[]}