{"uid":"d34791bd46e5301f","name":"test_EditLastNameAndVerifyInTable","fullName":"Tests.test_users#test_EditLastNameAndVerifyInTable","historyId":"311d8e0c2f4ddeabb681ccbd6a8c6188","time":{"start":1681978848628,"stop":1681978863268,"duration":14640},"status":"failed","statusMessage":"AssertionError: assert 'udtzKSSoVcOJymC1421' == 'HassanudtzKSSoVcOJymC1421'\n  - HassanudtzKSSoVcOJymC1421\n  ? ------\n  + udtzKSSoVcOJymC1421","statusTrace":"driver = <selenium.webdriver.chrome.webdriver.WebDriver (session=\"01ebc2b7eeb399c80867d5f57946155b\")>\n\n    @allure.feature(\"Users Feature\")\n    @allure.story(\"Edit the LastName and Verify in Table\")\n    @allure.severity(allure.severity_level.MINOR)\n    @pytest.mark.regression\n    @pytest.mark.sanity\n    def test_EditLastNameAndVerifyInTable(driver):\n        VisitUsersPageWithLogin(driver)\n        FirstName = get_randomEmail().replace('@gmail.com', '')\n        with allure.step('And User Click on Edit Button'):\n            verify_loaderAndWait(TableLoader_xpath, driver)\n            find_byXpathAndWait(userEditBtn_xpath, driver).click()\n        with allure.step('Then Click On Save Changes button after changing LastName\"'):\n            driver.execute_script(\n                \"arguments[0].value='';\", find_byXpath(lastNameInput, driver))\n            find_byXpath(lastNameInput, driver).send_keys(FirstName)\n            print(FirstName)\n            find_byXpathAndWait(saveChangesButton, driver).click()\n        with allure.step('And User Should see Success Message \"User Updated SuccessFully\"'):\n            verify_visibility_of_element_located(invalidUserMessage, driver)\n            sleep(3)\n        with allure.step('Then Verify LastName Updated in the Table'):\n            Name = find_Elements_byXpathAndWait_getText(firstRow, driver)\n            print(Name)\n>           assert FirstName == Name[2]\nE           AssertionError: assert 'udtzKSSoVcOJymC1421' == 'HassanudtzKSSoVcOJymC1421'\nE             - HassanudtzKSSoVcOJymC1421\nE             ? ------\nE             + udtzKSSoVcOJymC1421\n\nTests/test_users.py:249: AssertionError","flaky":false,"newFailed":false,"newBroken":false,"newPassed":false,"retriesCount":0,"retriesStatusChange":false,"beforeStages":[{"name":"driver","time":{"start":1681978847752,"stop":1681978848627,"duration":875},"status":"passed","steps":[],"attachments":[],"parameters":[],"stepsCount":0,"attachmentsCount":0,"shouldDisplayMessage":false,"hasContent":false}],"testStage":{"status":"failed","statusMessage":"AssertionError: assert 'udtzKSSoVcOJymC1421' == 'HassanudtzKSSoVcOJymC1421'\n  - HassanudtzKSSoVcOJymC1421\n  ? ------\n  + udtzKSSoVcOJymC1421","statusTrace":"driver = <selenium.webdriver.chrome.webdriver.WebDriver (session=\"01ebc2b7eeb399c80867d5f57946155b\")>\n\n    @allure.feature(\"Users Feature\")\n    @allure.story(\"Edit the LastName and Verify in Table\")\n    @allure.severity(allure.severity_level.MINOR)\n    @pytest.mark.regression\n    @pytest.mark.sanity\n    def test_EditLastNameAndVerifyInTable(driver):\n        VisitUsersPageWithLogin(driver)\n        FirstName = get_randomEmail().replace('@gmail.com', '')\n        with allure.step('And User Click on Edit Button'):\n            verify_loaderAndWait(TableLoader_xpath, driver)\n            find_byXpathAndWait(userEditBtn_xpath, driver).click()\n        with allure.step('Then Click On Save Changes button after changing LastName\"'):\n            driver.execute_script(\n                \"arguments[0].value='';\", find_byXpath(lastNameInput, driver))\n            find_byXpath(lastNameInput, driver).send_keys(FirstName)\n            print(FirstName)\n            find_byXpathAndWait(saveChangesButton, driver).click()\n        with allure.step('And User Should see Success Message \"User Updated SuccessFully\"'):\n            verify_visibility_of_element_located(invalidUserMessage, driver)\n            sleep(3)\n        with allure.step('Then Verify LastName Updated in the Table'):\n            Name = find_Elements_byXpathAndWait_getText(firstRow, driver)\n            print(Name)\n>           assert FirstName == Name[2]\nE           AssertionError: assert 'udtzKSSoVcOJymC1421' == 'HassanudtzKSSoVcOJymC1421'\nE             - HassanudtzKSSoVcOJymC1421\nE             ? ------\nE             + udtzKSSoVcOJymC1421\n\nTests/test_users.py:249: AssertionError","steps":[{"name":"Given Go to the \"Base\" url","time":{"start":1681978848628,"stop":1681978849096,"duration":468},"status":"passed","steps":[],"attachments":[],"parameters":[],"stepsCount":0,"attachmentsCount":0,"shouldDisplayMessage":false,"hasContent":false},{"name":"Then Verify user is on Login screen","time":{"start":1681978849096,"stop":1681978849143,"duration":47},"status":"passed","steps":[],"attachments":[],"parameters":[],"stepsCount":0,"attachmentsCount":0,"shouldDisplayMessage":false,"hasContent":false},{"name":"When User fills \"Valid\" form data on \"login\" screen","time":{"start":1681978849143,"stop":1681978849617,"duration":474},"status":"passed","steps":[],"attachments":[],"parameters":[],"stepsCount":0,"attachmentsCount":0,"shouldDisplayMessage":false,"hasContent":false},{"name":"Then Verify user is on \"HomePage\" screen","time":{"start":1681978849617,"stop":1681978850054,"duration":437},"status":"passed","steps":[],"attachments":[],"parameters":[],"stepsCount":0,"attachmentsCount":0,"shouldDisplayMessage":false,"hasContent":false},{"name":"Then User clicks \"Users\" button on \"Homepage\" screen","time":{"start":1681978850054,"stop":1681978850166,"duration":112},"status":"passed","steps":[],"attachments":[],"parameters":[],"stepsCount":0,"attachmentsCount":0,"shouldDisplayMessage":false,"hasContent":false},{"name":"And User Should see \"active-user\" in the url","time":{"start":1681978850166,"stop":1681978850214,"duration":48},"status":"passed","steps":[],"attachments":[],"parameters":[],"stepsCount":0,"attachmentsCount":0,"shouldDisplayMessage":false,"hasContent":false},{"name":"And User Click on Edit Button","time":{"start":1681978850214,"stop":1681978859088,"duration":8874},"status":"passed","steps":[],"attachments":[],"parameters":[],"stepsCount":0,"attachmentsCount":0,"shouldDisplayMessage":false,"hasContent":false},{"name":"Then Click On Save Changes button after changing LastName\"","time":{"start":1681978859088,"stop":1681978859511,"duration":423},"status":"passed","steps":[],"attachments":[],"parameters":[],"stepsCount":0,"attachmentsCount":0,"shouldDisplayMessage":false,"hasContent":false},{"name":"And User Should see Success Message \"User Updated SuccessFully\"","time":{"start":1681978859511,"stop":1681978863137,"duration":3626},"status":"passed","steps":[],"attachments":[],"parameters":[],"stepsCount":0,"attachmentsCount":0,"shouldDisplayMessage":false,"hasContent":false},{"name":"Then Verify LastName Updated in the Table","time":{"start":1681978863137,"stop":1681978863268,"duration":131},"status":"failed","statusMessage":"AssertionError: assert 'udtzKSSoVcOJymC1421' == 'HassanudtzKSSoVcOJymC1421'\n  - HassanudtzKSSoVcOJymC1421\n  ? ------\n  + udtzKSSoVcOJymC1421\n","statusTrace":"  File \"/home/runner/work/WebAutomationTestingFramework/WebAutomationTestingFramework/Tests/test_users.py\", line 249, in test_EditLastNameAndVerifyInTable\n    assert FirstName == Name[2]\n","steps":[],"attachments":[],"parameters":[],"stepsCount":0,"attachmentsCount":0,"shouldDisplayMessage":true,"hasContent":true}],"attachments":[{"uid":"c9f7a3dcb506a875","name":"screenshot","source":"c9f7a3dcb506a875.png","type":"image/png","size":195638},{"uid":"713b7712f14be9d0","name":"stdout","source":"713b7712f14be9d0.txt","type":"text/plain","size":1618}],"parameters":[],"stepsCount":10,"attachmentsCount":2,"shouldDisplayMessage":true,"hasContent":true},"afterStages":[{"name":"driver::0","time":{"start":1681978863451,"stop":1681978863562,"duration":111},"status":"passed","steps":[],"attachments":[],"parameters":[],"stepsCount":0,"attachmentsCount":0,"shouldDisplayMessage":false,"hasContent":false}],"labels":[{"name":"severity","value":"minor"},{"name":"feature","value":"Users Feature"},{"name":"story","value":"Edit the LastName and Verify in Table"},{"name":"tag","value":"sanity"},{"name":"tag","value":"regression"},{"name":"parentSuite","value":"Tests"},{"name":"suite","value":"test_users"},{"name":"host","value":"fv-az646-934"},{"name":"thread","value":"2349-MainThread"},{"name":"framework","value":"pytest"},{"name":"language","value":"cpython3"},{"name":"package","value":"Tests.test_users"},{"name":"resultFormat","value":"allure2"}],"parameters":[],"links":[],"hidden":true,"retry":true,"extra":{"categories":[],"tags":["regression","sanity"]},"source":"d34791bd46e5301f.json","parameterValues":[]}