{"uid":"f6cc5ffa1d9fbf6a","name":"test_EditLastNameAndVerifyInTable","fullName":"Tests.test_users#test_EditLastNameAndVerifyInTable","historyId":"311d8e0c2f4ddeabb681ccbd6a8c6188","time":{"start":1681978880289,"stop":1681978894906,"duration":14617},"status":"failed","statusMessage":"AssertionError: assert 'MgTELqWRlecVjfa1421' == 'HassanudtzKS...WRlecVjfa1421'\n  - HassanudtzKSSoVcOJymC1421wFKCCmJLJCuSCao1421MgTELqWRlecVjfa1421\n  + MgTELqWRlecVjfa1421","statusTrace":"driver = <selenium.webdriver.chrome.webdriver.WebDriver (session=\"1c4beee2023a4492e2c762a47454f5cf\")>\n\n    @allure.feature(\"Users Feature\")\n    @allure.story(\"Edit the LastName and Verify in Table\")\n    @allure.severity(allure.severity_level.MINOR)\n    @pytest.mark.regression\n    @pytest.mark.sanity\n    def test_EditLastNameAndVerifyInTable(driver):\n        VisitUsersPageWithLogin(driver)\n        FirstName = get_randomEmail().replace('@gmail.com', '')\n        with allure.step('And User Click on Edit Button'):\n            verify_loaderAndWait(TableLoader_xpath, driver)\n            find_byXpathAndWait(userEditBtn_xpath, driver).click()\n        with allure.step('Then Click On Save Changes button after changing LastName\"'):\n            driver.execute_script(\n                \"arguments[0].value='';\", find_byXpath(lastNameInput, driver))\n            find_byXpath(lastNameInput, driver).send_keys(FirstName)\n            print(FirstName)\n            find_byXpathAndWait(saveChangesButton, driver).click()\n        with allure.step('And User Should see Success Message \"User Updated SuccessFully\"'):\n            verify_visibility_of_element_located(invalidUserMessage, driver)\n            sleep(3)\n        with allure.step('Then Verify LastName Updated in the Table'):\n            Name = find_Elements_byXpathAndWait_getText(firstRow, driver)\n            print(Name)\n>           assert FirstName == Name[2]\nE           AssertionError: assert 'MgTELqWRlecVjfa1421' == 'HassanudtzKS...WRlecVjfa1421'\nE             - HassanudtzKSSoVcOJymC1421wFKCCmJLJCuSCao1421MgTELqWRlecVjfa1421\nE             + MgTELqWRlecVjfa1421\n\nTests/test_users.py:249: AssertionError","flaky":false,"newFailed":false,"newBroken":false,"newPassed":false,"retriesCount":2,"retriesStatusChange":false,"beforeStages":[{"name":"driver","time":{"start":1681978879403,"stop":1681978880289,"duration":886},"status":"passed","steps":[],"attachments":[],"parameters":[],"stepsCount":0,"attachmentsCount":0,"shouldDisplayMessage":false,"hasContent":false}],"testStage":{"status":"failed","statusMessage":"AssertionError: assert 'MgTELqWRlecVjfa1421' == 'HassanudtzKS...WRlecVjfa1421'\n  - HassanudtzKSSoVcOJymC1421wFKCCmJLJCuSCao1421MgTELqWRlecVjfa1421\n  + MgTELqWRlecVjfa1421","statusTrace":"driver = <selenium.webdriver.chrome.webdriver.WebDriver (session=\"1c4beee2023a4492e2c762a47454f5cf\")>\n\n    @allure.feature(\"Users Feature\")\n    @allure.story(\"Edit the LastName and Verify in Table\")\n    @allure.severity(allure.severity_level.MINOR)\n    @pytest.mark.regression\n    @pytest.mark.sanity\n    def test_EditLastNameAndVerifyInTable(driver):\n        VisitUsersPageWithLogin(driver)\n        FirstName = get_randomEmail().replace('@gmail.com', '')\n        with allure.step('And User Click on Edit Button'):\n            verify_loaderAndWait(TableLoader_xpath, driver)\n            find_byXpathAndWait(userEditBtn_xpath, driver).click()\n        with allure.step('Then Click On Save Changes button after changing LastName\"'):\n            driver.execute_script(\n                \"arguments[0].value='';\", find_byXpath(lastNameInput, driver))\n            find_byXpath(lastNameInput, driver).send_keys(FirstName)\n            print(FirstName)\n            find_byXpathAndWait(saveChangesButton, driver).click()\n        with allure.step('And User Should see Success Message \"User Updated SuccessFully\"'):\n            verify_visibility_of_element_located(invalidUserMessage, driver)\n            sleep(3)\n        with allure.step('Then Verify LastName Updated in the Table'):\n            Name = find_Elements_byXpathAndWait_getText(firstRow, driver)\n            print(Name)\n>           assert FirstName == Name[2]\nE           AssertionError: assert 'MgTELqWRlecVjfa1421' == 'HassanudtzKS...WRlecVjfa1421'\nE             - HassanudtzKSSoVcOJymC1421wFKCCmJLJCuSCao1421MgTELqWRlecVjfa1421\nE             + MgTELqWRlecVjfa1421\n\nTests/test_users.py:249: AssertionError","steps":[{"name":"Given Go to the \"Base\" url","time":{"start":1681978880289,"stop":1681978880756,"duration":467},"status":"passed","steps":[],"attachments":[],"parameters":[],"stepsCount":0,"attachmentsCount":0,"shouldDisplayMessage":false,"hasContent":false},{"name":"Then Verify user is on Login screen","time":{"start":1681978880756,"stop":1681978880799,"duration":43},"status":"passed","steps":[],"attachments":[],"parameters":[],"stepsCount":0,"attachmentsCount":0,"shouldDisplayMessage":false,"hasContent":false},{"name":"When User fills \"Valid\" form data on \"login\" screen","time":{"start":1681978880799,"stop":1681978881313,"duration":514},"status":"passed","steps":[],"attachments":[],"parameters":[],"stepsCount":0,"attachmentsCount":0,"shouldDisplayMessage":false,"hasContent":false},{"name":"Then Verify user is on \"HomePage\" screen","time":{"start":1681978881313,"stop":1681978881736,"duration":423},"status":"passed","steps":[],"attachments":[],"parameters":[],"stepsCount":0,"attachmentsCount":0,"shouldDisplayMessage":false,"hasContent":false},{"name":"Then User clicks \"Users\" button on \"Homepage\" screen","time":{"start":1681978881736,"stop":1681978881855,"duration":119},"status":"passed","steps":[],"attachments":[],"parameters":[],"stepsCount":0,"attachmentsCount":0,"shouldDisplayMessage":false,"hasContent":false},{"name":"And User Should see \"active-user\" in the url","time":{"start":1681978881855,"stop":1681978881895,"duration":40},"status":"passed","steps":[],"attachments":[],"parameters":[],"stepsCount":0,"attachmentsCount":0,"shouldDisplayMessage":false,"hasContent":false},{"name":"And User Click on Edit Button","time":{"start":1681978881895,"stop":1681978890694,"duration":8799},"status":"passed","steps":[],"attachments":[],"parameters":[],"stepsCount":0,"attachmentsCount":0,"shouldDisplayMessage":false,"hasContent":false},{"name":"Then Click On Save Changes button after changing LastName\"","time":{"start":1681978890694,"stop":1681978891156,"duration":462},"status":"passed","steps":[],"attachments":[],"parameters":[],"stepsCount":0,"attachmentsCount":0,"shouldDisplayMessage":false,"hasContent":false},{"name":"And User Should see Success Message \"User Updated SuccessFully\"","time":{"start":1681978891156,"stop":1681978894780,"duration":3624},"status":"passed","steps":[],"attachments":[],"parameters":[],"stepsCount":0,"attachmentsCount":0,"shouldDisplayMessage":false,"hasContent":false},{"name":"Then Verify LastName Updated in the Table","time":{"start":1681978894780,"stop":1681978894906,"duration":126},"status":"failed","statusMessage":"AssertionError: assert 'MgTELqWRlecVjfa1421' == 'HassanudtzKS...WRlecVjfa1421'\n  - HassanudtzKSSoVcOJymC1421wFKCCmJLJCuSCao1421MgTELqWRlecVjfa1421\n  + MgTELqWRlecVjfa1421\n","statusTrace":"  File \"/home/runner/work/WebAutomationTestingFramework/WebAutomationTestingFramework/Tests/test_users.py\", line 249, in test_EditLastNameAndVerifyInTable\n    assert FirstName == Name[2]\n","steps":[],"attachments":[],"parameters":[],"stepsCount":0,"attachmentsCount":0,"shouldDisplayMessage":true,"hasContent":true}],"attachments":[{"uid":"fbbe30a4bd466fc7","name":"screenshot","source":"fbbe30a4bd466fc7.png","type":"image/png","size":177552},{"uid":"92a450c013976374","name":"stdout","source":"92a450c013976374.txt","type":"text/plain","size":4911}],"parameters":[],"stepsCount":10,"attachmentsCount":2,"shouldDisplayMessage":true,"hasContent":true},"afterStages":[{"name":"driver::0","time":{"start":1681978895082,"stop":1681978895158,"duration":76},"status":"passed","steps":[],"attachments":[],"parameters":[],"stepsCount":0,"attachmentsCount":0,"shouldDisplayMessage":false,"hasContent":false}],"labels":[{"name":"severity","value":"minor"},{"name":"feature","value":"Users Feature"},{"name":"story","value":"Edit the LastName and Verify in Table"},{"name":"tag","value":"sanity"},{"name":"tag","value":"regression"},{"name":"parentSuite","value":"Tests"},{"name":"suite","value":"test_users"},{"name":"host","value":"fv-az646-934"},{"name":"thread","value":"2349-MainThread"},{"name":"framework","value":"pytest"},{"name":"language","value":"cpython3"},{"name":"package","value":"Tests.test_users"},{"name":"resultFormat","value":"allure2"}],"parameters":[],"links":[],"hidden":false,"retry":false,"extra":{"severity":"minor","retries":[{"uid":"25aa62c55b6e4234","status":"failed","statusDetails":"AssertionError: assert 'wFKCCmJLJCuSCao1421' == 'HassanudtzKS...JLJCuSCao1421'\n  - HassanudtzKSSoVcOJymC1421wFKCCmJLJCuSCao1421\n  + wFKCCmJLJCuSCao1421","time":{"start":1681978864446,"stop":1681978879109,"duration":14663}},{"uid":"d34791bd46e5301f","status":"failed","statusDetails":"AssertionError: assert 'udtzKSSoVcOJymC1421' == 'HassanudtzKSSoVcOJymC1421'\n  - HassanudtzKSSoVcOJymC1421\n  ? ------\n  + udtzKSSoVcOJymC1421","time":{"start":1681978848628,"stop":1681978863268,"duration":14640}}],"categories":[{"name":"Product defects","matchedStatuses":[],"flaky":false}],"tags":["regression","sanity"]},"source":"f6cc5ffa1d9fbf6a.json","parameterValues":[]}