{"uid":"ff05f3a7db3468df","name":"test_UsersVerifyIfExportedCSVFileDataMatchesWithWebTableData","fullName":"Tests.test_users#test_UsersVerifyIfExportedCSVFileDataMatchesWithWebTableData","historyId":"b93ad4666b0fa0afe3c51eb3507b45d1","time":{"start":1681978642873,"stop":1681978661740,"duration":18867},"status":"failed","statusMessage":"AssertionError","statusTrace":"driver = <selenium.webdriver.chrome.webdriver.WebDriver (session=\"71b7f0ffee2f1cde4b6a380713eed517\")>\n\n    @allure.feature(\"Users Feature\")\n    @allure.story(\"Verify If Exported CSV Users file has the exact data matches with table\")\n    @allure.severity(allure.severity_level.NORMAL)\n    @pytest.mark.regression\n    @pytest.mark.sanity\n    def test_UsersVerifyIfExportedCSVFileDataMatchesWithWebTableData(driver):\n        VisitUsersPageWithLogin(driver)\n        with allure.step('And Check if CSV file downloaded correctly'):\n            fileName = Storage.downloadsPath + \\\n                find_byXpath(csvFileEXPORTNAME, driver).get_attribute(\n                    \"download\") + '.csv'\n>           downloadAndVerifyCSVExportedFile(driver)\n\nTests/test_users.py:54: \n_ _ _ _ _ _ _ _ _ _ _ _ _ _ _ _ _ _ _ _ _ _ _ _ _ _ _ _ _ _ _ _ _ _ _ _ _ _ _ _ \nTests/test_temprory_worker.py:53: in downloadAndVerifyCSVExportedFile\n    verifyFileDownloadedCorrectly(FilePath=fileName)\n_ _ _ _ _ _ _ _ _ _ _ _ _ _ _ _ _ _ _ _ _ _ _ _ _ _ _ _ _ _ _ _ _ _ _ _ _ _ _ _ \n\nFilePath = '/home/runner/work/WebAutomationTestingFramework/WebAutomationTestingFramework/Downloads/Veritec-users@20-Apr-2023.csv'\n\n    def verifyFileDownloadedCorrectly(FilePath):\n>       assert os.path.exists(FilePath)\nE       AssertionError\n\nbase_helpers.py:239: AssertionError","flaky":true,"newFailed":false,"newBroken":false,"newPassed":false,"retriesCount":2,"retriesStatusChange":false,"beforeStages":[{"name":"driver","time":{"start":1681978642011,"stop":1681978642872,"duration":861},"status":"passed","steps":[],"attachments":[],"parameters":[],"stepsCount":0,"attachmentsCount":0,"shouldDisplayMessage":false,"hasContent":false}],"testStage":{"status":"failed","statusMessage":"AssertionError","statusTrace":"driver = <selenium.webdriver.chrome.webdriver.WebDriver (session=\"71b7f0ffee2f1cde4b6a380713eed517\")>\n\n    @allure.feature(\"Users Feature\")\n    @allure.story(\"Verify If Exported CSV Users file has the exact data matches with table\")\n    @allure.severity(allure.severity_level.NORMAL)\n    @pytest.mark.regression\n    @pytest.mark.sanity\n    def test_UsersVerifyIfExportedCSVFileDataMatchesWithWebTableData(driver):\n        VisitUsersPageWithLogin(driver)\n        with allure.step('And Check if CSV file downloaded correctly'):\n            fileName = Storage.downloadsPath + \\\n                find_byXpath(csvFileEXPORTNAME, driver).get_attribute(\n                    \"download\") + '.csv'\n>           downloadAndVerifyCSVExportedFile(driver)\n\nTests/test_users.py:54: \n_ _ _ _ _ _ _ _ _ _ _ _ _ _ _ _ _ _ _ _ _ _ _ _ _ _ _ _ _ _ _ _ _ _ _ _ _ _ _ _ \nTests/test_temprory_worker.py:53: in downloadAndVerifyCSVExportedFile\n    verifyFileDownloadedCorrectly(FilePath=fileName)\n_ _ _ _ _ _ _ _ _ _ _ _ _ _ _ _ _ _ _ _ _ _ _ _ _ _ _ _ _ _ _ _ _ _ _ _ _ _ _ _ \n\nFilePath = '/home/runner/work/WebAutomationTestingFramework/WebAutomationTestingFramework/Downloads/Veritec-users@20-Apr-2023.csv'\n\n    def verifyFileDownloadedCorrectly(FilePath):\n>       assert os.path.exists(FilePath)\nE       AssertionError\n\nbase_helpers.py:239: AssertionError","steps":[{"name":"Given Go to the \"Base\" url","time":{"start":1681978642873,"stop":1681978643596,"duration":723},"status":"passed","steps":[],"attachments":[],"parameters":[],"stepsCount":0,"attachmentsCount":0,"shouldDisplayMessage":false,"hasContent":false},{"name":"Then Verify user is on Login screen","time":{"start":1681978643596,"stop":1681978643647,"duration":51},"status":"passed","steps":[],"attachments":[],"parameters":[],"stepsCount":0,"attachmentsCount":0,"shouldDisplayMessage":false,"hasContent":false},{"name":"When User fills \"Valid\" form data on \"login\" screen","time":{"start":1681978643647,"stop":1681978644132,"duration":485},"status":"passed","steps":[],"attachments":[],"parameters":[],"stepsCount":0,"attachmentsCount":0,"shouldDisplayMessage":false,"hasContent":false},{"name":"Then Verify user is on \"HomePage\" screen","time":{"start":1681978644132,"stop":1681978646039,"duration":1907},"status":"passed","steps":[],"attachments":[],"parameters":[],"stepsCount":0,"attachmentsCount":0,"shouldDisplayMessage":false,"hasContent":false},{"name":"Then User clicks \"Users\" button on \"Homepage\" screen","time":{"start":1681978646039,"stop":1681978646144,"duration":105},"status":"passed","steps":[],"attachments":[],"parameters":[],"stepsCount":0,"attachmentsCount":0,"shouldDisplayMessage":false,"hasContent":false},{"name":"And User Should see \"active-user\" in the url","time":{"start":1681978646144,"stop":1681978646179,"duration":35},"status":"passed","steps":[],"attachments":[],"parameters":[],"stepsCount":0,"attachmentsCount":0,"shouldDisplayMessage":false,"hasContent":false},{"name":"And Check if CSV file downloaded correctly","time":{"start":1681978646180,"stop":1681978661739,"duration":15559},"status":"failed","statusMessage":"AssertionError\n","statusTrace":"  File \"/home/runner/work/WebAutomationTestingFramework/WebAutomationTestingFramework/Tests/test_users.py\", line 54, in test_UsersVerifyIfExportedCSVFileDataMatchesWithWebTableData\n    downloadAndVerifyCSVExportedFile(driver)\n  File \"/home/runner/work/WebAutomationTestingFramework/WebAutomationTestingFramework/Tests/test_temprory_worker.py\", line 53, in downloadAndVerifyCSVExportedFile\n    verifyFileDownloadedCorrectly(FilePath=fileName)\n  File \"/home/runner/work/WebAutomationTestingFramework/WebAutomationTestingFramework/base_helpers.py\", line 239, in verifyFileDownloadedCorrectly\n    assert os.path.exists(FilePath)\n","steps":[{"name":"And Check if CSV file downloaded correctly","time":{"start":1681978646207,"stop":1681978661739,"duration":15532},"status":"failed","statusMessage":"AssertionError\n","statusTrace":"  File \"/home/runner/work/WebAutomationTestingFramework/WebAutomationTestingFramework/Tests/test_temprory_worker.py\", line 53, in downloadAndVerifyCSVExportedFile\n    verifyFileDownloadedCorrectly(FilePath=fileName)\n  File \"/home/runner/work/WebAutomationTestingFramework/WebAutomationTestingFramework/base_helpers.py\", line 239, in verifyFileDownloadedCorrectly\n    assert os.path.exists(FilePath)\n","steps":[],"attachments":[],"parameters":[],"stepsCount":0,"attachmentsCount":0,"shouldDisplayMessage":true,"hasContent":true}],"attachments":[],"parameters":[],"stepsCount":1,"attachmentsCount":0,"shouldDisplayMessage":false,"hasContent":true}],"attachments":[{"uid":"9fcb9c4993ddb329","name":"screenshot","source":"9fcb9c4993ddb329.png","type":"image/png","size":195639},{"uid":"7c96323fa2896174","name":"stdout","source":"7c96323fa2896174.txt","type":"text/plain","size":3348}],"parameters":[],"stepsCount":8,"attachmentsCount":2,"shouldDisplayMessage":true,"hasContent":true},"afterStages":[{"name":"driver::0","time":{"start":1681978661955,"stop":1681978662054,"duration":99},"status":"passed","steps":[],"attachments":[],"parameters":[],"stepsCount":0,"attachmentsCount":0,"shouldDisplayMessage":false,"hasContent":false}],"labels":[{"name":"severity","value":"normal"},{"name":"story","value":"Verify If Exported CSV Users file has the exact data matches with table"},{"name":"feature","value":"Users Feature"},{"name":"tag","value":"sanity"},{"name":"tag","value":"regression"},{"name":"parentSuite","value":"Tests"},{"name":"suite","value":"test_users"},{"name":"host","value":"fv-az646-934"},{"name":"thread","value":"2349-MainThread"},{"name":"framework","value":"pytest"},{"name":"language","value":"cpython3"},{"name":"package","value":"Tests.test_users"},{"name":"resultFormat","value":"allure2"}],"parameters":[],"links":[],"hidden":false,"retry":false,"extra":{"severity":"normal","retries":[{"uid":"5a3e5808de8dd417","status":"failed","statusDetails":"AssertionError","time":{"start":1681978625084,"stop":1681978641733,"duration":16649}},{"uid":"10c6d543d6aa2b41","status":"failed","statusDetails":"AssertionError","time":{"start":1681978607068,"stop":1681978623919,"duration":16851}}],"categories":[{"name":"Product defects","matchedStatuses":[],"flaky":false}],"history":{"statistic":{"failed":3,"broken":0,"skipped":0,"passed":2,"unknown":0,"total":5},"items":[{"uid":"4340931a840ef001","reportUrl":"https://HassanAbbas7357.github.io/WebAutomationTestingFramework/30//#testresult/4340931a840ef001","status":"failed","statusDetails":"AssertionError","time":{"start":1681971557504,"stop":1681971574378,"duration":16874}},{"uid":"9b36f7b38c06bde7","reportUrl":"https://HassanAbbas7357.github.io/WebAutomationTestingFramework/25//#testresult/9b36f7b38c06bde7","status":"passed","time":{"start":1681967536262,"stop":1681967562806,"duration":26544}},{"uid":"6f43faabd1034805","reportUrl":"https://HassanAbbas7357.github.io/WebAutomationTestingFramework/24//#testresult/6f43faabd1034805","status":"failed","statusDetails":"AssertionError","time":{"start":1681967087638,"stop":1681967107760,"duration":20122}},{"uid":"f8057b1e25c5d8c","reportUrl":"https://HassanAbbas7357.github.io/WebAutomationTestingFramework/22//#testresult/f8057b1e25c5d8c","status":"passed","time":{"start":1681965595385,"stop":1681965622632,"duration":27247}}]},"tags":["regression","sanity"]},"source":"ff05f3a7db3468df.json","parameterValues":[]}