{"uid":"7d4a5c89aa406ec1","name":"test_TemporaryWorkerDeleteLast","fullName":"Tests.test_temprory_worker#test_TemporaryWorkerDeleteLast","historyId":"20a3816ba2d34886e4e037d9fef51ba4","time":{"start":1681966726078,"stop":1681966760698,"duration":34620},"status":"failed","statusMessage":"Failed: Element not visible with xpath : //span[text()=\"Temporary Worker Deleted Successfully\"]","statusTrace":"xpath = '//span[text()=\"Temporary Worker Deleted Successfully\"]'\ndriver = <selenium.webdriver.chrome.webdriver.WebDriver (session=\"311e130e3f0bc13b2c9afde3c038d11e\")>\n\n    def verify_visibility_of_element_located(xpath, driver):\n        try:\n>           WebDriverWait(driver, waitTimer).until(EC.element_to_be_clickable((By.XPATH, xpath)))\n\nbase_helpers.py:137: \n_ _ _ _ _ _ _ _ _ _ _ _ _ _ _ _ _ _ _ _ _ _ _ _ _ _ _ _ _ _ _ _ _ _ _ _ _ _ _ _ \n\nself = <selenium.webdriver.support.wait.WebDriverWait (session=\"311e130e3f0bc13b2c9afde3c038d11e\")>\nmethod = <function element_to_be_clickable.<locals>._predicate at 0x7f623bcd8f40>\nmessage = ''\n\n    def until(self, method, message: str = \"\"):\n        \"\"\"Calls the method provided with the driver as an argument until the \\\n        return value does not evaluate to ``False``.\n    \n        :param method: callable(WebDriver)\n        :param message: optional message for :exc:`TimeoutException`\n        :returns: the result of the last call to `method`\n        :raises: :exc:`selenium.common.exceptions.TimeoutException` if timeout occurs\n        \"\"\"\n        screen = None\n        stacktrace = None\n    \n        end_time = time.monotonic() + self._timeout\n        while True:\n            try:\n                value = method(self._driver)\n                if value:\n                    return value\n            except self._ignored_exceptions as exc:\n                screen = getattr(exc, \"screen\", None)\n                stacktrace = getattr(exc, \"stacktrace\", None)\n            time.sleep(self._poll)\n            if time.monotonic() > end_time:\n                break\n>       raise TimeoutException(message, screen, stacktrace)\nE       selenium.common.exceptions.TimeoutException: Message: \nE       Stacktrace:\nE       #0 0x557a80ecbfe3 <unknown>\nE       #1 0x557a80c0ad36 <unknown>\nE       #2 0x557a80c47c4d <unknown>\nE       #3 0x557a80c47d61 <unknown>\nE       #4 0x557a80c836a4 <unknown>\nE       #5 0x557a80c688ed <unknown>\nE       #6 0x557a80c81232 <unknown>\nE       #7 0x557a80c68693 <unknown>\nE       #8 0x557a80c3b03a <unknown>\nE       #9 0x557a80c3c17e <unknown>\nE       #10 0x557a80e8ddbd <unknown>\nE       #11 0x557a80e91c6c <unknown>\nE       #12 0x557a80e9b4b0 <unknown>\nE       #13 0x557a80e92d63 <unknown>\nE       #14 0x557a80e65c35 <unknown>\nE       #15 0x557a80eb6138 <unknown>\nE       #16 0x557a80eb62c7 <unknown>\nE       #17 0x557a80ec4093 <unknown>\nE       #18 0x7ff3145f1b43 <unknown>\n\n/opt/hostedtoolcache/Python/3.11.3/x64/lib/python3.11/site-packages/selenium/webdriver/support/wait.py:95: TimeoutException\n\nDuring handling of the above exception, another exception occurred:\n\ndriver = <selenium.webdriver.chrome.webdriver.WebDriver (session=\"311e130e3f0bc13b2c9afde3c038d11e\")>\n\n    @allure.feature(\"Temporary Worker Feature\")\n    @allure.story(\"Delete First Temporary worker\")\n    @allure.severity(allure.severity_level.NORMAL)\n    @pytest.mark.regression\n    @pytest.mark.sanity\n    @pytest.mark.order(1)\n    def test_TemporaryWorkerDeleteLast(driver):\n        VisitTemporaryWorkerPageWithLogin(driver)\n        sortTableByIdDescendingOrder(driver)\n        with allure.step('And User select the last Item and Tap on Delete Button'):\n            find_byXpath(mainRowRadioButton, driver).click()\n            find_byXpath(mainDeleteButton, driver).click()\n            find_byXpathAndWait(mainDeleteYesButton, driver).click()\n        with allure.step('Then User should see a \"Temporary Worker Deleted\" message'):\n>           verify_visibility_of_element_located(mainTemporaryDelete_SuccessMessage_xpath, driver)\n\nTests/test_temprory_worker.py:300: \n_ _ _ _ _ _ _ _ _ _ _ _ _ _ _ _ _ _ _ _ _ _ _ _ _ _ _ _ _ _ _ _ _ _ _ _ _ _ _ _ \n\nxpath = '//span[text()=\"Temporary Worker Deleted Successfully\"]'\ndriver = <selenium.webdriver.chrome.webdriver.WebDriver (session=\"311e130e3f0bc13b2c9afde3c038d11e\")>\n\n    def verify_visibility_of_element_located(xpath, driver):\n        try:\n            WebDriverWait(driver, waitTimer).until(EC.element_to_be_clickable((By.XPATH, xpath)))\n        except (ElementNotVisibleException, TimeoutException):\n>           pytest.fail(\n                f\"Element not visible with xpath : {xpath}\")\nE           Failed: Element not visible with xpath : //span[text()=\"Temporary Worker Deleted Successfully\"]\n\nbase_helpers.py:139: Failed","flaky":false,"newFailed":false,"newBroken":false,"newPassed":false,"retriesCount":0,"retriesStatusChange":false,"beforeStages":[{"name":"driver","time":{"start":1681966723192,"stop":1681966726077,"duration":2885},"status":"passed","steps":[],"attachments":[],"parameters":[],"stepsCount":0,"attachmentsCount":0,"shouldDisplayMessage":false,"hasContent":false}],"testStage":{"status":"failed","statusMessage":"Failed: Element not visible with xpath : //span[text()=\"Temporary Worker Deleted Successfully\"]","statusTrace":"xpath = '//span[text()=\"Temporary Worker Deleted Successfully\"]'\ndriver = <selenium.webdriver.chrome.webdriver.WebDriver (session=\"311e130e3f0bc13b2c9afde3c038d11e\")>\n\n    def verify_visibility_of_element_located(xpath, driver):\n        try:\n>           WebDriverWait(driver, waitTimer).until(EC.element_to_be_clickable((By.XPATH, xpath)))\n\nbase_helpers.py:137: \n_ _ _ _ _ _ _ _ _ _ _ _ _ _ _ _ _ _ _ _ _ _ _ _ _ _ _ _ _ _ _ _ _ _ _ _ _ _ _ _ \n\nself = <selenium.webdriver.support.wait.WebDriverWait (session=\"311e130e3f0bc13b2c9afde3c038d11e\")>\nmethod = <function element_to_be_clickable.<locals>._predicate at 0x7f623bcd8f40>\nmessage = ''\n\n    def until(self, method, message: str = \"\"):\n        \"\"\"Calls the method provided with the driver as an argument until the \\\n        return value does not evaluate to ``False``.\n    \n        :param method: callable(WebDriver)\n        :param message: optional message for :exc:`TimeoutException`\n        :returns: the result of the last call to `method`\n        :raises: :exc:`selenium.common.exceptions.TimeoutException` if timeout occurs\n        \"\"\"\n        screen = None\n        stacktrace = None\n    \n        end_time = time.monotonic() + self._timeout\n        while True:\n            try:\n                value = method(self._driver)\n                if value:\n                    return value\n            except self._ignored_exceptions as exc:\n                screen = getattr(exc, \"screen\", None)\n                stacktrace = getattr(exc, \"stacktrace\", None)\n            time.sleep(self._poll)\n            if time.monotonic() > end_time:\n                break\n>       raise TimeoutException(message, screen, stacktrace)\nE       selenium.common.exceptions.TimeoutException: Message: \nE       Stacktrace:\nE       #0 0x557a80ecbfe3 <unknown>\nE       #1 0x557a80c0ad36 <unknown>\nE       #2 0x557a80c47c4d <unknown>\nE       #3 0x557a80c47d61 <unknown>\nE       #4 0x557a80c836a4 <unknown>\nE       #5 0x557a80c688ed <unknown>\nE       #6 0x557a80c81232 <unknown>\nE       #7 0x557a80c68693 <unknown>\nE       #8 0x557a80c3b03a <unknown>\nE       #9 0x557a80c3c17e <unknown>\nE       #10 0x557a80e8ddbd <unknown>\nE       #11 0x557a80e91c6c <unknown>\nE       #12 0x557a80e9b4b0 <unknown>\nE       #13 0x557a80e92d63 <unknown>\nE       #14 0x557a80e65c35 <unknown>\nE       #15 0x557a80eb6138 <unknown>\nE       #16 0x557a80eb62c7 <unknown>\nE       #17 0x557a80ec4093 <unknown>\nE       #18 0x7ff3145f1b43 <unknown>\n\n/opt/hostedtoolcache/Python/3.11.3/x64/lib/python3.11/site-packages/selenium/webdriver/support/wait.py:95: TimeoutException\n\nDuring handling of the above exception, another exception occurred:\n\ndriver = <selenium.webdriver.chrome.webdriver.WebDriver (session=\"311e130e3f0bc13b2c9afde3c038d11e\")>\n\n    @allure.feature(\"Temporary Worker Feature\")\n    @allure.story(\"Delete First Temporary worker\")\n    @allure.severity(allure.severity_level.NORMAL)\n    @pytest.mark.regression\n    @pytest.mark.sanity\n    @pytest.mark.order(1)\n    def test_TemporaryWorkerDeleteLast(driver):\n        VisitTemporaryWorkerPageWithLogin(driver)\n        sortTableByIdDescendingOrder(driver)\n        with allure.step('And User select the last Item and Tap on Delete Button'):\n            find_byXpath(mainRowRadioButton, driver).click()\n            find_byXpath(mainDeleteButton, driver).click()\n            find_byXpathAndWait(mainDeleteYesButton, driver).click()\n        with allure.step('Then User should see a \"Temporary Worker Deleted\" message'):\n>           verify_visibility_of_element_located(mainTemporaryDelete_SuccessMessage_xpath, driver)\n\nTests/test_temprory_worker.py:300: \n_ _ _ _ _ _ _ _ _ _ _ _ _ _ _ _ _ _ _ _ _ _ _ _ _ _ _ _ _ _ _ _ _ _ _ _ _ _ _ _ \n\nxpath = '//span[text()=\"Temporary Worker Deleted Successfully\"]'\ndriver = <selenium.webdriver.chrome.webdriver.WebDriver (session=\"311e130e3f0bc13b2c9afde3c038d11e\")>\n\n    def verify_visibility_of_element_located(xpath, driver):\n        try:\n            WebDriverWait(driver, waitTimer).until(EC.element_to_be_clickable((By.XPATH, xpath)))\n        except (ElementNotVisibleException, TimeoutException):\n>           pytest.fail(\n                f\"Element not visible with xpath : {xpath}\")\nE           Failed: Element not visible with xpath : //span[text()=\"Temporary Worker Deleted Successfully\"]\n\nbase_helpers.py:139: Failed","steps":[{"name":"Given Go to the \"Base\" url","time":{"start":1681966726078,"stop":1681966726796,"duration":718},"status":"passed","steps":[],"attachments":[],"parameters":[],"stepsCount":0,"attachmentsCount":0,"shouldDisplayMessage":false,"hasContent":false},{"name":"Then Verify user is on Login screen","time":{"start":1681966726796,"stop":1681966726919,"duration":123},"status":"passed","steps":[],"attachments":[],"parameters":[],"stepsCount":0,"attachmentsCount":0,"shouldDisplayMessage":false,"hasContent":false},{"name":"When User fills \"Valid\" form data on \"login\" screen","time":{"start":1681966726919,"stop":1681966727692,"duration":773},"status":"passed","steps":[],"attachments":[],"parameters":[],"stepsCount":0,"attachmentsCount":0,"shouldDisplayMessage":false,"hasContent":false},{"name":"Then Verify user is on \"HomePage\" screen","time":{"start":1681966727692,"stop":1681966728330,"duration":638},"status":"passed","steps":[],"attachments":[],"parameters":[],"stepsCount":0,"attachmentsCount":0,"shouldDisplayMessage":false,"hasContent":false},{"name":"Then User clicks \"Temporary Worker\" button on \"Homepage\" screen","time":{"start":1681966728635,"stop":1681966729080,"duration":445},"status":"passed","steps":[],"attachments":[],"parameters":[],"stepsCount":0,"attachmentsCount":0,"shouldDisplayMessage":false,"hasContent":false},{"name":"And User select the last Item and Tap on Delete Button","time":{"start":1681966744979,"stop":1681966745584,"duration":605},"status":"passed","steps":[],"attachments":[],"parameters":[],"stepsCount":0,"attachmentsCount":0,"shouldDisplayMessage":false,"hasContent":false},{"name":"Then User should see a \"Temporary Worker Deleted\" message","time":{"start":1681966745584,"stop":1681966760696,"duration":15112},"status":"failed","statusMessage":"Failed: Element not visible with xpath : //span[text()=\"Temporary Worker Deleted Successfully\"]\n","statusTrace":"  File \"/home/runner/work/WebAutomationTestingFramework/WebAutomationTestingFramework/Tests/test_temprory_worker.py\", line 300, in test_TemporaryWorkerDeleteLast\n    verify_visibility_of_element_located(mainTemporaryDelete_SuccessMessage_xpath, driver)\n  File \"/home/runner/work/WebAutomationTestingFramework/WebAutomationTestingFramework/base_helpers.py\", line 139, in verify_visibility_of_element_located\n    pytest.fail(\n  File \"/opt/hostedtoolcache/Python/3.11.3/x64/lib/python3.11/site-packages/_pytest/outcomes.py\", line 198, in fail\n    raise Failed(msg=reason, pytrace=pytrace)\n","steps":[],"attachments":[],"parameters":[],"stepsCount":0,"attachmentsCount":0,"shouldDisplayMessage":true,"hasContent":true}],"attachments":[{"uid":"d3b7790ce5d277f9","name":"screenshot","source":"d3b7790ce5d277f9.png","type":"image/png","size":201056},{"uid":"19feb465fc5e64a","name":"stdout","source":"19feb465fc5e64a.txt","type":"text/plain","size":1397},{"uid":"a6c894a44be47886","name":"stderr","source":"a6c894a44be47886.txt","type":"text/plain","size":159}],"parameters":[],"stepsCount":7,"attachmentsCount":3,"shouldDisplayMessage":true,"hasContent":true},"afterStages":[{"name":"driver::0","time":{"start":1681966760976,"stop":1681966761101,"duration":125},"status":"passed","steps":[],"attachments":[],"parameters":[],"stepsCount":0,"attachmentsCount":0,"shouldDisplayMessage":false,"hasContent":false}],"labels":[{"name":"severity","value":"normal"},{"name":"feature","value":"Temporary Worker Feature"},{"name":"story","value":"Delete First Temporary worker"},{"name":"tag","value":"order(1)"},{"name":"tag","value":"sanity"},{"name":"tag","value":"regression"},{"name":"parentSuite","value":"Tests"},{"name":"suite","value":"test_temprory_worker"},{"name":"host","value":"fv-az563-84"},{"name":"thread","value":"2379-MainThread"},{"name":"framework","value":"pytest"},{"name":"language","value":"cpython3"},{"name":"package","value":"Tests.test_temprory_worker"},{"name":"resultFormat","value":"allure2"}],"parameters":[],"links":[],"hidden":true,"retry":true,"extra":{"categories":[],"tags":["order(1)","regression","sanity"]},"source":"7d4a5c89aa406ec1.json","parameterValues":[]}