{"uid":"6f43faabd1034805","name":"test_UsersVerifyIfExportedCSVFileDataMatchesWithWebTableData","fullName":"Tests.test_users#test_UsersVerifyIfExportedCSVFileDataMatchesWithWebTableData","historyId":"b93ad4666b0fa0afe3c51eb3507b45d1","time":{"start":1681967087638,"stop":1681967107760,"duration":20122},"status":"failed","statusMessage":"AssertionError","statusTrace":"driver = <selenium.webdriver.chrome.webdriver.WebDriver (session=\"672092996da673c716e36ab2a9ff6566\")>\n\n    @allure.feature(\"Users Feature\")\n    @allure.story(\"Verify If Exported CSV Users file has the exact data matches with table\")\n    @allure.severity(allure.severity_level.NORMAL)\n    @pytest.mark.regression\n    @pytest.mark.sanity\n    def test_UsersVerifyIfExportedCSVFileDataMatchesWithWebTableData(driver):\n        VisitUsersPageWithLogin(driver)\n        with allure.step('And Check if CSV file downloaded correctly'):\n            fileName = Storage.downloadsPath + find_byXpath(csvFileEXPORTNAME, driver).get_attribute(\"download\") + '.csv'\n>           downloadAndVerifyCSVExportedFile(driver)\n\nTests/test_users.py:53: \n_ _ _ _ _ _ _ _ _ _ _ _ _ _ _ _ _ _ _ _ _ _ _ _ _ _ _ _ _ _ _ _ _ _ _ _ _ _ _ _ \nTests/test_temprory_worker.py:53: in downloadAndVerifyCSVExportedFile\n    verifyFileDownloadedCorrectly(FilePath=fileName)\n_ _ _ _ _ _ _ _ _ _ _ _ _ _ _ _ _ _ _ _ _ _ _ _ _ _ _ _ _ _ _ _ _ _ _ _ _ _ _ _ \n\nFilePath = '/home/runner/work/WebAutomationTestingFramework/WebAutomationTestingFramework/Downloads/Veritec-users@20-Apr-2023.csv'\n\n    def verifyFileDownloadedCorrectly(FilePath):\n>       assert os.path.exists(FilePath)\nE       AssertionError\n\nbase_helpers.py:239: AssertionError","flaky":false,"newFailed":true,"newBroken":false,"newPassed":false,"retriesCount":2,"retriesStatusChange":false,"beforeStages":[{"name":"driver","time":{"start":1681967086342,"stop":1681967087638,"duration":1296},"status":"passed","steps":[],"attachments":[],"parameters":[],"stepsCount":0,"attachmentsCount":0,"shouldDisplayMessage":false,"hasContent":false}],"testStage":{"status":"failed","statusMessage":"AssertionError","statusTrace":"driver = <selenium.webdriver.chrome.webdriver.WebDriver (session=\"672092996da673c716e36ab2a9ff6566\")>\n\n    @allure.feature(\"Users Feature\")\n    @allure.story(\"Verify If Exported CSV Users file has the exact data matches with table\")\n    @allure.severity(allure.severity_level.NORMAL)\n    @pytest.mark.regression\n    @pytest.mark.sanity\n    def test_UsersVerifyIfExportedCSVFileDataMatchesWithWebTableData(driver):\n        VisitUsersPageWithLogin(driver)\n        with allure.step('And Check if CSV file downloaded correctly'):\n            fileName = Storage.downloadsPath + find_byXpath(csvFileEXPORTNAME, driver).get_attribute(\"download\") + '.csv'\n>           downloadAndVerifyCSVExportedFile(driver)\n\nTests/test_users.py:53: \n_ _ _ _ _ _ _ _ _ _ _ _ _ _ _ _ _ _ _ _ _ _ _ _ _ _ _ _ _ _ _ _ _ _ _ _ _ _ _ _ \nTests/test_temprory_worker.py:53: in downloadAndVerifyCSVExportedFile\n    verifyFileDownloadedCorrectly(FilePath=fileName)\n_ _ _ _ _ _ _ _ _ _ _ _ _ _ _ _ _ _ _ _ _ _ _ _ _ _ _ _ _ _ _ _ _ _ _ _ _ _ _ _ \n\nFilePath = '/home/runner/work/WebAutomationTestingFramework/WebAutomationTestingFramework/Downloads/Veritec-users@20-Apr-2023.csv'\n\n    def verifyFileDownloadedCorrectly(FilePath):\n>       assert os.path.exists(FilePath)\nE       AssertionError\n\nbase_helpers.py:239: AssertionError","steps":[{"name":"Given Go to the \"Base\" url","time":{"start":1681967087638,"stop":1681967088761,"duration":1123},"status":"passed","steps":[],"attachments":[],"parameters":[],"stepsCount":0,"attachmentsCount":0,"shouldDisplayMessage":false,"hasContent":false},{"name":"Then Verify user is on Login screen","time":{"start":1681967088761,"stop":1681967088858,"duration":97},"status":"passed","steps":[],"attachments":[],"parameters":[],"stepsCount":0,"attachmentsCount":0,"shouldDisplayMessage":false,"hasContent":false},{"name":"When User fills \"Valid\" form data on \"login\" screen","time":{"start":1681967088858,"stop":1681967089986,"duration":1128},"status":"passed","steps":[],"attachments":[],"parameters":[],"stepsCount":0,"attachmentsCount":0,"shouldDisplayMessage":false,"hasContent":false},{"name":"Then Verify user is on \"HomePage\" screen","time":{"start":1681967089986,"stop":1681967091964,"duration":1978},"status":"passed","steps":[],"attachments":[],"parameters":[],"stepsCount":0,"attachmentsCount":0,"shouldDisplayMessage":false,"hasContent":false},{"name":"Then User clicks \"Users\" button on \"Homepage\" screen","time":{"start":1681967091964,"stop":1681967092166,"duration":202},"status":"passed","steps":[],"attachments":[],"parameters":[],"stepsCount":0,"attachmentsCount":0,"shouldDisplayMessage":false,"hasContent":false},{"name":"And User Should see \"active-user\" in the url","time":{"start":1681967092166,"stop":1681967092223,"duration":57},"status":"passed","steps":[],"attachments":[],"parameters":[],"stepsCount":0,"attachmentsCount":0,"shouldDisplayMessage":false,"hasContent":false},{"name":"And Check if CSV file downloaded correctly","time":{"start":1681967092223,"stop":1681967107760,"duration":15537},"status":"failed","statusMessage":"AssertionError\n","statusTrace":"  File \"/home/runner/work/WebAutomationTestingFramework/WebAutomationTestingFramework/Tests/test_users.py\", line 53, in test_UsersVerifyIfExportedCSVFileDataMatchesWithWebTableData\n    downloadAndVerifyCSVExportedFile(driver)\n  File \"/home/runner/work/WebAutomationTestingFramework/WebAutomationTestingFramework/Tests/test_temprory_worker.py\", line 53, in downloadAndVerifyCSVExportedFile\n    verifyFileDownloadedCorrectly(FilePath=fileName)\n  File \"/home/runner/work/WebAutomationTestingFramework/WebAutomationTestingFramework/base_helpers.py\", line 239, in verifyFileDownloadedCorrectly\n    assert os.path.exists(FilePath)\n","steps":[{"name":"And Check if CSV file downloaded correctly","time":{"start":1681967092270,"stop":1681967107759,"duration":15489},"status":"failed","statusMessage":"AssertionError\n","statusTrace":"  File \"/home/runner/work/WebAutomationTestingFramework/WebAutomationTestingFramework/Tests/test_temprory_worker.py\", line 53, in downloadAndVerifyCSVExportedFile\n    verifyFileDownloadedCorrectly(FilePath=fileName)\n  File \"/home/runner/work/WebAutomationTestingFramework/WebAutomationTestingFramework/base_helpers.py\", line 239, in verifyFileDownloadedCorrectly\n    assert os.path.exists(FilePath)\n","steps":[],"attachments":[],"parameters":[],"stepsCount":0,"attachmentsCount":0,"shouldDisplayMessage":true,"hasContent":true}],"attachments":[],"parameters":[],"stepsCount":1,"attachmentsCount":0,"shouldDisplayMessage":false,"hasContent":true}],"attachments":[{"uid":"946d1efe1a966fe","name":"screenshot","source":"946d1efe1a966fe.png","type":"image/png","size":194165}],"parameters":[],"stepsCount":8,"attachmentsCount":1,"shouldDisplayMessage":true,"hasContent":true},"afterStages":[{"name":"driver::0","time":{"start":1681967108204,"stop":1681967108298,"duration":94},"status":"passed","steps":[],"attachments":[],"parameters":[],"stepsCount":0,"attachmentsCount":0,"shouldDisplayMessage":false,"hasContent":false}],"labels":[{"name":"severity","value":"normal"},{"name":"feature","value":"Users Feature"},{"name":"story","value":"Verify If Exported CSV Users file has the exact data matches with table"},{"name":"tag","value":"sanity"},{"name":"tag","value":"regression"},{"name":"parentSuite","value":"Tests"},{"name":"suite","value":"test_users"},{"name":"host","value":"fv-az255-609"},{"name":"thread","value":"2382-MainThread"},{"name":"framework","value":"pytest"},{"name":"language","value":"cpython3"},{"name":"package","value":"Tests.test_users"},{"name":"resultFormat","value":"allure2"}],"parameters":[],"links":[],"hidden":false,"retry":false,"extra":{"severity":"normal","retries":[{"uid":"8624f2de19aa3dff","status":"failed","statusDetails":"AssertionError","time":{"start":1681967067829,"stop":1681967085943,"duration":18114}},{"uid":"c80630fb6595f68f","status":"failed","statusDetails":"AssertionError","time":{"start":1681967047612,"stop":1681967065789,"duration":18177}}],"categories":[{"name":"Product defects","matchedStatuses":[],"flaky":false}],"history":{"statistic":{"failed":1,"broken":0,"skipped":0,"passed":1,"unknown":0,"total":2},"items":[{"uid":"f8057b1e25c5d8c","reportUrl":"https://HassanAbbas7357.github.io/WebAutomationTestingFramework/22//#testresult/f8057b1e25c5d8c","status":"passed","time":{"start":1681965595385,"stop":1681965622632,"duration":27247}}]},"tags":["regression","sanity"]},"source":"6f43faabd1034805.json","parameterValues":[]}