{"uid":"8624f2de19aa3dff","name":"test_UsersVerifyIfExportedCSVFileDataMatchesWithWebTableData","fullName":"Tests.test_users#test_UsersVerifyIfExportedCSVFileDataMatchesWithWebTableData","historyId":"b93ad4666b0fa0afe3c51eb3507b45d1","time":{"start":1681967067829,"stop":1681967085943,"duration":18114},"status":"failed","statusMessage":"AssertionError","statusTrace":"driver = <selenium.webdriver.chrome.webdriver.WebDriver (session=\"37be2653e232f1c8dbb885fc04ab5390\")>\n\n    @allure.feature(\"Users Feature\")\n    @allure.story(\"Verify If Exported CSV Users file has the exact data matches with table\")\n    @allure.severity(allure.severity_level.NORMAL)\n    @pytest.mark.regression\n    @pytest.mark.sanity\n    def test_UsersVerifyIfExportedCSVFileDataMatchesWithWebTableData(driver):\n        VisitUsersPageWithLogin(driver)\n        with allure.step('And Check if CSV file downloaded correctly'):\n            fileName = Storage.downloadsPath + find_byXpath(csvFileEXPORTNAME, driver).get_attribute(\"download\") + '.csv'\n>           downloadAndVerifyCSVExportedFile(driver)\n\nTests/test_users.py:53: \n_ _ _ _ _ _ _ _ _ _ _ _ _ _ _ _ _ _ _ _ _ _ _ _ _ _ _ _ _ _ _ _ _ _ _ _ _ _ _ _ \nTests/test_temprory_worker.py:53: in downloadAndVerifyCSVExportedFile\n    verifyFileDownloadedCorrectly(FilePath=fileName)\n_ _ _ _ _ _ _ _ _ _ _ _ _ _ _ _ _ _ _ _ _ _ _ _ _ _ _ _ _ _ _ _ _ _ _ _ _ _ _ _ \n\nFilePath = '/home/runner/work/WebAutomationTestingFramework/WebAutomationTestingFramework/Downloads/Veritec-users@20-Apr-2023.csv'\n\n    def verifyFileDownloadedCorrectly(FilePath):\n>       assert os.path.exists(FilePath)\nE       AssertionError\n\nbase_helpers.py:239: AssertionError","flaky":false,"newFailed":false,"newBroken":false,"newPassed":false,"retriesCount":0,"retriesStatusChange":false,"beforeStages":[{"name":"driver","time":{"start":1681967066650,"stop":1681967067829,"duration":1179},"status":"passed","steps":[],"attachments":[],"parameters":[],"stepsCount":0,"attachmentsCount":0,"shouldDisplayMessage":false,"hasContent":false}],"testStage":{"status":"failed","statusMessage":"AssertionError","statusTrace":"driver = <selenium.webdriver.chrome.webdriver.WebDriver (session=\"37be2653e232f1c8dbb885fc04ab5390\")>\n\n    @allure.feature(\"Users Feature\")\n    @allure.story(\"Verify If Exported CSV Users file has the exact data matches with table\")\n    @allure.severity(allure.severity_level.NORMAL)\n    @pytest.mark.regression\n    @pytest.mark.sanity\n    def test_UsersVerifyIfExportedCSVFileDataMatchesWithWebTableData(driver):\n        VisitUsersPageWithLogin(driver)\n        with allure.step('And Check if CSV file downloaded correctly'):\n            fileName = Storage.downloadsPath + find_byXpath(csvFileEXPORTNAME, driver).get_attribute(\"download\") + '.csv'\n>           downloadAndVerifyCSVExportedFile(driver)\n\nTests/test_users.py:53: \n_ _ _ _ _ _ _ _ _ _ _ _ _ _ _ _ _ _ _ _ _ _ _ _ _ _ _ _ _ _ _ _ _ _ _ _ _ _ _ _ \nTests/test_temprory_worker.py:53: in downloadAndVerifyCSVExportedFile\n    verifyFileDownloadedCorrectly(FilePath=fileName)\n_ _ _ _ _ _ _ _ _ _ _ _ _ _ _ _ _ _ _ _ _ _ _ _ _ _ _ _ _ _ _ _ _ _ _ _ _ _ _ _ \n\nFilePath = '/home/runner/work/WebAutomationTestingFramework/WebAutomationTestingFramework/Downloads/Veritec-users@20-Apr-2023.csv'\n\n    def verifyFileDownloadedCorrectly(FilePath):\n>       assert os.path.exists(FilePath)\nE       AssertionError\n\nbase_helpers.py:239: AssertionError","steps":[{"name":"Given Go to the \"Base\" url","time":{"start":1681967067829,"stop":1681967068835,"duration":1006},"status":"passed","steps":[],"attachments":[],"parameters":[],"stepsCount":0,"attachmentsCount":0,"shouldDisplayMessage":false,"hasContent":false},{"name":"Then Verify user is on Login screen","time":{"start":1681967068835,"stop":1681967068886,"duration":51},"status":"passed","steps":[],"attachments":[],"parameters":[],"stepsCount":0,"attachmentsCount":0,"shouldDisplayMessage":false,"hasContent":false},{"name":"When User fills \"Valid\" form data on \"login\" screen","time":{"start":1681967068886,"stop":1681967069681,"duration":795},"status":"passed","steps":[],"attachments":[],"parameters":[],"stepsCount":0,"attachmentsCount":0,"shouldDisplayMessage":false,"hasContent":false},{"name":"Then Verify user is on \"HomePage\" screen","time":{"start":1681967069681,"stop":1681967070565,"duration":884},"status":"passed","steps":[],"attachments":[],"parameters":[],"stepsCount":0,"attachmentsCount":0,"shouldDisplayMessage":false,"hasContent":false},{"name":"Then User clicks \"Users\" button on \"Homepage\" screen","time":{"start":1681967070565,"stop":1681967070756,"duration":191},"status":"passed","steps":[],"attachments":[],"parameters":[],"stepsCount":0,"attachmentsCount":0,"shouldDisplayMessage":false,"hasContent":false},{"name":"And User Should see \"active-user\" in the url","time":{"start":1681967070756,"stop":1681967070819,"duration":63},"status":"passed","steps":[],"attachments":[],"parameters":[],"stepsCount":0,"attachmentsCount":0,"shouldDisplayMessage":false,"hasContent":false},{"name":"And Check if CSV file downloaded correctly","time":{"start":1681967070819,"stop":1681967085942,"duration":15123},"status":"failed","statusMessage":"AssertionError\n","statusTrace":"  File \"/home/runner/work/WebAutomationTestingFramework/WebAutomationTestingFramework/Tests/test_users.py\", line 53, in test_UsersVerifyIfExportedCSVFileDataMatchesWithWebTableData\n    downloadAndVerifyCSVExportedFile(driver)\n  File \"/home/runner/work/WebAutomationTestingFramework/WebAutomationTestingFramework/Tests/test_temprory_worker.py\", line 53, in downloadAndVerifyCSVExportedFile\n    verifyFileDownloadedCorrectly(FilePath=fileName)\n  File \"/home/runner/work/WebAutomationTestingFramework/WebAutomationTestingFramework/base_helpers.py\", line 239, in verifyFileDownloadedCorrectly\n    assert os.path.exists(FilePath)\n","steps":[{"name":"And Check if CSV file downloaded correctly","time":{"start":1681967070859,"stop":1681967085942,"duration":15083},"status":"failed","statusMessage":"AssertionError\n","statusTrace":"  File \"/home/runner/work/WebAutomationTestingFramework/WebAutomationTestingFramework/Tests/test_temprory_worker.py\", line 53, in downloadAndVerifyCSVExportedFile\n    verifyFileDownloadedCorrectly(FilePath=fileName)\n  File \"/home/runner/work/WebAutomationTestingFramework/WebAutomationTestingFramework/base_helpers.py\", line 239, in verifyFileDownloadedCorrectly\n    assert os.path.exists(FilePath)\n","steps":[],"attachments":[],"parameters":[],"stepsCount":0,"attachmentsCount":0,"shouldDisplayMessage":true,"hasContent":true}],"attachments":[],"parameters":[],"stepsCount":1,"attachmentsCount":0,"shouldDisplayMessage":false,"hasContent":true}],"attachments":[{"uid":"563cca1c90300aae","name":"screenshot","source":"563cca1c90300aae.png","type":"image/png","size":194165}],"parameters":[],"stepsCount":8,"attachmentsCount":1,"shouldDisplayMessage":true,"hasContent":true},"afterStages":[{"name":"driver::0","time":{"start":1681967086210,"stop":1681967086326,"duration":116},"status":"passed","steps":[],"attachments":[],"parameters":[],"stepsCount":0,"attachmentsCount":0,"shouldDisplayMessage":false,"hasContent":false}],"labels":[{"name":"severity","value":"normal"},{"name":"feature","value":"Users Feature"},{"name":"story","value":"Verify If Exported CSV Users file has the exact data matches with table"},{"name":"tag","value":"sanity"},{"name":"tag","value":"regression"},{"name":"parentSuite","value":"Tests"},{"name":"suite","value":"test_users"},{"name":"host","value":"fv-az255-609"},{"name":"thread","value":"2382-MainThread"},{"name":"framework","value":"pytest"},{"name":"language","value":"cpython3"},{"name":"package","value":"Tests.test_users"},{"name":"resultFormat","value":"allure2"}],"parameters":[],"links":[],"hidden":true,"retry":true,"extra":{"categories":[],"tags":["regression","sanity"]},"source":"8624f2de19aa3dff.json","parameterValues":[]}