{"uid":"99e0061a76f60308","name":"test_TemporaryWorkerAdd","fullName":"Tests.test_temprory_worker#test_TemporaryWorkerAdd","historyId":"58429ae5f9e707f85b850ae2181b686f","time":{"start":1681967016398,"stop":1681967032363,"duration":15965},"status":"broken","statusMessage":"selenium.common.exceptions.StaleElementReferenceException: Message: stale element reference: element is not attached to the page document\n  (Session info: chrome=112.0.5615.49)\nStacktrace:\n#0 0x556930e94fe3 <unknown>\n#1 0x556930bd3d36 <unknown>\n#2 0x556930bd7283 <unknown>\n#3 0x556930bd6ff2 <unknown>\n#4 0x556930bd730c <unknown>\n#5 0x556930c0ac9e <unknown>\n#6 0x556930c318c2 <unknown>\n#7 0x556930c05943 <unknown>\n#8 0x556930c31a8e <unknown>\n#9 0x556930c4a232 <unknown>\n#10 0x556930c31693 <unknown>\n#11 0x556930c0403a <unknown>\n#12 0x556930c0517e <unknown>\n#13 0x556930e56dbd <unknown>\n#14 0x556930e5ac6c <unknown>\n#15 0x556930e644b0 <unknown>\n#16 0x556930e5bd63 <unknown>\n#17 0x556930e2ec35 <unknown>\n#18 0x556930e7f138 <unknown>\n#19 0x556930e7f2c7 <unknown>\n#20 0x556930e8d093 <unknown>\n#21 0x7f75d09ffb43 <unknown>","statusTrace":"driver = <selenium.webdriver.chrome.webdriver.WebDriver (session=\"0c11d35d8810a4ed8f625546907ab6f4\")>\n\n    @allure.feature(\"Temporary Worker Feature\")\n    @allure.story(\"Add new temporary worker\")\n    @allure.severity(allure.severity_level.NORMAL)\n    @pytest.mark.regression\n    @pytest.mark.sanity\n    @flaky\n    def test_TemporaryWorkerAdd(driver):\n        global Email\n        VisitTemporary_WorkerPageWithSteps(driver)\n        populate_Bike()\n        populate_Car()\n        with allure.step('Then User fills \"All\" form data on \"Temporary Worker\" screen'):\n            fillUserPersonalData(driver)\n            fillEmployeeStatus(driver)\n            fillClientAndProjectInfo(driver)\n>           fillResidenceInfo(driver)\n\nTests/test_temprory_worker.py:252: \n_ _ _ _ _ _ _ _ _ _ _ _ _ _ _ _ _ _ _ _ _ _ _ _ _ _ _ _ _ _ _ _ _ _ _ _ _ _ _ _ \nTests/test_temprory_worker.py:161: in fillResidenceInfo\n    TW.BedNumber = find_Elements_byXpathAndWait_getText(HouseBedList_xpath, driver)[0]\nbase_helpers.py:106: in find_Elements_byXpathAndWait_getText\n    return list((i.text for i in find_Elements_byXpathAndWait(xpath, driver)))\nbase_helpers.py:106: in <genexpr>\n    return list((i.text for i in find_Elements_byXpathAndWait(xpath, driver)))\n/opt/hostedtoolcache/Python/3.11.3/x64/lib/python3.11/site-packages/selenium/webdriver/remote/webelement.py:90: in text\n    return self._execute(Command.GET_ELEMENT_TEXT)[\"value\"]\n/opt/hostedtoolcache/Python/3.11.3/x64/lib/python3.11/site-packages/selenium/webdriver/remote/webelement.py:404: in _execute\n    return self._parent.execute(command, params)\n/opt/hostedtoolcache/Python/3.11.3/x64/lib/python3.11/site-packages/selenium/webdriver/remote/webdriver.py:440: in execute\n    self.error_handler.check_response(response)\n_ _ _ _ _ _ _ _ _ _ _ _ _ _ _ _ _ _ _ _ _ _ _ _ _ _ _ _ _ _ _ _ _ _ _ _ _ _ _ _ \n\nself = <selenium.webdriver.remote.errorhandler.ErrorHandler object at 0x7f4d4f8aa310>\nresponse = {'status': 404, 'value': '{\"value\":{\"error\":\"stale element reference\",\"message\":\"stale element reference: element is n...\\\\n#19 0x556930e7f2c7 \\\\u003Cunknown>\\\\n#20 0x556930e8d093 \\\\u003Cunknown>\\\\n#21 0x7f75d09ffb43 \\\\u003Cunknown>\\\\n\"}}'}\n\n    def check_response(self, response: Dict[str, Any]) -> None:\n        \"\"\"Checks that a JSON response from the WebDriver does not have an\n        error.\n    \n        :Args:\n         - response - The JSON response from the WebDriver server as a dictionary\n           object.\n    \n        :Raises: If the response contains an error message.\n        \"\"\"\n        status = response.get(\"status\", None)\n        if not status or status == ErrorCode.SUCCESS:\n            return\n        value = None\n        message = response.get(\"message\", \"\")\n        screen: str = response.get(\"screen\", \"\")\n        stacktrace = None\n        if isinstance(status, int):\n            value_json = response.get(\"value\", None)\n            if value_json and isinstance(value_json, str):\n                import json\n    \n                try:\n                    value = json.loads(value_json)\n                    if len(value) == 1:\n                        value = value[\"value\"]\n                    status = value.get(\"error\", None)\n                    if not status:\n                        status = value.get(\"status\", ErrorCode.UNKNOWN_ERROR)\n                        message = value.get(\"value\") or value.get(\"message\")\n                        if not isinstance(message, str):\n                            value = message\n                            message = message.get(\"message\")\n                    else:\n                        message = value.get(\"message\", None)\n                except ValueError:\n                    pass\n    \n        exception_class: Type[WebDriverException]\n        if status in ErrorCode.NO_SUCH_ELEMENT:\n            exception_class = NoSuchElementException\n        elif status in ErrorCode.NO_SUCH_FRAME:\n            exception_class = NoSuchFrameException\n        elif status in ErrorCode.NO_SUCH_SHADOW_ROOT:\n            exception_class = NoSuchShadowRootException\n        elif status in ErrorCode.NO_SUCH_WINDOW:\n            exception_class = NoSuchWindowException\n        elif status in ErrorCode.STALE_ELEMENT_REFERENCE:\n            exception_class = StaleElementReferenceException\n        elif status in ErrorCode.ELEMENT_NOT_VISIBLE:\n            exception_class = ElementNotVisibleException\n        elif status in ErrorCode.INVALID_ELEMENT_STATE:\n            exception_class = InvalidElementStateException\n        elif (\n            status in ErrorCode.INVALID_SELECTOR\n            or status in ErrorCode.INVALID_XPATH_SELECTOR\n            or status in ErrorCode.INVALID_XPATH_SELECTOR_RETURN_TYPER\n        ):\n            exception_class = InvalidSelectorException\n        elif status in ErrorCode.ELEMENT_IS_NOT_SELECTABLE:\n            exception_class = ElementNotSelectableException\n        elif status in ErrorCode.ELEMENT_NOT_INTERACTABLE:\n            exception_class = ElementNotInteractableException\n        elif status in ErrorCode.INVALID_COOKIE_DOMAIN:\n            exception_class = InvalidCookieDomainException\n        elif status in ErrorCode.UNABLE_TO_SET_COOKIE:\n            exception_class = UnableToSetCookieException\n        elif status in ErrorCode.TIMEOUT:\n            exception_class = TimeoutException\n        elif status in ErrorCode.SCRIPT_TIMEOUT:\n            exception_class = TimeoutException\n        elif status in ErrorCode.UNKNOWN_ERROR:\n            exception_class = WebDriverException\n        elif status in ErrorCode.UNEXPECTED_ALERT_OPEN:\n            exception_class = UnexpectedAlertPresentException\n        elif status in ErrorCode.NO_ALERT_OPEN:\n            exception_class = NoAlertPresentException\n        elif status in ErrorCode.IME_NOT_AVAILABLE:\n            exception_class = ImeNotAvailableException\n        elif status in ErrorCode.IME_ENGINE_ACTIVATION_FAILED:\n            exception_class = ImeActivationFailedException\n        elif status in ErrorCode.MOVE_TARGET_OUT_OF_BOUNDS:\n            exception_class = MoveTargetOutOfBoundsException\n        elif status in ErrorCode.JAVASCRIPT_ERROR:\n            exception_class = JavascriptException\n        elif status in ErrorCode.SESSION_NOT_CREATED:\n            exception_class = SessionNotCreatedException\n        elif status in ErrorCode.INVALID_ARGUMENT:\n            exception_class = InvalidArgumentException\n        elif status in ErrorCode.NO_SUCH_COOKIE:\n            exception_class = NoSuchCookieException\n        elif status in ErrorCode.UNABLE_TO_CAPTURE_SCREEN:\n            exception_class = ScreenshotException\n        elif status in ErrorCode.ELEMENT_CLICK_INTERCEPTED:\n            exception_class = ElementClickInterceptedException\n        elif status in ErrorCode.INSECURE_CERTIFICATE:\n            exception_class = InsecureCertificateException\n        elif status in ErrorCode.INVALID_COORDINATES:\n            exception_class = InvalidCoordinatesException\n        elif status in ErrorCode.INVALID_SESSION_ID:\n            exception_class = InvalidSessionIdException\n        elif status in ErrorCode.UNKNOWN_METHOD:\n            exception_class = UnknownMethodException\n        else:\n            exception_class = WebDriverException\n        if not value:\n            value = response[\"value\"]\n        if isinstance(value, str):\n            raise exception_class(value)\n        if message == \"\" and \"message\" in value:\n            message = value[\"message\"]\n    \n        screen = None  # type: ignore[assignment]\n        if \"screen\" in value:\n            screen = value[\"screen\"]\n    \n        stacktrace = None\n        st_value = value.get(\"stackTrace\") or value.get(\"stacktrace\")\n        if st_value:\n            if isinstance(st_value, str):\n                stacktrace = st_value.split(\"\\n\")\n            else:\n                stacktrace = []\n                try:\n                    for frame in st_value:\n                        line = frame.get(\"lineNumber\", \"\")\n                        file = frame.get(\"fileName\", \"<anonymous>\")\n                        if line:\n                            file = f\"{file}:{line}\"\n                        meth = frame.get(\"methodName\", \"<anonymous>\")\n                        if \"className\" in frame:\n                            meth = f\"{frame['className']}.{meth}\"\n                        msg = \"    at %s (%s)\"\n                        msg = msg % (meth, file)\n                        stacktrace.append(msg)\n                except TypeError:\n                    pass\n        if exception_class == UnexpectedAlertPresentException:\n            alert_text = None\n            if \"data\" in value:\n                alert_text = value[\"data\"].get(\"text\")\n            elif \"alert\" in value:\n                alert_text = value[\"alert\"].get(\"text\")\n            raise exception_class(message, screen, stacktrace, alert_text)  # type: ignore[call-arg]  # mypy is not smart enough here\n>       raise exception_class(message, screen, stacktrace)\nE       selenium.common.exceptions.StaleElementReferenceException: Message: stale element reference: element is not attached to the page document\nE         (Session info: chrome=112.0.5615.49)\nE       Stacktrace:\nE       #0 0x556930e94fe3 <unknown>\nE       #1 0x556930bd3d36 <unknown>\nE       #2 0x556930bd7283 <unknown>\nE       #3 0x556930bd6ff2 <unknown>\nE       #4 0x556930bd730c <unknown>\nE       #5 0x556930c0ac9e <unknown>\nE       #6 0x556930c318c2 <unknown>\nE       #7 0x556930c05943 <unknown>\nE       #8 0x556930c31a8e <unknown>\nE       #9 0x556930c4a232 <unknown>\nE       #10 0x556930c31693 <unknown>\nE       #11 0x556930c0403a <unknown>\nE       #12 0x556930c0517e <unknown>\nE       #13 0x556930e56dbd <unknown>\nE       #14 0x556930e5ac6c <unknown>\nE       #15 0x556930e644b0 <unknown>\nE       #16 0x556930e5bd63 <unknown>\nE       #17 0x556930e2ec35 <unknown>\nE       #18 0x556930e7f138 <unknown>\nE       #19 0x556930e7f2c7 <unknown>\nE       #20 0x556930e8d093 <unknown>\nE       #21 0x7f75d09ffb43 <unknown>\n\n/opt/hostedtoolcache/Python/3.11.3/x64/lib/python3.11/site-packages/selenium/webdriver/remote/errorhandler.py:245: StaleElementReferenceException","flaky":false,"newFailed":false,"newBroken":false,"newPassed":false,"retriesCount":2,"retriesStatusChange":false,"beforeStages":[{"name":"driver","time":{"start":1681967015229,"stop":1681967016398,"duration":1169},"status":"passed","steps":[],"attachments":[],"parameters":[],"stepsCount":0,"attachmentsCount":0,"shouldDisplayMessage":false,"hasContent":false}],"testStage":{"status":"broken","statusMessage":"selenium.common.exceptions.StaleElementReferenceException: Message: stale element reference: element is not attached to the page document\n  (Session info: chrome=112.0.5615.49)\nStacktrace:\n#0 0x556930e94fe3 <unknown>\n#1 0x556930bd3d36 <unknown>\n#2 0x556930bd7283 <unknown>\n#3 0x556930bd6ff2 <unknown>\n#4 0x556930bd730c <unknown>\n#5 0x556930c0ac9e <unknown>\n#6 0x556930c318c2 <unknown>\n#7 0x556930c05943 <unknown>\n#8 0x556930c31a8e <unknown>\n#9 0x556930c4a232 <unknown>\n#10 0x556930c31693 <unknown>\n#11 0x556930c0403a <unknown>\n#12 0x556930c0517e <unknown>\n#13 0x556930e56dbd <unknown>\n#14 0x556930e5ac6c <unknown>\n#15 0x556930e644b0 <unknown>\n#16 0x556930e5bd63 <unknown>\n#17 0x556930e2ec35 <unknown>\n#18 0x556930e7f138 <unknown>\n#19 0x556930e7f2c7 <unknown>\n#20 0x556930e8d093 <unknown>\n#21 0x7f75d09ffb43 <unknown>","statusTrace":"driver = <selenium.webdriver.chrome.webdriver.WebDriver (session=\"0c11d35d8810a4ed8f625546907ab6f4\")>\n\n    @allure.feature(\"Temporary Worker Feature\")\n    @allure.story(\"Add new temporary worker\")\n    @allure.severity(allure.severity_level.NORMAL)\n    @pytest.mark.regression\n    @pytest.mark.sanity\n    @flaky\n    def test_TemporaryWorkerAdd(driver):\n        global Email\n        VisitTemporary_WorkerPageWithSteps(driver)\n        populate_Bike()\n        populate_Car()\n        with allure.step('Then User fills \"All\" form data on \"Temporary Worker\" screen'):\n            fillUserPersonalData(driver)\n            fillEmployeeStatus(driver)\n            fillClientAndProjectInfo(driver)\n>           fillResidenceInfo(driver)\n\nTests/test_temprory_worker.py:252: \n_ _ _ _ _ _ _ _ _ _ _ _ _ _ _ _ _ _ _ _ _ _ _ _ _ _ _ _ _ _ _ _ _ _ _ _ _ _ _ _ \nTests/test_temprory_worker.py:161: in fillResidenceInfo\n    TW.BedNumber = find_Elements_byXpathAndWait_getText(HouseBedList_xpath, driver)[0]\nbase_helpers.py:106: in find_Elements_byXpathAndWait_getText\n    return list((i.text for i in find_Elements_byXpathAndWait(xpath, driver)))\nbase_helpers.py:106: in <genexpr>\n    return list((i.text for i in find_Elements_byXpathAndWait(xpath, driver)))\n/opt/hostedtoolcache/Python/3.11.3/x64/lib/python3.11/site-packages/selenium/webdriver/remote/webelement.py:90: in text\n    return self._execute(Command.GET_ELEMENT_TEXT)[\"value\"]\n/opt/hostedtoolcache/Python/3.11.3/x64/lib/python3.11/site-packages/selenium/webdriver/remote/webelement.py:404: in _execute\n    return self._parent.execute(command, params)\n/opt/hostedtoolcache/Python/3.11.3/x64/lib/python3.11/site-packages/selenium/webdriver/remote/webdriver.py:440: in execute\n    self.error_handler.check_response(response)\n_ _ _ _ _ _ _ _ _ _ _ _ _ _ _ _ _ _ _ _ _ _ _ _ _ _ _ _ _ _ _ _ _ _ _ _ _ _ _ _ \n\nself = <selenium.webdriver.remote.errorhandler.ErrorHandler object at 0x7f4d4f8aa310>\nresponse = {'status': 404, 'value': '{\"value\":{\"error\":\"stale element reference\",\"message\":\"stale element reference: element is n...\\\\n#19 0x556930e7f2c7 \\\\u003Cunknown>\\\\n#20 0x556930e8d093 \\\\u003Cunknown>\\\\n#21 0x7f75d09ffb43 \\\\u003Cunknown>\\\\n\"}}'}\n\n    def check_response(self, response: Dict[str, Any]) -> None:\n        \"\"\"Checks that a JSON response from the WebDriver does not have an\n        error.\n    \n        :Args:\n         - response - The JSON response from the WebDriver server as a dictionary\n           object.\n    \n        :Raises: If the response contains an error message.\n        \"\"\"\n        status = response.get(\"status\", None)\n        if not status or status == ErrorCode.SUCCESS:\n            return\n        value = None\n        message = response.get(\"message\", \"\")\n        screen: str = response.get(\"screen\", \"\")\n        stacktrace = None\n        if isinstance(status, int):\n            value_json = response.get(\"value\", None)\n            if value_json and isinstance(value_json, str):\n                import json\n    \n                try:\n                    value = json.loads(value_json)\n                    if len(value) == 1:\n                        value = value[\"value\"]\n                    status = value.get(\"error\", None)\n                    if not status:\n                        status = value.get(\"status\", ErrorCode.UNKNOWN_ERROR)\n                        message = value.get(\"value\") or value.get(\"message\")\n                        if not isinstance(message, str):\n                            value = message\n                            message = message.get(\"message\")\n                    else:\n                        message = value.get(\"message\", None)\n                except ValueError:\n                    pass\n    \n        exception_class: Type[WebDriverException]\n        if status in ErrorCode.NO_SUCH_ELEMENT:\n            exception_class = NoSuchElementException\n        elif status in ErrorCode.NO_SUCH_FRAME:\n            exception_class = NoSuchFrameException\n        elif status in ErrorCode.NO_SUCH_SHADOW_ROOT:\n            exception_class = NoSuchShadowRootException\n        elif status in ErrorCode.NO_SUCH_WINDOW:\n            exception_class = NoSuchWindowException\n        elif status in ErrorCode.STALE_ELEMENT_REFERENCE:\n            exception_class = StaleElementReferenceException\n        elif status in ErrorCode.ELEMENT_NOT_VISIBLE:\n            exception_class = ElementNotVisibleException\n        elif status in ErrorCode.INVALID_ELEMENT_STATE:\n            exception_class = InvalidElementStateException\n        elif (\n            status in ErrorCode.INVALID_SELECTOR\n            or status in ErrorCode.INVALID_XPATH_SELECTOR\n            or status in ErrorCode.INVALID_XPATH_SELECTOR_RETURN_TYPER\n        ):\n            exception_class = InvalidSelectorException\n        elif status in ErrorCode.ELEMENT_IS_NOT_SELECTABLE:\n            exception_class = ElementNotSelectableException\n        elif status in ErrorCode.ELEMENT_NOT_INTERACTABLE:\n            exception_class = ElementNotInteractableException\n        elif status in ErrorCode.INVALID_COOKIE_DOMAIN:\n            exception_class = InvalidCookieDomainException\n        elif status in ErrorCode.UNABLE_TO_SET_COOKIE:\n            exception_class = UnableToSetCookieException\n        elif status in ErrorCode.TIMEOUT:\n            exception_class = TimeoutException\n        elif status in ErrorCode.SCRIPT_TIMEOUT:\n            exception_class = TimeoutException\n        elif status in ErrorCode.UNKNOWN_ERROR:\n            exception_class = WebDriverException\n        elif status in ErrorCode.UNEXPECTED_ALERT_OPEN:\n            exception_class = UnexpectedAlertPresentException\n        elif status in ErrorCode.NO_ALERT_OPEN:\n            exception_class = NoAlertPresentException\n        elif status in ErrorCode.IME_NOT_AVAILABLE:\n            exception_class = ImeNotAvailableException\n        elif status in ErrorCode.IME_ENGINE_ACTIVATION_FAILED:\n            exception_class = ImeActivationFailedException\n        elif status in ErrorCode.MOVE_TARGET_OUT_OF_BOUNDS:\n            exception_class = MoveTargetOutOfBoundsException\n        elif status in ErrorCode.JAVASCRIPT_ERROR:\n            exception_class = JavascriptException\n        elif status in ErrorCode.SESSION_NOT_CREATED:\n            exception_class = SessionNotCreatedException\n        elif status in ErrorCode.INVALID_ARGUMENT:\n            exception_class = InvalidArgumentException\n        elif status in ErrorCode.NO_SUCH_COOKIE:\n            exception_class = NoSuchCookieException\n        elif status in ErrorCode.UNABLE_TO_CAPTURE_SCREEN:\n            exception_class = ScreenshotException\n        elif status in ErrorCode.ELEMENT_CLICK_INTERCEPTED:\n            exception_class = ElementClickInterceptedException\n        elif status in ErrorCode.INSECURE_CERTIFICATE:\n            exception_class = InsecureCertificateException\n        elif status in ErrorCode.INVALID_COORDINATES:\n            exception_class = InvalidCoordinatesException\n        elif status in ErrorCode.INVALID_SESSION_ID:\n            exception_class = InvalidSessionIdException\n        elif status in ErrorCode.UNKNOWN_METHOD:\n            exception_class = UnknownMethodException\n        else:\n            exception_class = WebDriverException\n        if not value:\n            value = response[\"value\"]\n        if isinstance(value, str):\n            raise exception_class(value)\n        if message == \"\" and \"message\" in value:\n            message = value[\"message\"]\n    \n        screen = None  # type: ignore[assignment]\n        if \"screen\" in value:\n            screen = value[\"screen\"]\n    \n        stacktrace = None\n        st_value = value.get(\"stackTrace\") or value.get(\"stacktrace\")\n        if st_value:\n            if isinstance(st_value, str):\n                stacktrace = st_value.split(\"\\n\")\n            else:\n                stacktrace = []\n                try:\n                    for frame in st_value:\n                        line = frame.get(\"lineNumber\", \"\")\n                        file = frame.get(\"fileName\", \"<anonymous>\")\n                        if line:\n                            file = f\"{file}:{line}\"\n                        meth = frame.get(\"methodName\", \"<anonymous>\")\n                        if \"className\" in frame:\n                            meth = f\"{frame['className']}.{meth}\"\n                        msg = \"    at %s (%s)\"\n                        msg = msg % (meth, file)\n                        stacktrace.append(msg)\n                except TypeError:\n                    pass\n        if exception_class == UnexpectedAlertPresentException:\n            alert_text = None\n            if \"data\" in value:\n                alert_text = value[\"data\"].get(\"text\")\n            elif \"alert\" in value:\n                alert_text = value[\"alert\"].get(\"text\")\n            raise exception_class(message, screen, stacktrace, alert_text)  # type: ignore[call-arg]  # mypy is not smart enough here\n>       raise exception_class(message, screen, stacktrace)\nE       selenium.common.exceptions.StaleElementReferenceException: Message: stale element reference: element is not attached to the page document\nE         (Session info: chrome=112.0.5615.49)\nE       Stacktrace:\nE       #0 0x556930e94fe3 <unknown>\nE       #1 0x556930bd3d36 <unknown>\nE       #2 0x556930bd7283 <unknown>\nE       #3 0x556930bd6ff2 <unknown>\nE       #4 0x556930bd730c <unknown>\nE       #5 0x556930c0ac9e <unknown>\nE       #6 0x556930c318c2 <unknown>\nE       #7 0x556930c05943 <unknown>\nE       #8 0x556930c31a8e <unknown>\nE       #9 0x556930c4a232 <unknown>\nE       #10 0x556930c31693 <unknown>\nE       #11 0x556930c0403a <unknown>\nE       #12 0x556930c0517e <unknown>\nE       #13 0x556930e56dbd <unknown>\nE       #14 0x556930e5ac6c <unknown>\nE       #15 0x556930e644b0 <unknown>\nE       #16 0x556930e5bd63 <unknown>\nE       #17 0x556930e2ec35 <unknown>\nE       #18 0x556930e7f138 <unknown>\nE       #19 0x556930e7f2c7 <unknown>\nE       #20 0x556930e8d093 <unknown>\nE       #21 0x7f75d09ffb43 <unknown>\n\n/opt/hostedtoolcache/Python/3.11.3/x64/lib/python3.11/site-packages/selenium/webdriver/remote/errorhandler.py:245: StaleElementReferenceException","steps":[{"name":"Given Go to the \"Base\" url","time":{"start":1681967016398,"stop":1681967017481,"duration":1083},"status":"passed","steps":[],"attachments":[],"parameters":[],"stepsCount":0,"attachmentsCount":0,"shouldDisplayMessage":false,"hasContent":false},{"name":"Then Verify user is on Login screen","time":{"start":1681967017481,"stop":1681967017533,"duration":52},"status":"passed","steps":[],"attachments":[],"parameters":[],"stepsCount":0,"attachmentsCount":0,"shouldDisplayMessage":false,"hasContent":false},{"name":"When User fills \"Valid\" form data on \"login\" screen","time":{"start":1681967017533,"stop":1681967018257,"duration":724},"status":"passed","steps":[],"attachments":[],"parameters":[],"stepsCount":0,"attachmentsCount":0,"shouldDisplayMessage":false,"hasContent":false},{"name":"Then Verify user is on \"HomePage\" screen","time":{"start":1681967018257,"stop":1681967019122,"duration":865},"status":"passed","steps":[],"attachments":[],"parameters":[],"stepsCount":0,"attachmentsCount":0,"shouldDisplayMessage":false,"hasContent":false},{"name":"Then User clicks \"Temporary Worker\" button on \"Homepage\" screen","time":{"start":1681967019122,"stop":1681967019282,"duration":160},"status":"passed","steps":[],"attachments":[],"parameters":[],"stepsCount":0,"attachmentsCount":0,"shouldDisplayMessage":false,"hasContent":false},{"name":"Then Scroll \"Down\" into view \"Add New Temporary Worker\" Section","time":{"start":1681967019282,"stop":1681967019407,"duration":125},"status":"passed","steps":[],"attachments":[],"parameters":[],"stepsCount":0,"attachmentsCount":0,"shouldDisplayMessage":false,"hasContent":false},{"name":"Then User clicks \"Add Temporary Worker\" button on \"Temporary Worker\" screen","time":{"start":1681967019407,"stop":1681967019671,"duration":264},"status":"passed","steps":[],"attachments":[],"parameters":[],"stepsCount":0,"attachmentsCount":0,"shouldDisplayMessage":false,"hasContent":false},{"name":"Then Verify user is on \"Add Temporary Worker\" screen","time":{"start":1681967019671,"stop":1681967019692,"duration":21},"status":"passed","steps":[],"attachments":[],"parameters":[],"stepsCount":0,"attachmentsCount":0,"shouldDisplayMessage":false,"hasContent":false},{"name":"Then User fills \"All\" form data on \"Temporary Worker\" screen","time":{"start":1681967022552,"stop":1681967032362,"duration":9810},"status":"broken","statusMessage":"selenium.common.exceptions.StaleElementReferenceException: Message: stale element reference: element is not attached to the page document\n  (Session info: chrome=112.0.5615.49)\nStacktrace:\n#0 0x556930e94fe3 <unknown>\n#1 0x556930bd3d36 <unknown>\n#2 0x556930bd7283 <unknown>\n#3 0x556930bd6ff2 <unknown>\n#4 0x556930bd730c <unknown>\n#5 0x556930c0ac9e <unknown>\n#6 0x556930c318c2 <unknown>\n#7 0x556930c05943 <unknown>\n#8 0x556930c31a8e <unknown>\n#9 0x556930c4a232 <unknown>\n#10 0x556930c31693 <unknown>\n#11 0x556930c0403a <unknown>\n#12 0x556930c0517e <unknown>\n#13 0x556930e56dbd <unknown>\n#14 0x556930e5ac6c <unknown>\n#15 0x556930e644b0 <unknown>\n#16 0x556930e5bd63 <unknown>\n#17 0x556930e2ec35 <unknown>\n#18 0x556930e7f138 <unknown>\n#19 0x556930e7f2c7 <unknown>\n#20 0x556930e8d093 <unknown>\n#21 0x7f75d09ffb43 <unknown>\n\n","statusTrace":"  File \"/home/runner/work/WebAutomationTestingFramework/WebAutomationTestingFramework/Tests/test_temprory_worker.py\", line 252, in test_TemporaryWorkerAdd\n    fillResidenceInfo(driver)\n  File \"/home/runner/work/WebAutomationTestingFramework/WebAutomationTestingFramework/Tests/test_temprory_worker.py\", line 161, in fillResidenceInfo\n    TW.BedNumber = find_Elements_byXpathAndWait_getText(HouseBedList_xpath, driver)[0]\n                   ^^^^^^^^^^^^^^^^^^^^^^^^^^^^^^^^^^^^^^^^^^^^^^^^^^^^^^^^^^^^^^^^\n  File \"/home/runner/work/WebAutomationTestingFramework/WebAutomationTestingFramework/base_helpers.py\", line 106, in find_Elements_byXpathAndWait_getText\n    return list((i.text for i in find_Elements_byXpathAndWait(xpath, driver)))\n           ^^^^^^^^^^^^^^^^^^^^^^^^^^^^^^^^^^^^^^^^^^^^^^^^^^^^^^^^^^^^^^^^^^^\n  File \"/home/runner/work/WebAutomationTestingFramework/WebAutomationTestingFramework/base_helpers.py\", line 106, in <genexpr>\n    return list((i.text for i in find_Elements_byXpathAndWait(xpath, driver)))\n                 ^^^^^^\n  File \"/opt/hostedtoolcache/Python/3.11.3/x64/lib/python3.11/site-packages/selenium/webdriver/remote/webelement.py\", line 90, in text\n    return self._execute(Command.GET_ELEMENT_TEXT)[\"value\"]\n           ^^^^^^^^^^^^^^^^^^^^^^^^^^^^^^^^^^^^^^^\n  File \"/opt/hostedtoolcache/Python/3.11.3/x64/lib/python3.11/site-packages/selenium/webdriver/remote/webelement.py\", line 404, in _execute\n    return self._parent.execute(command, params)\n           ^^^^^^^^^^^^^^^^^^^^^^^^^^^^^^^^^^^^^\n  File \"/opt/hostedtoolcache/Python/3.11.3/x64/lib/python3.11/site-packages/selenium/webdriver/remote/webdriver.py\", line 440, in execute\n    self.error_handler.check_response(response)\n  File \"/opt/hostedtoolcache/Python/3.11.3/x64/lib/python3.11/site-packages/selenium/webdriver/remote/errorhandler.py\", line 245, in check_response\n    raise exception_class(message, screen, stacktrace)\n","steps":[{"name":"Enter Personal Data","time":{"start":1681967022552,"stop":1681967025096,"duration":2544},"status":"passed","steps":[],"attachments":[],"parameters":[],"stepsCount":0,"attachmentsCount":0,"shouldDisplayMessage":false,"hasContent":false},{"name":"Enter Employee Status","time":{"start":1681967025096,"stop":1681967026087,"duration":991},"status":"passed","steps":[],"attachments":[],"parameters":[],"stepsCount":0,"attachmentsCount":0,"shouldDisplayMessage":false,"hasContent":false},{"name":"Enter Client & Project Information","time":{"start":1681967026087,"stop":1681967029927,"duration":3840},"status":"passed","steps":[],"attachments":[],"parameters":[],"stepsCount":0,"attachmentsCount":0,"shouldDisplayMessage":false,"hasContent":false},{"name":"Enter Residence Information","time":{"start":1681967029927,"stop":1681967032361,"duration":2434},"status":"broken","statusMessage":"selenium.common.exceptions.StaleElementReferenceException: Message: stale element reference: element is not attached to the page document\n  (Session info: chrome=112.0.5615.49)\nStacktrace:\n#0 0x556930e94fe3 <unknown>\n#1 0x556930bd3d36 <unknown>\n#2 0x556930bd7283 <unknown>\n#3 0x556930bd6ff2 <unknown>\n#4 0x556930bd730c <unknown>\n#5 0x556930c0ac9e <unknown>\n#6 0x556930c318c2 <unknown>\n#7 0x556930c05943 <unknown>\n#8 0x556930c31a8e <unknown>\n#9 0x556930c4a232 <unknown>\n#10 0x556930c31693 <unknown>\n#11 0x556930c0403a <unknown>\n#12 0x556930c0517e <unknown>\n#13 0x556930e56dbd <unknown>\n#14 0x556930e5ac6c <unknown>\n#15 0x556930e644b0 <unknown>\n#16 0x556930e5bd63 <unknown>\n#17 0x556930e2ec35 <unknown>\n#18 0x556930e7f138 <unknown>\n#19 0x556930e7f2c7 <unknown>\n#20 0x556930e8d093 <unknown>\n#21 0x7f75d09ffb43 <unknown>\n\n","statusTrace":"  File \"/home/runner/work/WebAutomationTestingFramework/WebAutomationTestingFramework/Tests/test_temprory_worker.py\", line 161, in fillResidenceInfo\n    TW.BedNumber = find_Elements_byXpathAndWait_getText(HouseBedList_xpath, driver)[0]\n                   ^^^^^^^^^^^^^^^^^^^^^^^^^^^^^^^^^^^^^^^^^^^^^^^^^^^^^^^^^^^^^^^^\n  File \"/home/runner/work/WebAutomationTestingFramework/WebAutomationTestingFramework/base_helpers.py\", line 106, in find_Elements_byXpathAndWait_getText\n    return list((i.text for i in find_Elements_byXpathAndWait(xpath, driver)))\n           ^^^^^^^^^^^^^^^^^^^^^^^^^^^^^^^^^^^^^^^^^^^^^^^^^^^^^^^^^^^^^^^^^^^\n  File \"/home/runner/work/WebAutomationTestingFramework/WebAutomationTestingFramework/base_helpers.py\", line 106, in <genexpr>\n    return list((i.text for i in find_Elements_byXpathAndWait(xpath, driver)))\n                 ^^^^^^\n  File \"/opt/hostedtoolcache/Python/3.11.3/x64/lib/python3.11/site-packages/selenium/webdriver/remote/webelement.py\", line 90, in text\n    return self._execute(Command.GET_ELEMENT_TEXT)[\"value\"]\n           ^^^^^^^^^^^^^^^^^^^^^^^^^^^^^^^^^^^^^^^\n  File \"/opt/hostedtoolcache/Python/3.11.3/x64/lib/python3.11/site-packages/selenium/webdriver/remote/webelement.py\", line 404, in _execute\n    return self._parent.execute(command, params)\n           ^^^^^^^^^^^^^^^^^^^^^^^^^^^^^^^^^^^^^\n  File \"/opt/hostedtoolcache/Python/3.11.3/x64/lib/python3.11/site-packages/selenium/webdriver/remote/webdriver.py\", line 440, in execute\n    self.error_handler.check_response(response)\n  File \"/opt/hostedtoolcache/Python/3.11.3/x64/lib/python3.11/site-packages/selenium/webdriver/remote/errorhandler.py\", line 245, in check_response\n    raise exception_class(message, screen, stacktrace)\n","steps":[],"attachments":[],"parameters":[],"stepsCount":0,"attachmentsCount":0,"shouldDisplayMessage":true,"hasContent":true}],"attachments":[],"parameters":[],"stepsCount":4,"attachmentsCount":0,"shouldDisplayMessage":false,"hasContent":true}],"attachments":[{"uid":"c22be5e64bbe1806","name":"screenshot","source":"c22be5e64bbe1806.png","type":"image/png","size":104483}],"parameters":[],"stepsCount":13,"attachmentsCount":1,"shouldDisplayMessage":true,"hasContent":true},"afterStages":[{"name":"driver::0","time":{"start":1681967032897,"stop":1681967033022,"duration":125},"status":"passed","steps":[],"attachments":[],"parameters":[],"stepsCount":0,"attachmentsCount":0,"shouldDisplayMessage":false,"hasContent":false}],"labels":[{"name":"story","value":"Add new temporary worker"},{"name":"feature","value":"Temporary Worker Feature"},{"name":"severity","value":"normal"},{"name":"tag","value":"sanity"},{"name":"tag","value":"regression"},{"name":"parentSuite","value":"Tests"},{"name":"suite","value":"test_temprory_worker"},{"name":"host","value":"fv-az255-609"},{"name":"thread","value":"2382-MainThread"},{"name":"framework","value":"pytest"},{"name":"language","value":"cpython3"},{"name":"package","value":"Tests.test_temprory_worker"},{"name":"resultFormat","value":"allure2"}],"parameters":[],"links":[],"hidden":false,"retry":false,"extra":{"severity":"normal","retries":[{"uid":"1e849a47f5bf727d","status":"broken","statusDetails":"selenium.common.exceptions.StaleElementReferenceException: Message: stale element reference: element is not attached to the page document\n  (Session info: chrome=112.0.5615.49)\nStacktrace:\n#0 0x561a8cc07fe3 <unknown>\n#1 0x561a8c946d36 <unknown>\n#2 0x561a8c94a283 <unknown>\n#3 0x561a8c949ff2 <unknown>\n#4 0x561a8c94a30c <unknown>\n#5 0x561a8c97dc9e <unknown>\n#6 0x561a8c9a48c2 <unknown>\n#7 0x561a8c978943 <unknown>\n#8 0x561a8c9a4a8e <unknown>\n#9 0x561a8c9bd232 <unknown>\n#10 0x561a8c9a4693 <unknown>\n#11 0x561a8c97703a <unknown>\n#12 0x561a8c97817e <unknown>\n#13 0x561a8cbc9dbd <unknown>\n#14 0x561a8cbcdc6c <unknown>\n#15 0x561a8cbd74b0 <unknown>\n#16 0x561a8cbced63 <unknown>\n#17 0x561a8cba1c35 <unknown>\n#18 0x561a8cbf2138 <unknown>\n#19 0x561a8cbf22c7 <unknown>\n#20 0x561a8cc00093 <unknown>\n#21 0x7ff1d2fa5b43 <unknown>","time":{"start":1681966996898,"stop":1681967014775,"duration":17877}},{"uid":"d055ff21e6a54372","status":"broken","statusDetails":"selenium.common.exceptions.StaleElementReferenceException: Message: stale element reference: element is not attached to the page document\n  (Session info: chrome=112.0.5615.49)\nStacktrace:\n#0 0x55cb11b99fe3 <unknown>\n#1 0x55cb118d8d36 <unknown>\n#2 0x55cb118dc283 <unknown>\n#3 0x55cb118dbff2 <unknown>\n#4 0x55cb118dc30c <unknown>\n#5 0x55cb1190fc9e <unknown>\n#6 0x55cb119368c2 <unknown>\n#7 0x55cb1190a943 <unknown>\n#8 0x55cb11936a8e <unknown>\n#9 0x55cb1194f232 <unknown>\n#10 0x55cb11936693 <unknown>\n#11 0x55cb1190903a <unknown>\n#12 0x55cb1190a17e <unknown>\n#13 0x55cb11b5bdbd <unknown>\n#14 0x55cb11b5fc6c <unknown>\n#15 0x55cb11b694b0 <unknown>\n#16 0x55cb11b60d63 <unknown>\n#17 0x55cb11b33c35 <unknown>\n#18 0x55cb11b84138 <unknown>\n#19 0x55cb11b842c7 <unknown>\n#20 0x55cb11b92093 <unknown>\n#21 0x7f88c38b1b43 <unknown>","time":{"start":1681966974918,"stop":1681966995506,"duration":20588}}],"categories":[{"name":"Test defects","matchedStatuses":[],"flaky":false}],"history":{"statistic":{"failed":0,"broken":2,"skipped":0,"passed":0,"unknown":0,"total":2},"items":[{"uid":"1f0d65dc726c5e0a","reportUrl":"https://HassanAbbas7357.github.io/WebAutomationTestingFramework/22//#testresult/1f0d65dc726c5e0a","status":"broken","statusDetails":"selenium.common.exceptions.StaleElementReferenceException: Message: stale element reference: element is not attached to the page document\n  (Session info: chrome=112.0.5615.121)\nStacktrace:\n#0 0x55bf4833efe3 <unknown>\n#1 0x55bf4807dd36 <unknown>\n#2 0x55bf48081283 <unknown>\n#3 0x55bf48080ff2 <unknown>\n#4 0x55bf4808130c <unknown>\n#5 0x55bf480b4c9e <unknown>\n#6 0x55bf480db8c2 <unknown>\n#7 0x55bf480af943 <unknown>\n#8 0x55bf480dba8e <unknown>\n#9 0x55bf480f4232 <unknown>\n#10 0x55bf480db693 <unknown>\n#11 0x55bf480ae03a <unknown>\n#12 0x55bf480af17e <unknown>\n#13 0x55bf48300dbd <unknown>\n#14 0x55bf48304c6c <unknown>\n#15 0x55bf4830e4b0 <unknown>\n#16 0x55bf48305d63 <unknown>\n#17 0x55bf482d8c35 <unknown>\n#18 0x55bf48329138 <unknown>\n#19 0x55bf483292c7 <unknown>\n#20 0x55bf48337093 <unknown>\n#21 0x7f31bf9c6b43 <unknown>","time":{"start":1681965568267,"stop":1681965586216,"duration":17949}}]},"tags":["regression","sanity"]},"source":"99e0061a76f60308.json","parameterValues":[]}