{"uid":"9fbba9bd5a9d2264","name":"test_UsersCheckExportButtonDownloadsCSVFile","fullName":"Tests.test_users#test_UsersCheckExportButtonDownloadsCSVFile","historyId":"9751b5d68ef6863def82b6e5bbac7acb","time":{"start":1681966918716,"stop":1681966937240,"duration":18524},"status":"failed","statusMessage":"AssertionError","statusTrace":"driver = <selenium.webdriver.chrome.webdriver.WebDriver (session=\"2c7337c6584a8ab16f88176c8b989c12\")>\n\n    @allure.feature(\"Users Feature\")\n    @allure.story(\"Check If Export Button actually downloads the file and its in csv format\")\n    @allure.severity(allure.severity_level.NORMAL)\n    @pytest.mark.regression\n    @pytest.mark.sanity\n    @pytest.mark.smoke\n    @pytest.mark.order(3)\n    def test_UsersCheckExportButtonDownloadsCSVFile(driver):\n        VisitUsersPageWithLogin(driver)\n>       fileName = downloadAndVerifyCSVExportedFile(driver)\n\nTests/test_users.py:40: \n_ _ _ _ _ _ _ _ _ _ _ _ _ _ _ _ _ _ _ _ _ _ _ _ _ _ _ _ _ _ _ _ _ _ _ _ _ _ _ _ \nTests/test_temprory_worker.py:53: in downloadAndVerifyCSVExportedFile\n    verifyFileDownloadedCorrectly(FilePath=fileName)\n_ _ _ _ _ _ _ _ _ _ _ _ _ _ _ _ _ _ _ _ _ _ _ _ _ _ _ _ _ _ _ _ _ _ _ _ _ _ _ _ \n\nFilePath = '/home/runner/work/WebAutomationTestingFramework/WebAutomationTestingFramework/Downloads/Veritec-users@20-Apr-2023.csv'\n\n    def verifyFileDownloadedCorrectly(FilePath):\n>       assert os.path.exists(FilePath)\nE       AssertionError\n\nbase_helpers.py:239: AssertionError","flaky":false,"newFailed":false,"newBroken":false,"newPassed":false,"retriesCount":2,"retriesStatusChange":false,"beforeStages":[{"name":"driver","time":{"start":1681966917613,"stop":1681966918716,"duration":1103},"status":"passed","steps":[],"attachments":[],"parameters":[],"stepsCount":0,"attachmentsCount":0,"shouldDisplayMessage":false,"hasContent":false}],"testStage":{"status":"failed","statusMessage":"AssertionError","statusTrace":"driver = <selenium.webdriver.chrome.webdriver.WebDriver (session=\"2c7337c6584a8ab16f88176c8b989c12\")>\n\n    @allure.feature(\"Users Feature\")\n    @allure.story(\"Check If Export Button actually downloads the file and its in csv format\")\n    @allure.severity(allure.severity_level.NORMAL)\n    @pytest.mark.regression\n    @pytest.mark.sanity\n    @pytest.mark.smoke\n    @pytest.mark.order(3)\n    def test_UsersCheckExportButtonDownloadsCSVFile(driver):\n        VisitUsersPageWithLogin(driver)\n>       fileName = downloadAndVerifyCSVExportedFile(driver)\n\nTests/test_users.py:40: \n_ _ _ _ _ _ _ _ _ _ _ _ _ _ _ _ _ _ _ _ _ _ _ _ _ _ _ _ _ _ _ _ _ _ _ _ _ _ _ _ \nTests/test_temprory_worker.py:53: in downloadAndVerifyCSVExportedFile\n    verifyFileDownloadedCorrectly(FilePath=fileName)\n_ _ _ _ _ _ _ _ _ _ _ _ _ _ _ _ _ _ _ _ _ _ _ _ _ _ _ _ _ _ _ _ _ _ _ _ _ _ _ _ \n\nFilePath = '/home/runner/work/WebAutomationTestingFramework/WebAutomationTestingFramework/Downloads/Veritec-users@20-Apr-2023.csv'\n\n    def verifyFileDownloadedCorrectly(FilePath):\n>       assert os.path.exists(FilePath)\nE       AssertionError\n\nbase_helpers.py:239: AssertionError","steps":[{"name":"Given Go to the \"Base\" url","time":{"start":1681966918716,"stop":1681966919844,"duration":1128},"status":"passed","steps":[],"attachments":[],"parameters":[],"stepsCount":0,"attachmentsCount":0,"shouldDisplayMessage":false,"hasContent":false},{"name":"Then Verify user is on Login screen","time":{"start":1681966919844,"stop":1681966919912,"duration":68},"status":"passed","steps":[],"attachments":[],"parameters":[],"stepsCount":0,"attachmentsCount":0,"shouldDisplayMessage":false,"hasContent":false},{"name":"When User fills \"Valid\" form data on \"login\" screen","time":{"start":1681966919912,"stop":1681966920733,"duration":821},"status":"passed","steps":[],"attachments":[],"parameters":[],"stepsCount":0,"attachmentsCount":0,"shouldDisplayMessage":false,"hasContent":false},{"name":"Then Verify user is on \"HomePage\" screen","time":{"start":1681966920733,"stop":1681966921606,"duration":873},"status":"passed","steps":[],"attachments":[],"parameters":[],"stepsCount":0,"attachmentsCount":0,"shouldDisplayMessage":false,"hasContent":false},{"name":"Then User clicks \"Users\" button on \"Homepage\" screen","time":{"start":1681966921606,"stop":1681966921796,"duration":190},"status":"passed","steps":[],"attachments":[],"parameters":[],"stepsCount":0,"attachmentsCount":0,"shouldDisplayMessage":false,"hasContent":false},{"name":"And User Should see \"active-user\" in the url","time":{"start":1681966921796,"stop":1681966921874,"duration":78},"status":"passed","steps":[],"attachments":[],"parameters":[],"stepsCount":0,"attachmentsCount":0,"shouldDisplayMessage":false,"hasContent":false},{"name":"And Check if CSV file downloaded correctly","time":{"start":1681966921874,"stop":1681966937239,"duration":15365},"status":"failed","statusMessage":"AssertionError\n","statusTrace":"  File \"/home/runner/work/WebAutomationTestingFramework/WebAutomationTestingFramework/Tests/test_temprory_worker.py\", line 53, in downloadAndVerifyCSVExportedFile\n    verifyFileDownloadedCorrectly(FilePath=fileName)\n  File \"/home/runner/work/WebAutomationTestingFramework/WebAutomationTestingFramework/base_helpers.py\", line 239, in verifyFileDownloadedCorrectly\n    assert os.path.exists(FilePath)\n","steps":[],"attachments":[],"parameters":[],"stepsCount":0,"attachmentsCount":0,"shouldDisplayMessage":true,"hasContent":true}],"attachments":[{"uid":"b565c58314c6abfe","name":"screenshot","source":"b565c58314c6abfe.png","type":"image/png","size":194164}],"parameters":[],"stepsCount":7,"attachmentsCount":1,"shouldDisplayMessage":true,"hasContent":true},"afterStages":[{"name":"driver::0","time":{"start":1681966937559,"stop":1681966937673,"duration":114},"status":"passed","steps":[],"attachments":[],"parameters":[],"stepsCount":0,"attachmentsCount":0,"shouldDisplayMessage":false,"hasContent":false}],"labels":[{"name":"story","value":"Check If Export Button actually downloads the file and its in csv format"},{"name":"feature","value":"Users Feature"},{"name":"severity","value":"normal"},{"name":"tag","value":"order(3)"},{"name":"tag","value":"smoke"},{"name":"tag","value":"sanity"},{"name":"tag","value":"regression"},{"name":"parentSuite","value":"Tests"},{"name":"suite","value":"test_users"},{"name":"host","value":"fv-az255-609"},{"name":"thread","value":"2382-MainThread"},{"name":"framework","value":"pytest"},{"name":"language","value":"cpython3"},{"name":"package","value":"Tests.test_users"},{"name":"resultFormat","value":"allure2"}],"parameters":[],"links":[],"hidden":false,"retry":false,"extra":{"severity":"normal","retries":[{"uid":"15be1717748be2e0","status":"failed","statusDetails":"AssertionError","time":{"start":1681966898469,"stop":1681966917220,"duration":18751}},{"uid":"4cdd420668aa9db6","status":"failed","statusDetails":"AssertionError","time":{"start":1681966876515,"stop":1681966896798,"duration":20283}}],"categories":[{"name":"Product defects","matchedStatuses":[],"flaky":false}],"history":{"statistic":{"failed":2,"broken":0,"skipped":0,"passed":1,"unknown":0,"total":3},"items":[{"uid":"1547cbece528374","reportUrl":"https://HassanAbbas7357.github.io/WebAutomationTestingFramework/23//#testresult/1547cbece528374","status":"failed","statusDetails":"AssertionError","time":{"start":1681966764393,"stop":1681966783859,"duration":19466}},{"uid":"cfd5475a58506660","reportUrl":"https://HassanAbbas7357.github.io/WebAutomationTestingFramework/22//#testresult/cfd5475a58506660","status":"passed","time":{"start":1681965418665,"stop":1681965440923,"duration":22258}}]},"tags":["order(3)","regression","smoke","sanity"]},"source":"9fbba9bd5a9d2264.json","parameterValues":[]}