{"uid":"d055ff21e6a54372","name":"test_TemporaryWorkerAdd","fullName":"Tests.test_temprory_worker#test_TemporaryWorkerAdd","historyId":"58429ae5f9e707f85b850ae2181b686f","time":{"start":1681966974918,"stop":1681966995506,"duration":20588},"status":"broken","statusMessage":"selenium.common.exceptions.StaleElementReferenceException: Message: stale element reference: element is not attached to the page document\n  (Session info: chrome=112.0.5615.49)\nStacktrace:\n#0 0x55cb11b99fe3 <unknown>\n#1 0x55cb118d8d36 <unknown>\n#2 0x55cb118dc283 <unknown>\n#3 0x55cb118dbff2 <unknown>\n#4 0x55cb118dc30c <unknown>\n#5 0x55cb1190fc9e <unknown>\n#6 0x55cb119368c2 <unknown>\n#7 0x55cb1190a943 <unknown>\n#8 0x55cb11936a8e <unknown>\n#9 0x55cb1194f232 <unknown>\n#10 0x55cb11936693 <unknown>\n#11 0x55cb1190903a <unknown>\n#12 0x55cb1190a17e <unknown>\n#13 0x55cb11b5bdbd <unknown>\n#14 0x55cb11b5fc6c <unknown>\n#15 0x55cb11b694b0 <unknown>\n#16 0x55cb11b60d63 <unknown>\n#17 0x55cb11b33c35 <unknown>\n#18 0x55cb11b84138 <unknown>\n#19 0x55cb11b842c7 <unknown>\n#20 0x55cb11b92093 <unknown>\n#21 0x7f88c38b1b43 <unknown>","statusTrace":"driver = <selenium.webdriver.chrome.webdriver.WebDriver (session=\"2ece758572b9b8abfe68e7f502005dcb\")>\n\n    @allure.feature(\"Temporary Worker Feature\")\n    @allure.story(\"Add new temporary worker\")\n    @allure.severity(allure.severity_level.NORMAL)\n    @pytest.mark.regression\n    @pytest.mark.sanity\n    @flaky\n    def test_TemporaryWorkerAdd(driver):\n        global Email\n        VisitTemporary_WorkerPageWithSteps(driver)\n        populate_Bike()\n        populate_Car()\n        with allure.step('Then User fills \"All\" form data on \"Temporary Worker\" screen'):\n            fillUserPersonalData(driver)\n            fillEmployeeStatus(driver)\n            fillClientAndProjectInfo(driver)\n>           fillResidenceInfo(driver)\n\nTests/test_temprory_worker.py:252: \n_ _ _ _ _ _ _ _ _ _ _ _ _ _ _ _ _ _ _ _ _ _ _ _ _ _ _ _ _ _ _ _ _ _ _ _ _ _ _ _ \nTests/test_temprory_worker.py:161: in fillResidenceInfo\n    TW.BedNumber = find_Elements_byXpathAndWait_getText(HouseBedList_xpath, driver)[0]\nbase_helpers.py:106: in find_Elements_byXpathAndWait_getText\n    return list((i.text for i in find_Elements_byXpathAndWait(xpath, driver)))\nbase_helpers.py:106: in <genexpr>\n    return list((i.text for i in find_Elements_byXpathAndWait(xpath, driver)))\n/opt/hostedtoolcache/Python/3.11.3/x64/lib/python3.11/site-packages/selenium/webdriver/remote/webelement.py:90: in text\n    return self._execute(Command.GET_ELEMENT_TEXT)[\"value\"]\n/opt/hostedtoolcache/Python/3.11.3/x64/lib/python3.11/site-packages/selenium/webdriver/remote/webelement.py:404: in _execute\n    return self._parent.execute(command, params)\n/opt/hostedtoolcache/Python/3.11.3/x64/lib/python3.11/site-packages/selenium/webdriver/remote/webdriver.py:440: in execute\n    self.error_handler.check_response(response)\n_ _ _ _ _ _ _ _ _ _ _ _ _ _ _ _ _ _ _ _ _ _ _ _ _ _ _ _ _ _ _ _ _ _ _ _ _ _ _ _ \n\nself = <selenium.webdriver.remote.errorhandler.ErrorHandler object at 0x7f4d50ca3a10>\nresponse = {'status': 404, 'value': '{\"value\":{\"error\":\"stale element reference\",\"message\":\"stale element reference: element is n...\\\\n#19 0x55cb11b842c7 \\\\u003Cunknown>\\\\n#20 0x55cb11b92093 \\\\u003Cunknown>\\\\n#21 0x7f88c38b1b43 \\\\u003Cunknown>\\\\n\"}}'}\n\n    def check_response(self, response: Dict[str, Any]) -> None:\n        \"\"\"Checks that a JSON response from the WebDriver does not have an\n        error.\n    \n        :Args:\n         - response - The JSON response from the WebDriver server as a dictionary\n           object.\n    \n        :Raises: If the response contains an error message.\n        \"\"\"\n        status = response.get(\"status\", None)\n        if not status or status == ErrorCode.SUCCESS:\n            return\n        value = None\n        message = response.get(\"message\", \"\")\n        screen: str = response.get(\"screen\", \"\")\n        stacktrace = None\n        if isinstance(status, int):\n            value_json = response.get(\"value\", None)\n            if value_json and isinstance(value_json, str):\n                import json\n    \n                try:\n                    value = json.loads(value_json)\n                    if len(value) == 1:\n                        value = value[\"value\"]\n                    status = value.get(\"error\", None)\n                    if not status:\n                        status = value.get(\"status\", ErrorCode.UNKNOWN_ERROR)\n                        message = value.get(\"value\") or value.get(\"message\")\n                        if not isinstance(message, str):\n                            value = message\n                            message = message.get(\"message\")\n                    else:\n                        message = value.get(\"message\", None)\n                except ValueError:\n                    pass\n    \n        exception_class: Type[WebDriverException]\n        if status in ErrorCode.NO_SUCH_ELEMENT:\n            exception_class = NoSuchElementException\n        elif status in ErrorCode.NO_SUCH_FRAME:\n            exception_class = NoSuchFrameException\n        elif status in ErrorCode.NO_SUCH_SHADOW_ROOT:\n            exception_class = NoSuchShadowRootException\n        elif status in ErrorCode.NO_SUCH_WINDOW:\n            exception_class = NoSuchWindowException\n        elif status in ErrorCode.STALE_ELEMENT_REFERENCE:\n            exception_class = StaleElementReferenceException\n        elif status in ErrorCode.ELEMENT_NOT_VISIBLE:\n            exception_class = ElementNotVisibleException\n        elif status in ErrorCode.INVALID_ELEMENT_STATE:\n            exception_class = InvalidElementStateException\n        elif (\n            status in ErrorCode.INVALID_SELECTOR\n            or status in ErrorCode.INVALID_XPATH_SELECTOR\n            or status in ErrorCode.INVALID_XPATH_SELECTOR_RETURN_TYPER\n        ):\n            exception_class = InvalidSelectorException\n        elif status in ErrorCode.ELEMENT_IS_NOT_SELECTABLE:\n            exception_class = ElementNotSelectableException\n        elif status in ErrorCode.ELEMENT_NOT_INTERACTABLE:\n            exception_class = ElementNotInteractableException\n        elif status in ErrorCode.INVALID_COOKIE_DOMAIN:\n            exception_class = InvalidCookieDomainException\n        elif status in ErrorCode.UNABLE_TO_SET_COOKIE:\n            exception_class = UnableToSetCookieException\n        elif status in ErrorCode.TIMEOUT:\n            exception_class = TimeoutException\n        elif status in ErrorCode.SCRIPT_TIMEOUT:\n            exception_class = TimeoutException\n        elif status in ErrorCode.UNKNOWN_ERROR:\n            exception_class = WebDriverException\n        elif status in ErrorCode.UNEXPECTED_ALERT_OPEN:\n            exception_class = UnexpectedAlertPresentException\n        elif status in ErrorCode.NO_ALERT_OPEN:\n            exception_class = NoAlertPresentException\n        elif status in ErrorCode.IME_NOT_AVAILABLE:\n            exception_class = ImeNotAvailableException\n        elif status in ErrorCode.IME_ENGINE_ACTIVATION_FAILED:\n            exception_class = ImeActivationFailedException\n        elif status in ErrorCode.MOVE_TARGET_OUT_OF_BOUNDS:\n            exception_class = MoveTargetOutOfBoundsException\n        elif status in ErrorCode.JAVASCRIPT_ERROR:\n            exception_class = JavascriptException\n        elif status in ErrorCode.SESSION_NOT_CREATED:\n            exception_class = SessionNotCreatedException\n        elif status in ErrorCode.INVALID_ARGUMENT:\n            exception_class = InvalidArgumentException\n        elif status in ErrorCode.NO_SUCH_COOKIE:\n            exception_class = NoSuchCookieException\n        elif status in ErrorCode.UNABLE_TO_CAPTURE_SCREEN:\n            exception_class = ScreenshotException\n        elif status in ErrorCode.ELEMENT_CLICK_INTERCEPTED:\n            exception_class = ElementClickInterceptedException\n        elif status in ErrorCode.INSECURE_CERTIFICATE:\n            exception_class = InsecureCertificateException\n        elif status in ErrorCode.INVALID_COORDINATES:\n            exception_class = InvalidCoordinatesException\n        elif status in ErrorCode.INVALID_SESSION_ID:\n            exception_class = InvalidSessionIdException\n        elif status in ErrorCode.UNKNOWN_METHOD:\n            exception_class = UnknownMethodException\n        else:\n            exception_class = WebDriverException\n        if not value:\n            value = response[\"value\"]\n        if isinstance(value, str):\n            raise exception_class(value)\n        if message == \"\" and \"message\" in value:\n            message = value[\"message\"]\n    \n        screen = None  # type: ignore[assignment]\n        if \"screen\" in value:\n            screen = value[\"screen\"]\n    \n        stacktrace = None\n        st_value = value.get(\"stackTrace\") or value.get(\"stacktrace\")\n        if st_value:\n            if isinstance(st_value, str):\n                stacktrace = st_value.split(\"\\n\")\n            else:\n                stacktrace = []\n                try:\n                    for frame in st_value:\n                        line = frame.get(\"lineNumber\", \"\")\n                        file = frame.get(\"fileName\", \"<anonymous>\")\n                        if line:\n                            file = f\"{file}:{line}\"\n                        meth = frame.get(\"methodName\", \"<anonymous>\")\n                        if \"className\" in frame:\n                            meth = f\"{frame['className']}.{meth}\"\n                        msg = \"    at %s (%s)\"\n                        msg = msg % (meth, file)\n                        stacktrace.append(msg)\n                except TypeError:\n                    pass\n        if exception_class == UnexpectedAlertPresentException:\n            alert_text = None\n            if \"data\" in value:\n                alert_text = value[\"data\"].get(\"text\")\n            elif \"alert\" in value:\n                alert_text = value[\"alert\"].get(\"text\")\n            raise exception_class(message, screen, stacktrace, alert_text)  # type: ignore[call-arg]  # mypy is not smart enough here\n>       raise exception_class(message, screen, stacktrace)\nE       selenium.common.exceptions.StaleElementReferenceException: Message: stale element reference: element is not attached to the page document\nE         (Session info: chrome=112.0.5615.49)\nE       Stacktrace:\nE       #0 0x55cb11b99fe3 <unknown>\nE       #1 0x55cb118d8d36 <unknown>\nE       #2 0x55cb118dc283 <unknown>\nE       #3 0x55cb118dbff2 <unknown>\nE       #4 0x55cb118dc30c <unknown>\nE       #5 0x55cb1190fc9e <unknown>\nE       #6 0x55cb119368c2 <unknown>\nE       #7 0x55cb1190a943 <unknown>\nE       #8 0x55cb11936a8e <unknown>\nE       #9 0x55cb1194f232 <unknown>\nE       #10 0x55cb11936693 <unknown>\nE       #11 0x55cb1190903a <unknown>\nE       #12 0x55cb1190a17e <unknown>\nE       #13 0x55cb11b5bdbd <unknown>\nE       #14 0x55cb11b5fc6c <unknown>\nE       #15 0x55cb11b694b0 <unknown>\nE       #16 0x55cb11b60d63 <unknown>\nE       #17 0x55cb11b33c35 <unknown>\nE       #18 0x55cb11b84138 <unknown>\nE       #19 0x55cb11b842c7 <unknown>\nE       #20 0x55cb11b92093 <unknown>\nE       #21 0x7f88c38b1b43 <unknown>\n\n/opt/hostedtoolcache/Python/3.11.3/x64/lib/python3.11/site-packages/selenium/webdriver/remote/errorhandler.py:245: StaleElementReferenceException","flaky":false,"newFailed":false,"newBroken":false,"newPassed":false,"retriesCount":0,"retriesStatusChange":false,"beforeStages":[{"name":"driver","time":{"start":1681966973715,"stop":1681966974918,"duration":1203},"status":"passed","steps":[],"attachments":[],"parameters":[],"stepsCount":0,"attachmentsCount":0,"shouldDisplayMessage":false,"hasContent":false}],"testStage":{"status":"broken","statusMessage":"selenium.common.exceptions.StaleElementReferenceException: Message: stale element reference: element is not attached to the page document\n  (Session info: chrome=112.0.5615.49)\nStacktrace:\n#0 0x55cb11b99fe3 <unknown>\n#1 0x55cb118d8d36 <unknown>\n#2 0x55cb118dc283 <unknown>\n#3 0x55cb118dbff2 <unknown>\n#4 0x55cb118dc30c <unknown>\n#5 0x55cb1190fc9e <unknown>\n#6 0x55cb119368c2 <unknown>\n#7 0x55cb1190a943 <unknown>\n#8 0x55cb11936a8e <unknown>\n#9 0x55cb1194f232 <unknown>\n#10 0x55cb11936693 <unknown>\n#11 0x55cb1190903a <unknown>\n#12 0x55cb1190a17e <unknown>\n#13 0x55cb11b5bdbd <unknown>\n#14 0x55cb11b5fc6c <unknown>\n#15 0x55cb11b694b0 <unknown>\n#16 0x55cb11b60d63 <unknown>\n#17 0x55cb11b33c35 <unknown>\n#18 0x55cb11b84138 <unknown>\n#19 0x55cb11b842c7 <unknown>\n#20 0x55cb11b92093 <unknown>\n#21 0x7f88c38b1b43 <unknown>","statusTrace":"driver = <selenium.webdriver.chrome.webdriver.WebDriver (session=\"2ece758572b9b8abfe68e7f502005dcb\")>\n\n    @allure.feature(\"Temporary Worker Feature\")\n    @allure.story(\"Add new temporary worker\")\n    @allure.severity(allure.severity_level.NORMAL)\n    @pytest.mark.regression\n    @pytest.mark.sanity\n    @flaky\n    def test_TemporaryWorkerAdd(driver):\n        global Email\n        VisitTemporary_WorkerPageWithSteps(driver)\n        populate_Bike()\n        populate_Car()\n        with allure.step('Then User fills \"All\" form data on \"Temporary Worker\" screen'):\n            fillUserPersonalData(driver)\n            fillEmployeeStatus(driver)\n            fillClientAndProjectInfo(driver)\n>           fillResidenceInfo(driver)\n\nTests/test_temprory_worker.py:252: \n_ _ _ _ _ _ _ _ _ _ _ _ _ _ _ _ _ _ _ _ _ _ _ _ _ _ _ _ _ _ _ _ _ _ _ _ _ _ _ _ \nTests/test_temprory_worker.py:161: in fillResidenceInfo\n    TW.BedNumber = find_Elements_byXpathAndWait_getText(HouseBedList_xpath, driver)[0]\nbase_helpers.py:106: in find_Elements_byXpathAndWait_getText\n    return list((i.text for i in find_Elements_byXpathAndWait(xpath, driver)))\nbase_helpers.py:106: in <genexpr>\n    return list((i.text for i in find_Elements_byXpathAndWait(xpath, driver)))\n/opt/hostedtoolcache/Python/3.11.3/x64/lib/python3.11/site-packages/selenium/webdriver/remote/webelement.py:90: in text\n    return self._execute(Command.GET_ELEMENT_TEXT)[\"value\"]\n/opt/hostedtoolcache/Python/3.11.3/x64/lib/python3.11/site-packages/selenium/webdriver/remote/webelement.py:404: in _execute\n    return self._parent.execute(command, params)\n/opt/hostedtoolcache/Python/3.11.3/x64/lib/python3.11/site-packages/selenium/webdriver/remote/webdriver.py:440: in execute\n    self.error_handler.check_response(response)\n_ _ _ _ _ _ _ _ _ _ _ _ _ _ _ _ _ _ _ _ _ _ _ _ _ _ _ _ _ _ _ _ _ _ _ _ _ _ _ _ \n\nself = <selenium.webdriver.remote.errorhandler.ErrorHandler object at 0x7f4d50ca3a10>\nresponse = {'status': 404, 'value': '{\"value\":{\"error\":\"stale element reference\",\"message\":\"stale element reference: element is n...\\\\n#19 0x55cb11b842c7 \\\\u003Cunknown>\\\\n#20 0x55cb11b92093 \\\\u003Cunknown>\\\\n#21 0x7f88c38b1b43 \\\\u003Cunknown>\\\\n\"}}'}\n\n    def check_response(self, response: Dict[str, Any]) -> None:\n        \"\"\"Checks that a JSON response from the WebDriver does not have an\n        error.\n    \n        :Args:\n         - response - The JSON response from the WebDriver server as a dictionary\n           object.\n    \n        :Raises: If the response contains an error message.\n        \"\"\"\n        status = response.get(\"status\", None)\n        if not status or status == ErrorCode.SUCCESS:\n            return\n        value = None\n        message = response.get(\"message\", \"\")\n        screen: str = response.get(\"screen\", \"\")\n        stacktrace = None\n        if isinstance(status, int):\n            value_json = response.get(\"value\", None)\n            if value_json and isinstance(value_json, str):\n                import json\n    \n                try:\n                    value = json.loads(value_json)\n                    if len(value) == 1:\n                        value = value[\"value\"]\n                    status = value.get(\"error\", None)\n                    if not status:\n                        status = value.get(\"status\", ErrorCode.UNKNOWN_ERROR)\n                        message = value.get(\"value\") or value.get(\"message\")\n                        if not isinstance(message, str):\n                            value = message\n                            message = message.get(\"message\")\n                    else:\n                        message = value.get(\"message\", None)\n                except ValueError:\n                    pass\n    \n        exception_class: Type[WebDriverException]\n        if status in ErrorCode.NO_SUCH_ELEMENT:\n            exception_class = NoSuchElementException\n        elif status in ErrorCode.NO_SUCH_FRAME:\n            exception_class = NoSuchFrameException\n        elif status in ErrorCode.NO_SUCH_SHADOW_ROOT:\n            exception_class = NoSuchShadowRootException\n        elif status in ErrorCode.NO_SUCH_WINDOW:\n            exception_class = NoSuchWindowException\n        elif status in ErrorCode.STALE_ELEMENT_REFERENCE:\n            exception_class = StaleElementReferenceException\n        elif status in ErrorCode.ELEMENT_NOT_VISIBLE:\n            exception_class = ElementNotVisibleException\n        elif status in ErrorCode.INVALID_ELEMENT_STATE:\n            exception_class = InvalidElementStateException\n        elif (\n            status in ErrorCode.INVALID_SELECTOR\n            or status in ErrorCode.INVALID_XPATH_SELECTOR\n            or status in ErrorCode.INVALID_XPATH_SELECTOR_RETURN_TYPER\n        ):\n            exception_class = InvalidSelectorException\n        elif status in ErrorCode.ELEMENT_IS_NOT_SELECTABLE:\n            exception_class = ElementNotSelectableException\n        elif status in ErrorCode.ELEMENT_NOT_INTERACTABLE:\n            exception_class = ElementNotInteractableException\n        elif status in ErrorCode.INVALID_COOKIE_DOMAIN:\n            exception_class = InvalidCookieDomainException\n        elif status in ErrorCode.UNABLE_TO_SET_COOKIE:\n            exception_class = UnableToSetCookieException\n        elif status in ErrorCode.TIMEOUT:\n            exception_class = TimeoutException\n        elif status in ErrorCode.SCRIPT_TIMEOUT:\n            exception_class = TimeoutException\n        elif status in ErrorCode.UNKNOWN_ERROR:\n            exception_class = WebDriverException\n        elif status in ErrorCode.UNEXPECTED_ALERT_OPEN:\n            exception_class = UnexpectedAlertPresentException\n        elif status in ErrorCode.NO_ALERT_OPEN:\n            exception_class = NoAlertPresentException\n        elif status in ErrorCode.IME_NOT_AVAILABLE:\n            exception_class = ImeNotAvailableException\n        elif status in ErrorCode.IME_ENGINE_ACTIVATION_FAILED:\n            exception_class = ImeActivationFailedException\n        elif status in ErrorCode.MOVE_TARGET_OUT_OF_BOUNDS:\n            exception_class = MoveTargetOutOfBoundsException\n        elif status in ErrorCode.JAVASCRIPT_ERROR:\n            exception_class = JavascriptException\n        elif status in ErrorCode.SESSION_NOT_CREATED:\n            exception_class = SessionNotCreatedException\n        elif status in ErrorCode.INVALID_ARGUMENT:\n            exception_class = InvalidArgumentException\n        elif status in ErrorCode.NO_SUCH_COOKIE:\n            exception_class = NoSuchCookieException\n        elif status in ErrorCode.UNABLE_TO_CAPTURE_SCREEN:\n            exception_class = ScreenshotException\n        elif status in ErrorCode.ELEMENT_CLICK_INTERCEPTED:\n            exception_class = ElementClickInterceptedException\n        elif status in ErrorCode.INSECURE_CERTIFICATE:\n            exception_class = InsecureCertificateException\n        elif status in ErrorCode.INVALID_COORDINATES:\n            exception_class = InvalidCoordinatesException\n        elif status in ErrorCode.INVALID_SESSION_ID:\n            exception_class = InvalidSessionIdException\n        elif status in ErrorCode.UNKNOWN_METHOD:\n            exception_class = UnknownMethodException\n        else:\n            exception_class = WebDriverException\n        if not value:\n            value = response[\"value\"]\n        if isinstance(value, str):\n            raise exception_class(value)\n        if message == \"\" and \"message\" in value:\n            message = value[\"message\"]\n    \n        screen = None  # type: ignore[assignment]\n        if \"screen\" in value:\n            screen = value[\"screen\"]\n    \n        stacktrace = None\n        st_value = value.get(\"stackTrace\") or value.get(\"stacktrace\")\n        if st_value:\n            if isinstance(st_value, str):\n                stacktrace = st_value.split(\"\\n\")\n            else:\n                stacktrace = []\n                try:\n                    for frame in st_value:\n                        line = frame.get(\"lineNumber\", \"\")\n                        file = frame.get(\"fileName\", \"<anonymous>\")\n                        if line:\n                            file = f\"{file}:{line}\"\n                        meth = frame.get(\"methodName\", \"<anonymous>\")\n                        if \"className\" in frame:\n                            meth = f\"{frame['className']}.{meth}\"\n                        msg = \"    at %s (%s)\"\n                        msg = msg % (meth, file)\n                        stacktrace.append(msg)\n                except TypeError:\n                    pass\n        if exception_class == UnexpectedAlertPresentException:\n            alert_text = None\n            if \"data\" in value:\n                alert_text = value[\"data\"].get(\"text\")\n            elif \"alert\" in value:\n                alert_text = value[\"alert\"].get(\"text\")\n            raise exception_class(message, screen, stacktrace, alert_text)  # type: ignore[call-arg]  # mypy is not smart enough here\n>       raise exception_class(message, screen, stacktrace)\nE       selenium.common.exceptions.StaleElementReferenceException: Message: stale element reference: element is not attached to the page document\nE         (Session info: chrome=112.0.5615.49)\nE       Stacktrace:\nE       #0 0x55cb11b99fe3 <unknown>\nE       #1 0x55cb118d8d36 <unknown>\nE       #2 0x55cb118dc283 <unknown>\nE       #3 0x55cb118dbff2 <unknown>\nE       #4 0x55cb118dc30c <unknown>\nE       #5 0x55cb1190fc9e <unknown>\nE       #6 0x55cb119368c2 <unknown>\nE       #7 0x55cb1190a943 <unknown>\nE       #8 0x55cb11936a8e <unknown>\nE       #9 0x55cb1194f232 <unknown>\nE       #10 0x55cb11936693 <unknown>\nE       #11 0x55cb1190903a <unknown>\nE       #12 0x55cb1190a17e <unknown>\nE       #13 0x55cb11b5bdbd <unknown>\nE       #14 0x55cb11b5fc6c <unknown>\nE       #15 0x55cb11b694b0 <unknown>\nE       #16 0x55cb11b60d63 <unknown>\nE       #17 0x55cb11b33c35 <unknown>\nE       #18 0x55cb11b84138 <unknown>\nE       #19 0x55cb11b842c7 <unknown>\nE       #20 0x55cb11b92093 <unknown>\nE       #21 0x7f88c38b1b43 <unknown>\n\n/opt/hostedtoolcache/Python/3.11.3/x64/lib/python3.11/site-packages/selenium/webdriver/remote/errorhandler.py:245: StaleElementReferenceException","steps":[{"name":"Given Go to the \"Base\" url","time":{"start":1681966974918,"stop":1681966976353,"duration":1435},"status":"passed","steps":[],"attachments":[],"parameters":[],"stepsCount":0,"attachmentsCount":0,"shouldDisplayMessage":false,"hasContent":false},{"name":"Then Verify user is on Login screen","time":{"start":1681966976353,"stop":1681966976504,"duration":151},"status":"passed","steps":[],"attachments":[],"parameters":[],"stepsCount":0,"attachmentsCount":0,"shouldDisplayMessage":false,"hasContent":false},{"name":"When User fills \"Valid\" form data on \"login\" screen","time":{"start":1681966976504,"stop":1681966977821,"duration":1317},"status":"passed","steps":[],"attachments":[],"parameters":[],"stepsCount":0,"attachmentsCount":0,"shouldDisplayMessage":false,"hasContent":false},{"name":"Then Verify user is on \"HomePage\" screen","time":{"start":1681966977821,"stop":1681966979456,"duration":1635},"status":"passed","steps":[],"attachments":[],"parameters":[],"stepsCount":0,"attachmentsCount":0,"shouldDisplayMessage":false,"hasContent":false},{"name":"Then User clicks \"Temporary Worker\" button on \"Homepage\" screen","time":{"start":1681966979456,"stop":1681966979703,"duration":247},"status":"passed","steps":[],"attachments":[],"parameters":[],"stepsCount":0,"attachmentsCount":0,"shouldDisplayMessage":false,"hasContent":false},{"name":"Then Scroll \"Down\" into view \"Add New Temporary Worker\" Section","time":{"start":1681966979703,"stop":1681966979836,"duration":133},"status":"passed","steps":[],"attachments":[],"parameters":[],"stepsCount":0,"attachmentsCount":0,"shouldDisplayMessage":false,"hasContent":false},{"name":"Then User clicks \"Add Temporary Worker\" button on \"Temporary Worker\" screen","time":{"start":1681966979836,"stop":1681966980253,"duration":417},"status":"passed","steps":[],"attachments":[],"parameters":[],"stepsCount":0,"attachmentsCount":0,"shouldDisplayMessage":false,"hasContent":false},{"name":"Then Verify user is on \"Add Temporary Worker\" screen","time":{"start":1681966980253,"stop":1681966980292,"duration":39},"status":"passed","steps":[],"attachments":[],"parameters":[],"stepsCount":0,"attachmentsCount":0,"shouldDisplayMessage":false,"hasContent":false},{"name":"Then User fills \"All\" form data on \"Temporary Worker\" screen","time":{"start":1681966985192,"stop":1681966995505,"duration":10313},"status":"broken","statusMessage":"selenium.common.exceptions.StaleElementReferenceException: Message: stale element reference: element is not attached to the page document\n  (Session info: chrome=112.0.5615.49)\nStacktrace:\n#0 0x55cb11b99fe3 <unknown>\n#1 0x55cb118d8d36 <unknown>\n#2 0x55cb118dc283 <unknown>\n#3 0x55cb118dbff2 <unknown>\n#4 0x55cb118dc30c <unknown>\n#5 0x55cb1190fc9e <unknown>\n#6 0x55cb119368c2 <unknown>\n#7 0x55cb1190a943 <unknown>\n#8 0x55cb11936a8e <unknown>\n#9 0x55cb1194f232 <unknown>\n#10 0x55cb11936693 <unknown>\n#11 0x55cb1190903a <unknown>\n#12 0x55cb1190a17e <unknown>\n#13 0x55cb11b5bdbd <unknown>\n#14 0x55cb11b5fc6c <unknown>\n#15 0x55cb11b694b0 <unknown>\n#16 0x55cb11b60d63 <unknown>\n#17 0x55cb11b33c35 <unknown>\n#18 0x55cb11b84138 <unknown>\n#19 0x55cb11b842c7 <unknown>\n#20 0x55cb11b92093 <unknown>\n#21 0x7f88c38b1b43 <unknown>\n\n","statusTrace":"  File \"/home/runner/work/WebAutomationTestingFramework/WebAutomationTestingFramework/Tests/test_temprory_worker.py\", line 252, in test_TemporaryWorkerAdd\n    fillResidenceInfo(driver)\n  File \"/home/runner/work/WebAutomationTestingFramework/WebAutomationTestingFramework/Tests/test_temprory_worker.py\", line 161, in fillResidenceInfo\n    TW.BedNumber = find_Elements_byXpathAndWait_getText(HouseBedList_xpath, driver)[0]\n                   ^^^^^^^^^^^^^^^^^^^^^^^^^^^^^^^^^^^^^^^^^^^^^^^^^^^^^^^^^^^^^^^^\n  File \"/home/runner/work/WebAutomationTestingFramework/WebAutomationTestingFramework/base_helpers.py\", line 106, in find_Elements_byXpathAndWait_getText\n    return list((i.text for i in find_Elements_byXpathAndWait(xpath, driver)))\n           ^^^^^^^^^^^^^^^^^^^^^^^^^^^^^^^^^^^^^^^^^^^^^^^^^^^^^^^^^^^^^^^^^^^\n  File \"/home/runner/work/WebAutomationTestingFramework/WebAutomationTestingFramework/base_helpers.py\", line 106, in <genexpr>\n    return list((i.text for i in find_Elements_byXpathAndWait(xpath, driver)))\n                 ^^^^^^\n  File \"/opt/hostedtoolcache/Python/3.11.3/x64/lib/python3.11/site-packages/selenium/webdriver/remote/webelement.py\", line 90, in text\n    return self._execute(Command.GET_ELEMENT_TEXT)[\"value\"]\n           ^^^^^^^^^^^^^^^^^^^^^^^^^^^^^^^^^^^^^^^\n  File \"/opt/hostedtoolcache/Python/3.11.3/x64/lib/python3.11/site-packages/selenium/webdriver/remote/webelement.py\", line 404, in _execute\n    return self._parent.execute(command, params)\n           ^^^^^^^^^^^^^^^^^^^^^^^^^^^^^^^^^^^^^\n  File \"/opt/hostedtoolcache/Python/3.11.3/x64/lib/python3.11/site-packages/selenium/webdriver/remote/webdriver.py\", line 440, in execute\n    self.error_handler.check_response(response)\n  File \"/opt/hostedtoolcache/Python/3.11.3/x64/lib/python3.11/site-packages/selenium/webdriver/remote/errorhandler.py\", line 245, in check_response\n    raise exception_class(message, screen, stacktrace)\n","steps":[{"name":"Enter Personal Data","time":{"start":1681966985192,"stop":1681966987893,"duration":2701},"status":"passed","steps":[],"attachments":[],"parameters":[],"stepsCount":0,"attachmentsCount":0,"shouldDisplayMessage":false,"hasContent":false},{"name":"Enter Employee Status","time":{"start":1681966987893,"stop":1681966988968,"duration":1075},"status":"passed","steps":[],"attachments":[],"parameters":[],"stepsCount":0,"attachmentsCount":0,"shouldDisplayMessage":false,"hasContent":false},{"name":"Enter Client & Project Information","time":{"start":1681966988968,"stop":1681966993035,"duration":4067},"status":"passed","steps":[],"attachments":[],"parameters":[],"stepsCount":0,"attachmentsCount":0,"shouldDisplayMessage":false,"hasContent":false},{"name":"Enter Residence Information","time":{"start":1681966993035,"stop":1681966995504,"duration":2469},"status":"broken","statusMessage":"selenium.common.exceptions.StaleElementReferenceException: Message: stale element reference: element is not attached to the page document\n  (Session info: chrome=112.0.5615.49)\nStacktrace:\n#0 0x55cb11b99fe3 <unknown>\n#1 0x55cb118d8d36 <unknown>\n#2 0x55cb118dc283 <unknown>\n#3 0x55cb118dbff2 <unknown>\n#4 0x55cb118dc30c <unknown>\n#5 0x55cb1190fc9e <unknown>\n#6 0x55cb119368c2 <unknown>\n#7 0x55cb1190a943 <unknown>\n#8 0x55cb11936a8e <unknown>\n#9 0x55cb1194f232 <unknown>\n#10 0x55cb11936693 <unknown>\n#11 0x55cb1190903a <unknown>\n#12 0x55cb1190a17e <unknown>\n#13 0x55cb11b5bdbd <unknown>\n#14 0x55cb11b5fc6c <unknown>\n#15 0x55cb11b694b0 <unknown>\n#16 0x55cb11b60d63 <unknown>\n#17 0x55cb11b33c35 <unknown>\n#18 0x55cb11b84138 <unknown>\n#19 0x55cb11b842c7 <unknown>\n#20 0x55cb11b92093 <unknown>\n#21 0x7f88c38b1b43 <unknown>\n\n","statusTrace":"  File \"/home/runner/work/WebAutomationTestingFramework/WebAutomationTestingFramework/Tests/test_temprory_worker.py\", line 161, in fillResidenceInfo\n    TW.BedNumber = find_Elements_byXpathAndWait_getText(HouseBedList_xpath, driver)[0]\n                   ^^^^^^^^^^^^^^^^^^^^^^^^^^^^^^^^^^^^^^^^^^^^^^^^^^^^^^^^^^^^^^^^\n  File \"/home/runner/work/WebAutomationTestingFramework/WebAutomationTestingFramework/base_helpers.py\", line 106, in find_Elements_byXpathAndWait_getText\n    return list((i.text for i in find_Elements_byXpathAndWait(xpath, driver)))\n           ^^^^^^^^^^^^^^^^^^^^^^^^^^^^^^^^^^^^^^^^^^^^^^^^^^^^^^^^^^^^^^^^^^^\n  File \"/home/runner/work/WebAutomationTestingFramework/WebAutomationTestingFramework/base_helpers.py\", line 106, in <genexpr>\n    return list((i.text for i in find_Elements_byXpathAndWait(xpath, driver)))\n                 ^^^^^^\n  File \"/opt/hostedtoolcache/Python/3.11.3/x64/lib/python3.11/site-packages/selenium/webdriver/remote/webelement.py\", line 90, in text\n    return self._execute(Command.GET_ELEMENT_TEXT)[\"value\"]\n           ^^^^^^^^^^^^^^^^^^^^^^^^^^^^^^^^^^^^^^^\n  File \"/opt/hostedtoolcache/Python/3.11.3/x64/lib/python3.11/site-packages/selenium/webdriver/remote/webelement.py\", line 404, in _execute\n    return self._parent.execute(command, params)\n           ^^^^^^^^^^^^^^^^^^^^^^^^^^^^^^^^^^^^^\n  File \"/opt/hostedtoolcache/Python/3.11.3/x64/lib/python3.11/site-packages/selenium/webdriver/remote/webdriver.py\", line 440, in execute\n    self.error_handler.check_response(response)\n  File \"/opt/hostedtoolcache/Python/3.11.3/x64/lib/python3.11/site-packages/selenium/webdriver/remote/errorhandler.py\", line 245, in check_response\n    raise exception_class(message, screen, stacktrace)\n","steps":[],"attachments":[],"parameters":[],"stepsCount":0,"attachmentsCount":0,"shouldDisplayMessage":true,"hasContent":true}],"attachments":[],"parameters":[],"stepsCount":4,"attachmentsCount":0,"shouldDisplayMessage":false,"hasContent":true}],"attachments":[{"uid":"a5a3d5f86bc35fe","name":"screenshot","source":"a5a3d5f86bc35fe.png","type":"image/png","size":104483}],"parameters":[],"stepsCount":13,"attachmentsCount":1,"shouldDisplayMessage":true,"hasContent":true},"afterStages":[{"name":"driver::0","time":{"start":1681966995801,"stop":1681966995930,"duration":129},"status":"passed","steps":[],"attachments":[],"parameters":[],"stepsCount":0,"attachmentsCount":0,"shouldDisplayMessage":false,"hasContent":false}],"labels":[{"name":"story","value":"Add new temporary worker"},{"name":"feature","value":"Temporary Worker Feature"},{"name":"severity","value":"normal"},{"name":"tag","value":"sanity"},{"name":"tag","value":"regression"},{"name":"parentSuite","value":"Tests"},{"name":"suite","value":"test_temprory_worker"},{"name":"host","value":"fv-az255-609"},{"name":"thread","value":"2382-MainThread"},{"name":"framework","value":"pytest"},{"name":"language","value":"cpython3"},{"name":"package","value":"Tests.test_temprory_worker"},{"name":"resultFormat","value":"allure2"}],"parameters":[],"links":[],"hidden":true,"retry":true,"extra":{"categories":[],"tags":["regression","sanity"]},"source":"d055ff21e6a54372.json","parameterValues":[]}