{"uid":"e013c9c06bf77b7e","name":"test_TemporaryWorkerVerifyIfExportedCSVFileDataMatchesWithWebTableData","fullName":"Tests.test_temprory_worker#test_TemporaryWorkerVerifyIfExportedCSVFileDataMatchesWithWebTableData","historyId":"4dc930d6c91e7d555205d60d52968826","time":{"start":1681967059158,"stop":1681967080922,"duration":21764},"status":"failed","statusMessage":"AssertionError","statusTrace":"driver = <selenium.webdriver.chrome.webdriver.WebDriver (session=\"52d6b57ec1d3d9b96c24c9268d12c993\")>\n\n    @allure.feature(\"Temporary Worker Feature\")\n    @allure.story(\"Verify If Exported CSV file has the exact data matches with table\")\n    @allure.severity(allure.severity_level.NORMAL)\n    @pytest.mark.regression\n    @pytest.mark.sanity\n    @pytest.mark.order(5)\n    def test_TemporaryWorkerVerifyIfExportedCSVFileDataMatchesWithWebTableData(driver):\n        VisitTemporaryWorkerPageWithLogin(driver)\n    \n        fileName = Storage.downloadsPath + find_byXpath(csvFileEXPORTNAME, driver).get_attribute(\"download\") + '.csv'\n>       downloadAndVerifyCSVExportedFile(driver)\n\nTests/test_temprory_worker.py:375: \n_ _ _ _ _ _ _ _ _ _ _ _ _ _ _ _ _ _ _ _ _ _ _ _ _ _ _ _ _ _ _ _ _ _ _ _ _ _ _ _ \nTests/test_temprory_worker.py:53: in downloadAndVerifyCSVExportedFile\n    verifyFileDownloadedCorrectly(FilePath=fileName)\n_ _ _ _ _ _ _ _ _ _ _ _ _ _ _ _ _ _ _ _ _ _ _ _ _ _ _ _ _ _ _ _ _ _ _ _ _ _ _ _ \n\nFilePath = '/home/runner/work/WebAutomationTestingFramework/WebAutomationTestingFramework/Downloads/Veritec-temporary-workers@20-Apr-2023.csv'\n\n    def verifyFileDownloadedCorrectly(FilePath):\n>       assert os.path.exists(FilePath)\nE       AssertionError\n\nbase_helpers.py:239: AssertionError","flaky":false,"newFailed":false,"newBroken":false,"newPassed":false,"retriesCount":2,"retriesStatusChange":false,"beforeStages":[{"name":"driver","time":{"start":1681967058189,"stop":1681967059157,"duration":968},"status":"passed","steps":[],"attachments":[],"parameters":[],"stepsCount":0,"attachmentsCount":0,"shouldDisplayMessage":false,"hasContent":false}],"testStage":{"status":"failed","statusMessage":"AssertionError","statusTrace":"driver = <selenium.webdriver.chrome.webdriver.WebDriver (session=\"52d6b57ec1d3d9b96c24c9268d12c993\")>\n\n    @allure.feature(\"Temporary Worker Feature\")\n    @allure.story(\"Verify If Exported CSV file has the exact data matches with table\")\n    @allure.severity(allure.severity_level.NORMAL)\n    @pytest.mark.regression\n    @pytest.mark.sanity\n    @pytest.mark.order(5)\n    def test_TemporaryWorkerVerifyIfExportedCSVFileDataMatchesWithWebTableData(driver):\n        VisitTemporaryWorkerPageWithLogin(driver)\n    \n        fileName = Storage.downloadsPath + find_byXpath(csvFileEXPORTNAME, driver).get_attribute(\"download\") + '.csv'\n>       downloadAndVerifyCSVExportedFile(driver)\n\nTests/test_temprory_worker.py:375: \n_ _ _ _ _ _ _ _ _ _ _ _ _ _ _ _ _ _ _ _ _ _ _ _ _ _ _ _ _ _ _ _ _ _ _ _ _ _ _ _ \nTests/test_temprory_worker.py:53: in downloadAndVerifyCSVExportedFile\n    verifyFileDownloadedCorrectly(FilePath=fileName)\n_ _ _ _ _ _ _ _ _ _ _ _ _ _ _ _ _ _ _ _ _ _ _ _ _ _ _ _ _ _ _ _ _ _ _ _ _ _ _ _ \n\nFilePath = '/home/runner/work/WebAutomationTestingFramework/WebAutomationTestingFramework/Downloads/Veritec-temporary-workers@20-Apr-2023.csv'\n\n    def verifyFileDownloadedCorrectly(FilePath):\n>       assert os.path.exists(FilePath)\nE       AssertionError\n\nbase_helpers.py:239: AssertionError","steps":[{"name":"Given Go to the \"Base\" url","time":{"start":1681967059158,"stop":1681967060132,"duration":974},"status":"passed","steps":[],"attachments":[],"parameters":[],"stepsCount":0,"attachmentsCount":0,"shouldDisplayMessage":false,"hasContent":false},{"name":"Then Verify user is on Login screen","time":{"start":1681967060132,"stop":1681967060180,"duration":48},"status":"passed","steps":[],"attachments":[],"parameters":[],"stepsCount":0,"attachmentsCount":0,"shouldDisplayMessage":false,"hasContent":false},{"name":"When User fills \"Valid\" form data on \"login\" screen","time":{"start":1681967060180,"stop":1681967060850,"duration":670},"status":"passed","steps":[],"attachments":[],"parameters":[],"stepsCount":0,"attachmentsCount":0,"shouldDisplayMessage":false,"hasContent":false},{"name":"Then Verify user is on \"HomePage\" screen","time":{"start":1681967060850,"stop":1681967061666,"duration":816},"status":"passed","steps":[],"attachments":[],"parameters":[],"stepsCount":0,"attachmentsCount":0,"shouldDisplayMessage":false,"hasContent":false},{"name":"Then User clicks \"Temporary Worker\" button on \"Homepage\" screen","time":{"start":1681967061919,"stop":1681967062130,"duration":211},"status":"passed","steps":[],"attachments":[],"parameters":[],"stepsCount":0,"attachmentsCount":0,"shouldDisplayMessage":false,"hasContent":false},{"name":"And Check if CSV file downloaded correctly","time":{"start":1681967062247,"stop":1681967080921,"duration":18674},"status":"failed","statusMessage":"AssertionError\n","statusTrace":"  File \"/home/runner/work/WebAutomationTestingFramework/WebAutomationTestingFramework/Tests/test_temprory_worker.py\", line 53, in downloadAndVerifyCSVExportedFile\n    verifyFileDownloadedCorrectly(FilePath=fileName)\n  File \"/home/runner/work/WebAutomationTestingFramework/WebAutomationTestingFramework/base_helpers.py\", line 239, in verifyFileDownloadedCorrectly\n    assert os.path.exists(FilePath)\n","steps":[],"attachments":[],"parameters":[],"stepsCount":0,"attachmentsCount":0,"shouldDisplayMessage":true,"hasContent":true}],"attachments":[{"uid":"b2ccc7794263f50f","name":"screenshot","source":"b2ccc7794263f50f.png","type":"image/png","size":186235}],"parameters":[],"stepsCount":6,"attachmentsCount":1,"shouldDisplayMessage":true,"hasContent":true},"afterStages":[{"name":"driver::0","time":{"start":1681967081187,"stop":1681967081316,"duration":129},"status":"passed","steps":[],"attachments":[],"parameters":[],"stepsCount":0,"attachmentsCount":0,"shouldDisplayMessage":false,"hasContent":false}],"labels":[{"name":"severity","value":"normal"},{"name":"feature","value":"Temporary Worker Feature"},{"name":"story","value":"Verify If Exported CSV file has the exact data matches with table"},{"name":"tag","value":"order(5)"},{"name":"tag","value":"sanity"},{"name":"tag","value":"regression"},{"name":"parentSuite","value":"Tests"},{"name":"suite","value":"test_temprory_worker"},{"name":"host","value":"fv-az255-609"},{"name":"thread","value":"2379-MainThread"},{"name":"framework","value":"pytest"},{"name":"language","value":"cpython3"},{"name":"package","value":"Tests.test_temprory_worker"},{"name":"resultFormat","value":"allure2"}],"parameters":[],"links":[],"hidden":false,"retry":false,"extra":{"severity":"normal","retries":[{"uid":"a846f924b358352e","status":"failed","statusDetails":"AssertionError","time":{"start":1681967031268,"stop":1681967057802,"duration":26534}},{"uid":"53d7fbef604c8943","status":"failed","statusDetails":"AssertionError","time":{"start":1681967007074,"stop":1681967029889,"duration":22815}}],"categories":[{"name":"Product defects","matchedStatuses":[],"flaky":false}],"tags":["regression","sanity","order(5)"]},"source":"e013c9c06bf77b7e.json","parameterValues":[]}