{"uid":"eb8678dcd9eacd9e","name":"test_TemporaryWorkerDeleteFirst","fullName":"Tests.test_temprory_worker#test_TemporaryWorkerDeleteFirst","historyId":"76bf1ced30384bfa00e4db05de3f1d23","time":{"start":1681968084506,"stop":1681968115631,"duration":31125},"status":"failed","statusMessage":"Failed: Element not visible with xpath : //span[text()=\"Temporary Worker Deleted Successfully\"]","statusTrace":"xpath = '//span[text()=\"Temporary Worker Deleted Successfully\"]'\ndriver = <selenium.webdriver.chrome.webdriver.WebDriver (session=\"9bb226a3ed0887a09cbbbdcbf8e85463\")>\n\n    def verify_visibility_of_element_located(xpath, driver):\n        try:\n>           WebDriverWait(driver, waitTimer).until(EC.element_to_be_clickable((By.XPATH, xpath)))\n\nbase_helpers.py:137: \n_ _ _ _ _ _ _ _ _ _ _ _ _ _ _ _ _ _ _ _ _ _ _ _ _ _ _ _ _ _ _ _ _ _ _ _ _ _ _ _ \n\nself = <selenium.webdriver.support.wait.WebDriverWait (session=\"9bb226a3ed0887a09cbbbdcbf8e85463\")>\nmethod = <function element_to_be_clickable.<locals>._predicate at 0x7fbf6f68e7a0>\nmessage = ''\n\n    def until(self, method, message: str = \"\"):\n        \"\"\"Calls the method provided with the driver as an argument until the \\\n        return value does not evaluate to ``False``.\n    \n        :param method: callable(WebDriver)\n        :param message: optional message for :exc:`TimeoutException`\n        :returns: the result of the last call to `method`\n        :raises: :exc:`selenium.common.exceptions.TimeoutException` if timeout occurs\n        \"\"\"\n        screen = None\n        stacktrace = None\n    \n        end_time = time.monotonic() + self._timeout\n        while True:\n            try:\n                value = method(self._driver)\n                if value:\n                    return value\n            except self._ignored_exceptions as exc:\n                screen = getattr(exc, \"screen\", None)\n                stacktrace = getattr(exc, \"stacktrace\", None)\n            time.sleep(self._poll)\n            if time.monotonic() > end_time:\n                break\n>       raise TimeoutException(message, screen, stacktrace)\nE       selenium.common.exceptions.TimeoutException: Message: \nE       Stacktrace:\nE       #0 0x55b893538fe3 <unknown>\nE       #1 0x55b893277d36 <unknown>\nE       #2 0x55b8932b4c4d <unknown>\nE       #3 0x55b8932b4d61 <unknown>\nE       #4 0x55b8932f06a4 <unknown>\nE       #5 0x55b8932d58ed <unknown>\nE       #6 0x55b8932ee232 <unknown>\nE       #7 0x55b8932d5693 <unknown>\nE       #8 0x55b8932a803a <unknown>\nE       #9 0x55b8932a917e <unknown>\nE       #10 0x55b8934fadbd <unknown>\nE       #11 0x55b8934fec6c <unknown>\nE       #12 0x55b8935084b0 <unknown>\nE       #13 0x55b8934ffd63 <unknown>\nE       #14 0x55b8934d2c35 <unknown>\nE       #15 0x55b893523138 <unknown>\nE       #16 0x55b8935232c7 <unknown>\nE       #17 0x55b893531093 <unknown>\nE       #18 0x7fb4cdef1b43 <unknown>\n\n/opt/hostedtoolcache/Python/3.11.3/x64/lib/python3.11/site-packages/selenium/webdriver/support/wait.py:95: TimeoutException\n\nDuring handling of the above exception, another exception occurred:\n\ndriver = <selenium.webdriver.chrome.webdriver.WebDriver (session=\"9bb226a3ed0887a09cbbbdcbf8e85463\")>\n\n    @allure.feature(\"Temporary Worker Feature\")\n    @allure.story(\"Delete Last Temporary worker\")\n    @allure.severity(allure.severity_level.NORMAL)\n    @pytest.mark.regression\n    @pytest.mark.sanity\n    @pytest.mark.order(2)\n    def test_TemporaryWorkerDeleteFirst(driver):\n        VisitTemporaryWorkerPageWithLogin(driver)\n        scroll_into_element(mainTemporaryTable_xpath, driver)\n        verify_loaderAndWait(TableLoader_xpath, driver)\n        with allure.step('And User select the First Item and Tap on Delete Button'):\n            find_byXpath(mainRowRadioButton, driver).click()\n            find_byXpath(mainDeleteButton, driver).click()\n            find_byXpathAndWait(mainDeleteYesButton, driver).click()\n        with allure.step('Then User should see a \"Temporary Worker Deleted\" message'):\n>           verify_visibility_of_element_located(mainTemporaryDelete_SuccessMessage_xpath, driver)\n\nTests/test_temprory_worker.py:318: \n_ _ _ _ _ _ _ _ _ _ _ _ _ _ _ _ _ _ _ _ _ _ _ _ _ _ _ _ _ _ _ _ _ _ _ _ _ _ _ _ \n\nxpath = '//span[text()=\"Temporary Worker Deleted Successfully\"]'\ndriver = <selenium.webdriver.chrome.webdriver.WebDriver (session=\"9bb226a3ed0887a09cbbbdcbf8e85463\")>\n\n    def verify_visibility_of_element_located(xpath, driver):\n        try:\n            WebDriverWait(driver, waitTimer).until(EC.element_to_be_clickable((By.XPATH, xpath)))\n        except (ElementNotVisibleException, TimeoutException):\n>           pytest.fail(\n                f\"Element not visible with xpath : {xpath}\")\nE           Failed: Element not visible with xpath : //span[text()=\"Temporary Worker Deleted Successfully\"]\n\nbase_helpers.py:139: Failed","flaky":false,"newFailed":true,"newBroken":false,"newPassed":false,"retriesCount":2,"retriesStatusChange":true,"beforeStages":[{"name":"driver","time":{"start":1681968083548,"stop":1681968084505,"duration":957},"status":"passed","steps":[],"attachments":[],"parameters":[],"stepsCount":0,"attachmentsCount":0,"shouldDisplayMessage":false,"hasContent":false}],"testStage":{"status":"failed","statusMessage":"Failed: Element not visible with xpath : //span[text()=\"Temporary Worker Deleted Successfully\"]","statusTrace":"xpath = '//span[text()=\"Temporary Worker Deleted Successfully\"]'\ndriver = <selenium.webdriver.chrome.webdriver.WebDriver (session=\"9bb226a3ed0887a09cbbbdcbf8e85463\")>\n\n    def verify_visibility_of_element_located(xpath, driver):\n        try:\n>           WebDriverWait(driver, waitTimer).until(EC.element_to_be_clickable((By.XPATH, xpath)))\n\nbase_helpers.py:137: \n_ _ _ _ _ _ _ _ _ _ _ _ _ _ _ _ _ _ _ _ _ _ _ _ _ _ _ _ _ _ _ _ _ _ _ _ _ _ _ _ \n\nself = <selenium.webdriver.support.wait.WebDriverWait (session=\"9bb226a3ed0887a09cbbbdcbf8e85463\")>\nmethod = <function element_to_be_clickable.<locals>._predicate at 0x7fbf6f68e7a0>\nmessage = ''\n\n    def until(self, method, message: str = \"\"):\n        \"\"\"Calls the method provided with the driver as an argument until the \\\n        return value does not evaluate to ``False``.\n    \n        :param method: callable(WebDriver)\n        :param message: optional message for :exc:`TimeoutException`\n        :returns: the result of the last call to `method`\n        :raises: :exc:`selenium.common.exceptions.TimeoutException` if timeout occurs\n        \"\"\"\n        screen = None\n        stacktrace = None\n    \n        end_time = time.monotonic() + self._timeout\n        while True:\n            try:\n                value = method(self._driver)\n                if value:\n                    return value\n            except self._ignored_exceptions as exc:\n                screen = getattr(exc, \"screen\", None)\n                stacktrace = getattr(exc, \"stacktrace\", None)\n            time.sleep(self._poll)\n            if time.monotonic() > end_time:\n                break\n>       raise TimeoutException(message, screen, stacktrace)\nE       selenium.common.exceptions.TimeoutException: Message: \nE       Stacktrace:\nE       #0 0x55b893538fe3 <unknown>\nE       #1 0x55b893277d36 <unknown>\nE       #2 0x55b8932b4c4d <unknown>\nE       #3 0x55b8932b4d61 <unknown>\nE       #4 0x55b8932f06a4 <unknown>\nE       #5 0x55b8932d58ed <unknown>\nE       #6 0x55b8932ee232 <unknown>\nE       #7 0x55b8932d5693 <unknown>\nE       #8 0x55b8932a803a <unknown>\nE       #9 0x55b8932a917e <unknown>\nE       #10 0x55b8934fadbd <unknown>\nE       #11 0x55b8934fec6c <unknown>\nE       #12 0x55b8935084b0 <unknown>\nE       #13 0x55b8934ffd63 <unknown>\nE       #14 0x55b8934d2c35 <unknown>\nE       #15 0x55b893523138 <unknown>\nE       #16 0x55b8935232c7 <unknown>\nE       #17 0x55b893531093 <unknown>\nE       #18 0x7fb4cdef1b43 <unknown>\n\n/opt/hostedtoolcache/Python/3.11.3/x64/lib/python3.11/site-packages/selenium/webdriver/support/wait.py:95: TimeoutException\n\nDuring handling of the above exception, another exception occurred:\n\ndriver = <selenium.webdriver.chrome.webdriver.WebDriver (session=\"9bb226a3ed0887a09cbbbdcbf8e85463\")>\n\n    @allure.feature(\"Temporary Worker Feature\")\n    @allure.story(\"Delete Last Temporary worker\")\n    @allure.severity(allure.severity_level.NORMAL)\n    @pytest.mark.regression\n    @pytest.mark.sanity\n    @pytest.mark.order(2)\n    def test_TemporaryWorkerDeleteFirst(driver):\n        VisitTemporaryWorkerPageWithLogin(driver)\n        scroll_into_element(mainTemporaryTable_xpath, driver)\n        verify_loaderAndWait(TableLoader_xpath, driver)\n        with allure.step('And User select the First Item and Tap on Delete Button'):\n            find_byXpath(mainRowRadioButton, driver).click()\n            find_byXpath(mainDeleteButton, driver).click()\n            find_byXpathAndWait(mainDeleteYesButton, driver).click()\n        with allure.step('Then User should see a \"Temporary Worker Deleted\" message'):\n>           verify_visibility_of_element_located(mainTemporaryDelete_SuccessMessage_xpath, driver)\n\nTests/test_temprory_worker.py:318: \n_ _ _ _ _ _ _ _ _ _ _ _ _ _ _ _ _ _ _ _ _ _ _ _ _ _ _ _ _ _ _ _ _ _ _ _ _ _ _ _ \n\nxpath = '//span[text()=\"Temporary Worker Deleted Successfully\"]'\ndriver = <selenium.webdriver.chrome.webdriver.WebDriver (session=\"9bb226a3ed0887a09cbbbdcbf8e85463\")>\n\n    def verify_visibility_of_element_located(xpath, driver):\n        try:\n            WebDriverWait(driver, waitTimer).until(EC.element_to_be_clickable((By.XPATH, xpath)))\n        except (ElementNotVisibleException, TimeoutException):\n>           pytest.fail(\n                f\"Element not visible with xpath : {xpath}\")\nE           Failed: Element not visible with xpath : //span[text()=\"Temporary Worker Deleted Successfully\"]\n\nbase_helpers.py:139: Failed","steps":[{"name":"Given Go to the \"Base\" url","time":{"start":1681968084506,"stop":1681968085489,"duration":983},"status":"passed","steps":[],"attachments":[],"parameters":[],"stepsCount":0,"attachmentsCount":0,"shouldDisplayMessage":false,"hasContent":false},{"name":"Then Verify user is on Login screen","time":{"start":1681968085489,"stop":1681968085542,"duration":53},"status":"passed","steps":[],"attachments":[],"parameters":[],"stepsCount":0,"attachmentsCount":0,"shouldDisplayMessage":false,"hasContent":false},{"name":"When User fills \"Valid\" form data on \"login\" screen","time":{"start":1681968085542,"stop":1681968086186,"duration":644},"status":"passed","steps":[],"attachments":[],"parameters":[],"stepsCount":0,"attachmentsCount":0,"shouldDisplayMessage":false,"hasContent":false},{"name":"Then Verify user is on \"HomePage\" screen","time":{"start":1681968086186,"stop":1681968086972,"duration":786},"status":"passed","steps":[],"attachments":[],"parameters":[],"stepsCount":0,"attachmentsCount":0,"shouldDisplayMessage":false,"hasContent":false},{"name":"Then User clicks \"Temporary Worker\" button on \"Homepage\" screen","time":{"start":1681968087244,"stop":1681968087500,"duration":256},"status":"passed","steps":[],"attachments":[],"parameters":[],"stepsCount":0,"attachmentsCount":0,"shouldDisplayMessage":false,"hasContent":false},{"name":"And User select the First Item and Tap on Delete Button","time":{"start":1681968100073,"stop":1681968100567,"duration":494},"status":"passed","steps":[],"attachments":[],"parameters":[],"stepsCount":0,"attachmentsCount":0,"shouldDisplayMessage":false,"hasContent":false},{"name":"Then User should see a \"Temporary Worker Deleted\" message","time":{"start":1681968100567,"stop":1681968115630,"duration":15063},"status":"failed","statusMessage":"Failed: Element not visible with xpath : //span[text()=\"Temporary Worker Deleted Successfully\"]\n","statusTrace":"  File \"/home/runner/work/WebAutomationTestingFramework/WebAutomationTestingFramework/Tests/test_temprory_worker.py\", line 318, in test_TemporaryWorkerDeleteFirst\n    verify_visibility_of_element_located(mainTemporaryDelete_SuccessMessage_xpath, driver)\n  File \"/home/runner/work/WebAutomationTestingFramework/WebAutomationTestingFramework/base_helpers.py\", line 139, in verify_visibility_of_element_located\n    pytest.fail(\n  File \"/opt/hostedtoolcache/Python/3.11.3/x64/lib/python3.11/site-packages/_pytest/outcomes.py\", line 198, in fail\n    raise Failed(msg=reason, pytrace=pytrace)\n","steps":[],"attachments":[],"parameters":[],"stepsCount":0,"attachmentsCount":0,"shouldDisplayMessage":true,"hasContent":true}],"attachments":[{"uid":"21b2107a55cbe1ad","name":"screenshot","source":"21b2107a55cbe1ad.png","type":"image/png","size":202905}],"parameters":[],"stepsCount":7,"attachmentsCount":1,"shouldDisplayMessage":true,"hasContent":true},"afterStages":[{"name":"driver::0","time":{"start":1681968115862,"stop":1681968115987,"duration":125},"status":"passed","steps":[],"attachments":[],"parameters":[],"stepsCount":0,"attachmentsCount":0,"shouldDisplayMessage":false,"hasContent":false}],"labels":[{"name":"severity","value":"normal"},{"name":"feature","value":"Temporary Worker Feature"},{"name":"story","value":"Delete Last Temporary worker"},{"name":"tag","value":"order(2)"},{"name":"tag","value":"sanity"},{"name":"tag","value":"regression"},{"name":"parentSuite","value":"Tests"},{"name":"suite","value":"test_temprory_worker"},{"name":"host","value":"fv-az1241-419"},{"name":"thread","value":"2347-MainThread"},{"name":"framework","value":"pytest"},{"name":"language","value":"cpython3"},{"name":"package","value":"Tests.test_temprory_worker"},{"name":"resultFormat","value":"allure2"}],"parameters":[],"links":[],"hidden":false,"retry":false,"extra":{"severity":"normal","retries":[{"uid":"8c2b7d8390506b9a","status":"broken","statusDetails":"selenium.common.exceptions.ElementClickInterceptedException: Message: element click intercepted: Element <button type=\"button\" class=\"ant-btn ant-btn-default ant-btn-dangerous\">...</button> is not clickable at point (1700, 561). Other element would receive the click: <div tabindex=\"-1\" class=\"ant-modal-wrap\">...</div>\n  (Session info: chrome=112.0.5615.49)\nStacktrace:\n#0 0x562e8adc9fe3 <unknown>\n#1 0x562e8ab08d36 <unknown>\n#2 0x562e8ab4caef <unknown>\n#3 0x562e8ab4aa31 <unknown>\n#4 0x562e8ab482de <unknown>\n#5 0x562e8ab47358 <unknown>\n#6 0x562e8ab3b0c5 <unknown>\n#7 0x562e8ab668c2 <unknown>\n#8 0x562e8ab3a943 <unknown>\n#9 0x562e8ab66a8e <unknown>\n#10 0x562e8ab7f232 <unknown>\n#11 0x562e8ab66693 <unknown>\n#12 0x562e8ab3903a <unknown>\n#13 0x562e8ab3a17e <unknown>\n#14 0x562e8ad8bdbd <unknown>\n#15 0x562e8ad8fc6c <unknown>\n#16 0x562e8ad994b0 <unknown>\n#17 0x562e8ad90d63 <unknown>\n#18 0x562e8ad63c35 <unknown>\n#19 0x562e8adb4138 <unknown>\n#20 0x562e8adb42c7 <unknown>\n#21 0x562e8adc2093 <unknown>\n#22 0x7f5772441b43 <unknown>","time":{"start":1681968066232,"stop":1681968083179,"duration":16947}},{"uid":"3620f94edc01745f","status":"broken","statusDetails":"selenium.common.exceptions.ElementClickInterceptedException: Message: element click intercepted: Element <button type=\"button\" class=\"ant-btn ant-btn-default ant-btn-dangerous\">...</button> is not clickable at point (1700, 561). Other element would receive the click: <div tabindex=\"-1\" class=\"ant-modal-wrap\">...</div>\n  (Session info: chrome=112.0.5615.49)\nStacktrace:\n#0 0x55f0196d2fe3 <unknown>\n#1 0x55f019411d36 <unknown>\n#2 0x55f019455aef <unknown>\n#3 0x55f019453a31 <unknown>\n#4 0x55f0194512de <unknown>\n#5 0x55f019450358 <unknown>\n#6 0x55f0194440c5 <unknown>\n#7 0x55f01946f8c2 <unknown>\n#8 0x55f019443943 <unknown>\n#9 0x55f01946fa8e <unknown>\n#10 0x55f019488232 <unknown>\n#11 0x55f01946f693 <unknown>\n#12 0x55f01944203a <unknown>\n#13 0x55f01944317e <unknown>\n#14 0x55f019694dbd <unknown>\n#15 0x55f019698c6c <unknown>\n#16 0x55f0196a24b0 <unknown>\n#17 0x55f019699d63 <unknown>\n#18 0x55f01966cc35 <unknown>\n#19 0x55f0196bd138 <unknown>\n#20 0x55f0196bd2c7 <unknown>\n#21 0x55f0196cb093 <unknown>\n#22 0x7fa92a4d2b43 <unknown>","time":{"start":1681968047901,"stop":1681968064837,"duration":16936}}],"categories":[{"name":"Product defects","matchedStatuses":[],"flaky":false}],"history":{"statistic":{"failed":1,"broken":0,"skipped":0,"passed":4,"unknown":0,"total":5},"items":[{"uid":"2ad7a6b88544e7e4","reportUrl":"https://HassanAbbas7357.github.io/WebAutomationTestingFramework/27//#testresult/2ad7a6b88544e7e4","status":"passed","time":{"start":1681968653458,"stop":1681968668114,"duration":14656}},{"uid":"a1a73f453bf67515","reportUrl":"https://HassanAbbas7357.github.io/WebAutomationTestingFramework/25//#testresult/a1a73f453bf67515","status":"passed","time":{"start":1681967415926,"stop":1681967435421,"duration":19495}},{"uid":"df56ebebb3e191f2","reportUrl":"https://HassanAbbas7357.github.io/WebAutomationTestingFramework/24//#testresult/df56ebebb3e191f2","status":"passed","time":{"start":1681966900626,"stop":1681966920062,"duration":19436}},{"uid":"eba360032ce0ed82","reportUrl":"https://HassanAbbas7357.github.io/WebAutomationTestingFramework/22//#testresult/eba360032ce0ed82","status":"passed","time":{"start":1681965465702,"stop":1681965482774,"duration":17072}}]},"tags":["order(2)","regression","sanity"]},"source":"eb8678dcd9eacd9e.json","parameterValues":[]}