{"uid":"25737250039139cd","name":"test_UserDeleteLastAndVerify","fullName":"Tests.test_users#test_UserDeleteLastAndVerify","historyId":"e9dc6efa7ced76da97033d95f875b35d","time":{"start":1681971579122,"stop":1681971606268,"duration":27146},"status":"failed","statusMessage":"Failed: Element not visible with xpath : //span[text()=\"User Deleted Successfully\"]","statusTrace":"xpath = '//span[text()=\"User Deleted Successfully\"]'\ndriver = <selenium.webdriver.chrome.webdriver.WebDriver (session=\"e2d2ce4ba79e5eb3e12f5e3105c6a5a7\")>\n\n    def verify_visibility_of_element_located(xpath, driver):\n        try:\n>           WebDriverWait(driver, waitTimer).until(EC.element_to_be_clickable((By.XPATH, xpath)))\n\nbase_helpers.py:137: \n_ _ _ _ _ _ _ _ _ _ _ _ _ _ _ _ _ _ _ _ _ _ _ _ _ _ _ _ _ _ _ _ _ _ _ _ _ _ _ _ \n\nself = <selenium.webdriver.support.wait.WebDriverWait (session=\"e2d2ce4ba79e5eb3e12f5e3105c6a5a7\")>\nmethod = <function element_to_be_clickable.<locals>._predicate at 0x7fc4524318a0>\nmessage = ''\n\n    def until(self, method, message: str = \"\"):\n        \"\"\"Calls the method provided with the driver as an argument until the \\\n        return value does not evaluate to ``False``.\n    \n        :param method: callable(WebDriver)\n        :param message: optional message for :exc:`TimeoutException`\n        :returns: the result of the last call to `method`\n        :raises: :exc:`selenium.common.exceptions.TimeoutException` if timeout occurs\n        \"\"\"\n        screen = None\n        stacktrace = None\n    \n        end_time = time.monotonic() + self._timeout\n        while True:\n            try:\n                value = method(self._driver)\n                if value:\n                    return value\n            except self._ignored_exceptions as exc:\n                screen = getattr(exc, \"screen\", None)\n                stacktrace = getattr(exc, \"stacktrace\", None)\n            time.sleep(self._poll)\n            if time.monotonic() > end_time:\n                break\n>       raise TimeoutException(message, screen, stacktrace)\nE       selenium.common.exceptions.TimeoutException: Message: \nE       Stacktrace:\nE       #0 0x562acc492fe3 <unknown>\nE       #1 0x562acc1d1d36 <unknown>\nE       #2 0x562acc20ec4d <unknown>\nE       #3 0x562acc20ed61 <unknown>\nE       #4 0x562acc24a6a4 <unknown>\nE       #5 0x562acc22f8ed <unknown>\nE       #6 0x562acc248232 <unknown>\nE       #7 0x562acc22f693 <unknown>\nE       #8 0x562acc20203a <unknown>\nE       #9 0x562acc20317e <unknown>\nE       #10 0x562acc454dbd <unknown>\nE       #11 0x562acc458c6c <unknown>\nE       #12 0x562acc4624b0 <unknown>\nE       #13 0x562acc459d63 <unknown>\nE       #14 0x562acc42cc35 <unknown>\nE       #15 0x562acc47d138 <unknown>\nE       #16 0x562acc47d2c7 <unknown>\nE       #17 0x562acc48b093 <unknown>\nE       #18 0x7fb659d54b43 <unknown>\n\n/opt/hostedtoolcache/Python/3.11.3/x64/lib/python3.11/site-packages/selenium/webdriver/support/wait.py:95: TimeoutException\n\nDuring handling of the above exception, another exception occurred:\n\ndriver = <selenium.webdriver.chrome.webdriver.WebDriver (session=\"e2d2ce4ba79e5eb3e12f5e3105c6a5a7\")>\n\n    @allure.feature(\"Users Feature\")\n    @allure.story(\"Delete Last User And Verify Message\")\n    @allure.severity(allure.severity_level.MINOR)\n    @pytest.mark.regression\n    @pytest.mark.sanity\n    def test_UserDeleteLastAndVerify(driver):\n        VisitUsersPageWithLogin(driver)\n        with allure.step('When User Tap on ID on table to sort it by descending order'):\n            sortTableByIdDescendingOrder(driver)\n        with allure.step('And User select the last Item and Tap on Delete Button'):\n            find_byXpath(deleteUser_xpath, driver).click()\n            # find_byXpathAndWait(mainDeleteButton, driver).click()\n            find_byXpathAndWait(mainDeleteYesButton, driver).click()\n        with allure.step('Then User should see a \"User Deleted Successfully\" message'):\n>           verify_visibility_of_element_located(userDeletedMessage, driver)\n\nTests/test_users.py:146: \n_ _ _ _ _ _ _ _ _ _ _ _ _ _ _ _ _ _ _ _ _ _ _ _ _ _ _ _ _ _ _ _ _ _ _ _ _ _ _ _ \n\nxpath = '//span[text()=\"User Deleted Successfully\"]'\ndriver = <selenium.webdriver.chrome.webdriver.WebDriver (session=\"e2d2ce4ba79e5eb3e12f5e3105c6a5a7\")>\n\n    def verify_visibility_of_element_located(xpath, driver):\n        try:\n            WebDriverWait(driver, waitTimer).until(EC.element_to_be_clickable((By.XPATH, xpath)))\n        except (ElementNotVisibleException, TimeoutException):\n>           pytest.fail(\n                f\"Element not visible with xpath : {xpath}\")\nE           Failed: Element not visible with xpath : //span[text()=\"User Deleted Successfully\"]\n\nbase_helpers.py:139: Failed","flaky":false,"newFailed":false,"newBroken":false,"newPassed":false,"retriesCount":0,"retriesStatusChange":false,"beforeStages":[{"name":"driver","time":{"start":1681971578219,"stop":1681971579122,"duration":903},"status":"passed","steps":[],"attachments":[],"parameters":[],"stepsCount":0,"attachmentsCount":0,"shouldDisplayMessage":false,"hasContent":false}],"testStage":{"status":"failed","statusMessage":"Failed: Element not visible with xpath : //span[text()=\"User Deleted Successfully\"]","statusTrace":"xpath = '//span[text()=\"User Deleted Successfully\"]'\ndriver = <selenium.webdriver.chrome.webdriver.WebDriver (session=\"e2d2ce4ba79e5eb3e12f5e3105c6a5a7\")>\n\n    def verify_visibility_of_element_located(xpath, driver):\n        try:\n>           WebDriverWait(driver, waitTimer).until(EC.element_to_be_clickable((By.XPATH, xpath)))\n\nbase_helpers.py:137: \n_ _ _ _ _ _ _ _ _ _ _ _ _ _ _ _ _ _ _ _ _ _ _ _ _ _ _ _ _ _ _ _ _ _ _ _ _ _ _ _ \n\nself = <selenium.webdriver.support.wait.WebDriverWait (session=\"e2d2ce4ba79e5eb3e12f5e3105c6a5a7\")>\nmethod = <function element_to_be_clickable.<locals>._predicate at 0x7fc4524318a0>\nmessage = ''\n\n    def until(self, method, message: str = \"\"):\n        \"\"\"Calls the method provided with the driver as an argument until the \\\n        return value does not evaluate to ``False``.\n    \n        :param method: callable(WebDriver)\n        :param message: optional message for :exc:`TimeoutException`\n        :returns: the result of the last call to `method`\n        :raises: :exc:`selenium.common.exceptions.TimeoutException` if timeout occurs\n        \"\"\"\n        screen = None\n        stacktrace = None\n    \n        end_time = time.monotonic() + self._timeout\n        while True:\n            try:\n                value = method(self._driver)\n                if value:\n                    return value\n            except self._ignored_exceptions as exc:\n                screen = getattr(exc, \"screen\", None)\n                stacktrace = getattr(exc, \"stacktrace\", None)\n            time.sleep(self._poll)\n            if time.monotonic() > end_time:\n                break\n>       raise TimeoutException(message, screen, stacktrace)\nE       selenium.common.exceptions.TimeoutException: Message: \nE       Stacktrace:\nE       #0 0x562acc492fe3 <unknown>\nE       #1 0x562acc1d1d36 <unknown>\nE       #2 0x562acc20ec4d <unknown>\nE       #3 0x562acc20ed61 <unknown>\nE       #4 0x562acc24a6a4 <unknown>\nE       #5 0x562acc22f8ed <unknown>\nE       #6 0x562acc248232 <unknown>\nE       #7 0x562acc22f693 <unknown>\nE       #8 0x562acc20203a <unknown>\nE       #9 0x562acc20317e <unknown>\nE       #10 0x562acc454dbd <unknown>\nE       #11 0x562acc458c6c <unknown>\nE       #12 0x562acc4624b0 <unknown>\nE       #13 0x562acc459d63 <unknown>\nE       #14 0x562acc42cc35 <unknown>\nE       #15 0x562acc47d138 <unknown>\nE       #16 0x562acc47d2c7 <unknown>\nE       #17 0x562acc48b093 <unknown>\nE       #18 0x7fb659d54b43 <unknown>\n\n/opt/hostedtoolcache/Python/3.11.3/x64/lib/python3.11/site-packages/selenium/webdriver/support/wait.py:95: TimeoutException\n\nDuring handling of the above exception, another exception occurred:\n\ndriver = <selenium.webdriver.chrome.webdriver.WebDriver (session=\"e2d2ce4ba79e5eb3e12f5e3105c6a5a7\")>\n\n    @allure.feature(\"Users Feature\")\n    @allure.story(\"Delete Last User And Verify Message\")\n    @allure.severity(allure.severity_level.MINOR)\n    @pytest.mark.regression\n    @pytest.mark.sanity\n    def test_UserDeleteLastAndVerify(driver):\n        VisitUsersPageWithLogin(driver)\n        with allure.step('When User Tap on ID on table to sort it by descending order'):\n            sortTableByIdDescendingOrder(driver)\n        with allure.step('And User select the last Item and Tap on Delete Button'):\n            find_byXpath(deleteUser_xpath, driver).click()\n            # find_byXpathAndWait(mainDeleteButton, driver).click()\n            find_byXpathAndWait(mainDeleteYesButton, driver).click()\n        with allure.step('Then User should see a \"User Deleted Successfully\" message'):\n>           verify_visibility_of_element_located(userDeletedMessage, driver)\n\nTests/test_users.py:146: \n_ _ _ _ _ _ _ _ _ _ _ _ _ _ _ _ _ _ _ _ _ _ _ _ _ _ _ _ _ _ _ _ _ _ _ _ _ _ _ _ \n\nxpath = '//span[text()=\"User Deleted Successfully\"]'\ndriver = <selenium.webdriver.chrome.webdriver.WebDriver (session=\"e2d2ce4ba79e5eb3e12f5e3105c6a5a7\")>\n\n    def verify_visibility_of_element_located(xpath, driver):\n        try:\n            WebDriverWait(driver, waitTimer).until(EC.element_to_be_clickable((By.XPATH, xpath)))\n        except (ElementNotVisibleException, TimeoutException):\n>           pytest.fail(\n                f\"Element not visible with xpath : {xpath}\")\nE           Failed: Element not visible with xpath : //span[text()=\"User Deleted Successfully\"]\n\nbase_helpers.py:139: Failed","steps":[{"name":"Given Go to the \"Base\" url","time":{"start":1681971579122,"stop":1681971580049,"duration":927},"status":"passed","steps":[],"attachments":[],"parameters":[],"stepsCount":0,"attachmentsCount":0,"shouldDisplayMessage":false,"hasContent":false},{"name":"Then Verify user is on Login screen","time":{"start":1681971580049,"stop":1681971580093,"duration":44},"status":"passed","steps":[],"attachments":[],"parameters":[],"stepsCount":0,"attachmentsCount":0,"shouldDisplayMessage":false,"hasContent":false},{"name":"When User fills \"Valid\" form data on \"login\" screen","time":{"start":1681971580094,"stop":1681971580640,"duration":546},"status":"passed","steps":[],"attachments":[],"parameters":[],"stepsCount":0,"attachmentsCount":0,"shouldDisplayMessage":false,"hasContent":false},{"name":"Then Verify user is on \"HomePage\" screen","time":{"start":1681971580640,"stop":1681971581377,"duration":737},"status":"passed","steps":[],"attachments":[],"parameters":[],"stepsCount":0,"attachmentsCount":0,"shouldDisplayMessage":false,"hasContent":false},{"name":"Then User clicks \"Users\" button on \"Homepage\" screen","time":{"start":1681971581377,"stop":1681971581499,"duration":122},"status":"passed","steps":[],"attachments":[],"parameters":[],"stepsCount":0,"attachmentsCount":0,"shouldDisplayMessage":false,"hasContent":false},{"name":"And User Should see \"active-user\" in the url","time":{"start":1681971581499,"stop":1681971581554,"duration":55},"status":"passed","steps":[],"attachments":[],"parameters":[],"stepsCount":0,"attachmentsCount":0,"shouldDisplayMessage":false,"hasContent":false},{"name":"When User Tap on ID on table to sort it by descending order","time":{"start":1681971581554,"stop":1681971591037,"duration":9483},"status":"passed","steps":[],"attachments":[],"parameters":[],"stepsCount":0,"attachmentsCount":0,"shouldDisplayMessage":false,"hasContent":false},{"name":"And User select the last Item and Tap on Delete Button","time":{"start":1681971591038,"stop":1681971591171,"duration":133},"status":"passed","steps":[],"attachments":[],"parameters":[],"stepsCount":0,"attachmentsCount":0,"shouldDisplayMessage":false,"hasContent":false},{"name":"Then User should see a \"User Deleted Successfully\" message","time":{"start":1681971591171,"stop":1681971606268,"duration":15097},"status":"failed","statusMessage":"Failed: Element not visible with xpath : //span[text()=\"User Deleted Successfully\"]\n","statusTrace":"  File \"/home/runner/work/WebAutomationTestingFramework/WebAutomationTestingFramework/Tests/test_users.py\", line 146, in test_UserDeleteLastAndVerify\n    verify_visibility_of_element_located(userDeletedMessage, driver)\n  File \"/home/runner/work/WebAutomationTestingFramework/WebAutomationTestingFramework/base_helpers.py\", line 139, in verify_visibility_of_element_located\n    pytest.fail(\n  File \"/opt/hostedtoolcache/Python/3.11.3/x64/lib/python3.11/site-packages/_pytest/outcomes.py\", line 198, in fail\n    raise Failed(msg=reason, pytrace=pytrace)\n","steps":[],"attachments":[],"parameters":[],"stepsCount":0,"attachmentsCount":0,"shouldDisplayMessage":true,"hasContent":true}],"attachments":[{"uid":"b7720eff6069fc88","name":"screenshot","source":"b7720eff6069fc88.png","type":"image/png","size":207729},{"uid":"896f00f5f0c6df8f","name":"stdout","source":"896f00f5f0c6df8f.txt","type":"text/plain","size":1408}],"parameters":[],"stepsCount":9,"attachmentsCount":2,"shouldDisplayMessage":true,"hasContent":true},"afterStages":[{"name":"driver::0","time":{"start":1681971606484,"stop":1681971606564,"duration":80},"status":"passed","steps":[],"attachments":[],"parameters":[],"stepsCount":0,"attachmentsCount":0,"shouldDisplayMessage":false,"hasContent":false}],"labels":[{"name":"severity","value":"minor"},{"name":"story","value":"Delete Last User And Verify Message"},{"name":"feature","value":"Users Feature"},{"name":"tag","value":"sanity"},{"name":"tag","value":"regression"},{"name":"parentSuite","value":"Tests"},{"name":"suite","value":"test_users"},{"name":"host","value":"fv-az620-607"},{"name":"thread","value":"2276-MainThread"},{"name":"framework","value":"pytest"},{"name":"language","value":"cpython3"},{"name":"package","value":"Tests.test_users"},{"name":"resultFormat","value":"allure2"}],"parameters":[],"links":[],"hidden":true,"retry":true,"extra":{"categories":[],"tags":["regression","sanity"]},"source":"25737250039139cd.json","parameterValues":[]}