{"uid":"2e151c7e94576091","name":"test_UsersVerifyIfExportedCSVFileDataMatchesWithWebTableData","fullName":"Tests.test_users#test_UsersVerifyIfExportedCSVFileDataMatchesWithWebTableData","historyId":"b93ad4666b0fa0afe3c51eb3507b45d1","time":{"start":1681971520463,"stop":1681971537292,"duration":16829},"status":"failed","statusMessage":"AssertionError","statusTrace":"driver = <selenium.webdriver.chrome.webdriver.WebDriver (session=\"4cd52eb4b406f32020c30675a89c412a\")>\n\n    @allure.feature(\"Users Feature\")\n    @allure.story(\"Verify If Exported CSV Users file has the exact data matches with table\")\n    @allure.severity(allure.severity_level.NORMAL)\n    @pytest.mark.regression\n    @pytest.mark.sanity\n    def test_UsersVerifyIfExportedCSVFileDataMatchesWithWebTableData(driver):\n        VisitUsersPageWithLogin(driver)\n        with allure.step('And Check if CSV file downloaded correctly'):\n            fileName = Storage.downloadsPath + find_byXpath(csvFileEXPORTNAME, driver).get_attribute(\"download\") + '.csv'\n>           downloadAndVerifyCSVExportedFile(driver)\n\nTests/test_users.py:53: \n_ _ _ _ _ _ _ _ _ _ _ _ _ _ _ _ _ _ _ _ _ _ _ _ _ _ _ _ _ _ _ _ _ _ _ _ _ _ _ _ \nTests/test_temprory_worker.py:53: in downloadAndVerifyCSVExportedFile\n    verifyFileDownloadedCorrectly(FilePath=fileName)\n_ _ _ _ _ _ _ _ _ _ _ _ _ _ _ _ _ _ _ _ _ _ _ _ _ _ _ _ _ _ _ _ _ _ _ _ _ _ _ _ \n\nFilePath = '/home/runner/work/WebAutomationTestingFramework/WebAutomationTestingFramework/Downloads/Veritec-users@20-Apr-2023.csv'\n\n    def verifyFileDownloadedCorrectly(FilePath):\n>       assert os.path.exists(FilePath)\nE       AssertionError\n\nbase_helpers.py:239: AssertionError","flaky":false,"newFailed":false,"newBroken":false,"newPassed":false,"retriesCount":0,"retriesStatusChange":false,"beforeStages":[{"name":"driver","time":{"start":1681971519573,"stop":1681971520463,"duration":890},"status":"passed","steps":[],"attachments":[],"parameters":[],"stepsCount":0,"attachmentsCount":0,"shouldDisplayMessage":false,"hasContent":false}],"testStage":{"status":"failed","statusMessage":"AssertionError","statusTrace":"driver = <selenium.webdriver.chrome.webdriver.WebDriver (session=\"4cd52eb4b406f32020c30675a89c412a\")>\n\n    @allure.feature(\"Users Feature\")\n    @allure.story(\"Verify If Exported CSV Users file has the exact data matches with table\")\n    @allure.severity(allure.severity_level.NORMAL)\n    @pytest.mark.regression\n    @pytest.mark.sanity\n    def test_UsersVerifyIfExportedCSVFileDataMatchesWithWebTableData(driver):\n        VisitUsersPageWithLogin(driver)\n        with allure.step('And Check if CSV file downloaded correctly'):\n            fileName = Storage.downloadsPath + find_byXpath(csvFileEXPORTNAME, driver).get_attribute(\"download\") + '.csv'\n>           downloadAndVerifyCSVExportedFile(driver)\n\nTests/test_users.py:53: \n_ _ _ _ _ _ _ _ _ _ _ _ _ _ _ _ _ _ _ _ _ _ _ _ _ _ _ _ _ _ _ _ _ _ _ _ _ _ _ _ \nTests/test_temprory_worker.py:53: in downloadAndVerifyCSVExportedFile\n    verifyFileDownloadedCorrectly(FilePath=fileName)\n_ _ _ _ _ _ _ _ _ _ _ _ _ _ _ _ _ _ _ _ _ _ _ _ _ _ _ _ _ _ _ _ _ _ _ _ _ _ _ _ \n\nFilePath = '/home/runner/work/WebAutomationTestingFramework/WebAutomationTestingFramework/Downloads/Veritec-users@20-Apr-2023.csv'\n\n    def verifyFileDownloadedCorrectly(FilePath):\n>       assert os.path.exists(FilePath)\nE       AssertionError\n\nbase_helpers.py:239: AssertionError","steps":[{"name":"Given Go to the \"Base\" url","time":{"start":1681971520464,"stop":1681971521399,"duration":935},"status":"passed","steps":[],"attachments":[],"parameters":[],"stepsCount":0,"attachmentsCount":0,"shouldDisplayMessage":false,"hasContent":false},{"name":"Then Verify user is on Login screen","time":{"start":1681971521399,"stop":1681971521442,"duration":43},"status":"passed","steps":[],"attachments":[],"parameters":[],"stepsCount":0,"attachmentsCount":0,"shouldDisplayMessage":false,"hasContent":false},{"name":"When User fills \"Valid\" form data on \"login\" screen","time":{"start":1681971521442,"stop":1681971522017,"duration":575},"status":"passed","steps":[],"attachments":[],"parameters":[],"stepsCount":0,"attachmentsCount":0,"shouldDisplayMessage":false,"hasContent":false},{"name":"Then Verify user is on \"HomePage\" screen","time":{"start":1681971522017,"stop":1681971522749,"duration":732},"status":"passed","steps":[],"attachments":[],"parameters":[],"stepsCount":0,"attachmentsCount":0,"shouldDisplayMessage":false,"hasContent":false},{"name":"Then User clicks \"Users\" button on \"Homepage\" screen","time":{"start":1681971522749,"stop":1681971522877,"duration":128},"status":"passed","steps":[],"attachments":[],"parameters":[],"stepsCount":0,"attachmentsCount":0,"shouldDisplayMessage":false,"hasContent":false},{"name":"And User Should see \"active-user\" in the url","time":{"start":1681971522877,"stop":1681971522913,"duration":36},"status":"passed","steps":[],"attachments":[],"parameters":[],"stepsCount":0,"attachmentsCount":0,"shouldDisplayMessage":false,"hasContent":false},{"name":"And Check if CSV file downloaded correctly","time":{"start":1681971522913,"stop":1681971537292,"duration":14379},"status":"failed","statusMessage":"AssertionError\n","statusTrace":"  File \"/home/runner/work/WebAutomationTestingFramework/WebAutomationTestingFramework/Tests/test_users.py\", line 53, in test_UsersVerifyIfExportedCSVFileDataMatchesWithWebTableData\n    downloadAndVerifyCSVExportedFile(driver)\n  File \"/home/runner/work/WebAutomationTestingFramework/WebAutomationTestingFramework/Tests/test_temprory_worker.py\", line 53, in downloadAndVerifyCSVExportedFile\n    verifyFileDownloadedCorrectly(FilePath=fileName)\n  File \"/home/runner/work/WebAutomationTestingFramework/WebAutomationTestingFramework/base_helpers.py\", line 239, in verifyFileDownloadedCorrectly\n    assert os.path.exists(FilePath)\n","steps":[{"name":"And Check if CSV file downloaded correctly","time":{"start":1681971522947,"stop":1681971537292,"duration":14345},"status":"failed","statusMessage":"AssertionError\n","statusTrace":"  File \"/home/runner/work/WebAutomationTestingFramework/WebAutomationTestingFramework/Tests/test_temprory_worker.py\", line 53, in downloadAndVerifyCSVExportedFile\n    verifyFileDownloadedCorrectly(FilePath=fileName)\n  File \"/home/runner/work/WebAutomationTestingFramework/WebAutomationTestingFramework/base_helpers.py\", line 239, in verifyFileDownloadedCorrectly\n    assert os.path.exists(FilePath)\n","steps":[],"attachments":[],"parameters":[],"stepsCount":0,"attachmentsCount":0,"shouldDisplayMessage":true,"hasContent":true}],"attachments":[],"parameters":[],"stepsCount":1,"attachmentsCount":0,"shouldDisplayMessage":false,"hasContent":true}],"attachments":[{"uid":"e7ebe3f171f01b70","name":"screenshot","source":"e7ebe3f171f01b70.png","type":"image/png","size":196859},{"uid":"22ea120740a98c80","name":"stdout","source":"22ea120740a98c80.txt","type":"text/plain","size":1151}],"parameters":[],"stepsCount":8,"attachmentsCount":2,"shouldDisplayMessage":true,"hasContent":true},"afterStages":[{"name":"driver::0","time":{"start":1681971537513,"stop":1681971537636,"duration":123},"status":"passed","steps":[],"attachments":[],"parameters":[],"stepsCount":0,"attachmentsCount":0,"shouldDisplayMessage":false,"hasContent":false}],"labels":[{"name":"severity","value":"normal"},{"name":"story","value":"Verify If Exported CSV Users file has the exact data matches with table"},{"name":"feature","value":"Users Feature"},{"name":"tag","value":"sanity"},{"name":"tag","value":"regression"},{"name":"parentSuite","value":"Tests"},{"name":"suite","value":"test_users"},{"name":"host","value":"fv-az620-607"},{"name":"thread","value":"2276-MainThread"},{"name":"framework","value":"pytest"},{"name":"language","value":"cpython3"},{"name":"package","value":"Tests.test_users"},{"name":"resultFormat","value":"allure2"}],"parameters":[],"links":[],"hidden":true,"retry":true,"extra":{"categories":[],"tags":["regression","sanity"]},"source":"2e151c7e94576091.json","parameterValues":[]}