{"uid":"433c741d0d293e2c","name":"test_TemporaryWorkerDeleteFirst","fullName":"Tests.test_temprory_worker#test_TemporaryWorkerDeleteFirst","historyId":"76bf1ced30384bfa00e4db05de3f1d23","time":{"start":1681971169737,"stop":1681971201252,"duration":31515},"status":"failed","statusMessage":"Failed: Element not visible with xpath : //span[text()=\"Temporary Worker Deleted Successfully\"]","statusTrace":"xpath = '//span[text()=\"Temporary Worker Deleted Successfully\"]'\ndriver = <selenium.webdriver.chrome.webdriver.WebDriver (session=\"546906483dad4f4549dae18020e732f6\")>\n\n    def verify_visibility_of_element_located(xpath, driver):\n        try:\n>           WebDriverWait(driver, waitTimer).until(EC.element_to_be_clickable((By.XPATH, xpath)))\n\nbase_helpers.py:137: \n_ _ _ _ _ _ _ _ _ _ _ _ _ _ _ _ _ _ _ _ _ _ _ _ _ _ _ _ _ _ _ _ _ _ _ _ _ _ _ _ \n\nself = <selenium.webdriver.support.wait.WebDriverWait (session=\"546906483dad4f4549dae18020e732f6\")>\nmethod = <function element_to_be_clickable.<locals>._predicate at 0x7fc4535754e0>\nmessage = ''\n\n    def until(self, method, message: str = \"\"):\n        \"\"\"Calls the method provided with the driver as an argument until the \\\n        return value does not evaluate to ``False``.\n    \n        :param method: callable(WebDriver)\n        :param message: optional message for :exc:`TimeoutException`\n        :returns: the result of the last call to `method`\n        :raises: :exc:`selenium.common.exceptions.TimeoutException` if timeout occurs\n        \"\"\"\n        screen = None\n        stacktrace = None\n    \n        end_time = time.monotonic() + self._timeout\n        while True:\n            try:\n                value = method(self._driver)\n                if value:\n                    return value\n            except self._ignored_exceptions as exc:\n                screen = getattr(exc, \"screen\", None)\n                stacktrace = getattr(exc, \"stacktrace\", None)\n            time.sleep(self._poll)\n            if time.monotonic() > end_time:\n                break\n>       raise TimeoutException(message, screen, stacktrace)\nE       selenium.common.exceptions.TimeoutException: Message: \nE       Stacktrace:\nE       #0 0x562a9b990fe3 <unknown>\nE       #1 0x562a9b6cfd36 <unknown>\nE       #2 0x562a9b70cc4d <unknown>\nE       #3 0x562a9b70cd61 <unknown>\nE       #4 0x562a9b7486a4 <unknown>\nE       #5 0x562a9b72d8ed <unknown>\nE       #6 0x562a9b746232 <unknown>\nE       #7 0x562a9b72d693 <unknown>\nE       #8 0x562a9b70003a <unknown>\nE       #9 0x562a9b70117e <unknown>\nE       #10 0x562a9b952dbd <unknown>\nE       #11 0x562a9b956c6c <unknown>\nE       #12 0x562a9b9604b0 <unknown>\nE       #13 0x562a9b957d63 <unknown>\nE       #14 0x562a9b92ac35 <unknown>\nE       #15 0x562a9b97b138 <unknown>\nE       #16 0x562a9b97b2c7 <unknown>\nE       #17 0x562a9b989093 <unknown>\nE       #18 0x7f59f63bdb43 <unknown>\n\n/opt/hostedtoolcache/Python/3.11.3/x64/lib/python3.11/site-packages/selenium/webdriver/support/wait.py:95: TimeoutException\n\nDuring handling of the above exception, another exception occurred:\n\ndriver = <selenium.webdriver.chrome.webdriver.WebDriver (session=\"546906483dad4f4549dae18020e732f6\")>\n\n    @allure.feature(\"Temporary Worker Feature\")\n    @allure.story(\"Delete Last Temporary worker\")\n    @allure.severity(allure.severity_level.NORMAL)\n    @pytest.mark.regression\n    @pytest.mark.sanity\n    @pytest.mark.order(2)\n    def test_TemporaryWorkerDeleteFirst(driver):\n        VisitTemporaryWorkerPageWithLogin(driver)\n        scroll_into_element(mainTemporaryTable_xpath, driver)\n        verify_loaderAndWait(TableLoader_xpath, driver)\n        with allure.step('And User select the First Item and Tap on Delete Button'):\n            find_byXpath(mainRowRadioButton, driver).click()\n            find_byXpath(mainDeleteButton, driver).click()\n            find_byXpathAndWait(mainDeleteYesButton, driver).click()\n        with allure.step('Then User should see a \"Temporary Worker Deleted\" message'):\n>           verify_visibility_of_element_located(mainTemporaryDelete_SuccessMessage_xpath, driver)\n\nTests/test_temprory_worker.py:318: \n_ _ _ _ _ _ _ _ _ _ _ _ _ _ _ _ _ _ _ _ _ _ _ _ _ _ _ _ _ _ _ _ _ _ _ _ _ _ _ _ \n\nxpath = '//span[text()=\"Temporary Worker Deleted Successfully\"]'\ndriver = <selenium.webdriver.chrome.webdriver.WebDriver (session=\"546906483dad4f4549dae18020e732f6\")>\n\n    def verify_visibility_of_element_located(xpath, driver):\n        try:\n            WebDriverWait(driver, waitTimer).until(EC.element_to_be_clickable((By.XPATH, xpath)))\n        except (ElementNotVisibleException, TimeoutException):\n>           pytest.fail(\n                f\"Element not visible with xpath : {xpath}\")\nE           Failed: Element not visible with xpath : //span[text()=\"Temporary Worker Deleted Successfully\"]\n\nbase_helpers.py:139: Failed","flaky":false,"newFailed":false,"newBroken":false,"newPassed":false,"retriesCount":0,"retriesStatusChange":false,"beforeStages":[{"name":"driver","time":{"start":1681971168821,"stop":1681971169736,"duration":915},"status":"passed","steps":[],"attachments":[],"parameters":[],"stepsCount":0,"attachmentsCount":0,"shouldDisplayMessage":false,"hasContent":false}],"testStage":{"status":"failed","statusMessage":"Failed: Element not visible with xpath : //span[text()=\"Temporary Worker Deleted Successfully\"]","statusTrace":"xpath = '//span[text()=\"Temporary Worker Deleted Successfully\"]'\ndriver = <selenium.webdriver.chrome.webdriver.WebDriver (session=\"546906483dad4f4549dae18020e732f6\")>\n\n    def verify_visibility_of_element_located(xpath, driver):\n        try:\n>           WebDriverWait(driver, waitTimer).until(EC.element_to_be_clickable((By.XPATH, xpath)))\n\nbase_helpers.py:137: \n_ _ _ _ _ _ _ _ _ _ _ _ _ _ _ _ _ _ _ _ _ _ _ _ _ _ _ _ _ _ _ _ _ _ _ _ _ _ _ _ \n\nself = <selenium.webdriver.support.wait.WebDriverWait (session=\"546906483dad4f4549dae18020e732f6\")>\nmethod = <function element_to_be_clickable.<locals>._predicate at 0x7fc4535754e0>\nmessage = ''\n\n    def until(self, method, message: str = \"\"):\n        \"\"\"Calls the method provided with the driver as an argument until the \\\n        return value does not evaluate to ``False``.\n    \n        :param method: callable(WebDriver)\n        :param message: optional message for :exc:`TimeoutException`\n        :returns: the result of the last call to `method`\n        :raises: :exc:`selenium.common.exceptions.TimeoutException` if timeout occurs\n        \"\"\"\n        screen = None\n        stacktrace = None\n    \n        end_time = time.monotonic() + self._timeout\n        while True:\n            try:\n                value = method(self._driver)\n                if value:\n                    return value\n            except self._ignored_exceptions as exc:\n                screen = getattr(exc, \"screen\", None)\n                stacktrace = getattr(exc, \"stacktrace\", None)\n            time.sleep(self._poll)\n            if time.monotonic() > end_time:\n                break\n>       raise TimeoutException(message, screen, stacktrace)\nE       selenium.common.exceptions.TimeoutException: Message: \nE       Stacktrace:\nE       #0 0x562a9b990fe3 <unknown>\nE       #1 0x562a9b6cfd36 <unknown>\nE       #2 0x562a9b70cc4d <unknown>\nE       #3 0x562a9b70cd61 <unknown>\nE       #4 0x562a9b7486a4 <unknown>\nE       #5 0x562a9b72d8ed <unknown>\nE       #6 0x562a9b746232 <unknown>\nE       #7 0x562a9b72d693 <unknown>\nE       #8 0x562a9b70003a <unknown>\nE       #9 0x562a9b70117e <unknown>\nE       #10 0x562a9b952dbd <unknown>\nE       #11 0x562a9b956c6c <unknown>\nE       #12 0x562a9b9604b0 <unknown>\nE       #13 0x562a9b957d63 <unknown>\nE       #14 0x562a9b92ac35 <unknown>\nE       #15 0x562a9b97b138 <unknown>\nE       #16 0x562a9b97b2c7 <unknown>\nE       #17 0x562a9b989093 <unknown>\nE       #18 0x7f59f63bdb43 <unknown>\n\n/opt/hostedtoolcache/Python/3.11.3/x64/lib/python3.11/site-packages/selenium/webdriver/support/wait.py:95: TimeoutException\n\nDuring handling of the above exception, another exception occurred:\n\ndriver = <selenium.webdriver.chrome.webdriver.WebDriver (session=\"546906483dad4f4549dae18020e732f6\")>\n\n    @allure.feature(\"Temporary Worker Feature\")\n    @allure.story(\"Delete Last Temporary worker\")\n    @allure.severity(allure.severity_level.NORMAL)\n    @pytest.mark.regression\n    @pytest.mark.sanity\n    @pytest.mark.order(2)\n    def test_TemporaryWorkerDeleteFirst(driver):\n        VisitTemporaryWorkerPageWithLogin(driver)\n        scroll_into_element(mainTemporaryTable_xpath, driver)\n        verify_loaderAndWait(TableLoader_xpath, driver)\n        with allure.step('And User select the First Item and Tap on Delete Button'):\n            find_byXpath(mainRowRadioButton, driver).click()\n            find_byXpath(mainDeleteButton, driver).click()\n            find_byXpathAndWait(mainDeleteYesButton, driver).click()\n        with allure.step('Then User should see a \"Temporary Worker Deleted\" message'):\n>           verify_visibility_of_element_located(mainTemporaryDelete_SuccessMessage_xpath, driver)\n\nTests/test_temprory_worker.py:318: \n_ _ _ _ _ _ _ _ _ _ _ _ _ _ _ _ _ _ _ _ _ _ _ _ _ _ _ _ _ _ _ _ _ _ _ _ _ _ _ _ \n\nxpath = '//span[text()=\"Temporary Worker Deleted Successfully\"]'\ndriver = <selenium.webdriver.chrome.webdriver.WebDriver (session=\"546906483dad4f4549dae18020e732f6\")>\n\n    def verify_visibility_of_element_located(xpath, driver):\n        try:\n            WebDriverWait(driver, waitTimer).until(EC.element_to_be_clickable((By.XPATH, xpath)))\n        except (ElementNotVisibleException, TimeoutException):\n>           pytest.fail(\n                f\"Element not visible with xpath : {xpath}\")\nE           Failed: Element not visible with xpath : //span[text()=\"Temporary Worker Deleted Successfully\"]\n\nbase_helpers.py:139: Failed","steps":[{"name":"Given Go to the \"Base\" url","time":{"start":1681971169737,"stop":1681971170732,"duration":995},"status":"passed","steps":[],"attachments":[],"parameters":[],"stepsCount":0,"attachmentsCount":0,"shouldDisplayMessage":false,"hasContent":false},{"name":"Then Verify user is on Login screen","time":{"start":1681971170732,"stop":1681971170789,"duration":57},"status":"passed","steps":[],"attachments":[],"parameters":[],"stepsCount":0,"attachmentsCount":0,"shouldDisplayMessage":false,"hasContent":false},{"name":"When User fills \"Valid\" form data on \"login\" screen","time":{"start":1681971170789,"stop":1681971171824,"duration":1035},"status":"passed","steps":[],"attachments":[],"parameters":[],"stepsCount":0,"attachmentsCount":0,"shouldDisplayMessage":false,"hasContent":false},{"name":"Then Verify user is on \"HomePage\" screen","time":{"start":1681971171824,"stop":1681971172883,"duration":1059},"status":"passed","steps":[],"attachments":[],"parameters":[],"stepsCount":0,"attachmentsCount":0,"shouldDisplayMessage":false,"hasContent":false},{"name":"Then User clicks \"Temporary Worker\" button on \"Homepage\" screen","time":{"start":1681971173301,"stop":1681971173665,"duration":364},"status":"passed","steps":[],"attachments":[],"parameters":[],"stepsCount":0,"attachmentsCount":0,"shouldDisplayMessage":false,"hasContent":false},{"name":"And User select the First Item and Tap on Delete Button","time":{"start":1681971185707,"stop":1681971186185,"duration":478},"status":"passed","steps":[],"attachments":[],"parameters":[],"stepsCount":0,"attachmentsCount":0,"shouldDisplayMessage":false,"hasContent":false},{"name":"Then User should see a \"Temporary Worker Deleted\" message","time":{"start":1681971186185,"stop":1681971201250,"duration":15065},"status":"failed","statusMessage":"Failed: Element not visible with xpath : //span[text()=\"Temporary Worker Deleted Successfully\"]\n","statusTrace":"  File \"/home/runner/work/WebAutomationTestingFramework/WebAutomationTestingFramework/Tests/test_temprory_worker.py\", line 318, in test_TemporaryWorkerDeleteFirst\n    verify_visibility_of_element_located(mainTemporaryDelete_SuccessMessage_xpath, driver)\n  File \"/home/runner/work/WebAutomationTestingFramework/WebAutomationTestingFramework/base_helpers.py\", line 139, in verify_visibility_of_element_located\n    pytest.fail(\n  File \"/opt/hostedtoolcache/Python/3.11.3/x64/lib/python3.11/site-packages/_pytest/outcomes.py\", line 198, in fail\n    raise Failed(msg=reason, pytrace=pytrace)\n","steps":[],"attachments":[],"parameters":[],"stepsCount":0,"attachmentsCount":0,"shouldDisplayMessage":true,"hasContent":true}],"attachments":[{"uid":"eb89f3dc5c5a619f","name":"screenshot","source":"eb89f3dc5c5a619f.png","type":"image/png","size":203272},{"uid":"ec331f6bf574b9d4","name":"stdout","source":"ec331f6bf574b9d4.txt","type":"text/plain","size":1203}],"parameters":[],"stepsCount":7,"attachmentsCount":2,"shouldDisplayMessage":true,"hasContent":true},"afterStages":[{"name":"driver::0","time":{"start":1681971201510,"stop":1681971201631,"duration":121},"status":"passed","steps":[],"attachments":[],"parameters":[],"stepsCount":0,"attachmentsCount":0,"shouldDisplayMessage":false,"hasContent":false}],"labels":[{"name":"story","value":"Delete Last Temporary worker"},{"name":"feature","value":"Temporary Worker Feature"},{"name":"severity","value":"normal"},{"name":"tag","value":"order(2)"},{"name":"tag","value":"sanity"},{"name":"tag","value":"regression"},{"name":"parentSuite","value":"Tests"},{"name":"suite","value":"test_temprory_worker"},{"name":"host","value":"fv-az620-607"},{"name":"thread","value":"2276-MainThread"},{"name":"framework","value":"pytest"},{"name":"language","value":"cpython3"},{"name":"package","value":"Tests.test_temprory_worker"},{"name":"resultFormat","value":"allure2"}],"parameters":[],"links":[],"hidden":true,"retry":true,"extra":{"categories":[],"tags":["order(2)","regression","sanity"]},"source":"433c741d0d293e2c.json","parameterValues":[]}