{"uid":"4340931a840ef001","name":"test_UsersVerifyIfExportedCSVFileDataMatchesWithWebTableData","fullName":"Tests.test_users#test_UsersVerifyIfExportedCSVFileDataMatchesWithWebTableData","historyId":"b93ad4666b0fa0afe3c51eb3507b45d1","time":{"start":1681971557504,"stop":1681971574378,"duration":16874},"status":"failed","statusMessage":"AssertionError","statusTrace":"driver = <selenium.webdriver.chrome.webdriver.WebDriver (session=\"b2eafba20bb658711e8d8e7345346c1f\")>\n\n    @allure.feature(\"Users Feature\")\n    @allure.story(\"Verify If Exported CSV Users file has the exact data matches with table\")\n    @allure.severity(allure.severity_level.NORMAL)\n    @pytest.mark.regression\n    @pytest.mark.sanity\n    def test_UsersVerifyIfExportedCSVFileDataMatchesWithWebTableData(driver):\n        VisitUsersPageWithLogin(driver)\n        with allure.step('And Check if CSV file downloaded correctly'):\n            fileName = Storage.downloadsPath + find_byXpath(csvFileEXPORTNAME, driver).get_attribute(\"download\") + '.csv'\n>           downloadAndVerifyCSVExportedFile(driver)\n\nTests/test_users.py:53: \n_ _ _ _ _ _ _ _ _ _ _ _ _ _ _ _ _ _ _ _ _ _ _ _ _ _ _ _ _ _ _ _ _ _ _ _ _ _ _ _ \nTests/test_temprory_worker.py:53: in downloadAndVerifyCSVExportedFile\n    verifyFileDownloadedCorrectly(FilePath=fileName)\n_ _ _ _ _ _ _ _ _ _ _ _ _ _ _ _ _ _ _ _ _ _ _ _ _ _ _ _ _ _ _ _ _ _ _ _ _ _ _ _ \n\nFilePath = '/home/runner/work/WebAutomationTestingFramework/WebAutomationTestingFramework/Downloads/Veritec-users@20-Apr-2023.csv'\n\n    def verifyFileDownloadedCorrectly(FilePath):\n>       assert os.path.exists(FilePath)\nE       AssertionError\n\nbase_helpers.py:239: AssertionError","flaky":true,"newFailed":true,"newBroken":false,"newPassed":false,"retriesCount":2,"retriesStatusChange":false,"beforeStages":[{"name":"driver","time":{"start":1681971556604,"stop":1681971557503,"duration":899},"status":"passed","steps":[],"attachments":[],"parameters":[],"stepsCount":0,"attachmentsCount":0,"shouldDisplayMessage":false,"hasContent":false}],"testStage":{"status":"failed","statusMessage":"AssertionError","statusTrace":"driver = <selenium.webdriver.chrome.webdriver.WebDriver (session=\"b2eafba20bb658711e8d8e7345346c1f\")>\n\n    @allure.feature(\"Users Feature\")\n    @allure.story(\"Verify If Exported CSV Users file has the exact data matches with table\")\n    @allure.severity(allure.severity_level.NORMAL)\n    @pytest.mark.regression\n    @pytest.mark.sanity\n    def test_UsersVerifyIfExportedCSVFileDataMatchesWithWebTableData(driver):\n        VisitUsersPageWithLogin(driver)\n        with allure.step('And Check if CSV file downloaded correctly'):\n            fileName = Storage.downloadsPath + find_byXpath(csvFileEXPORTNAME, driver).get_attribute(\"download\") + '.csv'\n>           downloadAndVerifyCSVExportedFile(driver)\n\nTests/test_users.py:53: \n_ _ _ _ _ _ _ _ _ _ _ _ _ _ _ _ _ _ _ _ _ _ _ _ _ _ _ _ _ _ _ _ _ _ _ _ _ _ _ _ \nTests/test_temprory_worker.py:53: in downloadAndVerifyCSVExportedFile\n    verifyFileDownloadedCorrectly(FilePath=fileName)\n_ _ _ _ _ _ _ _ _ _ _ _ _ _ _ _ _ _ _ _ _ _ _ _ _ _ _ _ _ _ _ _ _ _ _ _ _ _ _ _ \n\nFilePath = '/home/runner/work/WebAutomationTestingFramework/WebAutomationTestingFramework/Downloads/Veritec-users@20-Apr-2023.csv'\n\n    def verifyFileDownloadedCorrectly(FilePath):\n>       assert os.path.exists(FilePath)\nE       AssertionError\n\nbase_helpers.py:239: AssertionError","steps":[{"name":"Given Go to the \"Base\" url","time":{"start":1681971557504,"stop":1681971558410,"duration":906},"status":"passed","steps":[],"attachments":[],"parameters":[],"stepsCount":0,"attachmentsCount":0,"shouldDisplayMessage":false,"hasContent":false},{"name":"Then Verify user is on Login screen","time":{"start":1681971558410,"stop":1681971558457,"duration":47},"status":"passed","steps":[],"attachments":[],"parameters":[],"stepsCount":0,"attachmentsCount":0,"shouldDisplayMessage":false,"hasContent":false},{"name":"When User fills \"Valid\" form data on \"login\" screen","time":{"start":1681971558457,"stop":1681971558989,"duration":532},"status":"passed","steps":[],"attachments":[],"parameters":[],"stepsCount":0,"attachmentsCount":0,"shouldDisplayMessage":false,"hasContent":false},{"name":"Then Verify user is on \"HomePage\" screen","time":{"start":1681971558989,"stop":1681971559732,"duration":743},"status":"passed","steps":[],"attachments":[],"parameters":[],"stepsCount":0,"attachmentsCount":0,"shouldDisplayMessage":false,"hasContent":false},{"name":"Then User clicks \"Users\" button on \"Homepage\" screen","time":{"start":1681971559732,"stop":1681971559871,"duration":139},"status":"passed","steps":[],"attachments":[],"parameters":[],"stepsCount":0,"attachmentsCount":0,"shouldDisplayMessage":false,"hasContent":false},{"name":"And User Should see \"active-user\" in the url","time":{"start":1681971559871,"stop":1681971559923,"duration":52},"status":"passed","steps":[],"attachments":[],"parameters":[],"stepsCount":0,"attachmentsCount":0,"shouldDisplayMessage":false,"hasContent":false},{"name":"And Check if CSV file downloaded correctly","time":{"start":1681971559923,"stop":1681971574378,"duration":14455},"status":"failed","statusMessage":"AssertionError\n","statusTrace":"  File \"/home/runner/work/WebAutomationTestingFramework/WebAutomationTestingFramework/Tests/test_users.py\", line 53, in test_UsersVerifyIfExportedCSVFileDataMatchesWithWebTableData\n    downloadAndVerifyCSVExportedFile(driver)\n  File \"/home/runner/work/WebAutomationTestingFramework/WebAutomationTestingFramework/Tests/test_temprory_worker.py\", line 53, in downloadAndVerifyCSVExportedFile\n    verifyFileDownloadedCorrectly(FilePath=fileName)\n  File \"/home/runner/work/WebAutomationTestingFramework/WebAutomationTestingFramework/base_helpers.py\", line 239, in verifyFileDownloadedCorrectly\n    assert os.path.exists(FilePath)\n","steps":[{"name":"And Check if CSV file downloaded correctly","time":{"start":1681971559955,"stop":1681971574378,"duration":14423},"status":"failed","statusMessage":"AssertionError\n","statusTrace":"  File \"/home/runner/work/WebAutomationTestingFramework/WebAutomationTestingFramework/Tests/test_temprory_worker.py\", line 53, in downloadAndVerifyCSVExportedFile\n    verifyFileDownloadedCorrectly(FilePath=fileName)\n  File \"/home/runner/work/WebAutomationTestingFramework/WebAutomationTestingFramework/base_helpers.py\", line 239, in verifyFileDownloadedCorrectly\n    assert os.path.exists(FilePath)\n","steps":[],"attachments":[],"parameters":[],"stepsCount":0,"attachmentsCount":0,"shouldDisplayMessage":true,"hasContent":true}],"attachments":[],"parameters":[],"stepsCount":1,"attachmentsCount":0,"shouldDisplayMessage":false,"hasContent":true}],"attachments":[{"uid":"ed288ee1cf54ef3e","name":"screenshot","source":"ed288ee1cf54ef3e.png","type":"image/png","size":196891},{"uid":"a9e79d79de14d5d3","name":"stdout","source":"a9e79d79de14d5d3.txt","type":"text/plain","size":3453}],"parameters":[],"stepsCount":8,"attachmentsCount":2,"shouldDisplayMessage":true,"hasContent":true},"afterStages":[{"name":"driver::0","time":{"start":1681971574587,"stop":1681971574671,"duration":84},"status":"passed","steps":[],"attachments":[],"parameters":[],"stepsCount":0,"attachmentsCount":0,"shouldDisplayMessage":false,"hasContent":false}],"labels":[{"name":"severity","value":"normal"},{"name":"story","value":"Verify If Exported CSV Users file has the exact data matches with table"},{"name":"feature","value":"Users Feature"},{"name":"tag","value":"sanity"},{"name":"tag","value":"regression"},{"name":"parentSuite","value":"Tests"},{"name":"suite","value":"test_users"},{"name":"host","value":"fv-az620-607"},{"name":"thread","value":"2276-MainThread"},{"name":"framework","value":"pytest"},{"name":"language","value":"cpython3"},{"name":"package","value":"Tests.test_users"},{"name":"resultFormat","value":"allure2"}],"parameters":[],"links":[],"hidden":false,"retry":false,"extra":{"severity":"normal","retries":[{"uid":"42900c4c98c6ecd6","status":"failed","statusDetails":"AssertionError","time":{"start":1681971538540,"stop":1681971556321,"duration":17781}},{"uid":"2e151c7e94576091","status":"failed","statusDetails":"AssertionError","time":{"start":1681971520463,"stop":1681971537292,"duration":16829}}],"categories":[{"name":"Product defects","matchedStatuses":[],"flaky":false}],"history":{"statistic":{"failed":2,"broken":0,"skipped":0,"passed":2,"unknown":0,"total":4},"items":[{"uid":"9b36f7b38c06bde7","reportUrl":"https://HassanAbbas7357.github.io/WebAutomationTestingFramework/25//#testresult/9b36f7b38c06bde7","status":"passed","time":{"start":1681967536262,"stop":1681967562806,"duration":26544}},{"uid":"6f43faabd1034805","reportUrl":"https://HassanAbbas7357.github.io/WebAutomationTestingFramework/24//#testresult/6f43faabd1034805","status":"failed","statusDetails":"AssertionError","time":{"start":1681967087638,"stop":1681967107760,"duration":20122}},{"uid":"f8057b1e25c5d8c","reportUrl":"https://HassanAbbas7357.github.io/WebAutomationTestingFramework/22//#testresult/f8057b1e25c5d8c","status":"passed","time":{"start":1681965595385,"stop":1681965622632,"duration":27247}}]},"tags":["regression","sanity"]},"source":"4340931a840ef001.json","parameterValues":[]}