{"uid":"d4360b4f29077113","name":"test_TemporaryWorkerVerifyIfExportedCSVFileDataMatchesWithWebTableData","fullName":"Tests.test_temprory_worker#test_TemporaryWorkerVerifyIfExportedCSVFileDataMatchesWithWebTableData","historyId":"4dc930d6c91e7d555205d60d52968826","time":{"start":1681971419667,"stop":1681971441921,"duration":22254},"status":"failed","statusMessage":"AssertionError","statusTrace":"driver = <selenium.webdriver.chrome.webdriver.WebDriver (session=\"414167b053dc9f35afdd07afb1047703\")>\n\n    @allure.feature(\"Temporary Worker Feature\")\n    @allure.story(\"Verify If Exported CSV file has the exact data matches with table\")\n    @allure.severity(allure.severity_level.NORMAL)\n    @pytest.mark.regression\n    @pytest.mark.sanity\n    @pytest.mark.order(5)\n    def test_TemporaryWorkerVerifyIfExportedCSVFileDataMatchesWithWebTableData(driver):\n        VisitTemporaryWorkerPageWithLogin(driver)\n    \n        fileName = Storage.downloadsPath + find_byXpath(csvFileEXPORTNAME, driver).get_attribute(\"download\") + '.csv'\n>       downloadAndVerifyCSVExportedFile(driver)\n\nTests/test_temprory_worker.py:375: \n_ _ _ _ _ _ _ _ _ _ _ _ _ _ _ _ _ _ _ _ _ _ _ _ _ _ _ _ _ _ _ _ _ _ _ _ _ _ _ _ \nTests/test_temprory_worker.py:53: in downloadAndVerifyCSVExportedFile\n    verifyFileDownloadedCorrectly(FilePath=fileName)\n_ _ _ _ _ _ _ _ _ _ _ _ _ _ _ _ _ _ _ _ _ _ _ _ _ _ _ _ _ _ _ _ _ _ _ _ _ _ _ _ \n\nFilePath = '/home/runner/work/WebAutomationTestingFramework/WebAutomationTestingFramework/Downloads/Veritec-temporary-workers@20-Apr-2023.csv'\n\n    def verifyFileDownloadedCorrectly(FilePath):\n>       assert os.path.exists(FilePath)\nE       AssertionError\n\nbase_helpers.py:239: AssertionError","flaky":false,"newFailed":false,"newBroken":false,"newPassed":false,"retriesCount":2,"retriesStatusChange":false,"beforeStages":[{"name":"driver","time":{"start":1681971418771,"stop":1681971419666,"duration":895},"status":"passed","steps":[],"attachments":[],"parameters":[],"stepsCount":0,"attachmentsCount":0,"shouldDisplayMessage":false,"hasContent":false}],"testStage":{"status":"failed","statusMessage":"AssertionError","statusTrace":"driver = <selenium.webdriver.chrome.webdriver.WebDriver (session=\"414167b053dc9f35afdd07afb1047703\")>\n\n    @allure.feature(\"Temporary Worker Feature\")\n    @allure.story(\"Verify If Exported CSV file has the exact data matches with table\")\n    @allure.severity(allure.severity_level.NORMAL)\n    @pytest.mark.regression\n    @pytest.mark.sanity\n    @pytest.mark.order(5)\n    def test_TemporaryWorkerVerifyIfExportedCSVFileDataMatchesWithWebTableData(driver):\n        VisitTemporaryWorkerPageWithLogin(driver)\n    \n        fileName = Storage.downloadsPath + find_byXpath(csvFileEXPORTNAME, driver).get_attribute(\"download\") + '.csv'\n>       downloadAndVerifyCSVExportedFile(driver)\n\nTests/test_temprory_worker.py:375: \n_ _ _ _ _ _ _ _ _ _ _ _ _ _ _ _ _ _ _ _ _ _ _ _ _ _ _ _ _ _ _ _ _ _ _ _ _ _ _ _ \nTests/test_temprory_worker.py:53: in downloadAndVerifyCSVExportedFile\n    verifyFileDownloadedCorrectly(FilePath=fileName)\n_ _ _ _ _ _ _ _ _ _ _ _ _ _ _ _ _ _ _ _ _ _ _ _ _ _ _ _ _ _ _ _ _ _ _ _ _ _ _ _ \n\nFilePath = '/home/runner/work/WebAutomationTestingFramework/WebAutomationTestingFramework/Downloads/Veritec-temporary-workers@20-Apr-2023.csv'\n\n    def verifyFileDownloadedCorrectly(FilePath):\n>       assert os.path.exists(FilePath)\nE       AssertionError\n\nbase_helpers.py:239: AssertionError","steps":[{"name":"Given Go to the \"Base\" url","time":{"start":1681971419667,"stop":1681971420605,"duration":938},"status":"passed","steps":[],"attachments":[],"parameters":[],"stepsCount":0,"attachmentsCount":0,"shouldDisplayMessage":false,"hasContent":false},{"name":"Then Verify user is on Login screen","time":{"start":1681971420605,"stop":1681971420656,"duration":51},"status":"passed","steps":[],"attachments":[],"parameters":[],"stepsCount":0,"attachmentsCount":0,"shouldDisplayMessage":false,"hasContent":false},{"name":"When User fills \"Valid\" form data on \"login\" screen","time":{"start":1681971420657,"stop":1681971421203,"duration":546},"status":"passed","steps":[],"attachments":[],"parameters":[],"stepsCount":0,"attachmentsCount":0,"shouldDisplayMessage":false,"hasContent":false},{"name":"Then Verify user is on \"HomePage\" screen","time":{"start":1681971421203,"stop":1681971422113,"duration":910},"status":"passed","steps":[],"attachments":[],"parameters":[],"stepsCount":0,"attachmentsCount":0,"shouldDisplayMessage":false,"hasContent":false},{"name":"Then User clicks \"Temporary Worker\" button on \"Homepage\" screen","time":{"start":1681971422345,"stop":1681971422556,"duration":211},"status":"passed","steps":[],"attachments":[],"parameters":[],"stepsCount":0,"attachmentsCount":0,"shouldDisplayMessage":false,"hasContent":false},{"name":"And Check if CSV file downloaded correctly","time":{"start":1681971422657,"stop":1681971441921,"duration":19264},"status":"failed","statusMessage":"AssertionError\n","statusTrace":"  File \"/home/runner/work/WebAutomationTestingFramework/WebAutomationTestingFramework/Tests/test_temprory_worker.py\", line 53, in downloadAndVerifyCSVExportedFile\n    verifyFileDownloadedCorrectly(FilePath=fileName)\n  File \"/home/runner/work/WebAutomationTestingFramework/WebAutomationTestingFramework/base_helpers.py\", line 239, in verifyFileDownloadedCorrectly\n    assert os.path.exists(FilePath)\n","steps":[],"attachments":[],"parameters":[],"stepsCount":0,"attachmentsCount":0,"shouldDisplayMessage":true,"hasContent":true}],"attachments":[{"uid":"18c9668da8ccef80","name":"screenshot","source":"18c9668da8ccef80.png","type":"image/png","size":188990},{"uid":"4024c5facab164fb","name":"stdout","source":"4024c5facab164fb.txt","type":"text/plain","size":3084}],"parameters":[],"stepsCount":6,"attachmentsCount":2,"shouldDisplayMessage":true,"hasContent":true},"afterStages":[{"name":"driver::0","time":{"start":1681971442213,"stop":1681971442335,"duration":122},"status":"passed","steps":[],"attachments":[],"parameters":[],"stepsCount":0,"attachmentsCount":0,"shouldDisplayMessage":false,"hasContent":false}],"labels":[{"name":"feature","value":"Temporary Worker Feature"},{"name":"severity","value":"normal"},{"name":"story","value":"Verify If Exported CSV file has the exact data matches with table"},{"name":"tag","value":"order(5)"},{"name":"tag","value":"sanity"},{"name":"tag","value":"regression"},{"name":"parentSuite","value":"Tests"},{"name":"suite","value":"test_temprory_worker"},{"name":"host","value":"fv-az620-607"},{"name":"thread","value":"2276-MainThread"},{"name":"framework","value":"pytest"},{"name":"language","value":"cpython3"},{"name":"package","value":"Tests.test_temprory_worker"},{"name":"resultFormat","value":"allure2"}],"parameters":[],"links":[],"hidden":false,"retry":false,"extra":{"severity":"normal","retries":[{"uid":"5167606c0c6c9409","status":"failed","statusDetails":"AssertionError","time":{"start":1681971396953,"stop":1681971418455,"duration":21502}},{"uid":"a9301a596575594d","status":"failed","statusDetails":"AssertionError","time":{"start":1681971374234,"stop":1681971395753,"duration":21519}}],"categories":[{"name":"Product defects","matchedStatuses":[],"flaky":false}],"history":{"statistic":{"failed":2,"broken":0,"skipped":0,"passed":0,"unknown":0,"total":2},"items":[{"uid":"e013c9c06bf77b7e","reportUrl":"https://HassanAbbas7357.github.io/WebAutomationTestingFramework/24//#testresult/e013c9c06bf77b7e","status":"failed","statusDetails":"AssertionError","time":{"start":1681967059158,"stop":1681967080922,"duration":21764}}]},"tags":["regression","sanity","order(5)"]},"source":"d4360b4f29077113.json","parameterValues":[]}